running egg_info
writing ../../../build/robotiq_3f_gripper_ros2_control/robotiq_3f_gripper_ros2_control.egg-info/PKG-INFO
writing dependency_links to ../../../build/robotiq_3f_gripper_ros2_control/robotiq_3f_gripper_ros2_control.egg-info/dependency_links.txt
writing entry points to ../../../build/robotiq_3f_gripper_ros2_control/robotiq_3f_gripper_ros2_control.egg-info/entry_points.txt
writing requirements to ../../../build/robotiq_3f_gripper_ros2_control/robotiq_3f_gripper_ros2_control.egg-info/requires.txt
writing top-level names to ../../../build/robotiq_3f_gripper_ros2_control/robotiq_3f_gripper_ros2_control.egg-info/top_level.txt
reading manifest file '../../../build/robotiq_3f_gripper_ros2_control/robotiq_3f_gripper_ros2_control.egg-info/SOURCES.txt'
writing manifest file '../../../build/robotiq_3f_gripper_ros2_control/robotiq_3f_gripper_ros2_control.egg-info/SOURCES.txt'
running build
running build_py
running install
running install_lib
running install_data
running install_egg_info
removing '/home/yanwen/fyp_ws_v3/install/robotiq_3f_gripper_ros2_control/lib/python3.10/site-packages/robotiq_3f_gripper_ros2_control-0.1.0-py3.10.egg-info' (and everything under it)
Copying ../../../build/robotiq_3f_gripper_ros2_control/robotiq_3f_gripper_ros2_control.egg-info to /home/yanwen/fyp_ws_v3/install/robotiq_3f_gripper_ros2_control/lib/python3.10/site-packages/robotiq_3f_gripper_ros2_control-0.1.0-py3.10.egg-info
running install_scripts
Installing gripper_control_action_server script to /home/yanwen/fyp_ws_v3/install/robotiq_3f_gripper_ros2_control/lib/robotiq_3f_gripper_ros2_control
Installing gripper_control_listener_node script to /home/yanwen/fyp_ws_v3/install/robotiq_3f_gripper_ros2_control/lib/robotiq_3f_gripper_ros2_control
Installing gripper_control_service_server script to /home/yanwen/fyp_ws_v3/install/robotiq_3f_gripper_ros2_control/lib/robotiq_3f_gripper_ros2_control
writing list of installed files to '/home/yanwen/fyp_ws_v3/build/robotiq_3f_gripper_ros2_control/install.log'
