[1.603s] Invoking command in '/home/yanwen/fyp_ws_v3/build/robotiq_3f_gripper_ros2_interfaces': CMAKE_PREFIX_PATH=/opt/ros/humble /usr/bin/cmake --build /home/yanwen/fyp_ws_v3/build/robotiq_3f_gripper_ros2_interfaces -- -j8 -l8
[5.585s] [  1%] Built target robotiq_3f_gripper_ros2_interfaces__cpp
[6.969s] [  1%] Built target ament_cmake_python_copy_robotiq_3f_gripper_ros2_interfaces
[7.132s] [ 12%] Built target robotiq_3f_gripper_ros2_interfaces__rosidl_generator_c
[7.365s] [ 34%] Built target robotiq_3f_gripper_ros2_interfaces__rosidl_typesupport_introspection_cpp
[7.365s] [ 34%] Built target robotiq_3f_gripper_ros2_interfaces__rosidl_typesupport_fastrtps_cpp
[7.367s] [ 45%] Built target robotiq_3f_gripper_ros2_interfaces__rosidl_typesupport_cpp
[7.385s] running egg_info
[7.385s] writing robotiq_3f_gripper_ros2_interfaces.egg-info/PKG-INFO
[7.385s] writing dependency_links to robotiq_3f_gripper_ros2_interfaces.egg-info/dependency_links.txt
[7.385s] writing top-level names to robotiq_3f_gripper_ros2_interfaces.egg-info/top_level.txt
[7.506s] reading manifest file 'robotiq_3f_gripper_ros2_interfaces.egg-info/SOURCES.txt'
[7.553s] writing manifest file 'robotiq_3f_gripper_ros2_interfaces.egg-info/SOURCES.txt'
[7.574s] [ 45%] Built target ament_cmake_python_build_robotiq_3f_gripper_ros2_interfaces_egg
[7.710s] [ 56%] Built target robotiq_3f_gripper_ros2_interfaces__rosidl_typesupport_c
[7.717s] [ 67%] Built target robotiq_3f_gripper_ros2_interfaces__rosidl_typesupport_introspection_c
[7.749s] [ 78%] Built target robotiq_3f_gripper_ros2_interfaces__rosidl_typesupport_fastrtps_c
[7.864s] [ 78%] Built target robotiq_3f_gripper_ros2_interfaces
[7.985s] [ 80%] Built target robotiq_3f_gripper_ros2_interfaces__py
[8.195s] [ 89%] Built target robotiq_3f_gripper_ros2_interfaces__rosidl_generator_py
[8.518s] [100%] Built target robotiq_3f_gripper_ros2_interfaces__rosidl_typesupport_c__pyext
[8.518s] [100%] Built target robotiq_3f_gripper_ros2_interfaces__rosidl_typesupport_fastrtps_c__pyext
[8.518s] [100%] Built target robotiq_3f_gripper_ros2_interfaces__rosidl_typesupport_introspection_c__pyext
[8.527s] Invoked command in '/home/yanwen/fyp_ws_v3/build/robotiq_3f_gripper_ros2_interfaces' returned '0': CMAKE_PREFIX_PATH=/opt/ros/humble /usr/bin/cmake --build /home/yanwen/fyp_ws_v3/build/robotiq_3f_gripper_ros2_interfaces -- -j8 -l8
[8.594s] Invoking command in '/home/yanwen/fyp_ws_v3/build/robotiq_3f_gripper_ros2_interfaces': CMAKE_PREFIX_PATH=/opt/ros/humble /usr/bin/cmake --install /home/yanwen/fyp_ws_v3/build/robotiq_3f_gripper_ros2_interfaces
[8.605s] -- Install configuration: ""
[8.620s] -- Up-to-date: /home/yanwen/fyp_ws_v3/install/robotiq_3f_gripper_ros2_interfaces/share/ament_index/resource_index/rosidl_interfaces/robotiq_3f_gripper_ros2_interfaces
[8.626s] -- Up-to-date: /home/yanwen/fyp_ws_v3/install/robotiq_3f_gripper_ros2_interfaces/include/robotiq_3f_gripper_ros2_interfaces/robotiq_3f_gripper_ros2_interfaces
[8.628s] -- Up-to-date: /home/yanwen/fyp_ws_v3/install/robotiq_3f_gripper_ros2_interfaces/include/robotiq_3f_gripper_ros2_interfaces/robotiq_3f_gripper_ros2_interfaces/action
[8.659s] -- Up-to-date: /home/yanwen/fyp_ws_v3/install/robotiq_3f_gripper_ros2_interfaces/include/robotiq_3f_gripper_ros2_interfaces/robotiq_3f_gripper_ros2_interfaces/action/detail
[8.726s] -- Up-to-date: /home/yanwen/fyp_ws_v3/install/robotiq_3f_gripper_ros2_interfaces/include/robotiq_3f_gripper_ros2_interfaces/robotiq_3f_gripper_ros2_interfaces/action/detail/robotiq3_f_gripper_output_goal__struct.h
[8.726s] -- Up-to-date: /home/yanwen/fyp_ws_v3/install/robotiq_3f_gripper_ros2_interfaces/include/robotiq_3f_gripper_ros2_interfaces/robotiq_3f_gripper_ros2_interfaces/action/detail/robotiq3_f_gripper_output_goal__functions.h
[8.726s] -- Up-to-date: /home/yanwen/fyp_ws_v3/install/robotiq_3f_gripper_ros2_interfaces/include/robotiq_3f_gripper_ros2_interfaces/robotiq_3f_gripper_ros2_interfaces/action/detail/robotiq3_f_gripper_output_goal__type_support.h
[8.726s] -- Up-to-date: /home/yanwen/fyp_ws_v3/install/robotiq_3f_gripper_ros2_interfaces/include/robotiq_3f_gripper_ros2_interfaces/robotiq_3f_gripper_ros2_interfaces/action/detail/robotiq3_f_gripper_output_goal__functions.c
[8.726s] -- Up-to-date: /home/yanwen/fyp_ws_v3/install/robotiq_3f_gripper_ros2_interfaces/include/robotiq_3f_gripper_ros2_interfaces/robotiq_3f_gripper_ros2_interfaces/action/robotiq3_f_gripper_output_goal.h
[8.726s] -- Up-to-date: /home/yanwen/fyp_ws_v3/install/robotiq_3f_gripper_ros2_interfaces/include/robotiq_3f_gripper_ros2_interfaces/robotiq_3f_gripper_ros2_interfaces/srv
[8.737s] -- Up-to-date: /home/yanwen/fyp_ws_v3/install/robotiq_3f_gripper_ros2_interfaces/include/robotiq_3f_gripper_ros2_interfaces/robotiq_3f_gripper_ros2_interfaces/srv/detail
[8.748s] -- Up-to-date: /home/yanwen/fyp_ws_v3/install/robotiq_3f_gripper_ros2_interfaces/include/robotiq_3f_gripper_ros2_interfaces/robotiq_3f_gripper_ros2_interfaces/srv/detail/robotiq3_f_gripper_output_service__type_support.h
[8.748s] -- Up-to-date: /home/yanwen/fyp_ws_v3/install/robotiq_3f_gripper_ros2_interfaces/include/robotiq_3f_gripper_ros2_interfaces/robotiq_3f_gripper_ros2_interfaces/srv/detail/robotiq3_f_gripper_output_service__functions.h
[8.748s] -- Up-to-date: /home/yanwen/fyp_ws_v3/install/robotiq_3f_gripper_ros2_interfaces/include/robotiq_3f_gripper_ros2_interfaces/robotiq_3f_gripper_ros2_interfaces/srv/detail/robotiq3_f_gripper_output_service__struct.h
[8.748s] -- Up-to-date: /home/yanwen/fyp_ws_v3/install/robotiq_3f_gripper_ros2_interfaces/include/robotiq_3f_gripper_ros2_interfaces/robotiq_3f_gripper_ros2_interfaces/srv/detail/robotiq3_f_gripper_output_service__functions.c
[8.748s] -- Up-to-date: /home/yanwen/fyp_ws_v3/install/robotiq_3f_gripper_ros2_interfaces/include/robotiq_3f_gripper_ros2_interfaces/robotiq_3f_gripper_ros2_interfaces/srv/robotiq3_f_gripper_output_service.h
[8.748s] -- Up-to-date: /home/yanwen/fyp_ws_v3/install/robotiq_3f_gripper_ros2_interfaces/include/robotiq_3f_gripper_ros2_interfaces/robotiq_3f_gripper_ros2_interfaces/msg
[8.759s] -- Up-to-date: /home/yanwen/fyp_ws_v3/install/robotiq_3f_gripper_ros2_interfaces/include/robotiq_3f_gripper_ros2_interfaces/robotiq_3f_gripper_ros2_interfaces/msg/robotiq3_f_gripper_input_registers.h
[8.759s] -- Up-to-date: /home/yanwen/fyp_ws_v3/install/robotiq_3f_gripper_ros2_interfaces/include/robotiq_3f_gripper_ros2_interfaces/robotiq_3f_gripper_ros2_interfaces/msg/detail
[8.770s] -- Up-to-date: /home/yanwen/fyp_ws_v3/install/robotiq_3f_gripper_ros2_interfaces/include/robotiq_3f_gripper_ros2_interfaces/robotiq_3f_gripper_ros2_interfaces/msg/detail/robotiq3_f_gripper_output_registers__struct.h
[8.770s] -- Up-to-date: /home/yanwen/fyp_ws_v3/install/robotiq_3f_gripper_ros2_interfaces/include/robotiq_3f_gripper_ros2_interfaces/robotiq_3f_gripper_ros2_interfaces/msg/detail/robotiq3_f_gripper_input_registers__type_support.h
[8.770s] -- Up-to-date: /home/yanwen/fyp_ws_v3/install/robotiq_3f_gripper_ros2_interfaces/include/robotiq_3f_gripper_ros2_interfaces/robotiq_3f_gripper_ros2_interfaces/msg/detail/robotiq3_f_gripper_input_registers__functions.c
[8.770s] -- Up-to-date: /home/yanwen/fyp_ws_v3/install/robotiq_3f_gripper_ros2_interfaces/include/robotiq_3f_gripper_ros2_interfaces/robotiq_3f_gripper_ros2_interfaces/msg/detail/robotiq3_f_gripper_output_registers__type_support.h
[8.770s] -- Up-to-date: /home/yanwen/fyp_ws_v3/install/robotiq_3f_gripper_ros2_interfaces/include/robotiq_3f_gripper_ros2_interfaces/robotiq_3f_gripper_ros2_interfaces/msg/detail/robotiq3_f_gripper_output_registers__functions.h
[8.770s] -- Up-to-date: /home/yanwen/fyp_ws_v3/install/robotiq_3f_gripper_ros2_interfaces/include/robotiq_3f_gripper_ros2_interfaces/robotiq_3f_gripper_ros2_interfaces/msg/detail/robotiq3_f_gripper_output_registers__functions.c
[8.770s] -- Up-to-date: /home/yanwen/fyp_ws_v3/install/robotiq_3f_gripper_ros2_interfaces/include/robotiq_3f_gripper_ros2_interfaces/robotiq_3f_gripper_ros2_interfaces/msg/detail/robotiq3_f_gripper_input_registers__struct.h
[8.770s] -- Up-to-date: /home/yanwen/fyp_ws_v3/install/robotiq_3f_gripper_ros2_interfaces/include/robotiq_3f_gripper_ros2_interfaces/robotiq_3f_gripper_ros2_interfaces/msg/detail/robotiq3_f_gripper_input_registers__functions.h
[8.770s] -- Up-to-date: /home/yanwen/fyp_ws_v3/install/robotiq_3f_gripper_ros2_interfaces/include/robotiq_3f_gripper_ros2_interfaces/robotiq_3f_gripper_ros2_interfaces/msg/rosidl_generator_c__visibility_control.h
[8.770s] -- Up-to-date: /home/yanwen/fyp_ws_v3/install/robotiq_3f_gripper_ros2_interfaces/include/robotiq_3f_gripper_ros2_interfaces/robotiq_3f_gripper_ros2_interfaces/msg/robotiq3_f_gripper_output_registers.h
[8.770s] -- Up-to-date: /home/yanwen/fyp_ws_v3/install/robotiq_3f_gripper_ros2_interfaces/share/robotiq_3f_gripper_ros2_interfaces/environment/library_path.sh
[8.770s] -- Up-to-date: /home/yanwen/fyp_ws_v3/install/robotiq_3f_gripper_ros2_interfaces/share/robotiq_3f_gripper_ros2_interfaces/environment/library_path.dsv
[8.802s] -- Up-to-date: /home/yanwen/fyp_ws_v3/install/robotiq_3f_gripper_ros2_interfaces/lib/librobotiq_3f_gripper_ros2_interfaces__rosidl_generator_c.so
[8.803s] -- Up-to-date: /home/yanwen/fyp_ws_v3/install/robotiq_3f_gripper_ros2_interfaces/include/robotiq_3f_gripper_ros2_interfaces/robotiq_3f_gripper_ros2_interfaces
[8.803s] -- Up-to-date: /home/yanwen/fyp_ws_v3/install/robotiq_3f_gripper_ros2_interfaces/include/robotiq_3f_gripper_ros2_interfaces/robotiq_3f_gripper_ros2_interfaces/action
[8.803s] -- Up-to-date: /home/yanwen/fyp_ws_v3/install/robotiq_3f_gripper_ros2_interfaces/include/robotiq_3f_gripper_ros2_interfaces/robotiq_3f_gripper_ros2_interfaces/action/detail
[8.803s] -- Up-to-date: /home/yanwen/fyp_ws_v3/install/robotiq_3f_gripper_ros2_interfaces/include/robotiq_3f_gripper_ros2_interfaces/robotiq_3f_gripper_ros2_interfaces/action/detail/robotiq3_f_gripper_output_goal__rosidl_typesupport_fastrtps_c.h
[8.803s] -- Up-to-date: /home/yanwen/fyp_ws_v3/install/robotiq_3f_gripper_ros2_interfaces/include/robotiq_3f_gripper_ros2_interfaces/robotiq_3f_gripper_ros2_interfaces/srv
[8.803s] -- Up-to-date: /home/yanwen/fyp_ws_v3/install/robotiq_3f_gripper_ros2_interfaces/include/robotiq_3f_gripper_ros2_interfaces/robotiq_3f_gripper_ros2_interfaces/srv/detail
[8.803s] -- Up-to-date: /home/yanwen/fyp_ws_v3/install/robotiq_3f_gripper_ros2_interfaces/include/robotiq_3f_gripper_ros2_interfaces/robotiq_3f_gripper_ros2_interfaces/srv/detail/robotiq3_f_gripper_output_service__rosidl_typesupport_fastrtps_c.h
[8.803s] -- Up-to-date: /home/yanwen/fyp_ws_v3/install/robotiq_3f_gripper_ros2_interfaces/include/robotiq_3f_gripper_ros2_interfaces/robotiq_3f_gripper_ros2_interfaces/msg
[8.803s] -- Up-to-date: /home/yanwen/fyp_ws_v3/install/robotiq_3f_gripper_ros2_interfaces/include/robotiq_3f_gripper_ros2_interfaces/robotiq_3f_gripper_ros2_interfaces/msg/detail
[8.803s] -- Up-to-date: /home/yanwen/fyp_ws_v3/install/robotiq_3f_gripper_ros2_interfaces/include/robotiq_3f_gripper_ros2_interfaces/robotiq_3f_gripper_ros2_interfaces/msg/detail/robotiq3_f_gripper_input_registers__rosidl_typesupport_fastrtps_c.h
[8.803s] -- Up-to-date: /home/yanwen/fyp_ws_v3/install/robotiq_3f_gripper_ros2_interfaces/include/robotiq_3f_gripper_ros2_interfaces/robotiq_3f_gripper_ros2_interfaces/msg/detail/robotiq3_f_gripper_output_registers__rosidl_typesupport_fastrtps_c.h
[8.803s] -- Up-to-date: /home/yanwen/fyp_ws_v3/install/robotiq_3f_gripper_ros2_interfaces/include/robotiq_3f_gripper_ros2_interfaces/robotiq_3f_gripper_ros2_interfaces/msg/rosidl_typesupport_fastrtps_c__visibility_control.h
[8.803s] -- Up-to-date: /home/yanwen/fyp_ws_v3/install/robotiq_3f_gripper_ros2_interfaces/lib/librobotiq_3f_gripper_ros2_interfaces__rosidl_typesupport_fastrtps_c.so
[8.803s] -- Up-to-date: /home/yanwen/fyp_ws_v3/install/robotiq_3f_gripper_ros2_interfaces/include/robotiq_3f_gripper_ros2_interfaces/robotiq_3f_gripper_ros2_interfaces
[8.803s] -- Up-to-date: /home/yanwen/fyp_ws_v3/install/robotiq_3f_gripper_ros2_interfaces/include/robotiq_3f_gripper_ros2_interfaces/robotiq_3f_gripper_ros2_interfaces/action
[8.803s] -- Up-to-date: /home/yanwen/fyp_ws_v3/install/robotiq_3f_gripper_ros2_interfaces/include/robotiq_3f_gripper_ros2_interfaces/robotiq_3f_gripper_ros2_interfaces/action/detail
[8.803s] -- Up-to-date: /home/yanwen/fyp_ws_v3/install/robotiq_3f_gripper_ros2_interfaces/include/robotiq_3f_gripper_ros2_interfaces/robotiq_3f_gripper_ros2_interfaces/action/detail/robotiq3_f_gripper_output_goal__traits.hpp
[8.803s] -- Up-to-date: /home/yanwen/fyp_ws_v3/install/robotiq_3f_gripper_ros2_interfaces/include/robotiq_3f_gripper_ros2_interfaces/robotiq_3f_gripper_ros2_interfaces/action/detail/robotiq3_f_gripper_output_goal__builder.hpp
[8.804s] -- Up-to-date: /home/yanwen/fyp_ws_v3/install/robotiq_3f_gripper_ros2_interfaces/include/robotiq_3f_gripper_ros2_interfaces/robotiq_3f_gripper_ros2_interfaces/action/detail/robotiq3_f_gripper_output_goal__struct.hpp
[8.804s] -- Up-to-date: /home/yanwen/fyp_ws_v3/install/robotiq_3f_gripper_ros2_interfaces/include/robotiq_3f_gripper_ros2_interfaces/robotiq_3f_gripper_ros2_interfaces/action/robotiq3_f_gripper_output_goal.hpp
[8.804s] -- Up-to-date: /home/yanwen/fyp_ws_v3/install/robotiq_3f_gripper_ros2_interfaces/include/robotiq_3f_gripper_ros2_interfaces/robotiq_3f_gripper_ros2_interfaces/srv
[8.804s] -- Up-to-date: /home/yanwen/fyp_ws_v3/install/robotiq_3f_gripper_ros2_interfaces/include/robotiq_3f_gripper_ros2_interfaces/robotiq_3f_gripper_ros2_interfaces/srv/detail
[8.804s] -- Up-to-date: /home/yanwen/fyp_ws_v3/install/robotiq_3f_gripper_ros2_interfaces/include/robotiq_3f_gripper_ros2_interfaces/robotiq_3f_gripper_ros2_interfaces/srv/detail/robotiq3_f_gripper_output_service__builder.hpp
[8.804s] -- Up-to-date: /home/yanwen/fyp_ws_v3/install/robotiq_3f_gripper_ros2_interfaces/include/robotiq_3f_gripper_ros2_interfaces/robotiq_3f_gripper_ros2_interfaces/srv/detail/robotiq3_f_gripper_output_service__struct.hpp
[8.804s] -- Up-to-date: /home/yanwen/fyp_ws_v3/install/robotiq_3f_gripper_ros2_interfaces/include/robotiq_3f_gripper_ros2_interfaces/robotiq_3f_gripper_ros2_interfaces/srv/detail/robotiq3_f_gripper_output_service__traits.hpp
[8.804s] -- Up-to-date: /home/yanwen/fyp_ws_v3/install/robotiq_3f_gripper_ros2_interfaces/include/robotiq_3f_gripper_ros2_interfaces/robotiq_3f_gripper_ros2_interfaces/srv/robotiq3_f_gripper_output_service.hpp
[8.804s] -- Up-to-date: /home/yanwen/fyp_ws_v3/install/robotiq_3f_gripper_ros2_interfaces/include/robotiq_3f_gripper_ros2_interfaces/robotiq_3f_gripper_ros2_interfaces/msg
[8.804s] -- Up-to-date: /home/yanwen/fyp_ws_v3/install/robotiq_3f_gripper_ros2_interfaces/include/robotiq_3f_gripper_ros2_interfaces/robotiq_3f_gripper_ros2_interfaces/msg/detail
[8.804s] -- Up-to-date: /home/yanwen/fyp_ws_v3/install/robotiq_3f_gripper_ros2_interfaces/include/robotiq_3f_gripper_ros2_interfaces/robotiq_3f_gripper_ros2_interfaces/msg/detail/robotiq3_f_gripper_output_registers__builder.hpp
[8.804s] -- Up-to-date: /home/yanwen/fyp_ws_v3/install/robotiq_3f_gripper_ros2_interfaces/include/robotiq_3f_gripper_ros2_interfaces/robotiq_3f_gripper_ros2_interfaces/msg/detail/robotiq3_f_gripper_input_registers__traits.hpp
[8.804s] -- Up-to-date: /home/yanwen/fyp_ws_v3/install/robotiq_3f_gripper_ros2_interfaces/include/robotiq_3f_gripper_ros2_interfaces/robotiq_3f_gripper_ros2_interfaces/msg/detail/robotiq3_f_gripper_input_registers__struct.hpp
[8.804s] -- Up-to-date: /home/yanwen/fyp_ws_v3/install/robotiq_3f_gripper_ros2_interfaces/include/robotiq_3f_gripper_ros2_interfaces/robotiq_3f_gripper_ros2_interfaces/msg/detail/robotiq3_f_gripper_output_registers__traits.hpp
[8.804s] -- Up-to-date: /home/yanwen/fyp_ws_v3/install/robotiq_3f_gripper_ros2_interfaces/include/robotiq_3f_gripper_ros2_interfaces/robotiq_3f_gripper_ros2_interfaces/msg/detail/robotiq3_f_gripper_output_registers__struct.hpp
[8.804s] -- Up-to-date: /home/yanwen/fyp_ws_v3/install/robotiq_3f_gripper_ros2_interfaces/include/robotiq_3f_gripper_ros2_interfaces/robotiq_3f_gripper_ros2_interfaces/msg/detail/robotiq3_f_gripper_input_registers__builder.hpp
[8.804s] -- Up-to-date: /home/yanwen/fyp_ws_v3/install/robotiq_3f_gripper_ros2_interfaces/include/robotiq_3f_gripper_ros2_interfaces/robotiq_3f_gripper_ros2_interfaces/msg/robotiq3_f_gripper_output_registers.hpp
[8.804s] -- Up-to-date: /home/yanwen/fyp_ws_v3/install/robotiq_3f_gripper_ros2_interfaces/include/robotiq_3f_gripper_ros2_interfaces/robotiq_3f_gripper_ros2_interfaces/msg/robotiq3_f_gripper_input_registers.hpp
[8.804s] -- Up-to-date: /home/yanwen/fyp_ws_v3/install/robotiq_3f_gripper_ros2_interfaces/include/robotiq_3f_gripper_ros2_interfaces/robotiq_3f_gripper_ros2_interfaces
[8.804s] -- Up-to-date: /home/yanwen/fyp_ws_v3/install/robotiq_3f_gripper_ros2_interfaces/include/robotiq_3f_gripper_ros2_interfaces/robotiq_3f_gripper_ros2_interfaces/action
[8.804s] -- Up-to-date: /home/yanwen/fyp_ws_v3/install/robotiq_3f_gripper_ros2_interfaces/include/robotiq_3f_gripper_ros2_interfaces/robotiq_3f_gripper_ros2_interfaces/action/detail
[8.805s] -- Up-to-date: /home/yanwen/fyp_ws_v3/install/robotiq_3f_gripper_ros2_interfaces/include/robotiq_3f_gripper_ros2_interfaces/robotiq_3f_gripper_ros2_interfaces/action/detail/robotiq3_f_gripper_output_goal__rosidl_typesupport_fastrtps_cpp.hpp
[8.805s] -- Up-to-date: /home/yanwen/fyp_ws_v3/install/robotiq_3f_gripper_ros2_interfaces/include/robotiq_3f_gripper_ros2_interfaces/robotiq_3f_gripper_ros2_interfaces/action/detail/dds_fastrtps
[8.805s] -- Up-to-date: /home/yanwen/fyp_ws_v3/install/robotiq_3f_gripper_ros2_interfaces/include/robotiq_3f_gripper_ros2_interfaces/robotiq_3f_gripper_ros2_interfaces/srv
[8.805s] -- Up-to-date: /home/yanwen/fyp_ws_v3/install/robotiq_3f_gripper_ros2_interfaces/include/robotiq_3f_gripper_ros2_interfaces/robotiq_3f_gripper_ros2_interfaces/srv/detail
[8.805s] -- Up-to-date: /home/yanwen/fyp_ws_v3/install/robotiq_3f_gripper_ros2_interfaces/include/robotiq_3f_gripper_ros2_interfaces/robotiq_3f_gripper_ros2_interfaces/srv/detail/robotiq3_f_gripper_output_service__rosidl_typesupport_fastrtps_cpp.hpp
[8.805s] -- Up-to-date: /home/yanwen/fyp_ws_v3/install/robotiq_3f_gripper_ros2_interfaces/include/robotiq_3f_gripper_ros2_interfaces/robotiq_3f_gripper_ros2_interfaces/srv/detail/dds_fastrtps
[8.805s] -- Up-to-date: /home/yanwen/fyp_ws_v3/install/robotiq_3f_gripper_ros2_interfaces/include/robotiq_3f_gripper_ros2_interfaces/robotiq_3f_gripper_ros2_interfaces/msg
[8.805s] -- Up-to-date: /home/yanwen/fyp_ws_v3/install/robotiq_3f_gripper_ros2_interfaces/include/robotiq_3f_gripper_ros2_interfaces/robotiq_3f_gripper_ros2_interfaces/msg/rosidl_typesupport_fastrtps_cpp__visibility_control.h
[8.805s] -- Up-to-date: /home/yanwen/fyp_ws_v3/install/robotiq_3f_gripper_ros2_interfaces/include/robotiq_3f_gripper_ros2_interfaces/robotiq_3f_gripper_ros2_interfaces/msg/detail
[8.805s] -- Up-to-date: /home/yanwen/fyp_ws_v3/install/robotiq_3f_gripper_ros2_interfaces/include/robotiq_3f_gripper_ros2_interfaces/robotiq_3f_gripper_ros2_interfaces/msg/detail/robotiq3_f_gripper_input_registers__rosidl_typesupport_fastrtps_cpp.hpp
[8.805s] -- Up-to-date: /home/yanwen/fyp_ws_v3/install/robotiq_3f_gripper_ros2_interfaces/include/robotiq_3f_gripper_ros2_interfaces/robotiq_3f_gripper_ros2_interfaces/msg/detail/robotiq3_f_gripper_output_registers__rosidl_typesupport_fastrtps_cpp.hpp
[8.805s] -- Up-to-date: /home/yanwen/fyp_ws_v3/install/robotiq_3f_gripper_ros2_interfaces/include/robotiq_3f_gripper_ros2_interfaces/robotiq_3f_gripper_ros2_interfaces/msg/detail/dds_fastrtps
[8.844s] -- Up-to-date: /home/yanwen/fyp_ws_v3/install/robotiq_3f_gripper_ros2_interfaces/lib/librobotiq_3f_gripper_ros2_interfaces__rosidl_typesupport_fastrtps_cpp.so
[8.844s] -- Up-to-date: /home/yanwen/fyp_ws_v3/install/robotiq_3f_gripper_ros2_interfaces/include/robotiq_3f_gripper_ros2_interfaces/robotiq_3f_gripper_ros2_interfaces
[8.844s] -- Up-to-date: /home/yanwen/fyp_ws_v3/install/robotiq_3f_gripper_ros2_interfaces/include/robotiq_3f_gripper_ros2_interfaces/robotiq_3f_gripper_ros2_interfaces/action
[8.844s] -- Up-to-date: /home/yanwen/fyp_ws_v3/install/robotiq_3f_gripper_ros2_interfaces/include/robotiq_3f_gripper_ros2_interfaces/robotiq_3f_gripper_ros2_interfaces/action/detail
[8.844s] -- Up-to-date: /home/yanwen/fyp_ws_v3/install/robotiq_3f_gripper_ros2_interfaces/include/robotiq_3f_gripper_ros2_interfaces/robotiq_3f_gripper_ros2_interfaces/action/detail/robotiq3_f_gripper_output_goal__rosidl_typesupport_introspection_c.h
[8.844s] -- Up-to-date: /home/yanwen/fyp_ws_v3/install/robotiq_3f_gripper_ros2_interfaces/include/robotiq_3f_gripper_ros2_interfaces/robotiq_3f_gripper_ros2_interfaces/action/detail/robotiq3_f_gripper_output_goal__type_support.c
[8.844s] -- Up-to-date: /home/yanwen/fyp_ws_v3/install/robotiq_3f_gripper_ros2_interfaces/include/robotiq_3f_gripper_ros2_interfaces/robotiq_3f_gripper_ros2_interfaces/srv
[8.844s] -- Up-to-date: /home/yanwen/fyp_ws_v3/install/robotiq_3f_gripper_ros2_interfaces/include/robotiq_3f_gripper_ros2_interfaces/robotiq_3f_gripper_ros2_interfaces/srv/detail
[8.844s] -- Up-to-date: /home/yanwen/fyp_ws_v3/install/robotiq_3f_gripper_ros2_interfaces/include/robotiq_3f_gripper_ros2_interfaces/robotiq_3f_gripper_ros2_interfaces/srv/detail/robotiq3_f_gripper_output_service__type_support.c
[8.844s] -- Up-to-date: /home/yanwen/fyp_ws_v3/install/robotiq_3f_gripper_ros2_interfaces/include/robotiq_3f_gripper_ros2_interfaces/robotiq_3f_gripper_ros2_interfaces/srv/detail/robotiq3_f_gripper_output_service__rosidl_typesupport_introspection_c.h
[8.844s] -- Up-to-date: /home/yanwen/fyp_ws_v3/install/robotiq_3f_gripper_ros2_interfaces/include/robotiq_3f_gripper_ros2_interfaces/robotiq_3f_gripper_ros2_interfaces/msg
[8.844s] -- Up-to-date: /home/yanwen/fyp_ws_v3/install/robotiq_3f_gripper_ros2_interfaces/include/robotiq_3f_gripper_ros2_interfaces/robotiq_3f_gripper_ros2_interfaces/msg/detail
[8.844s] -- Up-to-date: /home/yanwen/fyp_ws_v3/install/robotiq_3f_gripper_ros2_interfaces/include/robotiq_3f_gripper_ros2_interfaces/robotiq_3f_gripper_ros2_interfaces/msg/detail/robotiq3_f_gripper_output_registers__type_support.c
[8.844s] -- Up-to-date: /home/yanwen/fyp_ws_v3/install/robotiq_3f_gripper_ros2_interfaces/include/robotiq_3f_gripper_ros2_interfaces/robotiq_3f_gripper_ros2_interfaces/msg/detail/robotiq3_f_gripper_output_registers__rosidl_typesupport_introspection_c.h
[8.844s] -- Up-to-date: /home/yanwen/fyp_ws_v3/install/robotiq_3f_gripper_ros2_interfaces/include/robotiq_3f_gripper_ros2_interfaces/robotiq_3f_gripper_ros2_interfaces/msg/detail/robotiq3_f_gripper_input_registers__rosidl_typesupport_introspection_c.h
[8.844s] -- Up-to-date: /home/yanwen/fyp_ws_v3/install/robotiq_3f_gripper_ros2_interfaces/include/robotiq_3f_gripper_ros2_interfaces/robotiq_3f_gripper_ros2_interfaces/msg/detail/robotiq3_f_gripper_input_registers__type_support.c
[8.845s] -- Up-to-date: /home/yanwen/fyp_ws_v3/install/robotiq_3f_gripper_ros2_interfaces/include/robotiq_3f_gripper_ros2_interfaces/robotiq_3f_gripper_ros2_interfaces/msg/rosidl_typesupport_introspection_c__visibility_control.h
[8.855s] -- Up-to-date: /home/yanwen/fyp_ws_v3/install/robotiq_3f_gripper_ros2_interfaces/lib/librobotiq_3f_gripper_ros2_interfaces__rosidl_typesupport_introspection_c.so
[8.855s] -- Up-to-date: /home/yanwen/fyp_ws_v3/install/robotiq_3f_gripper_ros2_interfaces/lib/librobotiq_3f_gripper_ros2_interfaces__rosidl_typesupport_c.so
[8.855s] -- Up-to-date: /home/yanwen/fyp_ws_v3/install/robotiq_3f_gripper_ros2_interfaces/include/robotiq_3f_gripper_ros2_interfaces/robotiq_3f_gripper_ros2_interfaces
[8.855s] -- Up-to-date: /home/yanwen/fyp_ws_v3/install/robotiq_3f_gripper_ros2_interfaces/include/robotiq_3f_gripper_ros2_interfaces/robotiq_3f_gripper_ros2_interfaces/action
[8.856s] -- Up-to-date: /home/yanwen/fyp_ws_v3/install/robotiq_3f_gripper_ros2_interfaces/include/robotiq_3f_gripper_ros2_interfaces/robotiq_3f_gripper_ros2_interfaces/action/detail
[8.856s] -- Up-to-date: /home/yanwen/fyp_ws_v3/install/robotiq_3f_gripper_ros2_interfaces/include/robotiq_3f_gripper_ros2_interfaces/robotiq_3f_gripper_ros2_interfaces/action/detail/robotiq3_f_gripper_output_goal__rosidl_typesupport_introspection_cpp.hpp
[8.856s] -- Up-to-date: /home/yanwen/fyp_ws_v3/install/robotiq_3f_gripper_ros2_interfaces/include/robotiq_3f_gripper_ros2_interfaces/robotiq_3f_gripper_ros2_interfaces/action/detail/robotiq3_f_gripper_output_goal__type_support.cpp
[8.856s] -- Up-to-date: /home/yanwen/fyp_ws_v3/install/robotiq_3f_gripper_ros2_interfaces/include/robotiq_3f_gripper_ros2_interfaces/robotiq_3f_gripper_ros2_interfaces/srv
[8.856s] -- Up-to-date: /home/yanwen/fyp_ws_v3/install/robotiq_3f_gripper_ros2_interfaces/include/robotiq_3f_gripper_ros2_interfaces/robotiq_3f_gripper_ros2_interfaces/srv/detail
[8.856s] -- Up-to-date: /home/yanwen/fyp_ws_v3/install/robotiq_3f_gripper_ros2_interfaces/include/robotiq_3f_gripper_ros2_interfaces/robotiq_3f_gripper_ros2_interfaces/srv/detail/robotiq3_f_gripper_output_service__rosidl_typesupport_introspection_cpp.hpp
[8.856s] -- Up-to-date: /home/yanwen/fyp_ws_v3/install/robotiq_3f_gripper_ros2_interfaces/include/robotiq_3f_gripper_ros2_interfaces/robotiq_3f_gripper_ros2_interfaces/srv/detail/robotiq3_f_gripper_output_service__type_support.cpp
[8.856s] -- Up-to-date: /home/yanwen/fyp_ws_v3/install/robotiq_3f_gripper_ros2_interfaces/include/robotiq_3f_gripper_ros2_interfaces/robotiq_3f_gripper_ros2_interfaces/msg
[8.856s] -- Up-to-date: /home/yanwen/fyp_ws_v3/install/robotiq_3f_gripper_ros2_interfaces/include/robotiq_3f_gripper_ros2_interfaces/robotiq_3f_gripper_ros2_interfaces/msg/detail
[8.856s] -- Up-to-date: /home/yanwen/fyp_ws_v3/install/robotiq_3f_gripper_ros2_interfaces/include/robotiq_3f_gripper_ros2_interfaces/robotiq_3f_gripper_ros2_interfaces/msg/detail/robotiq3_f_gripper_output_registers__rosidl_typesupport_introspection_cpp.hpp
[8.856s] -- Up-to-date: /home/yanwen/fyp_ws_v3/install/robotiq_3f_gripper_ros2_interfaces/include/robotiq_3f_gripper_ros2_interfaces/robotiq_3f_gripper_ros2_interfaces/msg/detail/robotiq3_f_gripper_output_registers__type_support.cpp
[8.856s] -- Up-to-date: /home/yanwen/fyp_ws_v3/install/robotiq_3f_gripper_ros2_interfaces/include/robotiq_3f_gripper_ros2_interfaces/robotiq_3f_gripper_ros2_interfaces/msg/detail/robotiq3_f_gripper_input_registers__type_support.cpp
[8.856s] -- Up-to-date: /home/yanwen/fyp_ws_v3/install/robotiq_3f_gripper_ros2_interfaces/include/robotiq_3f_gripper_ros2_interfaces/robotiq_3f_gripper_ros2_interfaces/msg/detail/robotiq3_f_gripper_input_registers__rosidl_typesupport_introspection_cpp.hpp
[8.879s] -- Up-to-date: /home/yanwen/fyp_ws_v3/install/robotiq_3f_gripper_ros2_interfaces/lib/librobotiq_3f_gripper_ros2_interfaces__rosidl_typesupport_introspection_cpp.so
[8.884s] -- Up-to-date: /home/yanwen/fyp_ws_v3/install/robotiq_3f_gripper_ros2_interfaces/lib/librobotiq_3f_gripper_ros2_interfaces__rosidl_typesupport_cpp.so
[8.884s] -- Up-to-date: /home/yanwen/fyp_ws_v3/install/robotiq_3f_gripper_ros2_interfaces/share/robotiq_3f_gripper_ros2_interfaces/environment/pythonpath.sh
[8.884s] -- Up-to-date: /home/yanwen/fyp_ws_v3/install/robotiq_3f_gripper_ros2_interfaces/share/robotiq_3f_gripper_ros2_interfaces/environment/pythonpath.dsv
[8.884s] -- Up-to-date: /home/yanwen/fyp_ws_v3/install/robotiq_3f_gripper_ros2_interfaces/local/lib/python3.10/dist-packages/robotiq_3f_gripper_ros2_interfaces-0.0.0-py3.10.egg-info
[8.884s] -- Installing: /home/yanwen/fyp_ws_v3/install/robotiq_3f_gripper_ros2_interfaces/local/lib/python3.10/dist-packages/robotiq_3f_gripper_ros2_interfaces-0.0.0-py3.10.egg-info/top_level.txt
[8.885s] -- Installing: /home/yanwen/fyp_ws_v3/install/robotiq_3f_gripper_ros2_interfaces/local/lib/python3.10/dist-packages/robotiq_3f_gripper_ros2_interfaces-0.0.0-py3.10.egg-info/PKG-INFO
[8.885s] -- Installing: /home/yanwen/fyp_ws_v3/install/robotiq_3f_gripper_ros2_interfaces/local/lib/python3.10/dist-packages/robotiq_3f_gripper_ros2_interfaces-0.0.0-py3.10.egg-info/SOURCES.txt
[8.885s] -- Installing: /home/yanwen/fyp_ws_v3/install/robotiq_3f_gripper_ros2_interfaces/local/lib/python3.10/dist-packages/robotiq_3f_gripper_ros2_interfaces-0.0.0-py3.10.egg-info/dependency_links.txt
[8.885s] -- Up-to-date: /home/yanwen/fyp_ws_v3/install/robotiq_3f_gripper_ros2_interfaces/local/lib/python3.10/dist-packages/robotiq_3f_gripper_ros2_interfaces
[8.885s] -- Up-to-date: /home/yanwen/fyp_ws_v3/install/robotiq_3f_gripper_ros2_interfaces/local/lib/python3.10/dist-packages/robotiq_3f_gripper_ros2_interfaces/action
[8.885s] -- Up-to-date: /home/yanwen/fyp_ws_v3/install/robotiq_3f_gripper_ros2_interfaces/local/lib/python3.10/dist-packages/robotiq_3f_gripper_ros2_interfaces/action/_robotiq3_f_gripper_output_goal.py
[8.885s] -- Up-to-date: /home/yanwen/fyp_ws_v3/install/robotiq_3f_gripper_ros2_interfaces/local/lib/python3.10/dist-packages/robotiq_3f_gripper_ros2_interfaces/action/__init__.py
[8.885s] -- Up-to-date: /home/yanwen/fyp_ws_v3/install/robotiq_3f_gripper_ros2_interfaces/local/lib/python3.10/dist-packages/robotiq_3f_gripper_ros2_interfaces/action/_robotiq3_f_gripper_output_goal_s.c
[8.885s] -- Up-to-date: /home/yanwen/fyp_ws_v3/install/robotiq_3f_gripper_ros2_interfaces/local/lib/python3.10/dist-packages/robotiq_3f_gripper_ros2_interfaces/_robotiq_3f_gripper_ros2_interfaces_s.ep.rosidl_typesupport_fastrtps_c.c
[8.885s] -- Up-to-date: /home/yanwen/fyp_ws_v3/install/robotiq_3f_gripper_ros2_interfaces/local/lib/python3.10/dist-packages/robotiq_3f_gripper_ros2_interfaces/robotiq_3f_gripper_ros2_interfaces_s__rosidl_typesupport_introspection_c.cpython-310-x86_64-linux-gnu.so
[8.885s] -- Up-to-date: /home/yanwen/fyp_ws_v3/install/robotiq_3f_gripper_ros2_interfaces/local/lib/python3.10/dist-packages/robotiq_3f_gripper_ros2_interfaces/robotiq_3f_gripper_ros2_interfaces_s__rosidl_typesupport_fastrtps_c.cpython-310-x86_64-linux-gnu.so
[8.885s] -- Up-to-date: /home/yanwen/fyp_ws_v3/install/robotiq_3f_gripper_ros2_interfaces/local/lib/python3.10/dist-packages/robotiq_3f_gripper_ros2_interfaces/__init__.py
[8.885s] -- Up-to-date: /home/yanwen/fyp_ws_v3/install/robotiq_3f_gripper_ros2_interfaces/local/lib/python3.10/dist-packages/robotiq_3f_gripper_ros2_interfaces/_robotiq_3f_gripper_ros2_interfaces_s.ep.rosidl_typesupport_introspection_c.c
[8.885s] -- Up-to-date: /home/yanwen/fyp_ws_v3/install/robotiq_3f_gripper_ros2_interfaces/local/lib/python3.10/dist-packages/robotiq_3f_gripper_ros2_interfaces/robotiq_3f_gripper_ros2_interfaces_s__rosidl_typesupport_c.cpython-310-x86_64-linux-gnu.so
[8.885s] -- Up-to-date: /home/yanwen/fyp_ws_v3/install/robotiq_3f_gripper_ros2_interfaces/local/lib/python3.10/dist-packages/robotiq_3f_gripper_ros2_interfaces/srv
[8.885s] -- Up-to-date: /home/yanwen/fyp_ws_v3/install/robotiq_3f_gripper_ros2_interfaces/local/lib/python3.10/dist-packages/robotiq_3f_gripper_ros2_interfaces/srv/_robotiq3_f_gripper_output_service_s.c
[8.885s] -- Up-to-date: /home/yanwen/fyp_ws_v3/install/robotiq_3f_gripper_ros2_interfaces/local/lib/python3.10/dist-packages/robotiq_3f_gripper_ros2_interfaces/srv/__init__.py
[8.885s] -- Up-to-date: /home/yanwen/fyp_ws_v3/install/robotiq_3f_gripper_ros2_interfaces/local/lib/python3.10/dist-packages/robotiq_3f_gripper_ros2_interfaces/srv/_robotiq3_f_gripper_output_service.py
[8.886s] -- Up-to-date: /home/yanwen/fyp_ws_v3/install/robotiq_3f_gripper_ros2_interfaces/local/lib/python3.10/dist-packages/robotiq_3f_gripper_ros2_interfaces/librobotiq_3f_gripper_ros2_interfaces__rosidl_generator_py.so
[8.886s] -- Up-to-date: /home/yanwen/fyp_ws_v3/install/robotiq_3f_gripper_ros2_interfaces/local/lib/python3.10/dist-packages/robotiq_3f_gripper_ros2_interfaces/msg
[8.886s] -- Up-to-date: /home/yanwen/fyp_ws_v3/install/robotiq_3f_gripper_ros2_interfaces/local/lib/python3.10/dist-packages/robotiq_3f_gripper_ros2_interfaces/msg/_robotiq3_f_gripper_input_registers.py
[8.886s] -- Up-to-date: /home/yanwen/fyp_ws_v3/install/robotiq_3f_gripper_ros2_interfaces/local/lib/python3.10/dist-packages/robotiq_3f_gripper_ros2_interfaces/msg/__init__.py
[8.886s] -- Up-to-date: /home/yanwen/fyp_ws_v3/install/robotiq_3f_gripper_ros2_interfaces/local/lib/python3.10/dist-packages/robotiq_3f_gripper_ros2_interfaces/msg/_robotiq3_f_gripper_output_registers_s.c
[8.886s] -- Up-to-date: /home/yanwen/fyp_ws_v3/install/robotiq_3f_gripper_ros2_interfaces/local/lib/python3.10/dist-packages/robotiq_3f_gripper_ros2_interfaces/msg/_robotiq3_f_gripper_output_registers.py
[8.886s] -- Up-to-date: /home/yanwen/fyp_ws_v3/install/robotiq_3f_gripper_ros2_interfaces/local/lib/python3.10/dist-packages/robotiq_3f_gripper_ros2_interfaces/msg/_robotiq3_f_gripper_input_registers_s.c
[8.886s] -- Up-to-date: /home/yanwen/fyp_ws_v3/install/robotiq_3f_gripper_ros2_interfaces/local/lib/python3.10/dist-packages/robotiq_3f_gripper_ros2_interfaces/_robotiq_3f_gripper_ros2_interfaces_s.ep.rosidl_typesupport_c.c
[9.013s] Listing '/home/yanwen/fyp_ws_v3/install/robotiq_3f_gripper_ros2_interfaces/local/lib/python3.10/dist-packages/robotiq_3f_gripper_ros2_interfaces'...
[9.013s] Listing '/home/yanwen/fyp_ws_v3/install/robotiq_3f_gripper_ros2_interfaces/local/lib/python3.10/dist-packages/robotiq_3f_gripper_ros2_interfaces/action'...
[9.013s] Listing '/home/yanwen/fyp_ws_v3/install/robotiq_3f_gripper_ros2_interfaces/local/lib/python3.10/dist-packages/robotiq_3f_gripper_ros2_interfaces/msg'...
[9.013s] Listing '/home/yanwen/fyp_ws_v3/install/robotiq_3f_gripper_ros2_interfaces/local/lib/python3.10/dist-packages/robotiq_3f_gripper_ros2_interfaces/srv'...
[9.022s] -- Up-to-date: /home/yanwen/fyp_ws_v3/install/robotiq_3f_gripper_ros2_interfaces/local/lib/python3.10/dist-packages/robotiq_3f_gripper_ros2_interfaces/robotiq_3f_gripper_ros2_interfaces_s__rosidl_typesupport_fastrtps_c.cpython-310-x86_64-linux-gnu.so
[9.028s] -- Up-to-date: /home/yanwen/fyp_ws_v3/install/robotiq_3f_gripper_ros2_interfaces/local/lib/python3.10/dist-packages/robotiq_3f_gripper_ros2_interfaces/robotiq_3f_gripper_ros2_interfaces_s__rosidl_typesupport_introspection_c.cpython-310-x86_64-linux-gnu.so
[9.028s] -- Up-to-date: /home/yanwen/fyp_ws_v3/install/robotiq_3f_gripper_ros2_interfaces/local/lib/python3.10/dist-packages/robotiq_3f_gripper_ros2_interfaces/robotiq_3f_gripper_ros2_interfaces_s__rosidl_typesupport_c.cpython-310-x86_64-linux-gnu.so
[9.029s] -- Up-to-date: /home/yanwen/fyp_ws_v3/install/robotiq_3f_gripper_ros2_interfaces/lib/librobotiq_3f_gripper_ros2_interfaces__rosidl_generator_py.so
[9.029s] -- Up-to-date: /home/yanwen/fyp_ws_v3/install/robotiq_3f_gripper_ros2_interfaces/share/robotiq_3f_gripper_ros2_interfaces/msg/Robotiq3FGripperInputRegisters.idl
[9.029s] -- Up-to-date: /home/yanwen/fyp_ws_v3/install/robotiq_3f_gripper_ros2_interfaces/share/robotiq_3f_gripper_ros2_interfaces/msg/Robotiq3FGripperOutputRegisters.idl
[9.030s] -- Up-to-date: /home/yanwen/fyp_ws_v3/install/robotiq_3f_gripper_ros2_interfaces/share/robotiq_3f_gripper_ros2_interfaces/srv/Robotiq3FGripperOutputService.idl
[9.031s] -- Up-to-date: /home/yanwen/fyp_ws_v3/install/robotiq_3f_gripper_ros2_interfaces/share/robotiq_3f_gripper_ros2_interfaces/action/Robotiq3FGripperOutputGoal.idl
[9.031s] -- Up-to-date: /home/yanwen/fyp_ws_v3/install/robotiq_3f_gripper_ros2_interfaces/share/robotiq_3f_gripper_ros2_interfaces/msg/Robotiq3FGripperInputRegisters.msg
[9.031s] -- Up-to-date: /home/yanwen/fyp_ws_v3/install/robotiq_3f_gripper_ros2_interfaces/share/robotiq_3f_gripper_ros2_interfaces/msg/Robotiq3FGripperOutputRegisters.msg
[9.031s] -- Up-to-date: /home/yanwen/fyp_ws_v3/install/robotiq_3f_gripper_ros2_interfaces/share/robotiq_3f_gripper_ros2_interfaces/srv/Robotiq3FGripperOutputService.srv
[9.032s] -- Up-to-date: /home/yanwen/fyp_ws_v3/install/robotiq_3f_gripper_ros2_interfaces/share/robotiq_3f_gripper_ros2_interfaces/srv/Robotiq3FGripperOutputService_Request.msg
[9.032s] -- Up-to-date: /home/yanwen/fyp_ws_v3/install/robotiq_3f_gripper_ros2_interfaces/share/robotiq_3f_gripper_ros2_interfaces/srv/Robotiq3FGripperOutputService_Response.msg
[9.032s] -- Up-to-date: /home/yanwen/fyp_ws_v3/install/robotiq_3f_gripper_ros2_interfaces/share/robotiq_3f_gripper_ros2_interfaces/action/Robotiq3FGripperOutputGoal.action
[9.033s] -- Up-to-date: /home/yanwen/fyp_ws_v3/install/robotiq_3f_gripper_ros2_interfaces/share/ament_index/resource_index/package_run_dependencies/robotiq_3f_gripper_ros2_interfaces
[9.035s] -- Up-to-date: /home/yanwen/fyp_ws_v3/install/robotiq_3f_gripper_ros2_interfaces/share/ament_index/resource_index/parent_prefix_path/robotiq_3f_gripper_ros2_interfaces
[9.035s] -- Up-to-date: /home/yanwen/fyp_ws_v3/install/robotiq_3f_gripper_ros2_interfaces/share/robotiq_3f_gripper_ros2_interfaces/environment/ament_prefix_path.sh
[9.035s] -- Up-to-date: /home/yanwen/fyp_ws_v3/install/robotiq_3f_gripper_ros2_interfaces/share/robotiq_3f_gripper_ros2_interfaces/environment/ament_prefix_path.dsv
[9.035s] -- Up-to-date: /home/yanwen/fyp_ws_v3/install/robotiq_3f_gripper_ros2_interfaces/share/robotiq_3f_gripper_ros2_interfaces/environment/path.sh
[9.035s] -- Up-to-date: /home/yanwen/fyp_ws_v3/install/robotiq_3f_gripper_ros2_interfaces/share/robotiq_3f_gripper_ros2_interfaces/environment/path.dsv
[9.035s] -- Up-to-date: /home/yanwen/fyp_ws_v3/install/robotiq_3f_gripper_ros2_interfaces/share/robotiq_3f_gripper_ros2_interfaces/local_setup.bash
[9.035s] -- Up-to-date: /home/yanwen/fyp_ws_v3/install/robotiq_3f_gripper_ros2_interfaces/share/robotiq_3f_gripper_ros2_interfaces/local_setup.sh
[9.035s] -- Up-to-date: /home/yanwen/fyp_ws_v3/install/robotiq_3f_gripper_ros2_interfaces/share/robotiq_3f_gripper_ros2_interfaces/local_setup.zsh
[9.035s] -- Up-to-date: /home/yanwen/fyp_ws_v3/install/robotiq_3f_gripper_ros2_interfaces/share/robotiq_3f_gripper_ros2_interfaces/local_setup.dsv
[9.035s] -- Installing: /home/yanwen/fyp_ws_v3/install/robotiq_3f_gripper_ros2_interfaces/share/robotiq_3f_gripper_ros2_interfaces/package.dsv
[9.072s] -- Up-to-date: /home/yanwen/fyp_ws_v3/install/robotiq_3f_gripper_ros2_interfaces/share/ament_index/resource_index/packages/robotiq_3f_gripper_ros2_interfaces
[9.160s] -- Up-to-date: /home/yanwen/fyp_ws_v3/install/robotiq_3f_gripper_ros2_interfaces/share/robotiq_3f_gripper_ros2_interfaces/cmake/export_robotiq_3f_gripper_ros2_interfaces__rosidl_generator_cExport.cmake
[9.160s] -- Up-to-date: /home/yanwen/fyp_ws_v3/install/robotiq_3f_gripper_ros2_interfaces/share/robotiq_3f_gripper_ros2_interfaces/cmake/export_robotiq_3f_gripper_ros2_interfaces__rosidl_generator_cExport-noconfig.cmake
[9.182s] -- Up-to-date: /home/yanwen/fyp_ws_v3/install/robotiq_3f_gripper_ros2_interfaces/share/robotiq_3f_gripper_ros2_interfaces/cmake/export_robotiq_3f_gripper_ros2_interfaces__rosidl_typesupport_fastrtps_cExport.cmake
[9.182s] -- Up-to-date: /home/yanwen/fyp_ws_v3/install/robotiq_3f_gripper_ros2_interfaces/share/robotiq_3f_gripper_ros2_interfaces/cmake/export_robotiq_3f_gripper_ros2_interfaces__rosidl_typesupport_fastrtps_cExport-noconfig.cmake
[9.204s] -- Up-to-date: /home/yanwen/fyp_ws_v3/install/robotiq_3f_gripper_ros2_interfaces/share/robotiq_3f_gripper_ros2_interfaces/cmake/export_robotiq_3f_gripper_ros2_interfaces__rosidl_generator_cppExport.cmake
[9.226s] -- Up-to-date: /home/yanwen/fyp_ws_v3/install/robotiq_3f_gripper_ros2_interfaces/share/robotiq_3f_gripper_ros2_interfaces/cmake/export_robotiq_3f_gripper_ros2_interfaces__rosidl_typesupport_fastrtps_cppExport.cmake
[9.226s] -- Up-to-date: /home/yanwen/fyp_ws_v3/install/robotiq_3f_gripper_ros2_interfaces/share/robotiq_3f_gripper_ros2_interfaces/cmake/export_robotiq_3f_gripper_ros2_interfaces__rosidl_typesupport_fastrtps_cppExport-noconfig.cmake
[9.304s] -- Up-to-date: /home/yanwen/fyp_ws_v3/install/robotiq_3f_gripper_ros2_interfaces/share/robotiq_3f_gripper_ros2_interfaces/cmake/robotiq_3f_gripper_ros2_interfaces__rosidl_typesupport_introspection_cExport.cmake
[9.304s] -- Up-to-date: /home/yanwen/fyp_ws_v3/install/robotiq_3f_gripper_ros2_interfaces/share/robotiq_3f_gripper_ros2_interfaces/cmake/robotiq_3f_gripper_ros2_interfaces__rosidl_typesupport_introspection_cExport-noconfig.cmake
[9.382s] -- Up-to-date: /home/yanwen/fyp_ws_v3/install/robotiq_3f_gripper_ros2_interfaces/share/robotiq_3f_gripper_ros2_interfaces/cmake/robotiq_3f_gripper_ros2_interfaces__rosidl_typesupport_cExport.cmake
[9.382s] -- Up-to-date: /home/yanwen/fyp_ws_v3/install/robotiq_3f_gripper_ros2_interfaces/share/robotiq_3f_gripper_ros2_interfaces/cmake/robotiq_3f_gripper_ros2_interfaces__rosidl_typesupport_cExport-noconfig.cmake
[9.459s] -- Up-to-date: /home/yanwen/fyp_ws_v3/install/robotiq_3f_gripper_ros2_interfaces/share/robotiq_3f_gripper_ros2_interfaces/cmake/robotiq_3f_gripper_ros2_interfaces__rosidl_typesupport_introspection_cppExport.cmake
[9.459s] -- Up-to-date: /home/yanwen/fyp_ws_v3/install/robotiq_3f_gripper_ros2_interfaces/share/robotiq_3f_gripper_ros2_interfaces/cmake/robotiq_3f_gripper_ros2_interfaces__rosidl_typesupport_introspection_cppExport-noconfig.cmake
[9.481s] -- Up-to-date: /home/yanwen/fyp_ws_v3/install/robotiq_3f_gripper_ros2_interfaces/share/robotiq_3f_gripper_ros2_interfaces/cmake/robotiq_3f_gripper_ros2_interfaces__rosidl_typesupport_cppExport.cmake
[9.481s] -- Up-to-date: /home/yanwen/fyp_ws_v3/install/robotiq_3f_gripper_ros2_interfaces/share/robotiq_3f_gripper_ros2_interfaces/cmake/robotiq_3f_gripper_ros2_interfaces__rosidl_typesupport_cppExport-noconfig.cmake
[9.576s] -- Up-to-date: /home/yanwen/fyp_ws_v3/install/robotiq_3f_gripper_ros2_interfaces/share/robotiq_3f_gripper_ros2_interfaces/cmake/export_robotiq_3f_gripper_ros2_interfaces__rosidl_generator_pyExport.cmake
[9.576s] -- Up-to-date: /home/yanwen/fyp_ws_v3/install/robotiq_3f_gripper_ros2_interfaces/share/robotiq_3f_gripper_ros2_interfaces/cmake/export_robotiq_3f_gripper_ros2_interfaces__rosidl_generator_pyExport-noconfig.cmake
[9.576s] -- Up-to-date: /home/yanwen/fyp_ws_v3/install/robotiq_3f_gripper_ros2_interfaces/share/robotiq_3f_gripper_ros2_interfaces/cmake/rosidl_cmake-extras.cmake
[9.577s] -- Up-to-date: /home/yanwen/fyp_ws_v3/install/robotiq_3f_gripper_ros2_interfaces/share/robotiq_3f_gripper_ros2_interfaces/cmake/ament_cmake_export_dependencies-extras.cmake
[9.577s] -- Up-to-date: /home/yanwen/fyp_ws_v3/install/robotiq_3f_gripper_ros2_interfaces/share/robotiq_3f_gripper_ros2_interfaces/cmake/ament_cmake_export_include_directories-extras.cmake
[9.577s] -- Up-to-date: /home/yanwen/fyp_ws_v3/install/robotiq_3f_gripper_ros2_interfaces/share/robotiq_3f_gripper_ros2_interfaces/cmake/ament_cmake_export_libraries-extras.cmake
[9.577s] -- Up-to-date: /home/yanwen/fyp_ws_v3/install/robotiq_3f_gripper_ros2_interfaces/share/robotiq_3f_gripper_ros2_interfaces/cmake/ament_cmake_export_targets-extras.cmake
[9.577s] -- Up-to-date: /home/yanwen/fyp_ws_v3/install/robotiq_3f_gripper_ros2_interfaces/share/robotiq_3f_gripper_ros2_interfaces/cmake/rosidl_cmake_export_typesupport_targets-extras.cmake
[9.577s] -- Up-to-date: /home/yanwen/fyp_ws_v3/install/robotiq_3f_gripper_ros2_interfaces/share/robotiq_3f_gripper_ros2_interfaces/cmake/rosidl_cmake_export_typesupport_libraries-extras.cmake
[9.577s] -- Up-to-date: /home/yanwen/fyp_ws_v3/install/robotiq_3f_gripper_ros2_interfaces/share/robotiq_3f_gripper_ros2_interfaces/cmake/robotiq_3f_gripper_ros2_interfacesConfig.cmake
[9.577s] -- Up-to-date: /home/yanwen/fyp_ws_v3/install/robotiq_3f_gripper_ros2_interfaces/share/robotiq_3f_gripper_ros2_interfaces/cmake/robotiq_3f_gripper_ros2_interfacesConfig-version.cmake
[9.577s] -- Up-to-date: /home/yanwen/fyp_ws_v3/install/robotiq_3f_gripper_ros2_interfaces/share/robotiq_3f_gripper_ros2_interfaces/package.xml
[9.623s] Invoked command in '/home/yanwen/fyp_ws_v3/build/robotiq_3f_gripper_ros2_interfaces' returned '0': CMAKE_PREFIX_PATH=/opt/ros/humble /usr/bin/cmake --install /home/yanwen/fyp_ws_v3/build/robotiq_3f_gripper_ros2_interfaces
