[0.018s] Invoking command in '/home/yanwen/fyp_ws_v3/build/zed_components': CMAKE_PREFIX_PATH=/home/yanwen/fyp_ws_v3/install/zed_interfaces:/home/yanwen/fyp_ws_v3/install/zed_ros2:/home/yanwen/fyp_ws_v3/install/zed_wrapper:/home/yanwen/fyp_ws_v3/install/zed_components:/home/yanwen/fyp_ws_v3/install/moveit_script:/home/yanwen/fyp_ws_v3/install/gripper_client:/home/yanwen/fyp_ws_v3/install/robotiq_3f_gripper_ros2_interfaces:/home/yanwen/fyp_ws_v3/install/obj_detect_test:/home/yanwen/fyp_ws_v3/install/robotiq_3f_gripper_ros2_control:/home/yanwen/fyp_ws_v3/install/cv_ros2_test:/opt/ros/humble LD_LIBRARY_PATH=/home/yanwen/fyp_ws_v3/install/zed_interfaces/lib:/home/yanwen/fyp_ws_v3/install/zed_components/lib:/home/yanwen/fyp_ws_v3/install/robotiq_3f_gripper_ros2_interfaces/lib:/usr/lib/x86_64-linux-gnu/gazebo-11/plugins:/opt/ros/humble/opt/rviz_ogre_vendor/lib:/opt/ros/humble/lib/x86_64-linux-gnu:/opt/ros/humble/lib /usr/bin/cmake --build /home/yanwen/fyp_ws_v3/build/zed_components -- -j8 -l8
[0.079s] [100%] Built target zed_camera_component
[0.108s] Invoked command in '/home/yanwen/fyp_ws_v3/build/zed_components' returned '0': CMAKE_PREFIX_PATH=/home/yanwen/fyp_ws_v3/install/zed_interfaces:/home/yanwen/fyp_ws_v3/install/zed_ros2:/home/yanwen/fyp_ws_v3/install/zed_wrapper:/home/yanwen/fyp_ws_v3/install/zed_components:/home/yanwen/fyp_ws_v3/install/moveit_script:/home/yanwen/fyp_ws_v3/install/gripper_client:/home/yanwen/fyp_ws_v3/install/robotiq_3f_gripper_ros2_interfaces:/home/yanwen/fyp_ws_v3/install/obj_detect_test:/home/yanwen/fyp_ws_v3/install/robotiq_3f_gripper_ros2_control:/home/yanwen/fyp_ws_v3/install/cv_ros2_test:/opt/ros/humble LD_LIBRARY_PATH=/home/yanwen/fyp_ws_v3/install/zed_interfaces/lib:/home/yanwen/fyp_ws_v3/install/zed_components/lib:/home/yanwen/fyp_ws_v3/install/robotiq_3f_gripper_ros2_interfaces/lib:/usr/lib/x86_64-linux-gnu/gazebo-11/plugins:/opt/ros/humble/opt/rviz_ogre_vendor/lib:/opt/ros/humble/lib/x86_64-linux-gnu:/opt/ros/humble/lib /usr/bin/cmake --build /home/yanwen/fyp_ws_v3/build/zed_components -- -j8 -l8
[0.139s] Invoking command in '/home/yanwen/fyp_ws_v3/build/zed_components': CMAKE_PREFIX_PATH=/home/yanwen/fyp_ws_v3/install/zed_interfaces:/home/yanwen/fyp_ws_v3/install/zed_ros2:/home/yanwen/fyp_ws_v3/install/zed_wrapper:/home/yanwen/fyp_ws_v3/install/zed_components:/home/yanwen/fyp_ws_v3/install/moveit_script:/home/yanwen/fyp_ws_v3/install/gripper_client:/home/yanwen/fyp_ws_v3/install/robotiq_3f_gripper_ros2_interfaces:/home/yanwen/fyp_ws_v3/install/obj_detect_test:/home/yanwen/fyp_ws_v3/install/robotiq_3f_gripper_ros2_control:/home/yanwen/fyp_ws_v3/install/cv_ros2_test:/opt/ros/humble LD_LIBRARY_PATH=/home/yanwen/fyp_ws_v3/install/zed_interfaces/lib:/home/yanwen/fyp_ws_v3/install/zed_components/lib:/home/yanwen/fyp_ws_v3/install/robotiq_3f_gripper_ros2_interfaces/lib:/usr/lib/x86_64-linux-gnu/gazebo-11/plugins:/opt/ros/humble/opt/rviz_ogre_vendor/lib:/opt/ros/humble/lib/x86_64-linux-gnu:/opt/ros/humble/lib /usr/bin/cmake --install /home/yanwen/fyp_ws_v3/build/zed_components
[0.146s] -- Install configuration: "Release"
[0.146s] -- Up-to-date: /home/yanwen/fyp_ws_v3/install/zed_components/lib/libzed_camera_component.so
[0.146s] -- Up-to-date: /home/yanwen/fyp_ws_v3/install/zed_components/include/zed_components/
[0.146s] -- Up-to-date: /home/yanwen/fyp_ws_v3/install/zed_components/include/zed_components//cost_traversability.hpp
[0.146s] -- Up-to-date: /home/yanwen/fyp_ws_v3/install/zed_components/include/zed_components//sl_types.hpp
[0.146s] -- Up-to-date: /home/yanwen/fyp_ws_v3/install/zed_components/include/zed_components//zed_camera_component.hpp
[0.146s] -- Up-to-date: /home/yanwen/fyp_ws_v3/install/zed_components/include/zed_components/
[0.146s] -- Up-to-date: /home/yanwen/fyp_ws_v3/install/zed_components/include/zed_components//sl_win_avg.hpp
[0.147s] -- Up-to-date: /home/yanwen/fyp_ws_v3/install/zed_components/include/zed_components//sl_logging.hpp
[0.147s] -- Up-to-date: /home/yanwen/fyp_ws_v3/install/zed_components/include/zed_components//sl_tools.hpp
[0.147s] -- Up-to-date: /home/yanwen/fyp_ws_v3/install/zed_components/include/zed_components/
[0.147s] -- Up-to-date: /home/yanwen/fyp_ws_v3/install/zed_components/include/zed_components//visibility_control.hpp
[0.147s] -- Up-to-date: /home/yanwen/fyp_ws_v3/install/zed_components/share/zed_components/environment/library_path.sh
[0.147s] -- Up-to-date: /home/yanwen/fyp_ws_v3/install/zed_components/share/zed_components/environment/library_path.dsv
[0.147s] -- Up-to-date: /home/yanwen/fyp_ws_v3/install/zed_components/share/ament_index/resource_index/package_run_dependencies/zed_components
[0.147s] -- Up-to-date: /home/yanwen/fyp_ws_v3/install/zed_components/share/ament_index/resource_index/parent_prefix_path/zed_components
[0.147s] -- Up-to-date: /home/yanwen/fyp_ws_v3/install/zed_components/share/zed_components/environment/ament_prefix_path.sh
[0.147s] -- Up-to-date: /home/yanwen/fyp_ws_v3/install/zed_components/share/zed_components/environment/ament_prefix_path.dsv
[0.147s] -- Up-to-date: /home/yanwen/fyp_ws_v3/install/zed_components/share/zed_components/environment/path.sh
[0.147s] -- Up-to-date: /home/yanwen/fyp_ws_v3/install/zed_components/share/zed_components/environment/path.dsv
[0.147s] -- Up-to-date: /home/yanwen/fyp_ws_v3/install/zed_components/share/zed_components/local_setup.bash
[0.147s] -- Up-to-date: /home/yanwen/fyp_ws_v3/install/zed_components/share/zed_components/local_setup.sh
[0.147s] -- Up-to-date: /home/yanwen/fyp_ws_v3/install/zed_components/share/zed_components/local_setup.zsh
[0.147s] -- Up-to-date: /home/yanwen/fyp_ws_v3/install/zed_components/share/zed_components/local_setup.dsv
[0.147s] -- Installing: /home/yanwen/fyp_ws_v3/install/zed_components/share/zed_components/package.dsv
[0.147s] -- Up-to-date: /home/yanwen/fyp_ws_v3/install/zed_components/share/ament_index/resource_index/packages/zed_components
[0.148s] -- Up-to-date: /home/yanwen/fyp_ws_v3/install/zed_components/share/ament_index/resource_index/rclcpp_components/zed_components
[0.148s] -- Up-to-date: /home/yanwen/fyp_ws_v3/install/zed_components/share/zed_components/cmake/ament_cmake_export_include_directories-extras.cmake
[0.148s] -- Up-to-date: /home/yanwen/fyp_ws_v3/install/zed_components/share/zed_components/cmake/ament_cmake_export_libraries-extras.cmake
[0.148s] -- Up-to-date: /home/yanwen/fyp_ws_v3/install/zed_components/share/zed_components/cmake/ament_cmake_export_dependencies-extras.cmake
[0.148s] -- Up-to-date: /home/yanwen/fyp_ws_v3/install/zed_components/share/zed_components/cmake/zed_componentsConfig.cmake
[0.148s] -- Up-to-date: /home/yanwen/fyp_ws_v3/install/zed_components/share/zed_components/cmake/zed_componentsConfig-version.cmake
[0.148s] -- Up-to-date: /home/yanwen/fyp_ws_v3/install/zed_components/share/zed_components/package.xml
[0.151s] Invoked command in '/home/yanwen/fyp_ws_v3/build/zed_components' returned '0': CMAKE_PREFIX_PATH=/home/yanwen/fyp_ws_v3/install/zed_interfaces:/home/yanwen/fyp_ws_v3/install/zed_ros2:/home/yanwen/fyp_ws_v3/install/zed_wrapper:/home/yanwen/fyp_ws_v3/install/zed_components:/home/yanwen/fyp_ws_v3/install/moveit_script:/home/yanwen/fyp_ws_v3/install/gripper_client:/home/yanwen/fyp_ws_v3/install/robotiq_3f_gripper_ros2_interfaces:/home/yanwen/fyp_ws_v3/install/obj_detect_test:/home/yanwen/fyp_ws_v3/install/robotiq_3f_gripper_ros2_control:/home/yanwen/fyp_ws_v3/install/cv_ros2_test:/opt/ros/humble LD_LIBRARY_PATH=/home/yanwen/fyp_ws_v3/install/zed_interfaces/lib:/home/yanwen/fyp_ws_v3/install/zed_components/lib:/home/yanwen/fyp_ws_v3/install/robotiq_3f_gripper_ros2_interfaces/lib:/usr/lib/x86_64-linux-gnu/gazebo-11/plugins:/opt/ros/humble/opt/rviz_ogre_vendor/lib:/opt/ros/humble/lib/x86_64-linux-gnu:/opt/ros/humble/lib /usr/bin/cmake --install /home/yanwen/fyp_ws_v3/build/zed_components
