[0.008s] Invoking command in '/home/yanwen/fyp_ws_v3/build/moveit_script': AMENT_PREFIX_PATH=/home/yanwen/fyp_ws_v3/install/robotiq_3f_gripper_ros2_interfaces:/home/yanwen/fyp_ws_v3/install/cv_ros2_test:${AMENT_PREFIX_PATH} CMAKE_PREFIX_PATH=/home/yanwen/fyp_ws_v3/install/robotiq_3f_gripper_ros2_interfaces:/opt/ros/humble LD_LIBRARY_PATH=/home/yanwen/fyp_ws_v3/install/robotiq_3f_gripper_ros2_interfaces/lib:${LD_LIBRARY_PATH} PYTHONPATH=/home/yanwen/fyp_ws_v3/install/robotiq_3f_gripper_ros2_interfaces/local/lib/python3.10/dist-packages:/home/yanwen/fyp_ws_v3/install/cv_ros2_test/lib/python3.10/site-packages:${PYTHONPATH} /usr/bin/cmake --build /home/yanwen/fyp_ws_v3/build/moveit_script -- -j8 -l8
[0.041s] [35m[1mConsolidate compiler generated dependencies of target moveit_script[0m
[0.060s] [ 50%] [32mBuilding CXX object CMakeFiles/moveit_script.dir/src/moveit_script.cpp.o[0m
[3.187s] [01m[K/home/yanwen/fyp_ws_v3/src/moveit_script/src/moveit_script.cpp:[m[K In member function ‘[01m[Kvoid MinimalSubscriber::topic_callback(const PoseStamped&) const[m[K’:
[3.188s] [01m[K/home/yanwen/fyp_ws_v3/src/moveit_script/src/moveit_script.cpp:37:70:[m[K [01;35m[Kwarning: [m[KNULL used in arithmetic [[01;35m[K]8;;https://gcc.gnu.org/onlinedocs/gcc/Warning-Options.html#index-Wpointer-arith-Wpointer-arith]8;;[m[K]
[3.188s]    37 | f (obj_pose.pose.position.z < 0.5 and obj_pose.pose.position.z != [01;35m[KNULL[m[K)
[3.188s]       |                                                                   [01;35m[K^~~~[m[K
[3.188s] 
[3.234s] [01m[K/home/yanwen/fyp_ws_v3/src/moveit_script/src/moveit_script.cpp:126:12:[m[K [01;35m[Kwarning: [m[Kunused variable ‘[01m[KmoveJ_time[m[K’ [[01;35m[K]8;;https://gcc.gnu.org/onlinedocs/gcc/Warning-Options.html#index-Wunused-variable-Wunused-variable]8;;[m[K]
[3.235s]   126 |       auto [01;35m[KmoveJ_time[m[K = plan_traj.getDuration(); //Get Trajectory Time
[3.235s]       |            [01;35m[K^~~~~~~~~~[m[K
[9.456s] [100%] [32m[1mLinking CXX executable moveit_script[0m
[9.977s] [100%] Built target moveit_script
[9.984s] Invoked command in '/home/yanwen/fyp_ws_v3/build/moveit_script' returned '0': AMENT_PREFIX_PATH=/home/yanwen/fyp_ws_v3/install/robotiq_3f_gripper_ros2_interfaces:/home/yanwen/fyp_ws_v3/install/cv_ros2_test:${AMENT_PREFIX_PATH} CMAKE_PREFIX_PATH=/home/yanwen/fyp_ws_v3/install/robotiq_3f_gripper_ros2_interfaces:/opt/ros/humble LD_LIBRARY_PATH=/home/yanwen/fyp_ws_v3/install/robotiq_3f_gripper_ros2_interfaces/lib:${LD_LIBRARY_PATH} PYTHONPATH=/home/yanwen/fyp_ws_v3/install/robotiq_3f_gripper_ros2_interfaces/local/lib/python3.10/dist-packages:/home/yanwen/fyp_ws_v3/install/cv_ros2_test/lib/python3.10/site-packages:${PYTHONPATH} /usr/bin/cmake --build /home/yanwen/fyp_ws_v3/build/moveit_script -- -j8 -l8
[10.002s] Invoking command in '/home/yanwen/fyp_ws_v3/build/moveit_script': AMENT_PREFIX_PATH=/home/yanwen/fyp_ws_v3/install/robotiq_3f_gripper_ros2_interfaces:/home/yanwen/fyp_ws_v3/install/cv_ros2_test:${AMENT_PREFIX_PATH} CMAKE_PREFIX_PATH=/home/yanwen/fyp_ws_v3/install/robotiq_3f_gripper_ros2_interfaces:/opt/ros/humble LD_LIBRARY_PATH=/home/yanwen/fyp_ws_v3/install/robotiq_3f_gripper_ros2_interfaces/lib:${LD_LIBRARY_PATH} PYTHONPATH=/home/yanwen/fyp_ws_v3/install/robotiq_3f_gripper_ros2_interfaces/local/lib/python3.10/dist-packages:/home/yanwen/fyp_ws_v3/install/cv_ros2_test/lib/python3.10/site-packages:${PYTHONPATH} /usr/bin/cmake --install /home/yanwen/fyp_ws_v3/build/moveit_script
[10.007s] -- Install configuration: ""
[10.007s] -- Installing: /home/yanwen/fyp_ws_v3/install/moveit_script/lib/moveit_script/moveit_script
[10.011s] -- Set runtime path of "/home/yanwen/fyp_ws_v3/install/moveit_script/lib/moveit_script/moveit_script" to ""
[10.011s] -- Up-to-date: /home/yanwen/fyp_ws_v3/install/moveit_script/share/moveit_script/launch
[10.012s] -- Up-to-date: /home/yanwen/fyp_ws_v3/install/moveit_script/share/moveit_script/launch/setup_init.launch.py
[10.012s] -- Up-to-date: /home/yanwen/fyp_ws_v3/install/moveit_script/share/moveit_script/launch/moveit.launch.py
[10.012s] -- Up-to-date: /home/yanwen/fyp_ws_v3/install/moveit_script/share/moveit_script/launch/obj_detection.launch.py
[10.012s] -- Up-to-date: /home/yanwen/fyp_ws_v3/install/moveit_script/share/ament_index/resource_index/package_run_dependencies/moveit_script
[10.012s] -- Up-to-date: /home/yanwen/fyp_ws_v3/install/moveit_script/share/ament_index/resource_index/parent_prefix_path/moveit_script
[10.012s] -- Up-to-date: /home/yanwen/fyp_ws_v3/install/moveit_script/share/moveit_script/environment/ament_prefix_path.sh
[10.012s] -- Up-to-date: /home/yanwen/fyp_ws_v3/install/moveit_script/share/moveit_script/environment/ament_prefix_path.dsv
[10.012s] -- Up-to-date: /home/yanwen/fyp_ws_v3/install/moveit_script/share/moveit_script/environment/path.sh
[10.012s] -- Up-to-date: /home/yanwen/fyp_ws_v3/install/moveit_script/share/moveit_script/environment/path.dsv
[10.012s] -- Up-to-date: /home/yanwen/fyp_ws_v3/install/moveit_script/share/moveit_script/local_setup.bash
[10.012s] -- Up-to-date: /home/yanwen/fyp_ws_v3/install/moveit_script/share/moveit_script/local_setup.sh
[10.012s] -- Up-to-date: /home/yanwen/fyp_ws_v3/install/moveit_script/share/moveit_script/local_setup.zsh
[10.012s] -- Up-to-date: /home/yanwen/fyp_ws_v3/install/moveit_script/share/moveit_script/local_setup.dsv
[10.012s] -- Installing: /home/yanwen/fyp_ws_v3/install/moveit_script/share/moveit_script/package.dsv
[10.012s] -- Up-to-date: /home/yanwen/fyp_ws_v3/install/moveit_script/share/ament_index/resource_index/packages/moveit_script
[10.012s] -- Up-to-date: /home/yanwen/fyp_ws_v3/install/moveit_script/share/moveit_script/cmake/moveit_scriptConfig.cmake
[10.012s] -- Up-to-date: /home/yanwen/fyp_ws_v3/install/moveit_script/share/moveit_script/cmake/moveit_scriptConfig-version.cmake
[10.012s] -- Up-to-date: /home/yanwen/fyp_ws_v3/install/moveit_script/share/moveit_script/package.xml
[10.013s] Invoked command in '/home/yanwen/fyp_ws_v3/build/moveit_script' returned '0': AMENT_PREFIX_PATH=/home/yanwen/fyp_ws_v3/install/robotiq_3f_gripper_ros2_interfaces:/home/yanwen/fyp_ws_v3/install/cv_ros2_test:${AMENT_PREFIX_PATH} CMAKE_PREFIX_PATH=/home/yanwen/fyp_ws_v3/install/robotiq_3f_gripper_ros2_interfaces:/opt/ros/humble LD_LIBRARY_PATH=/home/yanwen/fyp_ws_v3/install/robotiq_3f_gripper_ros2_interfaces/lib:${LD_LIBRARY_PATH} PYTHONPATH=/home/yanwen/fyp_ws_v3/install/robotiq_3f_gripper_ros2_interfaces/local/lib/python3.10/dist-packages:/home/yanwen/fyp_ws_v3/install/cv_ros2_test/lib/python3.10/site-packages:${PYTHONPATH} /usr/bin/cmake --install /home/yanwen/fyp_ws_v3/build/moveit_script
