[0.018s] Invoking command in '/home/yanwen/fyp_ws_v3/build/gripper_client': AMENT_PREFIX_PATH=/home/yanwen/fyp_ws_v3/install/robotiq_3f_gripper_ros2_interfaces:${AMENT_PREFIX_PATH} CMAKE_PREFIX_PATH=/home/yanwen/fyp_ws_v3/install/robotiq_3f_gripper_ros2_interfaces:/opt/ros/humble LD_LIBRARY_PATH=/home/yanwen/fyp_ws_v3/install/robotiq_3f_gripper_ros2_interfaces/lib:${LD_LIBRARY_PATH} PYTHONPATH=/home/yanwen/fyp_ws_v3/install/robotiq_3f_gripper_ros2_interfaces/local/lib/python3.10/dist-packages:${PYTHONPATH} /usr/bin/cmake /home/yanwen/fyp_ws_v3/src/gripper_client -DCMAKE_INSTALL_PREFIX=/home/yanwen/fyp_ws_v3/install/gripper_client
[0.066s] -- The C compiler identification is GNU 11.4.0
[0.110s] -- The CXX compiler identification is GNU 11.4.0
[0.115s] -- Detecting C compiler ABI info
[0.161s] -- Detecting C compiler ABI info - done
[0.168s] -- Check for working C compiler: /usr/bin/cc - skipped
[0.168s] -- Detecting C compile features
[0.168s] -- Detecting C compile features - done
[0.171s] -- Detecting CXX compiler ABI info
[0.227s] -- Detecting CXX compiler ABI info - done
[0.238s] -- Check for working CXX compiler: /usr/bin/c++ - skipped
[0.238s] -- Detecting CXX compile features
[0.241s] -- Detecting CXX compile features - done
[0.241s] -- Found ament_cmake: 1.3.5 (/opt/ros/humble/share/ament_cmake/cmake)
[0.371s] -- Found Python3: /usr/bin/python3.10 (found version "3.10.12") found components: Interpreter 
[0.450s] -- Found rclcpp: 16.0.5 (/opt/ros/humble/share/rclcpp/cmake)
[0.500s] -- Found rosidl_generator_c: 3.1.5 (/opt/ros/humble/share/rosidl_generator_c/cmake)
[0.506s] -- Found rosidl_adapter: 3.1.5 (/opt/ros/humble/share/rosidl_adapter/cmake)
[0.517s] -- Found rosidl_generator_cpp: 3.1.5 (/opt/ros/humble/share/rosidl_generator_cpp/cmake)
[0.535s] -- Using all available rosidl_typesupport_c: rosidl_typesupport_fastrtps_c;rosidl_typesupport_introspection_c
[0.552s] -- Using all available rosidl_typesupport_cpp: rosidl_typesupport_fastrtps_cpp;rosidl_typesupport_introspection_cpp
[0.607s] -- Found rmw_implementation_cmake: 6.1.1 (/opt/ros/humble/share/rmw_implementation_cmake/cmake)
[0.609s] -- Found rmw_fastrtps_cpp: 6.2.3 (/opt/ros/humble/share/rmw_fastrtps_cpp/cmake)
[0.680s] -- Found OpenSSL: /usr/lib/x86_64-linux-gnu/libcrypto.so (found version "3.0.2")  
[0.713s] -- Found FastRTPS: /opt/ros/humble/include  
[0.754s] -- Using RMW implementation 'rmw_fastrtps_cpp' as default
[0.761s] -- Looking for pthread.h
[0.814s] -- Looking for pthread.h - found
[0.814s] -- Performing Test CMAKE_HAVE_LIBC_PTHREAD
[0.866s] -- Performing Test CMAKE_HAVE_LIBC_PTHREAD - Success
[0.867s] -- Found Threads: TRUE  
[0.974s] -- Found robotiq_3f_gripper_ros2_interfaces: 0.0.0 (/home/yanwen/fyp_ws_v3/install/robotiq_3f_gripper_ros2_interfaces/share/robotiq_3f_gripper_ros2_interfaces/cmake)
[1.066s] -- Found ament_lint_auto: 0.12.7 (/opt/ros/humble/share/ament_lint_auto/cmake)
[1.122s] -- Added test 'cppcheck' to perform static code analysis on C / C++ code
[1.123s] -- Configured cppcheck include dirs: 
[1.123s] -- Configured cppcheck exclude dirs and/or files: 
[1.123s] -- Added test 'lint_cmake' to check CMake code style
[1.123s] -- Added test 'uncrustify' to check C / C++ code style
[1.124s] -- Configured uncrustify additional arguments: 
[1.124s] -- Added test 'xmllint' to check XML markup files
[1.125s] -- Configuring done
[1.130s] -- Generating done
[1.132s] -- Build files have been written to: /home/yanwen/fyp_ws_v3/build/gripper_client
[1.138s] Invoked command in '/home/yanwen/fyp_ws_v3/build/gripper_client' returned '0': AMENT_PREFIX_PATH=/home/yanwen/fyp_ws_v3/install/robotiq_3f_gripper_ros2_interfaces:${AMENT_PREFIX_PATH} CMAKE_PREFIX_PATH=/home/yanwen/fyp_ws_v3/install/robotiq_3f_gripper_ros2_interfaces:/opt/ros/humble LD_LIBRARY_PATH=/home/yanwen/fyp_ws_v3/install/robotiq_3f_gripper_ros2_interfaces/lib:${LD_LIBRARY_PATH} PYTHONPATH=/home/yanwen/fyp_ws_v3/install/robotiq_3f_gripper_ros2_interfaces/local/lib/python3.10/dist-packages:${PYTHONPATH} /usr/bin/cmake /home/yanwen/fyp_ws_v3/src/gripper_client -DCMAKE_INSTALL_PREFIX=/home/yanwen/fyp_ws_v3/install/gripper_client
[1.139s] Invoking command in '/home/yanwen/fyp_ws_v3/build/gripper_client': AMENT_PREFIX_PATH=/home/yanwen/fyp_ws_v3/install/robotiq_3f_gripper_ros2_interfaces:${AMENT_PREFIX_PATH} CMAKE_PREFIX_PATH=/home/yanwen/fyp_ws_v3/install/robotiq_3f_gripper_ros2_interfaces:/opt/ros/humble LD_LIBRARY_PATH=/home/yanwen/fyp_ws_v3/install/robotiq_3f_gripper_ros2_interfaces/lib:${LD_LIBRARY_PATH} PYTHONPATH=/home/yanwen/fyp_ws_v3/install/robotiq_3f_gripper_ros2_interfaces/local/lib/python3.10/dist-packages:${PYTHONPATH} /usr/bin/cmake --build /home/yanwen/fyp_ws_v3/build/gripper_client -- -j8 -l8
[1.173s] [ 50%] [32mBuilding CXX object CMakeFiles/client.dir/src/gripper_client.cpp.o[0m
[3.941s] [100%] [32m[1mLinking CXX executable client[0m
[4.056s] [100%] Built target client
[4.065s] Invoked command in '/home/yanwen/fyp_ws_v3/build/gripper_client' returned '0': AMENT_PREFIX_PATH=/home/yanwen/fyp_ws_v3/install/robotiq_3f_gripper_ros2_interfaces:${AMENT_PREFIX_PATH} CMAKE_PREFIX_PATH=/home/yanwen/fyp_ws_v3/install/robotiq_3f_gripper_ros2_interfaces:/opt/ros/humble LD_LIBRARY_PATH=/home/yanwen/fyp_ws_v3/install/robotiq_3f_gripper_ros2_interfaces/lib:${LD_LIBRARY_PATH} PYTHONPATH=/home/yanwen/fyp_ws_v3/install/robotiq_3f_gripper_ros2_interfaces/local/lib/python3.10/dist-packages:${PYTHONPATH} /usr/bin/cmake --build /home/yanwen/fyp_ws_v3/build/gripper_client -- -j8 -l8
[4.082s] Invoking command in '/home/yanwen/fyp_ws_v3/build/gripper_client': AMENT_PREFIX_PATH=/home/yanwen/fyp_ws_v3/install/robotiq_3f_gripper_ros2_interfaces:${AMENT_PREFIX_PATH} CMAKE_PREFIX_PATH=/home/yanwen/fyp_ws_v3/install/robotiq_3f_gripper_ros2_interfaces:/opt/ros/humble LD_LIBRARY_PATH=/home/yanwen/fyp_ws_v3/install/robotiq_3f_gripper_ros2_interfaces/lib:${LD_LIBRARY_PATH} PYTHONPATH=/home/yanwen/fyp_ws_v3/install/robotiq_3f_gripper_ros2_interfaces/local/lib/python3.10/dist-packages:${PYTHONPATH} /usr/bin/cmake --install /home/yanwen/fyp_ws_v3/build/gripper_client
[4.087s] -- Install configuration: ""
[4.088s] -- Installing: /home/yanwen/fyp_ws_v3/install/gripper_client/lib/gripper_client/client
[4.088s] -- Set runtime path of "/home/yanwen/fyp_ws_v3/install/gripper_client/lib/gripper_client/client" to ""
[4.088s] -- Installing: /home/yanwen/fyp_ws_v3/install/gripper_client/share/ament_index/resource_index/package_run_dependencies/gripper_client
[4.088s] -- Installing: /home/yanwen/fyp_ws_v3/install/gripper_client/share/ament_index/resource_index/parent_prefix_path/gripper_client
[4.089s] -- Installing: /home/yanwen/fyp_ws_v3/install/gripper_client/share/gripper_client/environment/ament_prefix_path.sh
[4.089s] -- Installing: /home/yanwen/fyp_ws_v3/install/gripper_client/share/gripper_client/environment/ament_prefix_path.dsv
[4.089s] -- Installing: /home/yanwen/fyp_ws_v3/install/gripper_client/share/gripper_client/environment/path.sh
[4.089s] -- Installing: /home/yanwen/fyp_ws_v3/install/gripper_client/share/gripper_client/environment/path.dsv
[4.089s] -- Installing: /home/yanwen/fyp_ws_v3/install/gripper_client/share/gripper_client/local_setup.bash
[4.089s] -- Installing: /home/yanwen/fyp_ws_v3/install/gripper_client/share/gripper_client/local_setup.sh
[4.089s] -- Installing: /home/yanwen/fyp_ws_v3/install/gripper_client/share/gripper_client/local_setup.zsh
[4.089s] -- Installing: /home/yanwen/fyp_ws_v3/install/gripper_client/share/gripper_client/local_setup.dsv
[4.089s] -- Installing: /home/yanwen/fyp_ws_v3/install/gripper_client/share/gripper_client/package.dsv
[4.089s] -- Installing: /home/yanwen/fyp_ws_v3/install/gripper_client/share/ament_index/resource_index/packages/gripper_client
[4.089s] -- Installing: /home/yanwen/fyp_ws_v3/install/gripper_client/share/gripper_client/cmake/gripper_clientConfig.cmake
[4.089s] -- Installing: /home/yanwen/fyp_ws_v3/install/gripper_client/share/gripper_client/cmake/gripper_clientConfig-version.cmake
[4.089s] -- Installing: /home/yanwen/fyp_ws_v3/install/gripper_client/share/gripper_client/package.xml
[4.092s] Invoked command in '/home/yanwen/fyp_ws_v3/build/gripper_client' returned '0': AMENT_PREFIX_PATH=/home/yanwen/fyp_ws_v3/install/robotiq_3f_gripper_ros2_interfaces:${AMENT_PREFIX_PATH} CMAKE_PREFIX_PATH=/home/yanwen/fyp_ws_v3/install/robotiq_3f_gripper_ros2_interfaces:/opt/ros/humble LD_LIBRARY_PATH=/home/yanwen/fyp_ws_v3/install/robotiq_3f_gripper_ros2_interfaces/lib:${LD_LIBRARY_PATH} PYTHONPATH=/home/yanwen/fyp_ws_v3/install/robotiq_3f_gripper_ros2_interfaces/local/lib/python3.10/dist-packages:${PYTHONPATH} /usr/bin/cmake --install /home/yanwen/fyp_ws_v3/build/gripper_client
