[0.036s] Invoking command in '/home/yanwen/fyp_ws_v3/build/zed_interfaces': CMAKE_PREFIX_PATH=${CMAKE_PREFIX_PATH}:/home/yanwen/fyp_ws_v3/install/robotiq_3f_gripper_ros2_control:/home/yanwen/fyp_ws_v3/install/cv_ros2_test:/opt/ros/humble /usr/bin/cmake --build /home/yanwen/fyp_ws_v3/build/zed_interfaces -- -j8 -l8
[0.578s] [ 12%] Built target zed_interfaces__rosidl_generator_c
[0.578s] [ 12%] Built target zed_interfaces__cpp
[0.578s] [ 12%] Built target ament_cmake_python_copy_zed_interfaces
[0.578s] [ 24%] Built target zed_interfaces__rosidl_typesupport_fastrtps_c
[0.578s] [ 36%] Built target zed_interfaces__rosidl_typesupport_c
[0.578s] [ 48%] Built target zed_interfaces__rosidl_typesupport_introspection_c
[0.578s] [ 60%] Built target zed_interfaces__rosidl_typesupport_introspection_cpp
[0.578s] [ 72%] Built target zed_interfaces__rosidl_typesupport_cpp
[0.578s] [ 84%] Built target zed_interfaces__rosidl_typesupport_fastrtps_cpp
[0.578s] [ 84%] Built target zed_interfaces
[0.578s] [ 85%] Built target zed_interfaces__py
[0.578s] [ 96%] Built target zed_interfaces__rosidl_generator_py
[0.578s] [ 97%] Built target zed_interfaces__rosidl_typesupport_fastrtps_c__pyext
[0.578s] [ 98%] Built target zed_interfaces__rosidl_typesupport_c__pyext
[0.578s] [100%] Built target zed_interfaces__rosidl_typesupport_introspection_c__pyext
[0.735s] running egg_info
[0.736s] writing zed_interfaces.egg-info/PKG-INFO
[0.736s] writing dependency_links to zed_interfaces.egg-info/dependency_links.txt
[0.736s] writing top-level names to zed_interfaces.egg-info/top_level.txt
[0.743s] reading manifest file 'zed_interfaces.egg-info/SOURCES.txt'
[0.744s] writing manifest file 'zed_interfaces.egg-info/SOURCES.txt'
[0.800s] [100%] Built target ament_cmake_python_build_zed_interfaces_egg
[0.832s] Invoked command in '/home/yanwen/fyp_ws_v3/build/zed_interfaces' returned '0': CMAKE_PREFIX_PATH=${CMAKE_PREFIX_PATH}:/home/yanwen/fyp_ws_v3/install/robotiq_3f_gripper_ros2_control:/home/yanwen/fyp_ws_v3/install/cv_ros2_test:/opt/ros/humble /usr/bin/cmake --build /home/yanwen/fyp_ws_v3/build/zed_interfaces -- -j8 -l8
[1.647s] Invoking command in '/home/yanwen/fyp_ws_v3/build/zed_interfaces': CMAKE_PREFIX_PATH=${CMAKE_PREFIX_PATH}:/home/yanwen/fyp_ws_v3/install/robotiq_3f_gripper_ros2_control:/home/yanwen/fyp_ws_v3/install/cv_ros2_test:/opt/ros/humble /usr/bin/cmake --install /home/yanwen/fyp_ws_v3/build/zed_interfaces
[1.657s] -- Install configuration: ""
[1.657s] -- Up-to-date: /home/yanwen/fyp_ws_v3/install/zed_interfaces/share/ament_index/resource_index/rosidl_interfaces/zed_interfaces
[1.658s] -- Up-to-date: /home/yanwen/fyp_ws_v3/install/zed_interfaces/include/zed_interfaces/zed_interfaces
[1.658s] -- Up-to-date: /home/yanwen/fyp_ws_v3/install/zed_interfaces/include/zed_interfaces/zed_interfaces/srv
[1.658s] -- Up-to-date: /home/yanwen/fyp_ws_v3/install/zed_interfaces/include/zed_interfaces/zed_interfaces/srv/set_pose.h
[1.658s] -- Up-to-date: /home/yanwen/fyp_ws_v3/install/zed_interfaces/include/zed_interfaces/zed_interfaces/srv/start_svo_rec.h
[1.658s] -- Up-to-date: /home/yanwen/fyp_ws_v3/install/zed_interfaces/include/zed_interfaces/zed_interfaces/srv/detail
[1.658s] -- Up-to-date: /home/yanwen/fyp_ws_v3/install/zed_interfaces/include/zed_interfaces/zed_interfaces/srv/detail/set_pose__functions.c
[1.658s] -- Up-to-date: /home/yanwen/fyp_ws_v3/install/zed_interfaces/include/zed_interfaces/zed_interfaces/srv/detail/set_pose__type_support.h
[1.658s] -- Up-to-date: /home/yanwen/fyp_ws_v3/install/zed_interfaces/include/zed_interfaces/zed_interfaces/srv/detail/start_svo_rec__type_support.h
[1.658s] -- Up-to-date: /home/yanwen/fyp_ws_v3/install/zed_interfaces/include/zed_interfaces/zed_interfaces/srv/detail/set_pose__struct.h
[1.658s] -- Up-to-date: /home/yanwen/fyp_ws_v3/install/zed_interfaces/include/zed_interfaces/zed_interfaces/srv/detail/set_roi__type_support.h
[1.659s] -- Up-to-date: /home/yanwen/fyp_ws_v3/install/zed_interfaces/include/zed_interfaces/zed_interfaces/srv/detail/set_roi__struct.h
[1.659s] -- Up-to-date: /home/yanwen/fyp_ws_v3/install/zed_interfaces/include/zed_interfaces/zed_interfaces/srv/detail/start_svo_rec__functions.c
[1.659s] -- Up-to-date: /home/yanwen/fyp_ws_v3/install/zed_interfaces/include/zed_interfaces/zed_interfaces/srv/detail/set_roi__functions.h
[1.659s] -- Up-to-date: /home/yanwen/fyp_ws_v3/install/zed_interfaces/include/zed_interfaces/zed_interfaces/srv/detail/start_svo_rec__functions.h
[1.659s] -- Up-to-date: /home/yanwen/fyp_ws_v3/install/zed_interfaces/include/zed_interfaces/zed_interfaces/srv/detail/set_roi__functions.c
[1.659s] -- Up-to-date: /home/yanwen/fyp_ws_v3/install/zed_interfaces/include/zed_interfaces/zed_interfaces/srv/detail/set_pose__functions.h
[1.659s] -- Up-to-date: /home/yanwen/fyp_ws_v3/install/zed_interfaces/include/zed_interfaces/zed_interfaces/srv/detail/start_svo_rec__struct.h
[1.659s] -- Up-to-date: /home/yanwen/fyp_ws_v3/install/zed_interfaces/include/zed_interfaces/zed_interfaces/srv/set_roi.h
[1.659s] -- Up-to-date: /home/yanwen/fyp_ws_v3/install/zed_interfaces/include/zed_interfaces/zed_interfaces/msg
[1.659s] -- Up-to-date: /home/yanwen/fyp_ws_v3/install/zed_interfaces/include/zed_interfaces/zed_interfaces/msg/keypoint2_di.h
[1.659s] -- Up-to-date: /home/yanwen/fyp_ws_v3/install/zed_interfaces/include/zed_interfaces/zed_interfaces/msg/objects_stamped.h
[1.659s] -- Up-to-date: /home/yanwen/fyp_ws_v3/install/zed_interfaces/include/zed_interfaces/zed_interfaces/msg/pos_track_status.h
[1.660s] -- Up-to-date: /home/yanwen/fyp_ws_v3/install/zed_interfaces/include/zed_interfaces/zed_interfaces/msg/depth_info_stamped.h
[1.660s] -- Up-to-date: /home/yanwen/fyp_ws_v3/install/zed_interfaces/include/zed_interfaces/zed_interfaces/msg/skeleton3_d.h
[1.660s] -- Up-to-date: /home/yanwen/fyp_ws_v3/install/zed_interfaces/include/zed_interfaces/zed_interfaces/msg/detail
[1.660s] -- Up-to-date: /home/yanwen/fyp_ws_v3/install/zed_interfaces/include/zed_interfaces/zed_interfaces/msg/detail/depth_info_stamped__type_support.h
[1.660s] -- Up-to-date: /home/yanwen/fyp_ws_v3/install/zed_interfaces/include/zed_interfaces/zed_interfaces/msg/detail/keypoint3_d__struct.h
[1.660s] -- Up-to-date: /home/yanwen/fyp_ws_v3/install/zed_interfaces/include/zed_interfaces/zed_interfaces/msg/detail/bounding_box2_df__functions.c
[1.660s] -- Up-to-date: /home/yanwen/fyp_ws_v3/install/zed_interfaces/include/zed_interfaces/zed_interfaces/msg/detail/depth_info_stamped__struct.h
[1.660s] -- Up-to-date: /home/yanwen/fyp_ws_v3/install/zed_interfaces/include/zed_interfaces/zed_interfaces/msg/detail/plane_stamped__functions.h
[1.660s] -- Up-to-date: /home/yanwen/fyp_ws_v3/install/zed_interfaces/include/zed_interfaces/zed_interfaces/msg/detail/skeleton2_d__functions.h
[1.661s] -- Up-to-date: /home/yanwen/fyp_ws_v3/install/zed_interfaces/include/zed_interfaces/zed_interfaces/msg/detail/keypoint2_di__struct.h
[1.661s] -- Up-to-date: /home/yanwen/fyp_ws_v3/install/zed_interfaces/include/zed_interfaces/zed_interfaces/msg/detail/keypoint3_d__functions.h
[1.661s] -- Up-to-date: /home/yanwen/fyp_ws_v3/install/zed_interfaces/include/zed_interfaces/zed_interfaces/msg/detail/skeleton2_d__functions.c
[1.661s] -- Up-to-date: /home/yanwen/fyp_ws_v3/install/zed_interfaces/include/zed_interfaces/zed_interfaces/msg/detail/object__functions.c
[1.661s] -- Up-to-date: /home/yanwen/fyp_ws_v3/install/zed_interfaces/include/zed_interfaces/zed_interfaces/msg/detail/skeleton3_d__functions.c
[1.661s] -- Up-to-date: /home/yanwen/fyp_ws_v3/install/zed_interfaces/include/zed_interfaces/zed_interfaces/msg/detail/keypoint2_di__functions.h
[1.661s] -- Up-to-date: /home/yanwen/fyp_ws_v3/install/zed_interfaces/include/zed_interfaces/zed_interfaces/msg/detail/pos_track_status__functions.h
[1.661s] -- Up-to-date: /home/yanwen/fyp_ws_v3/install/zed_interfaces/include/zed_interfaces/zed_interfaces/msg/detail/heartbeat__type_support.h
[1.661s] -- Up-to-date: /home/yanwen/fyp_ws_v3/install/zed_interfaces/include/zed_interfaces/zed_interfaces/msg/detail/keypoint2_di__functions.c
[1.662s] -- Up-to-date: /home/yanwen/fyp_ws_v3/install/zed_interfaces/include/zed_interfaces/zed_interfaces/msg/detail/objects_stamped__functions.c
[1.663s] -- Up-to-date: /home/yanwen/fyp_ws_v3/install/zed_interfaces/include/zed_interfaces/zed_interfaces/msg/detail/keypoint2_df__struct.h
[1.663s] -- Up-to-date: /home/yanwen/fyp_ws_v3/install/zed_interfaces/include/zed_interfaces/zed_interfaces/msg/detail/depth_info_stamped__functions.c
[1.663s] -- Up-to-date: /home/yanwen/fyp_ws_v3/install/zed_interfaces/include/zed_interfaces/zed_interfaces/msg/detail/pos_track_status__struct.h
[1.663s] -- Up-to-date: /home/yanwen/fyp_ws_v3/install/zed_interfaces/include/zed_interfaces/zed_interfaces/msg/detail/object__functions.h
[1.663s] -- Up-to-date: /home/yanwen/fyp_ws_v3/install/zed_interfaces/include/zed_interfaces/zed_interfaces/msg/detail/keypoint2_df__type_support.h
[1.663s] -- Up-to-date: /home/yanwen/fyp_ws_v3/install/zed_interfaces/include/zed_interfaces/zed_interfaces/msg/detail/objects_stamped__struct.h
[1.663s] -- Up-to-date: /home/yanwen/fyp_ws_v3/install/zed_interfaces/include/zed_interfaces/zed_interfaces/msg/detail/heartbeat__functions.c
[1.663s] -- Up-to-date: /home/yanwen/fyp_ws_v3/install/zed_interfaces/include/zed_interfaces/zed_interfaces/msg/detail/bounding_box2_di__functions.h
[1.663s] -- Up-to-date: /home/yanwen/fyp_ws_v3/install/zed_interfaces/include/zed_interfaces/zed_interfaces/msg/detail/pos_track_status__functions.c
[1.663s] -- Up-to-date: /home/yanwen/fyp_ws_v3/install/zed_interfaces/include/zed_interfaces/zed_interfaces/msg/detail/bounding_box3_d__struct.h
[1.663s] -- Up-to-date: /home/yanwen/fyp_ws_v3/install/zed_interfaces/include/zed_interfaces/zed_interfaces/msg/detail/bounding_box2_di__struct.h
[1.664s] -- Up-to-date: /home/yanwen/fyp_ws_v3/install/zed_interfaces/include/zed_interfaces/zed_interfaces/msg/detail/depth_info_stamped__functions.h
[1.664s] -- Up-to-date: /home/yanwen/fyp_ws_v3/install/zed_interfaces/include/zed_interfaces/zed_interfaces/msg/detail/object__type_support.h
[1.664s] -- Up-to-date: /home/yanwen/fyp_ws_v3/install/zed_interfaces/include/zed_interfaces/zed_interfaces/msg/detail/objects_stamped__type_support.h
[1.664s] -- Up-to-date: /home/yanwen/fyp_ws_v3/install/zed_interfaces/include/zed_interfaces/zed_interfaces/msg/detail/bounding_box3_d__functions.c
[1.664s] -- Up-to-date: /home/yanwen/fyp_ws_v3/install/zed_interfaces/include/zed_interfaces/zed_interfaces/msg/detail/objects_stamped__functions.h
[1.664s] -- Up-to-date: /home/yanwen/fyp_ws_v3/install/zed_interfaces/include/zed_interfaces/zed_interfaces/msg/detail/skeleton3_d__functions.h
[1.664s] -- Up-to-date: /home/yanwen/fyp_ws_v3/install/zed_interfaces/include/zed_interfaces/zed_interfaces/msg/detail/bounding_box2_df__functions.h
[1.664s] -- Up-to-date: /home/yanwen/fyp_ws_v3/install/zed_interfaces/include/zed_interfaces/zed_interfaces/msg/detail/bounding_box2_di__functions.c
[1.664s] -- Up-to-date: /home/yanwen/fyp_ws_v3/install/zed_interfaces/include/zed_interfaces/zed_interfaces/msg/detail/keypoint2_di__type_support.h
[1.665s] -- Up-to-date: /home/yanwen/fyp_ws_v3/install/zed_interfaces/include/zed_interfaces/zed_interfaces/msg/detail/keypoint2_df__functions.c
[1.665s] -- Up-to-date: /home/yanwen/fyp_ws_v3/install/zed_interfaces/include/zed_interfaces/zed_interfaces/msg/detail/pos_track_status__type_support.h
[1.665s] -- Up-to-date: /home/yanwen/fyp_ws_v3/install/zed_interfaces/include/zed_interfaces/zed_interfaces/msg/detail/keypoint3_d__functions.c
[1.665s] -- Up-to-date: /home/yanwen/fyp_ws_v3/install/zed_interfaces/include/zed_interfaces/zed_interfaces/msg/detail/skeleton3_d__struct.h
[1.665s] -- Up-to-date: /home/yanwen/fyp_ws_v3/install/zed_interfaces/include/zed_interfaces/zed_interfaces/msg/detail/plane_stamped__type_support.h
[1.665s] -- Up-to-date: /home/yanwen/fyp_ws_v3/install/zed_interfaces/include/zed_interfaces/zed_interfaces/msg/detail/skeleton2_d__struct.h
[1.665s] -- Up-to-date: /home/yanwen/fyp_ws_v3/install/zed_interfaces/include/zed_interfaces/zed_interfaces/msg/detail/bounding_box3_d__type_support.h
[1.665s] -- Up-to-date: /home/yanwen/fyp_ws_v3/install/zed_interfaces/include/zed_interfaces/zed_interfaces/msg/detail/skeleton2_d__type_support.h
[1.665s] -- Up-to-date: /home/yanwen/fyp_ws_v3/install/zed_interfaces/include/zed_interfaces/zed_interfaces/msg/detail/plane_stamped__functions.c
[1.665s] -- Up-to-date: /home/yanwen/fyp_ws_v3/install/zed_interfaces/include/zed_interfaces/zed_interfaces/msg/detail/heartbeat__functions.h
[1.665s] -- Up-to-date: /home/yanwen/fyp_ws_v3/install/zed_interfaces/include/zed_interfaces/zed_interfaces/msg/detail/keypoint3_d__type_support.h
[1.666s] -- Up-to-date: /home/yanwen/fyp_ws_v3/install/zed_interfaces/include/zed_interfaces/zed_interfaces/msg/detail/bounding_box2_di__type_support.h
[1.666s] -- Up-to-date: /home/yanwen/fyp_ws_v3/install/zed_interfaces/include/zed_interfaces/zed_interfaces/msg/detail/heartbeat__struct.h
[1.666s] -- Up-to-date: /home/yanwen/fyp_ws_v3/install/zed_interfaces/include/zed_interfaces/zed_interfaces/msg/detail/bounding_box3_d__functions.h
[1.666s] -- Up-to-date: /home/yanwen/fyp_ws_v3/install/zed_interfaces/include/zed_interfaces/zed_interfaces/msg/detail/bounding_box2_df__type_support.h
[1.666s] -- Up-to-date: /home/yanwen/fyp_ws_v3/install/zed_interfaces/include/zed_interfaces/zed_interfaces/msg/detail/keypoint2_df__functions.h
[1.666s] -- Up-to-date: /home/yanwen/fyp_ws_v3/install/zed_interfaces/include/zed_interfaces/zed_interfaces/msg/detail/plane_stamped__struct.h
[1.666s] -- Up-to-date: /home/yanwen/fyp_ws_v3/install/zed_interfaces/include/zed_interfaces/zed_interfaces/msg/detail/skeleton3_d__type_support.h
[1.667s] -- Up-to-date: /home/yanwen/fyp_ws_v3/install/zed_interfaces/include/zed_interfaces/zed_interfaces/msg/detail/object__struct.h
[1.667s] -- Up-to-date: /home/yanwen/fyp_ws_v3/install/zed_interfaces/include/zed_interfaces/zed_interfaces/msg/detail/bounding_box2_df__struct.h
[1.667s] -- Up-to-date: /home/yanwen/fyp_ws_v3/install/zed_interfaces/include/zed_interfaces/zed_interfaces/msg/bounding_box3_d.h
[1.667s] -- Up-to-date: /home/yanwen/fyp_ws_v3/install/zed_interfaces/include/zed_interfaces/zed_interfaces/msg/rosidl_generator_c__visibility_control.h
[1.667s] -- Up-to-date: /home/yanwen/fyp_ws_v3/install/zed_interfaces/include/zed_interfaces/zed_interfaces/msg/object.h
[1.667s] -- Up-to-date: /home/yanwen/fyp_ws_v3/install/zed_interfaces/include/zed_interfaces/zed_interfaces/msg/bounding_box2_df.h
[1.667s] -- Up-to-date: /home/yanwen/fyp_ws_v3/install/zed_interfaces/include/zed_interfaces/zed_interfaces/msg/keypoint3_d.h
[1.667s] -- Up-to-date: /home/yanwen/fyp_ws_v3/install/zed_interfaces/include/zed_interfaces/zed_interfaces/msg/plane_stamped.h
[1.667s] -- Up-to-date: /home/yanwen/fyp_ws_v3/install/zed_interfaces/include/zed_interfaces/zed_interfaces/msg/heartbeat.h
[1.667s] -- Up-to-date: /home/yanwen/fyp_ws_v3/install/zed_interfaces/include/zed_interfaces/zed_interfaces/msg/keypoint2_df.h
[1.667s] -- Up-to-date: /home/yanwen/fyp_ws_v3/install/zed_interfaces/include/zed_interfaces/zed_interfaces/msg/skeleton2_d.h
[1.667s] -- Up-to-date: /home/yanwen/fyp_ws_v3/install/zed_interfaces/include/zed_interfaces/zed_interfaces/msg/bounding_box2_di.h
[1.668s] -- Up-to-date: /home/yanwen/fyp_ws_v3/install/zed_interfaces/share/zed_interfaces/environment/library_path.sh
[1.668s] -- Up-to-date: /home/yanwen/fyp_ws_v3/install/zed_interfaces/share/zed_interfaces/environment/library_path.dsv
[1.668s] -- Up-to-date: /home/yanwen/fyp_ws_v3/install/zed_interfaces/lib/libzed_interfaces__rosidl_generator_c.so
[1.668s] -- Up-to-date: /home/yanwen/fyp_ws_v3/install/zed_interfaces/include/zed_interfaces/zed_interfaces
[1.668s] -- Up-to-date: /home/yanwen/fyp_ws_v3/install/zed_interfaces/include/zed_interfaces/zed_interfaces/srv
[1.668s] -- Up-to-date: /home/yanwen/fyp_ws_v3/install/zed_interfaces/include/zed_interfaces/zed_interfaces/srv/detail
[1.668s] -- Up-to-date: /home/yanwen/fyp_ws_v3/install/zed_interfaces/include/zed_interfaces/zed_interfaces/srv/detail/set_pose__rosidl_typesupport_fastrtps_c.h
[1.668s] -- Up-to-date: /home/yanwen/fyp_ws_v3/install/zed_interfaces/include/zed_interfaces/zed_interfaces/srv/detail/set_roi__rosidl_typesupport_fastrtps_c.h
[1.668s] -- Up-to-date: /home/yanwen/fyp_ws_v3/install/zed_interfaces/include/zed_interfaces/zed_interfaces/srv/detail/start_svo_rec__rosidl_typesupport_fastrtps_c.h
[1.668s] -- Up-to-date: /home/yanwen/fyp_ws_v3/install/zed_interfaces/include/zed_interfaces/zed_interfaces/msg
[1.668s] -- Up-to-date: /home/yanwen/fyp_ws_v3/install/zed_interfaces/include/zed_interfaces/zed_interfaces/msg/detail
[1.668s] -- Up-to-date: /home/yanwen/fyp_ws_v3/install/zed_interfaces/include/zed_interfaces/zed_interfaces/msg/detail/pos_track_status__rosidl_typesupport_fastrtps_c.h
[1.668s] -- Up-to-date: /home/yanwen/fyp_ws_v3/install/zed_interfaces/include/zed_interfaces/zed_interfaces/msg/detail/keypoint3_d__rosidl_typesupport_fastrtps_c.h
[1.668s] -- Up-to-date: /home/yanwen/fyp_ws_v3/install/zed_interfaces/include/zed_interfaces/zed_interfaces/msg/detail/keypoint2_df__rosidl_typesupport_fastrtps_c.h
[1.668s] -- Up-to-date: /home/yanwen/fyp_ws_v3/install/zed_interfaces/include/zed_interfaces/zed_interfaces/msg/detail/skeleton2_d__rosidl_typesupport_fastrtps_c.h
[1.668s] -- Up-to-date: /home/yanwen/fyp_ws_v3/install/zed_interfaces/include/zed_interfaces/zed_interfaces/msg/detail/keypoint2_di__rosidl_typesupport_fastrtps_c.h
[1.668s] -- Up-to-date: /home/yanwen/fyp_ws_v3/install/zed_interfaces/include/zed_interfaces/zed_interfaces/msg/detail/skeleton3_d__rosidl_typesupport_fastrtps_c.h
[1.668s] -- Up-to-date: /home/yanwen/fyp_ws_v3/install/zed_interfaces/include/zed_interfaces/zed_interfaces/msg/detail/bounding_box2_di__rosidl_typesupport_fastrtps_c.h
[1.669s] -- Up-to-date: /home/yanwen/fyp_ws_v3/install/zed_interfaces/include/zed_interfaces/zed_interfaces/msg/detail/object__rosidl_typesupport_fastrtps_c.h
[1.669s] -- Up-to-date: /home/yanwen/fyp_ws_v3/install/zed_interfaces/include/zed_interfaces/zed_interfaces/msg/detail/objects_stamped__rosidl_typesupport_fastrtps_c.h
[1.669s] -- Up-to-date: /home/yanwen/fyp_ws_v3/install/zed_interfaces/include/zed_interfaces/zed_interfaces/msg/detail/bounding_box3_d__rosidl_typesupport_fastrtps_c.h
[1.669s] -- Up-to-date: /home/yanwen/fyp_ws_v3/install/zed_interfaces/include/zed_interfaces/zed_interfaces/msg/detail/heartbeat__rosidl_typesupport_fastrtps_c.h
[1.669s] -- Up-to-date: /home/yanwen/fyp_ws_v3/install/zed_interfaces/include/zed_interfaces/zed_interfaces/msg/detail/depth_info_stamped__rosidl_typesupport_fastrtps_c.h
[1.669s] -- Up-to-date: /home/yanwen/fyp_ws_v3/install/zed_interfaces/include/zed_interfaces/zed_interfaces/msg/detail/plane_stamped__rosidl_typesupport_fastrtps_c.h
[1.669s] -- Up-to-date: /home/yanwen/fyp_ws_v3/install/zed_interfaces/include/zed_interfaces/zed_interfaces/msg/detail/bounding_box2_df__rosidl_typesupport_fastrtps_c.h
[1.669s] -- Up-to-date: /home/yanwen/fyp_ws_v3/install/zed_interfaces/include/zed_interfaces/zed_interfaces/msg/rosidl_typesupport_fastrtps_c__visibility_control.h
[1.669s] -- Up-to-date: /home/yanwen/fyp_ws_v3/install/zed_interfaces/lib/libzed_interfaces__rosidl_typesupport_fastrtps_c.so
[1.669s] -- Up-to-date: /home/yanwen/fyp_ws_v3/install/zed_interfaces/include/zed_interfaces/zed_interfaces
[1.669s] -- Up-to-date: /home/yanwen/fyp_ws_v3/install/zed_interfaces/include/zed_interfaces/zed_interfaces/srv
[1.669s] -- Up-to-date: /home/yanwen/fyp_ws_v3/install/zed_interfaces/include/zed_interfaces/zed_interfaces/srv/detail
[1.669s] -- Up-to-date: /home/yanwen/fyp_ws_v3/install/zed_interfaces/include/zed_interfaces/zed_interfaces/srv/detail/start_svo_rec__traits.hpp
[1.669s] -- Up-to-date: /home/yanwen/fyp_ws_v3/install/zed_interfaces/include/zed_interfaces/zed_interfaces/srv/detail/set_roi__struct.hpp
[1.669s] -- Up-to-date: /home/yanwen/fyp_ws_v3/install/zed_interfaces/include/zed_interfaces/zed_interfaces/srv/detail/set_pose__builder.hpp
[1.669s] -- Up-to-date: /home/yanwen/fyp_ws_v3/install/zed_interfaces/include/zed_interfaces/zed_interfaces/srv/detail/set_pose__traits.hpp
[1.669s] -- Up-to-date: /home/yanwen/fyp_ws_v3/install/zed_interfaces/include/zed_interfaces/zed_interfaces/srv/detail/set_roi__traits.hpp
[1.669s] -- Up-to-date: /home/yanwen/fyp_ws_v3/install/zed_interfaces/include/zed_interfaces/zed_interfaces/srv/detail/set_roi__builder.hpp
[1.669s] -- Up-to-date: /home/yanwen/fyp_ws_v3/install/zed_interfaces/include/zed_interfaces/zed_interfaces/srv/detail/start_svo_rec__builder.hpp
[1.669s] -- Up-to-date: /home/yanwen/fyp_ws_v3/install/zed_interfaces/include/zed_interfaces/zed_interfaces/srv/detail/start_svo_rec__struct.hpp
[1.669s] -- Up-to-date: /home/yanwen/fyp_ws_v3/install/zed_interfaces/include/zed_interfaces/zed_interfaces/srv/detail/set_pose__struct.hpp
[1.669s] -- Up-to-date: /home/yanwen/fyp_ws_v3/install/zed_interfaces/include/zed_interfaces/zed_interfaces/srv/start_svo_rec.hpp
[1.669s] -- Up-to-date: /home/yanwen/fyp_ws_v3/install/zed_interfaces/include/zed_interfaces/zed_interfaces/srv/set_roi.hpp
[1.670s] -- Up-to-date: /home/yanwen/fyp_ws_v3/install/zed_interfaces/include/zed_interfaces/zed_interfaces/srv/set_pose.hpp
[1.670s] -- Up-to-date: /home/yanwen/fyp_ws_v3/install/zed_interfaces/include/zed_interfaces/zed_interfaces/msg
[1.670s] -- Up-to-date: /home/yanwen/fyp_ws_v3/install/zed_interfaces/include/zed_interfaces/zed_interfaces/msg/skeleton3_d.hpp
[1.670s] -- Up-to-date: /home/yanwen/fyp_ws_v3/install/zed_interfaces/include/zed_interfaces/zed_interfaces/msg/keypoint3_d.hpp
[1.670s] -- Up-to-date: /home/yanwen/fyp_ws_v3/install/zed_interfaces/include/zed_interfaces/zed_interfaces/msg/plane_stamped.hpp
[1.670s] -- Up-to-date: /home/yanwen/fyp_ws_v3/install/zed_interfaces/include/zed_interfaces/zed_interfaces/msg/bounding_box3_d.hpp
[1.670s] -- Up-to-date: /home/yanwen/fyp_ws_v3/install/zed_interfaces/include/zed_interfaces/zed_interfaces/msg/keypoint2_df.hpp
[1.670s] -- Up-to-date: /home/yanwen/fyp_ws_v3/install/zed_interfaces/include/zed_interfaces/zed_interfaces/msg/objects_stamped.hpp
[1.670s] -- Up-to-date: /home/yanwen/fyp_ws_v3/install/zed_interfaces/include/zed_interfaces/zed_interfaces/msg/bounding_box2_df.hpp
[1.670s] -- Up-to-date: /home/yanwen/fyp_ws_v3/install/zed_interfaces/include/zed_interfaces/zed_interfaces/msg/detail
[1.670s] -- Up-to-date: /home/yanwen/fyp_ws_v3/install/zed_interfaces/include/zed_interfaces/zed_interfaces/msg/detail/keypoint3_d__traits.hpp
[1.670s] -- Up-to-date: /home/yanwen/fyp_ws_v3/install/zed_interfaces/include/zed_interfaces/zed_interfaces/msg/detail/pos_track_status__builder.hpp
[1.670s] -- Up-to-date: /home/yanwen/fyp_ws_v3/install/zed_interfaces/include/zed_interfaces/zed_interfaces/msg/detail/objects_stamped__struct.hpp
[1.670s] -- Up-to-date: /home/yanwen/fyp_ws_v3/install/zed_interfaces/include/zed_interfaces/zed_interfaces/msg/detail/bounding_box3_d__struct.hpp
[1.671s] -- Up-to-date: /home/yanwen/fyp_ws_v3/install/zed_interfaces/include/zed_interfaces/zed_interfaces/msg/detail/bounding_box2_df__traits.hpp
[1.671s] -- Up-to-date: /home/yanwen/fyp_ws_v3/install/zed_interfaces/include/zed_interfaces/zed_interfaces/msg/detail/object__struct.hpp
[1.671s] -- Up-to-date: /home/yanwen/fyp_ws_v3/install/zed_interfaces/include/zed_interfaces/zed_interfaces/msg/detail/plane_stamped__struct.hpp
[1.671s] -- Up-to-date: /home/yanwen/fyp_ws_v3/install/zed_interfaces/include/zed_interfaces/zed_interfaces/msg/detail/depth_info_stamped__struct.hpp
[1.671s] -- Up-to-date: /home/yanwen/fyp_ws_v3/install/zed_interfaces/include/zed_interfaces/zed_interfaces/msg/detail/heartbeat__traits.hpp
[1.671s] -- Up-to-date: /home/yanwen/fyp_ws_v3/install/zed_interfaces/include/zed_interfaces/zed_interfaces/msg/detail/skeleton2_d__struct.hpp
[1.671s] -- Up-to-date: /home/yanwen/fyp_ws_v3/install/zed_interfaces/include/zed_interfaces/zed_interfaces/msg/detail/heartbeat__struct.hpp
[1.671s] -- Up-to-date: /home/yanwen/fyp_ws_v3/install/zed_interfaces/include/zed_interfaces/zed_interfaces/msg/detail/keypoint3_d__builder.hpp
[1.671s] -- Up-to-date: /home/yanwen/fyp_ws_v3/install/zed_interfaces/include/zed_interfaces/zed_interfaces/msg/detail/keypoint2_di__traits.hpp
[1.671s] -- Up-to-date: /home/yanwen/fyp_ws_v3/install/zed_interfaces/include/zed_interfaces/zed_interfaces/msg/detail/heartbeat__builder.hpp
[1.671s] -- Up-to-date: /home/yanwen/fyp_ws_v3/install/zed_interfaces/include/zed_interfaces/zed_interfaces/msg/detail/keypoint2_df__traits.hpp
[1.671s] -- Up-to-date: /home/yanwen/fyp_ws_v3/install/zed_interfaces/include/zed_interfaces/zed_interfaces/msg/detail/objects_stamped__traits.hpp
[1.671s] -- Up-to-date: /home/yanwen/fyp_ws_v3/install/zed_interfaces/include/zed_interfaces/zed_interfaces/msg/detail/keypoint3_d__struct.hpp
[1.672s] -- Up-to-date: /home/yanwen/fyp_ws_v3/install/zed_interfaces/include/zed_interfaces/zed_interfaces/msg/detail/skeleton3_d__traits.hpp
[1.672s] -- Up-to-date: /home/yanwen/fyp_ws_v3/install/zed_interfaces/include/zed_interfaces/zed_interfaces/msg/detail/bounding_box2_df__builder.hpp
[1.672s] -- Up-to-date: /home/yanwen/fyp_ws_v3/install/zed_interfaces/include/zed_interfaces/zed_interfaces/msg/detail/bounding_box2_df__struct.hpp
[1.672s] -- Up-to-date: /home/yanwen/fyp_ws_v3/install/zed_interfaces/include/zed_interfaces/zed_interfaces/msg/detail/bounding_box2_di__traits.hpp
[1.672s] -- Up-to-date: /home/yanwen/fyp_ws_v3/install/zed_interfaces/include/zed_interfaces/zed_interfaces/msg/detail/plane_stamped__builder.hpp
[1.672s] -- Up-to-date: /home/yanwen/fyp_ws_v3/install/zed_interfaces/include/zed_interfaces/zed_interfaces/msg/detail/keypoint2_df__builder.hpp
[1.672s] -- Up-to-date: /home/yanwen/fyp_ws_v3/install/zed_interfaces/include/zed_interfaces/zed_interfaces/msg/detail/object__builder.hpp
[1.672s] -- Up-to-date: /home/yanwen/fyp_ws_v3/install/zed_interfaces/include/zed_interfaces/zed_interfaces/msg/detail/depth_info_stamped__builder.hpp
[1.672s] -- Up-to-date: /home/yanwen/fyp_ws_v3/install/zed_interfaces/include/zed_interfaces/zed_interfaces/msg/detail/keypoint2_df__struct.hpp
[1.672s] -- Up-to-date: /home/yanwen/fyp_ws_v3/install/zed_interfaces/include/zed_interfaces/zed_interfaces/msg/detail/bounding_box3_d__builder.hpp
[1.672s] -- Up-to-date: /home/yanwen/fyp_ws_v3/install/zed_interfaces/include/zed_interfaces/zed_interfaces/msg/detail/depth_info_stamped__traits.hpp
[1.672s] -- Up-to-date: /home/yanwen/fyp_ws_v3/install/zed_interfaces/include/zed_interfaces/zed_interfaces/msg/detail/skeleton2_d__traits.hpp
[1.672s] -- Up-to-date: /home/yanwen/fyp_ws_v3/install/zed_interfaces/include/zed_interfaces/zed_interfaces/msg/detail/object__traits.hpp
[1.672s] -- Up-to-date: /home/yanwen/fyp_ws_v3/install/zed_interfaces/include/zed_interfaces/zed_interfaces/msg/detail/objects_stamped__builder.hpp
[1.672s] -- Up-to-date: /home/yanwen/fyp_ws_v3/install/zed_interfaces/include/zed_interfaces/zed_interfaces/msg/detail/skeleton2_d__builder.hpp
[1.672s] -- Up-to-date: /home/yanwen/fyp_ws_v3/install/zed_interfaces/include/zed_interfaces/zed_interfaces/msg/detail/plane_stamped__traits.hpp
[1.672s] -- Up-to-date: /home/yanwen/fyp_ws_v3/install/zed_interfaces/include/zed_interfaces/zed_interfaces/msg/detail/bounding_box2_di__struct.hpp
[1.672s] -- Up-to-date: /home/yanwen/fyp_ws_v3/install/zed_interfaces/include/zed_interfaces/zed_interfaces/msg/detail/bounding_box3_d__traits.hpp
[1.673s] -- Up-to-date: /home/yanwen/fyp_ws_v3/install/zed_interfaces/include/zed_interfaces/zed_interfaces/msg/detail/pos_track_status__traits.hpp
[1.673s] -- Up-to-date: /home/yanwen/fyp_ws_v3/install/zed_interfaces/include/zed_interfaces/zed_interfaces/msg/detail/skeleton3_d__builder.hpp
[1.673s] -- Up-to-date: /home/yanwen/fyp_ws_v3/install/zed_interfaces/include/zed_interfaces/zed_interfaces/msg/detail/pos_track_status__struct.hpp
[1.673s] -- Up-to-date: /home/yanwen/fyp_ws_v3/install/zed_interfaces/include/zed_interfaces/zed_interfaces/msg/detail/keypoint2_di__builder.hpp
[1.673s] -- Up-to-date: /home/yanwen/fyp_ws_v3/install/zed_interfaces/include/zed_interfaces/zed_interfaces/msg/detail/keypoint2_di__struct.hpp
[1.673s] -- Up-to-date: /home/yanwen/fyp_ws_v3/install/zed_interfaces/include/zed_interfaces/zed_interfaces/msg/detail/bounding_box2_di__builder.hpp
[1.673s] -- Up-to-date: /home/yanwen/fyp_ws_v3/install/zed_interfaces/include/zed_interfaces/zed_interfaces/msg/detail/skeleton3_d__struct.hpp
[1.673s] -- Up-to-date: /home/yanwen/fyp_ws_v3/install/zed_interfaces/include/zed_interfaces/zed_interfaces/msg/object.hpp
[1.673s] -- Up-to-date: /home/yanwen/fyp_ws_v3/install/zed_interfaces/include/zed_interfaces/zed_interfaces/msg/skeleton2_d.hpp
[1.673s] -- Up-to-date: /home/yanwen/fyp_ws_v3/install/zed_interfaces/include/zed_interfaces/zed_interfaces/msg/keypoint2_di.hpp
[1.673s] -- Up-to-date: /home/yanwen/fyp_ws_v3/install/zed_interfaces/include/zed_interfaces/zed_interfaces/msg/pos_track_status.hpp
[1.673s] -- Up-to-date: /home/yanwen/fyp_ws_v3/install/zed_interfaces/include/zed_interfaces/zed_interfaces/msg/bounding_box2_di.hpp
[1.673s] -- Up-to-date: /home/yanwen/fyp_ws_v3/install/zed_interfaces/include/zed_interfaces/zed_interfaces/msg/heartbeat.hpp
[1.674s] -- Up-to-date: /home/yanwen/fyp_ws_v3/install/zed_interfaces/include/zed_interfaces/zed_interfaces/msg/depth_info_stamped.hpp
[1.674s] -- Up-to-date: /home/yanwen/fyp_ws_v3/install/zed_interfaces/include/zed_interfaces/zed_interfaces
[1.674s] -- Up-to-date: /home/yanwen/fyp_ws_v3/install/zed_interfaces/include/zed_interfaces/zed_interfaces/srv
[1.674s] -- Up-to-date: /home/yanwen/fyp_ws_v3/install/zed_interfaces/include/zed_interfaces/zed_interfaces/srv/detail
[1.674s] -- Up-to-date: /home/yanwen/fyp_ws_v3/install/zed_interfaces/include/zed_interfaces/zed_interfaces/srv/detail/set_roi__rosidl_typesupport_fastrtps_cpp.hpp
[1.674s] -- Up-to-date: /home/yanwen/fyp_ws_v3/install/zed_interfaces/include/zed_interfaces/zed_interfaces/srv/detail/start_svo_rec__rosidl_typesupport_fastrtps_cpp.hpp
[1.674s] -- Up-to-date: /home/yanwen/fyp_ws_v3/install/zed_interfaces/include/zed_interfaces/zed_interfaces/srv/detail/dds_fastrtps
[1.674s] -- Up-to-date: /home/yanwen/fyp_ws_v3/install/zed_interfaces/include/zed_interfaces/zed_interfaces/srv/detail/set_pose__rosidl_typesupport_fastrtps_cpp.hpp
[1.675s] -- Up-to-date: /home/yanwen/fyp_ws_v3/install/zed_interfaces/include/zed_interfaces/zed_interfaces/msg
[1.675s] -- Up-to-date: /home/yanwen/fyp_ws_v3/install/zed_interfaces/include/zed_interfaces/zed_interfaces/msg/rosidl_typesupport_fastrtps_cpp__visibility_control.h
[1.675s] -- Up-to-date: /home/yanwen/fyp_ws_v3/install/zed_interfaces/include/zed_interfaces/zed_interfaces/msg/detail
[1.675s] -- Up-to-date: /home/yanwen/fyp_ws_v3/install/zed_interfaces/include/zed_interfaces/zed_interfaces/msg/detail/skeleton3_d__rosidl_typesupport_fastrtps_cpp.hpp
[1.675s] -- Up-to-date: /home/yanwen/fyp_ws_v3/install/zed_interfaces/include/zed_interfaces/zed_interfaces/msg/detail/keypoint3_d__rosidl_typesupport_fastrtps_cpp.hpp
[1.675s] -- Up-to-date: /home/yanwen/fyp_ws_v3/install/zed_interfaces/include/zed_interfaces/zed_interfaces/msg/detail/objects_stamped__rosidl_typesupport_fastrtps_cpp.hpp
[1.675s] -- Up-to-date: /home/yanwen/fyp_ws_v3/install/zed_interfaces/include/zed_interfaces/zed_interfaces/msg/detail/bounding_box2_di__rosidl_typesupport_fastrtps_cpp.hpp
[1.675s] -- Up-to-date: /home/yanwen/fyp_ws_v3/install/zed_interfaces/include/zed_interfaces/zed_interfaces/msg/detail/plane_stamped__rosidl_typesupport_fastrtps_cpp.hpp
[1.675s] -- Up-to-date: /home/yanwen/fyp_ws_v3/install/zed_interfaces/include/zed_interfaces/zed_interfaces/msg/detail/keypoint2_di__rosidl_typesupport_fastrtps_cpp.hpp
[1.675s] -- Up-to-date: /home/yanwen/fyp_ws_v3/install/zed_interfaces/include/zed_interfaces/zed_interfaces/msg/detail/object__rosidl_typesupport_fastrtps_cpp.hpp
[1.675s] -- Up-to-date: /home/yanwen/fyp_ws_v3/install/zed_interfaces/include/zed_interfaces/zed_interfaces/msg/detail/keypoint2_df__rosidl_typesupport_fastrtps_cpp.hpp
[1.675s] -- Up-to-date: /home/yanwen/fyp_ws_v3/install/zed_interfaces/include/zed_interfaces/zed_interfaces/msg/detail/heartbeat__rosidl_typesupport_fastrtps_cpp.hpp
[1.675s] -- Up-to-date: /home/yanwen/fyp_ws_v3/install/zed_interfaces/include/zed_interfaces/zed_interfaces/msg/detail/depth_info_stamped__rosidl_typesupport_fastrtps_cpp.hpp
[1.676s] -- Up-to-date: /home/yanwen/fyp_ws_v3/install/zed_interfaces/include/zed_interfaces/zed_interfaces/msg/detail/skeleton2_d__rosidl_typesupport_fastrtps_cpp.hpp
[1.676s] -- Up-to-date: /home/yanwen/fyp_ws_v3/install/zed_interfaces/include/zed_interfaces/zed_interfaces/msg/detail/bounding_box2_df__rosidl_typesupport_fastrtps_cpp.hpp
[1.676s] -- Up-to-date: /home/yanwen/fyp_ws_v3/install/zed_interfaces/include/zed_interfaces/zed_interfaces/msg/detail/dds_fastrtps
[1.676s] -- Up-to-date: /home/yanwen/fyp_ws_v3/install/zed_interfaces/include/zed_interfaces/zed_interfaces/msg/detail/bounding_box3_d__rosidl_typesupport_fastrtps_cpp.hpp
[1.676s] -- Up-to-date: /home/yanwen/fyp_ws_v3/install/zed_interfaces/include/zed_interfaces/zed_interfaces/msg/detail/pos_track_status__rosidl_typesupport_fastrtps_cpp.hpp
[1.676s] -- Up-to-date: /home/yanwen/fyp_ws_v3/install/zed_interfaces/lib/libzed_interfaces__rosidl_typesupport_fastrtps_cpp.so
[1.676s] -- Up-to-date: /home/yanwen/fyp_ws_v3/install/zed_interfaces/include/zed_interfaces/zed_interfaces
[1.676s] -- Up-to-date: /home/yanwen/fyp_ws_v3/install/zed_interfaces/include/zed_interfaces/zed_interfaces/srv
[1.676s] -- Up-to-date: /home/yanwen/fyp_ws_v3/install/zed_interfaces/include/zed_interfaces/zed_interfaces/srv/detail
[1.676s] -- Up-to-date: /home/yanwen/fyp_ws_v3/install/zed_interfaces/include/zed_interfaces/zed_interfaces/srv/detail/start_svo_rec__rosidl_typesupport_introspection_c.h
[1.676s] -- Up-to-date: /home/yanwen/fyp_ws_v3/install/zed_interfaces/include/zed_interfaces/zed_interfaces/srv/detail/set_pose__rosidl_typesupport_introspection_c.h
[1.676s] -- Up-to-date: /home/yanwen/fyp_ws_v3/install/zed_interfaces/include/zed_interfaces/zed_interfaces/srv/detail/set_roi__type_support.c
[1.676s] -- Up-to-date: /home/yanwen/fyp_ws_v3/install/zed_interfaces/include/zed_interfaces/zed_interfaces/srv/detail/start_svo_rec__type_support.c
[1.676s] -- Up-to-date: /home/yanwen/fyp_ws_v3/install/zed_interfaces/include/zed_interfaces/zed_interfaces/srv/detail/set_roi__rosidl_typesupport_introspection_c.h
[1.676s] -- Up-to-date: /home/yanwen/fyp_ws_v3/install/zed_interfaces/include/zed_interfaces/zed_interfaces/srv/detail/set_pose__type_support.c
[1.676s] -- Up-to-date: /home/yanwen/fyp_ws_v3/install/zed_interfaces/include/zed_interfaces/zed_interfaces/msg
[1.676s] -- Up-to-date: /home/yanwen/fyp_ws_v3/install/zed_interfaces/include/zed_interfaces/zed_interfaces/msg/detail
[1.676s] -- Up-to-date: /home/yanwen/fyp_ws_v3/install/zed_interfaces/include/zed_interfaces/zed_interfaces/msg/detail/skeleton3_d__rosidl_typesupport_introspection_c.h
[1.676s] -- Up-to-date: /home/yanwen/fyp_ws_v3/install/zed_interfaces/include/zed_interfaces/zed_interfaces/msg/detail/keypoint3_d__type_support.c
[1.676s] -- Up-to-date: /home/yanwen/fyp_ws_v3/install/zed_interfaces/include/zed_interfaces/zed_interfaces/msg/detail/heartbeat__type_support.c
[1.677s] -- Up-to-date: /home/yanwen/fyp_ws_v3/install/zed_interfaces/include/zed_interfaces/zed_interfaces/msg/detail/bounding_box3_d__type_support.c
[1.677s] -- Up-to-date: /home/yanwen/fyp_ws_v3/install/zed_interfaces/include/zed_interfaces/zed_interfaces/msg/detail/bounding_box2_di__rosidl_typesupport_introspection_c.h
[1.677s] -- Up-to-date: /home/yanwen/fyp_ws_v3/install/zed_interfaces/include/zed_interfaces/zed_interfaces/msg/detail/depth_info_stamped__type_support.c
[1.677s] -- Up-to-date: /home/yanwen/fyp_ws_v3/install/zed_interfaces/include/zed_interfaces/zed_interfaces/msg/detail/skeleton3_d__type_support.c
[1.677s] -- Up-to-date: /home/yanwen/fyp_ws_v3/install/zed_interfaces/include/zed_interfaces/zed_interfaces/msg/detail/objects_stamped__type_support.c
[1.677s] -- Up-to-date: /home/yanwen/fyp_ws_v3/install/zed_interfaces/include/zed_interfaces/zed_interfaces/msg/detail/pos_track_status__type_support.c
[1.677s] -- Up-to-date: /home/yanwen/fyp_ws_v3/install/zed_interfaces/include/zed_interfaces/zed_interfaces/msg/detail/plane_stamped__type_support.c
[1.677s] -- Up-to-date: /home/yanwen/fyp_ws_v3/install/zed_interfaces/include/zed_interfaces/zed_interfaces/msg/detail/pos_track_status__rosidl_typesupport_introspection_c.h
[1.677s] -- Up-to-date: /home/yanwen/fyp_ws_v3/install/zed_interfaces/include/zed_interfaces/zed_interfaces/msg/detail/skeleton2_d__type_support.c
[1.677s] -- Up-to-date: /home/yanwen/fyp_ws_v3/install/zed_interfaces/include/zed_interfaces/zed_interfaces/msg/detail/skeleton2_d__rosidl_typesupport_introspection_c.h
[1.677s] -- Up-to-date: /home/yanwen/fyp_ws_v3/install/zed_interfaces/include/zed_interfaces/zed_interfaces/msg/detail/bounding_box2_di__type_support.c
[1.677s] -- Up-to-date: /home/yanwen/fyp_ws_v3/install/zed_interfaces/include/zed_interfaces/zed_interfaces/msg/detail/object__rosidl_typesupport_introspection_c.h
[1.678s] -- Up-to-date: /home/yanwen/fyp_ws_v3/install/zed_interfaces/include/zed_interfaces/zed_interfaces/msg/detail/keypoint3_d__rosidl_typesupport_introspection_c.h
[1.678s] -- Up-to-date: /home/yanwen/fyp_ws_v3/install/zed_interfaces/include/zed_interfaces/zed_interfaces/msg/detail/object__type_support.c
[1.678s] -- Up-to-date: /home/yanwen/fyp_ws_v3/install/zed_interfaces/include/zed_interfaces/zed_interfaces/msg/detail/objects_stamped__rosidl_typesupport_introspection_c.h
[1.678s] -- Up-to-date: /home/yanwen/fyp_ws_v3/install/zed_interfaces/include/zed_interfaces/zed_interfaces/msg/detail/bounding_box2_df__type_support.c
[1.678s] -- Up-to-date: /home/yanwen/fyp_ws_v3/install/zed_interfaces/include/zed_interfaces/zed_interfaces/msg/detail/keypoint2_df__type_support.c
[1.678s] -- Up-to-date: /home/yanwen/fyp_ws_v3/install/zed_interfaces/include/zed_interfaces/zed_interfaces/msg/detail/bounding_box3_d__rosidl_typesupport_introspection_c.h
[1.678s] -- Up-to-date: /home/yanwen/fyp_ws_v3/install/zed_interfaces/include/zed_interfaces/zed_interfaces/msg/detail/plane_stamped__rosidl_typesupport_introspection_c.h
[1.678s] -- Up-to-date: /home/yanwen/fyp_ws_v3/install/zed_interfaces/include/zed_interfaces/zed_interfaces/msg/detail/keypoint2_di__rosidl_typesupport_introspection_c.h
[1.678s] -- Up-to-date: /home/yanwen/fyp_ws_v3/install/zed_interfaces/include/zed_interfaces/zed_interfaces/msg/detail/keypoint2_df__rosidl_typesupport_introspection_c.h
[1.678s] -- Up-to-date: /home/yanwen/fyp_ws_v3/install/zed_interfaces/include/zed_interfaces/zed_interfaces/msg/detail/keypoint2_di__type_support.c
[1.679s] -- Up-to-date: /home/yanwen/fyp_ws_v3/install/zed_interfaces/include/zed_interfaces/zed_interfaces/msg/detail/bounding_box2_df__rosidl_typesupport_introspection_c.h
[1.679s] -- Up-to-date: /home/yanwen/fyp_ws_v3/install/zed_interfaces/include/zed_interfaces/zed_interfaces/msg/detail/heartbeat__rosidl_typesupport_introspection_c.h
[1.679s] -- Up-to-date: /home/yanwen/fyp_ws_v3/install/zed_interfaces/include/zed_interfaces/zed_interfaces/msg/detail/depth_info_stamped__rosidl_typesupport_introspection_c.h
[1.679s] -- Up-to-date: /home/yanwen/fyp_ws_v3/install/zed_interfaces/include/zed_interfaces/zed_interfaces/msg/rosidl_typesupport_introspection_c__visibility_control.h
[1.679s] -- Up-to-date: /home/yanwen/fyp_ws_v3/install/zed_interfaces/lib/libzed_interfaces__rosidl_typesupport_introspection_c.so
[1.679s] -- Up-to-date: /home/yanwen/fyp_ws_v3/install/zed_interfaces/lib/libzed_interfaces__rosidl_typesupport_c.so
[1.679s] -- Up-to-date: /home/yanwen/fyp_ws_v3/install/zed_interfaces/include/zed_interfaces/zed_interfaces
[1.679s] -- Up-to-date: /home/yanwen/fyp_ws_v3/install/zed_interfaces/include/zed_interfaces/zed_interfaces/srv
[1.679s] -- Up-to-date: /home/yanwen/fyp_ws_v3/install/zed_interfaces/include/zed_interfaces/zed_interfaces/srv/detail
[1.679s] -- Up-to-date: /home/yanwen/fyp_ws_v3/install/zed_interfaces/include/zed_interfaces/zed_interfaces/srv/detail/set_roi__type_support.cpp
[1.679s] -- Up-to-date: /home/yanwen/fyp_ws_v3/install/zed_interfaces/include/zed_interfaces/zed_interfaces/srv/detail/set_pose__rosidl_typesupport_introspection_cpp.hpp
[1.679s] -- Up-to-date: /home/yanwen/fyp_ws_v3/install/zed_interfaces/include/zed_interfaces/zed_interfaces/srv/detail/set_pose__type_support.cpp
[1.679s] -- Up-to-date: /home/yanwen/fyp_ws_v3/install/zed_interfaces/include/zed_interfaces/zed_interfaces/srv/detail/set_roi__rosidl_typesupport_introspection_cpp.hpp
[1.679s] -- Up-to-date: /home/yanwen/fyp_ws_v3/install/zed_interfaces/include/zed_interfaces/zed_interfaces/srv/detail/start_svo_rec__type_support.cpp
[1.680s] -- Up-to-date: /home/yanwen/fyp_ws_v3/install/zed_interfaces/include/zed_interfaces/zed_interfaces/srv/detail/start_svo_rec__rosidl_typesupport_introspection_cpp.hpp
[1.680s] -- Up-to-date: /home/yanwen/fyp_ws_v3/install/zed_interfaces/include/zed_interfaces/zed_interfaces/msg
[1.680s] -- Up-to-date: /home/yanwen/fyp_ws_v3/install/zed_interfaces/include/zed_interfaces/zed_interfaces/msg/detail
[1.680s] -- Up-to-date: /home/yanwen/fyp_ws_v3/install/zed_interfaces/include/zed_interfaces/zed_interfaces/msg/detail/depth_info_stamped__type_support.cpp
[1.680s] -- Up-to-date: /home/yanwen/fyp_ws_v3/install/zed_interfaces/include/zed_interfaces/zed_interfaces/msg/detail/heartbeat__type_support.cpp
[1.680s] -- Up-to-date: /home/yanwen/fyp_ws_v3/install/zed_interfaces/include/zed_interfaces/zed_interfaces/msg/detail/pos_track_status__type_support.cpp
[1.680s] -- Up-to-date: /home/yanwen/fyp_ws_v3/install/zed_interfaces/include/zed_interfaces/zed_interfaces/msg/detail/bounding_box2_di__type_support.cpp
[1.680s] -- Up-to-date: /home/yanwen/fyp_ws_v3/install/zed_interfaces/include/zed_interfaces/zed_interfaces/msg/detail/objects_stamped__type_support.cpp
[1.680s] -- Up-to-date: /home/yanwen/fyp_ws_v3/install/zed_interfaces/include/zed_interfaces/zed_interfaces/msg/detail/objects_stamped__rosidl_typesupport_introspection_cpp.hpp
[1.681s] -- Up-to-date: /home/yanwen/fyp_ws_v3/install/zed_interfaces/include/zed_interfaces/zed_interfaces/msg/detail/bounding_box3_d__type_support.cpp
[1.681s] -- Up-to-date: /home/yanwen/fyp_ws_v3/install/zed_interfaces/include/zed_interfaces/zed_interfaces/msg/detail/keypoint2_di__type_support.cpp
[1.681s] -- Up-to-date: /home/yanwen/fyp_ws_v3/install/zed_interfaces/include/zed_interfaces/zed_interfaces/msg/detail/keypoint2_df__rosidl_typesupport_introspection_cpp.hpp
[1.681s] -- Up-to-date: /home/yanwen/fyp_ws_v3/install/zed_interfaces/include/zed_interfaces/zed_interfaces/msg/detail/bounding_box3_d__rosidl_typesupport_introspection_cpp.hpp
[1.681s] -- Up-to-date: /home/yanwen/fyp_ws_v3/install/zed_interfaces/include/zed_interfaces/zed_interfaces/msg/detail/plane_stamped__rosidl_typesupport_introspection_cpp.hpp
[1.681s] -- Up-to-date: /home/yanwen/fyp_ws_v3/install/zed_interfaces/include/zed_interfaces/zed_interfaces/msg/detail/keypoint3_d__type_support.cpp
[1.681s] -- Up-to-date: /home/yanwen/fyp_ws_v3/install/zed_interfaces/include/zed_interfaces/zed_interfaces/msg/detail/bounding_box2_df__type_support.cpp
[1.681s] -- Up-to-date: /home/yanwen/fyp_ws_v3/install/zed_interfaces/include/zed_interfaces/zed_interfaces/msg/detail/skeleton2_d__rosidl_typesupport_introspection_cpp.hpp
[1.681s] -- Up-to-date: /home/yanwen/fyp_ws_v3/install/zed_interfaces/include/zed_interfaces/zed_interfaces/msg/detail/pos_track_status__rosidl_typesupport_introspection_cpp.hpp
[1.681s] -- Up-to-date: /home/yanwen/fyp_ws_v3/install/zed_interfaces/include/zed_interfaces/zed_interfaces/msg/detail/plane_stamped__type_support.cpp
[1.681s] -- Up-to-date: /home/yanwen/fyp_ws_v3/install/zed_interfaces/include/zed_interfaces/zed_interfaces/msg/detail/skeleton3_d__rosidl_typesupport_introspection_cpp.hpp
[1.682s] -- Up-to-date: /home/yanwen/fyp_ws_v3/install/zed_interfaces/include/zed_interfaces/zed_interfaces/msg/detail/skeleton3_d__type_support.cpp
[1.682s] -- Up-to-date: /home/yanwen/fyp_ws_v3/install/zed_interfaces/include/zed_interfaces/zed_interfaces/msg/detail/keypoint2_df__type_support.cpp
[1.682s] -- Up-to-date: /home/yanwen/fyp_ws_v3/install/zed_interfaces/include/zed_interfaces/zed_interfaces/msg/detail/object__rosidl_typesupport_introspection_cpp.hpp
[1.682s] -- Up-to-date: /home/yanwen/fyp_ws_v3/install/zed_interfaces/include/zed_interfaces/zed_interfaces/msg/detail/depth_info_stamped__rosidl_typesupport_introspection_cpp.hpp
[1.682s] -- Up-to-date: /home/yanwen/fyp_ws_v3/install/zed_interfaces/include/zed_interfaces/zed_interfaces/msg/detail/heartbeat__rosidl_typesupport_introspection_cpp.hpp
[1.682s] -- Up-to-date: /home/yanwen/fyp_ws_v3/install/zed_interfaces/include/zed_interfaces/zed_interfaces/msg/detail/object__type_support.cpp
[1.682s] -- Up-to-date: /home/yanwen/fyp_ws_v3/install/zed_interfaces/include/zed_interfaces/zed_interfaces/msg/detail/keypoint2_di__rosidl_typesupport_introspection_cpp.hpp
[1.682s] -- Up-to-date: /home/yanwen/fyp_ws_v3/install/zed_interfaces/include/zed_interfaces/zed_interfaces/msg/detail/bounding_box2_di__rosidl_typesupport_introspection_cpp.hpp
[1.682s] -- Up-to-date: /home/yanwen/fyp_ws_v3/install/zed_interfaces/include/zed_interfaces/zed_interfaces/msg/detail/bounding_box2_df__rosidl_typesupport_introspection_cpp.hpp
[1.682s] -- Up-to-date: /home/yanwen/fyp_ws_v3/install/zed_interfaces/include/zed_interfaces/zed_interfaces/msg/detail/skeleton2_d__type_support.cpp
[1.682s] -- Up-to-date: /home/yanwen/fyp_ws_v3/install/zed_interfaces/include/zed_interfaces/zed_interfaces/msg/detail/keypoint3_d__rosidl_typesupport_introspection_cpp.hpp
[1.682s] -- Up-to-date: /home/yanwen/fyp_ws_v3/install/zed_interfaces/lib/libzed_interfaces__rosidl_typesupport_introspection_cpp.so
[1.682s] -- Up-to-date: /home/yanwen/fyp_ws_v3/install/zed_interfaces/lib/libzed_interfaces__rosidl_typesupport_cpp.so
[1.682s] -- Up-to-date: /home/yanwen/fyp_ws_v3/install/zed_interfaces/share/zed_interfaces/environment/pythonpath.sh
[1.683s] -- Up-to-date: /home/yanwen/fyp_ws_v3/install/zed_interfaces/share/zed_interfaces/environment/pythonpath.dsv
[1.683s] -- Up-to-date: /home/yanwen/fyp_ws_v3/install/zed_interfaces/local/lib/python3.10/dist-packages/zed_interfaces-4.0.0-py3.10.egg-info
[1.683s] -- Installing: /home/yanwen/fyp_ws_v3/install/zed_interfaces/local/lib/python3.10/dist-packages/zed_interfaces-4.0.0-py3.10.egg-info/top_level.txt
[1.683s] -- Installing: /home/yanwen/fyp_ws_v3/install/zed_interfaces/local/lib/python3.10/dist-packages/zed_interfaces-4.0.0-py3.10.egg-info/PKG-INFO
[1.683s] -- Installing: /home/yanwen/fyp_ws_v3/install/zed_interfaces/local/lib/python3.10/dist-packages/zed_interfaces-4.0.0-py3.10.egg-info/SOURCES.txt
[1.683s] -- Installing: /home/yanwen/fyp_ws_v3/install/zed_interfaces/local/lib/python3.10/dist-packages/zed_interfaces-4.0.0-py3.10.egg-info/dependency_links.txt
[1.683s] -- Up-to-date: /home/yanwen/fyp_ws_v3/install/zed_interfaces/local/lib/python3.10/dist-packages/zed_interfaces
[1.683s] -- Up-to-date: /home/yanwen/fyp_ws_v3/install/zed_interfaces/local/lib/python3.10/dist-packages/zed_interfaces/zed_interfaces_s__rosidl_typesupport_c.cpython-310-x86_64-linux-gnu.so
[1.683s] -- Up-to-date: /home/yanwen/fyp_ws_v3/install/zed_interfaces/local/lib/python3.10/dist-packages/zed_interfaces/__init__.py
[1.683s] -- Up-to-date: /home/yanwen/fyp_ws_v3/install/zed_interfaces/local/lib/python3.10/dist-packages/zed_interfaces/_zed_interfaces_s.ep.rosidl_typesupport_c.c
[1.683s] -- Up-to-date: /home/yanwen/fyp_ws_v3/install/zed_interfaces/local/lib/python3.10/dist-packages/zed_interfaces/zed_interfaces_s__rosidl_typesupport_introspection_c.cpython-310-x86_64-linux-gnu.so
[1.683s] -- Up-to-date: /home/yanwen/fyp_ws_v3/install/zed_interfaces/local/lib/python3.10/dist-packages/zed_interfaces/srv
[1.683s] -- Up-to-date: /home/yanwen/fyp_ws_v3/install/zed_interfaces/local/lib/python3.10/dist-packages/zed_interfaces/srv/_start_svo_rec_s.c
[1.684s] -- Up-to-date: /home/yanwen/fyp_ws_v3/install/zed_interfaces/local/lib/python3.10/dist-packages/zed_interfaces/srv/__init__.py
[1.684s] -- Up-to-date: /home/yanwen/fyp_ws_v3/install/zed_interfaces/local/lib/python3.10/dist-packages/zed_interfaces/srv/_start_svo_rec.py
[1.684s] -- Up-to-date: /home/yanwen/fyp_ws_v3/install/zed_interfaces/local/lib/python3.10/dist-packages/zed_interfaces/srv/_set_pose_s.c
[1.684s] -- Up-to-date: /home/yanwen/fyp_ws_v3/install/zed_interfaces/local/lib/python3.10/dist-packages/zed_interfaces/srv/_set_roi.py
[1.684s] -- Up-to-date: /home/yanwen/fyp_ws_v3/install/zed_interfaces/local/lib/python3.10/dist-packages/zed_interfaces/srv/_set_pose.py
[1.684s] -- Up-to-date: /home/yanwen/fyp_ws_v3/install/zed_interfaces/local/lib/python3.10/dist-packages/zed_interfaces/srv/_set_roi_s.c
[1.684s] -- Up-to-date: /home/yanwen/fyp_ws_v3/install/zed_interfaces/local/lib/python3.10/dist-packages/zed_interfaces/_zed_interfaces_s.ep.rosidl_typesupport_introspection_c.c
[1.684s] -- Up-to-date: /home/yanwen/fyp_ws_v3/install/zed_interfaces/local/lib/python3.10/dist-packages/zed_interfaces/libzed_interfaces__rosidl_generator_py.so
[1.684s] -- Up-to-date: /home/yanwen/fyp_ws_v3/install/zed_interfaces/local/lib/python3.10/dist-packages/zed_interfaces/zed_interfaces_s__rosidl_typesupport_fastrtps_c.cpython-310-x86_64-linux-gnu.so
[1.684s] -- Up-to-date: /home/yanwen/fyp_ws_v3/install/zed_interfaces/local/lib/python3.10/dist-packages/zed_interfaces/_zed_interfaces_s.ep.rosidl_typesupport_fastrtps_c.c
[1.684s] -- Up-to-date: /home/yanwen/fyp_ws_v3/install/zed_interfaces/local/lib/python3.10/dist-packages/zed_interfaces/msg
[1.684s] -- Up-to-date: /home/yanwen/fyp_ws_v3/install/zed_interfaces/local/lib/python3.10/dist-packages/zed_interfaces/msg/_pos_track_status.py
[1.685s] -- Up-to-date: /home/yanwen/fyp_ws_v3/install/zed_interfaces/local/lib/python3.10/dist-packages/zed_interfaces/msg/_skeleton2_d.py
[1.685s] -- Up-to-date: /home/yanwen/fyp_ws_v3/install/zed_interfaces/local/lib/python3.10/dist-packages/zed_interfaces/msg/_plane_stamped.py
[1.685s] -- Up-to-date: /home/yanwen/fyp_ws_v3/install/zed_interfaces/local/lib/python3.10/dist-packages/zed_interfaces/msg/_skeleton2_d_s.c
[1.685s] -- Up-to-date: /home/yanwen/fyp_ws_v3/install/zed_interfaces/local/lib/python3.10/dist-packages/zed_interfaces/msg/_bounding_box3_d_s.c
[1.685s] -- Up-to-date: /home/yanwen/fyp_ws_v3/install/zed_interfaces/local/lib/python3.10/dist-packages/zed_interfaces/msg/__init__.py
[1.685s] -- Up-to-date: /home/yanwen/fyp_ws_v3/install/zed_interfaces/local/lib/python3.10/dist-packages/zed_interfaces/msg/_keypoint2_di.py
[1.685s] -- Up-to-date: /home/yanwen/fyp_ws_v3/install/zed_interfaces/local/lib/python3.10/dist-packages/zed_interfaces/msg/_heartbeat_s.c
[1.685s] -- Up-to-date: /home/yanwen/fyp_ws_v3/install/zed_interfaces/local/lib/python3.10/dist-packages/zed_interfaces/msg/_plane_stamped_s.c
[1.685s] -- Up-to-date: /home/yanwen/fyp_ws_v3/install/zed_interfaces/local/lib/python3.10/dist-packages/zed_interfaces/msg/_bounding_box3_d.py
[1.685s] -- Up-to-date: /home/yanwen/fyp_ws_v3/install/zed_interfaces/local/lib/python3.10/dist-packages/zed_interfaces/msg/_depth_info_stamped.py
[1.685s] -- Up-to-date: /home/yanwen/fyp_ws_v3/install/zed_interfaces/local/lib/python3.10/dist-packages/zed_interfaces/msg/_object.py
[1.685s] -- Up-to-date: /home/yanwen/fyp_ws_v3/install/zed_interfaces/local/lib/python3.10/dist-packages/zed_interfaces/msg/_object_s.c
[1.685s] -- Up-to-date: /home/yanwen/fyp_ws_v3/install/zed_interfaces/local/lib/python3.10/dist-packages/zed_interfaces/msg/_bounding_box2_di.py
[1.685s] -- Up-to-date: /home/yanwen/fyp_ws_v3/install/zed_interfaces/local/lib/python3.10/dist-packages/zed_interfaces/msg/_keypoint2_di_s.c
[1.685s] -- Up-to-date: /home/yanwen/fyp_ws_v3/install/zed_interfaces/local/lib/python3.10/dist-packages/zed_interfaces/msg/_heartbeat.py
[1.685s] -- Up-to-date: /home/yanwen/fyp_ws_v3/install/zed_interfaces/local/lib/python3.10/dist-packages/zed_interfaces/msg/_keypoint3_d_s.c
[1.685s] -- Up-to-date: /home/yanwen/fyp_ws_v3/install/zed_interfaces/local/lib/python3.10/dist-packages/zed_interfaces/msg/_objects_stamped_s.c
[1.685s] -- Up-to-date: /home/yanwen/fyp_ws_v3/install/zed_interfaces/local/lib/python3.10/dist-packages/zed_interfaces/msg/_bounding_box2_di_s.c
[1.685s] -- Up-to-date: /home/yanwen/fyp_ws_v3/install/zed_interfaces/local/lib/python3.10/dist-packages/zed_interfaces/msg/_bounding_box2_df.py
[1.685s] -- Up-to-date: /home/yanwen/fyp_ws_v3/install/zed_interfaces/local/lib/python3.10/dist-packages/zed_interfaces/msg/_skeleton3_d_s.c
[1.686s] -- Up-to-date: /home/yanwen/fyp_ws_v3/install/zed_interfaces/local/lib/python3.10/dist-packages/zed_interfaces/msg/_skeleton3_d.py
[1.686s] -- Up-to-date: /home/yanwen/fyp_ws_v3/install/zed_interfaces/local/lib/python3.10/dist-packages/zed_interfaces/msg/_keypoint2_df_s.c
[1.686s] -- Up-to-date: /home/yanwen/fyp_ws_v3/install/zed_interfaces/local/lib/python3.10/dist-packages/zed_interfaces/msg/_keypoint2_df.py
[1.686s] -- Up-to-date: /home/yanwen/fyp_ws_v3/install/zed_interfaces/local/lib/python3.10/dist-packages/zed_interfaces/msg/_depth_info_stamped_s.c
[1.686s] -- Up-to-date: /home/yanwen/fyp_ws_v3/install/zed_interfaces/local/lib/python3.10/dist-packages/zed_interfaces/msg/_pos_track_status_s.c
[1.686s] -- Up-to-date: /home/yanwen/fyp_ws_v3/install/zed_interfaces/local/lib/python3.10/dist-packages/zed_interfaces/msg/_objects_stamped.py
[1.686s] -- Up-to-date: /home/yanwen/fyp_ws_v3/install/zed_interfaces/local/lib/python3.10/dist-packages/zed_interfaces/msg/_keypoint3_d.py
[1.686s] -- Up-to-date: /home/yanwen/fyp_ws_v3/install/zed_interfaces/local/lib/python3.10/dist-packages/zed_interfaces/msg/_bounding_box2_df_s.c
[1.718s] Listing '/home/yanwen/fyp_ws_v3/install/zed_interfaces/local/lib/python3.10/dist-packages/zed_interfaces'...
[1.718s] Listing '/home/yanwen/fyp_ws_v3/install/zed_interfaces/local/lib/python3.10/dist-packages/zed_interfaces/msg'...
[1.718s] Listing '/home/yanwen/fyp_ws_v3/install/zed_interfaces/local/lib/python3.10/dist-packages/zed_interfaces/srv'...
[1.719s] -- Up-to-date: /home/yanwen/fyp_ws_v3/install/zed_interfaces/local/lib/python3.10/dist-packages/zed_interfaces/zed_interfaces_s__rosidl_typesupport_fastrtps_c.cpython-310-x86_64-linux-gnu.so
[1.719s] -- Up-to-date: /home/yanwen/fyp_ws_v3/install/zed_interfaces/local/lib/python3.10/dist-packages/zed_interfaces/zed_interfaces_s__rosidl_typesupport_introspection_c.cpython-310-x86_64-linux-gnu.so
[1.719s] -- Up-to-date: /home/yanwen/fyp_ws_v3/install/zed_interfaces/local/lib/python3.10/dist-packages/zed_interfaces/zed_interfaces_s__rosidl_typesupport_c.cpython-310-x86_64-linux-gnu.so
[1.719s] -- Up-to-date: /home/yanwen/fyp_ws_v3/install/zed_interfaces/lib/libzed_interfaces__rosidl_generator_py.so
[1.721s] -- Up-to-date: /home/yanwen/fyp_ws_v3/install/zed_interfaces/share/zed_interfaces/msg/Object.idl
[1.722s] -- Up-to-date: /home/yanwen/fyp_ws_v3/install/zed_interfaces/share/zed_interfaces/msg/ObjectsStamped.idl
[1.722s] -- Up-to-date: /home/yanwen/fyp_ws_v3/install/zed_interfaces/share/zed_interfaces/msg/Keypoint2Di.idl
[1.723s] -- Up-to-date: /home/yanwen/fyp_ws_v3/install/zed_interfaces/share/zed_interfaces/msg/Keypoint2Df.idl
[1.723s] -- Up-to-date: /home/yanwen/fyp_ws_v3/install/zed_interfaces/share/zed_interfaces/msg/Keypoint3D.idl
[1.724s] -- Up-to-date: /home/yanwen/fyp_ws_v3/install/zed_interfaces/share/zed_interfaces/msg/BoundingBox2Di.idl
[1.724s] -- Up-to-date: /home/yanwen/fyp_ws_v3/install/zed_interfaces/share/zed_interfaces/msg/BoundingBox2Df.idl
[1.724s] -- Up-to-date: /home/yanwen/fyp_ws_v3/install/zed_interfaces/share/zed_interfaces/msg/BoundingBox3D.idl
[1.724s] -- Up-to-date: /home/yanwen/fyp_ws_v3/install/zed_interfaces/share/zed_interfaces/msg/Skeleton2D.idl
[1.724s] -- Up-to-date: /home/yanwen/fyp_ws_v3/install/zed_interfaces/share/zed_interfaces/msg/Skeleton3D.idl
[1.724s] -- Up-to-date: /home/yanwen/fyp_ws_v3/install/zed_interfaces/share/zed_interfaces/msg/DepthInfoStamped.idl
[1.724s] -- Up-to-date: /home/yanwen/fyp_ws_v3/install/zed_interfaces/share/zed_interfaces/msg/PlaneStamped.idl
[1.724s] -- Up-to-date: /home/yanwen/fyp_ws_v3/install/zed_interfaces/share/zed_interfaces/msg/PosTrackStatus.idl
[1.724s] -- Up-to-date: /home/yanwen/fyp_ws_v3/install/zed_interfaces/share/zed_interfaces/msg/Heartbeat.idl
[1.725s] -- Up-to-date: /home/yanwen/fyp_ws_v3/install/zed_interfaces/share/zed_interfaces/srv/SetPose.idl
[1.725s] -- Up-to-date: /home/yanwen/fyp_ws_v3/install/zed_interfaces/share/zed_interfaces/srv/StartSvoRec.idl
[1.725s] -- Up-to-date: /home/yanwen/fyp_ws_v3/install/zed_interfaces/share/zed_interfaces/srv/SetROI.idl
[1.725s] -- Up-to-date: /home/yanwen/fyp_ws_v3/install/zed_interfaces/share/zed_interfaces/msg/Object.msg
[1.725s] -- Up-to-date: /home/yanwen/fyp_ws_v3/install/zed_interfaces/share/zed_interfaces/msg/ObjectsStamped.msg
[1.725s] -- Up-to-date: /home/yanwen/fyp_ws_v3/install/zed_interfaces/share/zed_interfaces/msg/Keypoint2Di.msg
[1.725s] -- Up-to-date: /home/yanwen/fyp_ws_v3/install/zed_interfaces/share/zed_interfaces/msg/Keypoint2Df.msg
[1.726s] -- Up-to-date: /home/yanwen/fyp_ws_v3/install/zed_interfaces/share/zed_interfaces/msg/Keypoint3D.msg
[1.726s] -- Up-to-date: /home/yanwen/fyp_ws_v3/install/zed_interfaces/share/zed_interfaces/msg/BoundingBox2Di.msg
[1.726s] -- Up-to-date: /home/yanwen/fyp_ws_v3/install/zed_interfaces/share/zed_interfaces/msg/BoundingBox2Df.msg
[1.726s] -- Up-to-date: /home/yanwen/fyp_ws_v3/install/zed_interfaces/share/zed_interfaces/msg/BoundingBox3D.msg
[1.726s] -- Up-to-date: /home/yanwen/fyp_ws_v3/install/zed_interfaces/share/zed_interfaces/msg/Skeleton2D.msg
[1.726s] -- Up-to-date: /home/yanwen/fyp_ws_v3/install/zed_interfaces/share/zed_interfaces/msg/Skeleton3D.msg
[1.726s] -- Up-to-date: /home/yanwen/fyp_ws_v3/install/zed_interfaces/share/zed_interfaces/msg/DepthInfoStamped.msg
[1.726s] -- Up-to-date: /home/yanwen/fyp_ws_v3/install/zed_interfaces/share/zed_interfaces/msg/PlaneStamped.msg
[1.726s] -- Up-to-date: /home/yanwen/fyp_ws_v3/install/zed_interfaces/share/zed_interfaces/msg/PosTrackStatus.msg
[1.728s] -- Up-to-date: /home/yanwen/fyp_ws_v3/install/zed_interfaces/share/zed_interfaces/msg/Heartbeat.msg
[1.729s] -- Up-to-date: /home/yanwen/fyp_ws_v3/install/zed_interfaces/share/zed_interfaces/srv/SetPose.srv
[1.729s] -- Up-to-date: /home/yanwen/fyp_ws_v3/install/zed_interfaces/share/zed_interfaces/srv/SetPose_Request.msg
[1.729s] -- Up-to-date: /home/yanwen/fyp_ws_v3/install/zed_interfaces/share/zed_interfaces/srv/SetPose_Response.msg
[1.730s] -- Up-to-date: /home/yanwen/fyp_ws_v3/install/zed_interfaces/share/zed_interfaces/srv/StartSvoRec.srv
[1.730s] -- Up-to-date: /home/yanwen/fyp_ws_v3/install/zed_interfaces/share/zed_interfaces/srv/StartSvoRec_Request.msg
[1.730s] -- Up-to-date: /home/yanwen/fyp_ws_v3/install/zed_interfaces/share/zed_interfaces/srv/StartSvoRec_Response.msg
[1.730s] -- Up-to-date: /home/yanwen/fyp_ws_v3/install/zed_interfaces/share/zed_interfaces/srv/SetROI.srv
[1.730s] -- Up-to-date: /home/yanwen/fyp_ws_v3/install/zed_interfaces/share/zed_interfaces/srv/SetROI_Request.msg
[1.730s] -- Up-to-date: /home/yanwen/fyp_ws_v3/install/zed_interfaces/share/zed_interfaces/srv/SetROI_Response.msg
[1.730s] -- Up-to-date: /home/yanwen/fyp_ws_v3/install/zed_interfaces/share/zed_interfaces/meshes
[1.730s] -- Up-to-date: /home/yanwen/fyp_ws_v3/install/zed_interfaces/share/zed_interfaces/meshes/zedxm.stl
[1.730s] -- Up-to-date: /home/yanwen/fyp_ws_v3/install/zed_interfaces/share/zed_interfaces/meshes/zed.stl
[1.730s] -- Up-to-date: /home/yanwen/fyp_ws_v3/install/zed_interfaces/share/zed_interfaces/meshes/zedm.stl
[1.730s] -- Up-to-date: /home/yanwen/fyp_ws_v3/install/zed_interfaces/share/zed_interfaces/meshes/zed2i.stl
[1.730s] -- Up-to-date: /home/yanwen/fyp_ws_v3/install/zed_interfaces/share/zed_interfaces/meshes/zed2.stl
[1.730s] -- Up-to-date: /home/yanwen/fyp_ws_v3/install/zed_interfaces/share/zed_interfaces/meshes/zedx.stl
[1.730s] -- Up-to-date: /home/yanwen/fyp_ws_v3/install/zed_interfaces/share/ament_index/resource_index/package_run_dependencies/zed_interfaces
[1.731s] -- Up-to-date: /home/yanwen/fyp_ws_v3/install/zed_interfaces/share/ament_index/resource_index/parent_prefix_path/zed_interfaces
[1.731s] -- Up-to-date: /home/yanwen/fyp_ws_v3/install/zed_interfaces/share/zed_interfaces/environment/ament_prefix_path.sh
[1.731s] -- Up-to-date: /home/yanwen/fyp_ws_v3/install/zed_interfaces/share/zed_interfaces/environment/ament_prefix_path.dsv
[1.731s] -- Up-to-date: /home/yanwen/fyp_ws_v3/install/zed_interfaces/share/zed_interfaces/environment/path.sh
[1.731s] -- Up-to-date: /home/yanwen/fyp_ws_v3/install/zed_interfaces/share/zed_interfaces/environment/path.dsv
[1.731s] -- Up-to-date: /home/yanwen/fyp_ws_v3/install/zed_interfaces/share/zed_interfaces/local_setup.bash
[1.731s] -- Up-to-date: /home/yanwen/fyp_ws_v3/install/zed_interfaces/share/zed_interfaces/local_setup.sh
[1.731s] -- Up-to-date: /home/yanwen/fyp_ws_v3/install/zed_interfaces/share/zed_interfaces/local_setup.zsh
[1.731s] -- Up-to-date: /home/yanwen/fyp_ws_v3/install/zed_interfaces/share/zed_interfaces/local_setup.dsv
[1.731s] -- Installing: /home/yanwen/fyp_ws_v3/install/zed_interfaces/share/zed_interfaces/package.dsv
[1.731s] -- Up-to-date: /home/yanwen/fyp_ws_v3/install/zed_interfaces/share/ament_index/resource_index/packages/zed_interfaces
[1.731s] -- Up-to-date: /home/yanwen/fyp_ws_v3/install/zed_interfaces/share/zed_interfaces/cmake/export_zed_interfaces__rosidl_generator_cExport.cmake
[1.731s] -- Up-to-date: /home/yanwen/fyp_ws_v3/install/zed_interfaces/share/zed_interfaces/cmake/export_zed_interfaces__rosidl_generator_cExport-noconfig.cmake
[1.731s] -- Up-to-date: /home/yanwen/fyp_ws_v3/install/zed_interfaces/share/zed_interfaces/cmake/export_zed_interfaces__rosidl_typesupport_fastrtps_cExport.cmake
[1.731s] -- Up-to-date: /home/yanwen/fyp_ws_v3/install/zed_interfaces/share/zed_interfaces/cmake/export_zed_interfaces__rosidl_typesupport_fastrtps_cExport-noconfig.cmake
[1.731s] -- Up-to-date: /home/yanwen/fyp_ws_v3/install/zed_interfaces/share/zed_interfaces/cmake/export_zed_interfaces__rosidl_generator_cppExport.cmake
[1.732s] -- Up-to-date: /home/yanwen/fyp_ws_v3/install/zed_interfaces/share/zed_interfaces/cmake/export_zed_interfaces__rosidl_typesupport_fastrtps_cppExport.cmake
[1.732s] -- Up-to-date: /home/yanwen/fyp_ws_v3/install/zed_interfaces/share/zed_interfaces/cmake/export_zed_interfaces__rosidl_typesupport_fastrtps_cppExport-noconfig.cmake
[1.732s] -- Up-to-date: /home/yanwen/fyp_ws_v3/install/zed_interfaces/share/zed_interfaces/cmake/zed_interfaces__rosidl_typesupport_introspection_cExport.cmake
[1.732s] -- Up-to-date: /home/yanwen/fyp_ws_v3/install/zed_interfaces/share/zed_interfaces/cmake/zed_interfaces__rosidl_typesupport_introspection_cExport-noconfig.cmake
[1.732s] -- Up-to-date: /home/yanwen/fyp_ws_v3/install/zed_interfaces/share/zed_interfaces/cmake/zed_interfaces__rosidl_typesupport_cExport.cmake
[1.732s] -- Up-to-date: /home/yanwen/fyp_ws_v3/install/zed_interfaces/share/zed_interfaces/cmake/zed_interfaces__rosidl_typesupport_cExport-noconfig.cmake
[1.732s] -- Up-to-date: /home/yanwen/fyp_ws_v3/install/zed_interfaces/share/zed_interfaces/cmake/zed_interfaces__rosidl_typesupport_introspection_cppExport.cmake
[1.732s] -- Up-to-date: /home/yanwen/fyp_ws_v3/install/zed_interfaces/share/zed_interfaces/cmake/zed_interfaces__rosidl_typesupport_introspection_cppExport-noconfig.cmake
[1.732s] -- Up-to-date: /home/yanwen/fyp_ws_v3/install/zed_interfaces/share/zed_interfaces/cmake/zed_interfaces__rosidl_typesupport_cppExport.cmake
[1.732s] -- Up-to-date: /home/yanwen/fyp_ws_v3/install/zed_interfaces/share/zed_interfaces/cmake/zed_interfaces__rosidl_typesupport_cppExport-noconfig.cmake
[1.732s] -- Up-to-date: /home/yanwen/fyp_ws_v3/install/zed_interfaces/share/zed_interfaces/cmake/export_zed_interfaces__rosidl_generator_pyExport.cmake
[1.732s] -- Up-to-date: /home/yanwen/fyp_ws_v3/install/zed_interfaces/share/zed_interfaces/cmake/export_zed_interfaces__rosidl_generator_pyExport-noconfig.cmake
[1.732s] -- Up-to-date: /home/yanwen/fyp_ws_v3/install/zed_interfaces/share/zed_interfaces/cmake/rosidl_cmake-extras.cmake
[1.732s] -- Up-to-date: /home/yanwen/fyp_ws_v3/install/zed_interfaces/share/zed_interfaces/cmake/ament_cmake_export_dependencies-extras.cmake
[1.732s] -- Up-to-date: /home/yanwen/fyp_ws_v3/install/zed_interfaces/share/zed_interfaces/cmake/ament_cmake_export_include_directories-extras.cmake
[1.732s] -- Up-to-date: /home/yanwen/fyp_ws_v3/install/zed_interfaces/share/zed_interfaces/cmake/ament_cmake_export_libraries-extras.cmake
[1.732s] -- Up-to-date: /home/yanwen/fyp_ws_v3/install/zed_interfaces/share/zed_interfaces/cmake/ament_cmake_export_targets-extras.cmake
[1.732s] -- Up-to-date: /home/yanwen/fyp_ws_v3/install/zed_interfaces/share/zed_interfaces/cmake/rosidl_cmake_export_typesupport_targets-extras.cmake
[1.732s] -- Up-to-date: /home/yanwen/fyp_ws_v3/install/zed_interfaces/share/zed_interfaces/cmake/rosidl_cmake_export_typesupport_libraries-extras.cmake
[1.732s] -- Up-to-date: /home/yanwen/fyp_ws_v3/install/zed_interfaces/share/zed_interfaces/cmake/zed_interfacesConfig.cmake
[1.733s] -- Up-to-date: /home/yanwen/fyp_ws_v3/install/zed_interfaces/share/zed_interfaces/cmake/zed_interfacesConfig-version.cmake
[1.733s] -- Up-to-date: /home/yanwen/fyp_ws_v3/install/zed_interfaces/share/zed_interfaces/package.xml
[1.747s] Invoked command in '/home/yanwen/fyp_ws_v3/build/zed_interfaces' returned '0': CMAKE_PREFIX_PATH=${CMAKE_PREFIX_PATH}:/home/yanwen/fyp_ws_v3/install/robotiq_3f_gripper_ros2_control:/home/yanwen/fyp_ws_v3/install/cv_ros2_test:/opt/ros/humble /usr/bin/cmake --install /home/yanwen/fyp_ws_v3/build/zed_interfaces
