[0.501s] DEBUG:colcon:Command line arguments: ['/usr/bin/colcon', 'list', '-p', '--base-paths', '/home/yanwen/fyp_ws_v3']
[0.501s] DEBUG:colcon:Parsed command line arguments: Namespace(log_base=None, log_level=None, verb_name='list', build_base='build', ignore_user_meta=False, metas=['./colcon.meta'], base_paths=['/home/yanwen/fyp_ws_v3'], packages_ignore=None, packages_ignore_regex=None, paths=None, packages_up_to=None, packages_up_to_regex=None, packages_above=None, packages_above_and_dependencies=None, packages_above_depth=None, packages_select_by_dep=None, packages_skip_by_dep=None, packages_skip_up_to=None, packages_select_build_failed=False, packages_skip_build_finished=False, packages_select_test_failures=False, packages_skip_test_passed=False, packages_select=None, packages_skip=None, packages_select_regex=None, packages_skip_regex=None, packages_start=None, packages_end=None, allow_overriding=[], topological_order=False, names_only=False, paths_only=True, topological_graph=False, topological_graph_dot=False, topological_graph_density=False, topological_graph_legend=False, topological_graph_dot_cluster=False, topological_graph_dot_include_skipped=False, mixin_files=None, mixin=None, verb_parser=<colcon_mixin.mixin.mixin_argument.MixinArgumentDecorator object at 0x70aa59e0c4c0>, verb_extension=<colcon_package_information.verb.list.ListVerb object at 0x70aa59f26ef0>, main=<bound method ListVerb.main of <colcon_package_information.verb.list.ListVerb object at 0x70aa59f26ef0>>, mixin_verb=('list',))
[0.535s] Level 1:colcon.colcon_core.package_discovery:discover_packages(colcon_meta) check parameters
[0.535s] Level 1:colcon.colcon_core.package_discovery:discover_packages(recursive) check parameters
[0.535s] Level 1:colcon.colcon_core.package_discovery:discover_packages(ignore) check parameters
[0.535s] Level 1:colcon.colcon_core.package_discovery:discover_packages(path) check parameters
[0.535s] Level 1:colcon.colcon_core.package_discovery:discover_packages(recursive) discover
[0.535s] INFO:colcon.colcon_core.package_discovery:Crawling recursively for packages in '/home/yanwen/fyp_ws_v3'
[0.536s] Level 1:colcon.colcon_core.package_identification:_identify(/home/yanwen/fyp_ws_v3) by extensions ['ignore', 'ignore_ament_install']
[0.536s] Level 1:colcon.colcon_core.package_identification:_identify(/home/yanwen/fyp_ws_v3) by extension 'ignore'
[0.536s] Level 1:colcon.colcon_core.package_identification:_identify(/home/yanwen/fyp_ws_v3) by extension 'ignore_ament_install'
[0.536s] Level 1:colcon.colcon_core.package_identification:_identify(/home/yanwen/fyp_ws_v3) by extensions ['colcon_pkg']
[0.536s] Level 1:colcon.colcon_core.package_identification:_identify(/home/yanwen/fyp_ws_v3) by extension 'colcon_pkg'
[0.536s] Level 1:colcon.colcon_core.package_identification:_identify(/home/yanwen/fyp_ws_v3) by extensions ['colcon_meta']
[0.536s] Level 1:colcon.colcon_core.package_identification:_identify(/home/yanwen/fyp_ws_v3) by extension 'colcon_meta'
[0.536s] Level 1:colcon.colcon_core.package_identification:_identify(/home/yanwen/fyp_ws_v3) by extensions ['ros']
[0.536s] Level 1:colcon.colcon_core.package_identification:_identify(/home/yanwen/fyp_ws_v3) by extension 'ros'
[0.551s] Level 1:colcon.colcon_core.package_identification:_identify(/home/yanwen/fyp_ws_v3) by extensions ['cmake', 'python']
[0.551s] Level 1:colcon.colcon_core.package_identification:_identify(/home/yanwen/fyp_ws_v3) by extension 'cmake'
[0.551s] Level 1:colcon.colcon_core.package_identification:_identify(/home/yanwen/fyp_ws_v3) by extension 'python'
[0.551s] Level 1:colcon.colcon_core.package_identification:_identify(/home/yanwen/fyp_ws_v3) by extensions ['python_setup_py']
[0.551s] Level 1:colcon.colcon_core.package_identification:_identify(/home/yanwen/fyp_ws_v3) by extension 'python_setup_py'
[0.552s] Level 1:colcon.colcon_core.package_identification:_identify(/home/yanwen/fyp_ws_v3/build) by extensions ['ignore', 'ignore_ament_install']
[0.552s] Level 1:colcon.colcon_core.package_identification:_identify(/home/yanwen/fyp_ws_v3/build) by extension 'ignore'
[0.552s] Level 1:colcon.colcon_core.package_identification:_identify(/home/yanwen/fyp_ws_v3/build) ignored
[0.552s] Level 1:colcon.colcon_core.package_identification:_identify(/home/yanwen/fyp_ws_v3/install) by extensions ['ignore', 'ignore_ament_install']
[0.552s] Level 1:colcon.colcon_core.package_identification:_identify(/home/yanwen/fyp_ws_v3/install) by extension 'ignore'
[0.552s] Level 1:colcon.colcon_core.package_identification:_identify(/home/yanwen/fyp_ws_v3/install) ignored
[0.552s] Level 1:colcon.colcon_core.package_identification:_identify(/home/yanwen/fyp_ws_v3/log) by extensions ['ignore', 'ignore_ament_install']
[0.552s] Level 1:colcon.colcon_core.package_identification:_identify(/home/yanwen/fyp_ws_v3/log) by extension 'ignore'
[0.552s] Level 1:colcon.colcon_core.package_identification:_identify(/home/yanwen/fyp_ws_v3/log) ignored
[0.553s] Level 1:colcon.colcon_core.package_identification:_identify(/home/yanwen/fyp_ws_v3/src) by extensions ['ignore', 'ignore_ament_install']
[0.553s] Level 1:colcon.colcon_core.package_identification:_identify(/home/yanwen/fyp_ws_v3/src) by extension 'ignore'
[0.553s] Level 1:colcon.colcon_core.package_identification:_identify(/home/yanwen/fyp_ws_v3/src) by extension 'ignore_ament_install'
[0.553s] Level 1:colcon.colcon_core.package_identification:_identify(/home/yanwen/fyp_ws_v3/src) by extensions ['colcon_pkg']
[0.553s] Level 1:colcon.colcon_core.package_identification:_identify(/home/yanwen/fyp_ws_v3/src) by extension 'colcon_pkg'
[0.553s] Level 1:colcon.colcon_core.package_identification:_identify(/home/yanwen/fyp_ws_v3/src) by extensions ['colcon_meta']
[0.553s] Level 1:colcon.colcon_core.package_identification:_identify(/home/yanwen/fyp_ws_v3/src) by extension 'colcon_meta'
[0.553s] Level 1:colcon.colcon_core.package_identification:_identify(/home/yanwen/fyp_ws_v3/src) by extensions ['ros']
[0.553s] Level 1:colcon.colcon_core.package_identification:_identify(/home/yanwen/fyp_ws_v3/src) by extension 'ros'
[0.553s] Level 1:colcon.colcon_core.package_identification:_identify(/home/yanwen/fyp_ws_v3/src) by extensions ['cmake', 'python']
[0.553s] Level 1:colcon.colcon_core.package_identification:_identify(/home/yanwen/fyp_ws_v3/src) by extension 'cmake'
[0.553s] Level 1:colcon.colcon_core.package_identification:_identify(/home/yanwen/fyp_ws_v3/src) by extension 'python'
[0.553s] Level 1:colcon.colcon_core.package_identification:_identify(/home/yanwen/fyp_ws_v3/src) by extensions ['python_setup_py']
[0.553s] Level 1:colcon.colcon_core.package_identification:_identify(/home/yanwen/fyp_ws_v3/src) by extension 'python_setup_py'
[0.553s] Level 1:colcon.colcon_core.package_identification:_identify(/home/yanwen/fyp_ws_v3/src/cv_ros2_test) by extensions ['ignore', 'ignore_ament_install']
[0.553s] Level 1:colcon.colcon_core.package_identification:_identify(/home/yanwen/fyp_ws_v3/src/cv_ros2_test) by extension 'ignore'
[0.553s] Level 1:colcon.colcon_core.package_identification:_identify(/home/yanwen/fyp_ws_v3/src/cv_ros2_test) by extension 'ignore_ament_install'
[0.554s] Level 1:colcon.colcon_core.package_identification:_identify(/home/yanwen/fyp_ws_v3/src/cv_ros2_test) by extensions ['colcon_pkg']
[0.554s] Level 1:colcon.colcon_core.package_identification:_identify(/home/yanwen/fyp_ws_v3/src/cv_ros2_test) by extension 'colcon_pkg'
[0.554s] Level 1:colcon.colcon_core.package_identification:_identify(/home/yanwen/fyp_ws_v3/src/cv_ros2_test) by extensions ['colcon_meta']
[0.554s] Level 1:colcon.colcon_core.package_identification:_identify(/home/yanwen/fyp_ws_v3/src/cv_ros2_test) by extension 'colcon_meta'
[0.554s] Level 1:colcon.colcon_core.package_identification:_identify(/home/yanwen/fyp_ws_v3/src/cv_ros2_test) by extensions ['ros']
[0.554s] Level 1:colcon.colcon_core.package_identification:_identify(/home/yanwen/fyp_ws_v3/src/cv_ros2_test) by extension 'ros'
[0.557s] DEBUG:colcon.colcon_core.package_identification:Package '/home/yanwen/fyp_ws_v3/src/cv_ros2_test' with type 'ros.ament_python' and name 'cv_ros2_test'
[0.558s] Level 1:colcon.colcon_core.package_identification:_identify(/home/yanwen/fyp_ws_v3/src/gripper_client) by extensions ['ignore', 'ignore_ament_install']
[0.558s] Level 1:colcon.colcon_core.package_identification:_identify(/home/yanwen/fyp_ws_v3/src/gripper_client) by extension 'ignore'
[0.558s] Level 1:colcon.colcon_core.package_identification:_identify(/home/yanwen/fyp_ws_v3/src/gripper_client) by extension 'ignore_ament_install'
[0.558s] Level 1:colcon.colcon_core.package_identification:_identify(/home/yanwen/fyp_ws_v3/src/gripper_client) by extensions ['colcon_pkg']
[0.558s] Level 1:colcon.colcon_core.package_identification:_identify(/home/yanwen/fyp_ws_v3/src/gripper_client) by extension 'colcon_pkg'
[0.558s] Level 1:colcon.colcon_core.package_identification:_identify(/home/yanwen/fyp_ws_v3/src/gripper_client) by extensions ['colcon_meta']
[0.558s] Level 1:colcon.colcon_core.package_identification:_identify(/home/yanwen/fyp_ws_v3/src/gripper_client) by extension 'colcon_meta'
[0.558s] Level 1:colcon.colcon_core.package_identification:_identify(/home/yanwen/fyp_ws_v3/src/gripper_client) by extensions ['ros']
[0.558s] Level 1:colcon.colcon_core.package_identification:_identify(/home/yanwen/fyp_ws_v3/src/gripper_client) by extension 'ros'
[0.559s] DEBUG:colcon.colcon_core.package_identification:Package '/home/yanwen/fyp_ws_v3/src/gripper_client' with type 'ros.ament_cmake' and name 'gripper_client'
[0.559s] Level 1:colcon.colcon_core.package_identification:_identify(/home/yanwen/fyp_ws_v3/src/moveit_script) by extensions ['ignore', 'ignore_ament_install']
[0.559s] Level 1:colcon.colcon_core.package_identification:_identify(/home/yanwen/fyp_ws_v3/src/moveit_script) by extension 'ignore'
[0.559s] Level 1:colcon.colcon_core.package_identification:_identify(/home/yanwen/fyp_ws_v3/src/moveit_script) by extension 'ignore_ament_install'
[0.559s] Level 1:colcon.colcon_core.package_identification:_identify(/home/yanwen/fyp_ws_v3/src/moveit_script) by extensions ['colcon_pkg']
[0.559s] Level 1:colcon.colcon_core.package_identification:_identify(/home/yanwen/fyp_ws_v3/src/moveit_script) by extension 'colcon_pkg'
[0.560s] Level 1:colcon.colcon_core.package_identification:_identify(/home/yanwen/fyp_ws_v3/src/moveit_script) by extensions ['colcon_meta']
[0.560s] Level 1:colcon.colcon_core.package_identification:_identify(/home/yanwen/fyp_ws_v3/src/moveit_script) by extension 'colcon_meta'
[0.560s] Level 1:colcon.colcon_core.package_identification:_identify(/home/yanwen/fyp_ws_v3/src/moveit_script) by extensions ['ros']
[0.560s] Level 1:colcon.colcon_core.package_identification:_identify(/home/yanwen/fyp_ws_v3/src/moveit_script) by extension 'ros'
[0.561s] DEBUG:colcon.colcon_core.package_identification:Package '/home/yanwen/fyp_ws_v3/src/moveit_script' with type 'ros.ament_cmake' and name 'moveit_script'
[0.561s] Level 1:colcon.colcon_core.package_identification:_identify(/home/yanwen/fyp_ws_v3/src/obj_detect_test) by extensions ['ignore', 'ignore_ament_install']
[0.561s] Level 1:colcon.colcon_core.package_identification:_identify(/home/yanwen/fyp_ws_v3/src/obj_detect_test) by extension 'ignore'
[0.561s] Level 1:colcon.colcon_core.package_identification:_identify(/home/yanwen/fyp_ws_v3/src/obj_detect_test) by extension 'ignore_ament_install'
[0.561s] Level 1:colcon.colcon_core.package_identification:_identify(/home/yanwen/fyp_ws_v3/src/obj_detect_test) by extensions ['colcon_pkg']
[0.561s] Level 1:colcon.colcon_core.package_identification:_identify(/home/yanwen/fyp_ws_v3/src/obj_detect_test) by extension 'colcon_pkg'
[0.561s] Level 1:colcon.colcon_core.package_identification:_identify(/home/yanwen/fyp_ws_v3/src/obj_detect_test) by extensions ['colcon_meta']
[0.561s] Level 1:colcon.colcon_core.package_identification:_identify(/home/yanwen/fyp_ws_v3/src/obj_detect_test) by extension 'colcon_meta'
[0.561s] Level 1:colcon.colcon_core.package_identification:_identify(/home/yanwen/fyp_ws_v3/src/obj_detect_test) by extensions ['ros']
[0.561s] Level 1:colcon.colcon_core.package_identification:_identify(/home/yanwen/fyp_ws_v3/src/obj_detect_test) by extension 'ros'
[0.562s] DEBUG:colcon.colcon_core.package_identification:Package '/home/yanwen/fyp_ws_v3/src/obj_detect_test' with type 'ros.ament_cmake' and name 'obj_detect_test'
[0.562s] Level 1:colcon.colcon_core.package_identification:_identify(/home/yanwen/fyp_ws_v3/src/robotiq_3f_gripper_ros2_stack) by extensions ['ignore', 'ignore_ament_install']
[0.562s] Level 1:colcon.colcon_core.package_identification:_identify(/home/yanwen/fyp_ws_v3/src/robotiq_3f_gripper_ros2_stack) by extension 'ignore'
[0.562s] Level 1:colcon.colcon_core.package_identification:_identify(/home/yanwen/fyp_ws_v3/src/robotiq_3f_gripper_ros2_stack) by extension 'ignore_ament_install'
[0.562s] Level 1:colcon.colcon_core.package_identification:_identify(/home/yanwen/fyp_ws_v3/src/robotiq_3f_gripper_ros2_stack) by extensions ['colcon_pkg']
[0.562s] Level 1:colcon.colcon_core.package_identification:_identify(/home/yanwen/fyp_ws_v3/src/robotiq_3f_gripper_ros2_stack) by extension 'colcon_pkg'
[0.562s] Level 1:colcon.colcon_core.package_identification:_identify(/home/yanwen/fyp_ws_v3/src/robotiq_3f_gripper_ros2_stack) by extensions ['colcon_meta']
[0.562s] Level 1:colcon.colcon_core.package_identification:_identify(/home/yanwen/fyp_ws_v3/src/robotiq_3f_gripper_ros2_stack) by extension 'colcon_meta'
[0.562s] Level 1:colcon.colcon_core.package_identification:_identify(/home/yanwen/fyp_ws_v3/src/robotiq_3f_gripper_ros2_stack) by extensions ['ros']
[0.562s] Level 1:colcon.colcon_core.package_identification:_identify(/home/yanwen/fyp_ws_v3/src/robotiq_3f_gripper_ros2_stack) by extension 'ros'
[0.562s] Level 1:colcon.colcon_core.package_identification:_identify(/home/yanwen/fyp_ws_v3/src/robotiq_3f_gripper_ros2_stack) by extensions ['cmake', 'python']
[0.562s] Level 1:colcon.colcon_core.package_identification:_identify(/home/yanwen/fyp_ws_v3/src/robotiq_3f_gripper_ros2_stack) by extension 'cmake'
[0.562s] Level 1:colcon.colcon_core.package_identification:_identify(/home/yanwen/fyp_ws_v3/src/robotiq_3f_gripper_ros2_stack) by extension 'python'
[0.563s] Level 1:colcon.colcon_core.package_identification:_identify(/home/yanwen/fyp_ws_v3/src/robotiq_3f_gripper_ros2_stack) by extensions ['python_setup_py']
[0.563s] Level 1:colcon.colcon_core.package_identification:_identify(/home/yanwen/fyp_ws_v3/src/robotiq_3f_gripper_ros2_stack) by extension 'python_setup_py'
[0.563s] Level 1:colcon.colcon_core.package_identification:_identify(/home/yanwen/fyp_ws_v3/src/robotiq_3f_gripper_ros2_stack/robotiq_3f_gripper_ros2_control) by extensions ['ignore', 'ignore_ament_install']
[0.563s] Level 1:colcon.colcon_core.package_identification:_identify(/home/yanwen/fyp_ws_v3/src/robotiq_3f_gripper_ros2_stack/robotiq_3f_gripper_ros2_control) by extension 'ignore'
[0.563s] Level 1:colcon.colcon_core.package_identification:_identify(/home/yanwen/fyp_ws_v3/src/robotiq_3f_gripper_ros2_stack/robotiq_3f_gripper_ros2_control) by extension 'ignore_ament_install'
[0.563s] Level 1:colcon.colcon_core.package_identification:_identify(/home/yanwen/fyp_ws_v3/src/robotiq_3f_gripper_ros2_stack/robotiq_3f_gripper_ros2_control) by extensions ['colcon_pkg']
[0.563s] Level 1:colcon.colcon_core.package_identification:_identify(/home/yanwen/fyp_ws_v3/src/robotiq_3f_gripper_ros2_stack/robotiq_3f_gripper_ros2_control) by extension 'colcon_pkg'
[0.563s] Level 1:colcon.colcon_core.package_identification:_identify(/home/yanwen/fyp_ws_v3/src/robotiq_3f_gripper_ros2_stack/robotiq_3f_gripper_ros2_control) by extensions ['colcon_meta']
[0.563s] Level 1:colcon.colcon_core.package_identification:_identify(/home/yanwen/fyp_ws_v3/src/robotiq_3f_gripper_ros2_stack/robotiq_3f_gripper_ros2_control) by extension 'colcon_meta'
[0.563s] Level 1:colcon.colcon_core.package_identification:_identify(/home/yanwen/fyp_ws_v3/src/robotiq_3f_gripper_ros2_stack/robotiq_3f_gripper_ros2_control) by extensions ['ros']
[0.563s] Level 1:colcon.colcon_core.package_identification:_identify(/home/yanwen/fyp_ws_v3/src/robotiq_3f_gripper_ros2_stack/robotiq_3f_gripper_ros2_control) by extension 'ros'
[0.564s] DEBUG:colcon.colcon_core.package_identification:Package '/home/yanwen/fyp_ws_v3/src/robotiq_3f_gripper_ros2_stack/robotiq_3f_gripper_ros2_control' with type 'ros.ament_python' and name 'robotiq_3f_gripper_ros2_control'
[0.564s] Level 1:colcon.colcon_core.package_identification:_identify(/home/yanwen/fyp_ws_v3/src/robotiq_3f_gripper_ros2_stack/robotiq_3f_gripper_ros2_interfaces) by extensions ['ignore', 'ignore_ament_install']
[0.564s] Level 1:colcon.colcon_core.package_identification:_identify(/home/yanwen/fyp_ws_v3/src/robotiq_3f_gripper_ros2_stack/robotiq_3f_gripper_ros2_interfaces) by extension 'ignore'
[0.564s] Level 1:colcon.colcon_core.package_identification:_identify(/home/yanwen/fyp_ws_v3/src/robotiq_3f_gripper_ros2_stack/robotiq_3f_gripper_ros2_interfaces) by extension 'ignore_ament_install'
[0.564s] Level 1:colcon.colcon_core.package_identification:_identify(/home/yanwen/fyp_ws_v3/src/robotiq_3f_gripper_ros2_stack/robotiq_3f_gripper_ros2_interfaces) by extensions ['colcon_pkg']
[0.564s] Level 1:colcon.colcon_core.package_identification:_identify(/home/yanwen/fyp_ws_v3/src/robotiq_3f_gripper_ros2_stack/robotiq_3f_gripper_ros2_interfaces) by extension 'colcon_pkg'
[0.564s] Level 1:colcon.colcon_core.package_identification:_identify(/home/yanwen/fyp_ws_v3/src/robotiq_3f_gripper_ros2_stack/robotiq_3f_gripper_ros2_interfaces) by extensions ['colcon_meta']
[0.564s] Level 1:colcon.colcon_core.package_identification:_identify(/home/yanwen/fyp_ws_v3/src/robotiq_3f_gripper_ros2_stack/robotiq_3f_gripper_ros2_interfaces) by extension 'colcon_meta'
[0.564s] Level 1:colcon.colcon_core.package_identification:_identify(/home/yanwen/fyp_ws_v3/src/robotiq_3f_gripper_ros2_stack/robotiq_3f_gripper_ros2_interfaces) by extensions ['ros']
[0.564s] Level 1:colcon.colcon_core.package_identification:_identify(/home/yanwen/fyp_ws_v3/src/robotiq_3f_gripper_ros2_stack/robotiq_3f_gripper_ros2_interfaces) by extension 'ros'
[0.565s] DEBUG:colcon.colcon_core.package_identification:Package '/home/yanwen/fyp_ws_v3/src/robotiq_3f_gripper_ros2_stack/robotiq_3f_gripper_ros2_interfaces' with type 'ros.ament_cmake' and name 'robotiq_3f_gripper_ros2_interfaces'
[0.565s] Level 1:colcon.colcon_core.package_identification:_identify(/home/yanwen/fyp_ws_v3/src/zed-ros2-wrapper) by extensions ['ignore', 'ignore_ament_install']
[0.565s] Level 1:colcon.colcon_core.package_identification:_identify(/home/yanwen/fyp_ws_v3/src/zed-ros2-wrapper) by extension 'ignore'
[0.565s] Level 1:colcon.colcon_core.package_identification:_identify(/home/yanwen/fyp_ws_v3/src/zed-ros2-wrapper) by extension 'ignore_ament_install'
[0.565s] Level 1:colcon.colcon_core.package_identification:_identify(/home/yanwen/fyp_ws_v3/src/zed-ros2-wrapper) by extensions ['colcon_pkg']
[0.565s] Level 1:colcon.colcon_core.package_identification:_identify(/home/yanwen/fyp_ws_v3/src/zed-ros2-wrapper) by extension 'colcon_pkg'
[0.565s] Level 1:colcon.colcon_core.package_identification:_identify(/home/yanwen/fyp_ws_v3/src/zed-ros2-wrapper) by extensions ['colcon_meta']
[0.566s] Level 1:colcon.colcon_core.package_identification:_identify(/home/yanwen/fyp_ws_v3/src/zed-ros2-wrapper) by extension 'colcon_meta'
[0.566s] Level 1:colcon.colcon_core.package_identification:_identify(/home/yanwen/fyp_ws_v3/src/zed-ros2-wrapper) by extensions ['ros']
[0.566s] Level 1:colcon.colcon_core.package_identification:_identify(/home/yanwen/fyp_ws_v3/src/zed-ros2-wrapper) by extension 'ros'
[0.566s] Level 1:colcon.colcon_core.package_identification:_identify(/home/yanwen/fyp_ws_v3/src/zed-ros2-wrapper) by extensions ['cmake', 'python']
[0.566s] Level 1:colcon.colcon_core.package_identification:_identify(/home/yanwen/fyp_ws_v3/src/zed-ros2-wrapper) by extension 'cmake'
[0.566s] Level 1:colcon.colcon_core.package_identification:_identify(/home/yanwen/fyp_ws_v3/src/zed-ros2-wrapper) by extension 'python'
[0.566s] Level 1:colcon.colcon_core.package_identification:_identify(/home/yanwen/fyp_ws_v3/src/zed-ros2-wrapper) by extensions ['python_setup_py']
[0.566s] Level 1:colcon.colcon_core.package_identification:_identify(/home/yanwen/fyp_ws_v3/src/zed-ros2-wrapper) by extension 'python_setup_py'
[0.566s] Level 1:colcon.colcon_core.package_identification:_identify(/home/yanwen/fyp_ws_v3/src/zed-ros2-wrapper/docker) by extensions ['ignore', 'ignore_ament_install']
[0.566s] Level 1:colcon.colcon_core.package_identification:_identify(/home/yanwen/fyp_ws_v3/src/zed-ros2-wrapper/docker) by extension 'ignore'
[0.566s] Level 1:colcon.colcon_core.package_identification:_identify(/home/yanwen/fyp_ws_v3/src/zed-ros2-wrapper/docker) by extension 'ignore_ament_install'
[0.566s] Level 1:colcon.colcon_core.package_identification:_identify(/home/yanwen/fyp_ws_v3/src/zed-ros2-wrapper/docker) by extensions ['colcon_pkg']
[0.566s] Level 1:colcon.colcon_core.package_identification:_identify(/home/yanwen/fyp_ws_v3/src/zed-ros2-wrapper/docker) by extension 'colcon_pkg'
[0.566s] Level 1:colcon.colcon_core.package_identification:_identify(/home/yanwen/fyp_ws_v3/src/zed-ros2-wrapper/docker) by extensions ['colcon_meta']
[0.566s] Level 1:colcon.colcon_core.package_identification:_identify(/home/yanwen/fyp_ws_v3/src/zed-ros2-wrapper/docker) by extension 'colcon_meta'
[0.566s] Level 1:colcon.colcon_core.package_identification:_identify(/home/yanwen/fyp_ws_v3/src/zed-ros2-wrapper/docker) by extensions ['ros']
[0.566s] Level 1:colcon.colcon_core.package_identification:_identify(/home/yanwen/fyp_ws_v3/src/zed-ros2-wrapper/docker) by extension 'ros'
[0.566s] Level 1:colcon.colcon_core.package_identification:_identify(/home/yanwen/fyp_ws_v3/src/zed-ros2-wrapper/docker) by extensions ['cmake', 'python']
[0.566s] Level 1:colcon.colcon_core.package_identification:_identify(/home/yanwen/fyp_ws_v3/src/zed-ros2-wrapper/docker) by extension 'cmake'
[0.567s] Level 1:colcon.colcon_core.package_identification:_identify(/home/yanwen/fyp_ws_v3/src/zed-ros2-wrapper/docker) by extension 'python'
[0.567s] Level 1:colcon.colcon_core.package_identification:_identify(/home/yanwen/fyp_ws_v3/src/zed-ros2-wrapper/docker) by extensions ['python_setup_py']
[0.567s] Level 1:colcon.colcon_core.package_identification:_identify(/home/yanwen/fyp_ws_v3/src/zed-ros2-wrapper/docker) by extension 'python_setup_py'
[0.567s] Level 1:colcon.colcon_core.package_identification:_identify(/home/yanwen/fyp_ws_v3/src/zed-ros2-wrapper/images) by extensions ['ignore', 'ignore_ament_install']
[0.567s] Level 1:colcon.colcon_core.package_identification:_identify(/home/yanwen/fyp_ws_v3/src/zed-ros2-wrapper/images) by extension 'ignore'
[0.567s] Level 1:colcon.colcon_core.package_identification:_identify(/home/yanwen/fyp_ws_v3/src/zed-ros2-wrapper/images) by extension 'ignore_ament_install'
[0.567s] Level 1:colcon.colcon_core.package_identification:_identify(/home/yanwen/fyp_ws_v3/src/zed-ros2-wrapper/images) by extensions ['colcon_pkg']
[0.567s] Level 1:colcon.colcon_core.package_identification:_identify(/home/yanwen/fyp_ws_v3/src/zed-ros2-wrapper/images) by extension 'colcon_pkg'
[0.567s] Level 1:colcon.colcon_core.package_identification:_identify(/home/yanwen/fyp_ws_v3/src/zed-ros2-wrapper/images) by extensions ['colcon_meta']
[0.567s] Level 1:colcon.colcon_core.package_identification:_identify(/home/yanwen/fyp_ws_v3/src/zed-ros2-wrapper/images) by extension 'colcon_meta'
[0.567s] Level 1:colcon.colcon_core.package_identification:_identify(/home/yanwen/fyp_ws_v3/src/zed-ros2-wrapper/images) by extensions ['ros']
[0.567s] Level 1:colcon.colcon_core.package_identification:_identify(/home/yanwen/fyp_ws_v3/src/zed-ros2-wrapper/images) by extension 'ros'
[0.567s] Level 1:colcon.colcon_core.package_identification:_identify(/home/yanwen/fyp_ws_v3/src/zed-ros2-wrapper/images) by extensions ['cmake', 'python']
[0.567s] Level 1:colcon.colcon_core.package_identification:_identify(/home/yanwen/fyp_ws_v3/src/zed-ros2-wrapper/images) by extension 'cmake'
[0.567s] Level 1:colcon.colcon_core.package_identification:_identify(/home/yanwen/fyp_ws_v3/src/zed-ros2-wrapper/images) by extension 'python'
[0.567s] Level 1:colcon.colcon_core.package_identification:_identify(/home/yanwen/fyp_ws_v3/src/zed-ros2-wrapper/images) by extensions ['python_setup_py']
[0.567s] Level 1:colcon.colcon_core.package_identification:_identify(/home/yanwen/fyp_ws_v3/src/zed-ros2-wrapper/images) by extension 'python_setup_py'
[0.567s] Level 1:colcon.colcon_core.package_identification:_identify(/home/yanwen/fyp_ws_v3/src/zed-ros2-wrapper/zed-ros2-interfaces) by extensions ['ignore', 'ignore_ament_install']
[0.568s] Level 1:colcon.colcon_core.package_identification:_identify(/home/yanwen/fyp_ws_v3/src/zed-ros2-wrapper/zed-ros2-interfaces) by extension 'ignore'
[0.568s] Level 1:colcon.colcon_core.package_identification:_identify(/home/yanwen/fyp_ws_v3/src/zed-ros2-wrapper/zed-ros2-interfaces) by extension 'ignore_ament_install'
[0.568s] Level 1:colcon.colcon_core.package_identification:_identify(/home/yanwen/fyp_ws_v3/src/zed-ros2-wrapper/zed-ros2-interfaces) by extensions ['colcon_pkg']
[0.568s] Level 1:colcon.colcon_core.package_identification:_identify(/home/yanwen/fyp_ws_v3/src/zed-ros2-wrapper/zed-ros2-interfaces) by extension 'colcon_pkg'
[0.568s] Level 1:colcon.colcon_core.package_identification:_identify(/home/yanwen/fyp_ws_v3/src/zed-ros2-wrapper/zed-ros2-interfaces) by extensions ['colcon_meta']
[0.568s] Level 1:colcon.colcon_core.package_identification:_identify(/home/yanwen/fyp_ws_v3/src/zed-ros2-wrapper/zed-ros2-interfaces) by extension 'colcon_meta'
[0.568s] Level 1:colcon.colcon_core.package_identification:_identify(/home/yanwen/fyp_ws_v3/src/zed-ros2-wrapper/zed-ros2-interfaces) by extensions ['ros']
[0.568s] Level 1:colcon.colcon_core.package_identification:_identify(/home/yanwen/fyp_ws_v3/src/zed-ros2-wrapper/zed-ros2-interfaces) by extension 'ros'
[0.570s] DEBUG:colcon.colcon_core.package_identification:Package '/home/yanwen/fyp_ws_v3/src/zed-ros2-wrapper/zed-ros2-interfaces' with type 'ros.ament_cmake' and name 'zed_interfaces'
[0.570s] Level 1:colcon.colcon_core.package_identification:_identify(/home/yanwen/fyp_ws_v3/src/zed-ros2-wrapper/zed_components) by extensions ['ignore', 'ignore_ament_install']
[0.570s] Level 1:colcon.colcon_core.package_identification:_identify(/home/yanwen/fyp_ws_v3/src/zed-ros2-wrapper/zed_components) by extension 'ignore'
[0.570s] Level 1:colcon.colcon_core.package_identification:_identify(/home/yanwen/fyp_ws_v3/src/zed-ros2-wrapper/zed_components) by extension 'ignore_ament_install'
[0.570s] Level 1:colcon.colcon_core.package_identification:_identify(/home/yanwen/fyp_ws_v3/src/zed-ros2-wrapper/zed_components) by extensions ['colcon_pkg']
[0.570s] Level 1:colcon.colcon_core.package_identification:_identify(/home/yanwen/fyp_ws_v3/src/zed-ros2-wrapper/zed_components) by extension 'colcon_pkg'
[0.570s] Level 1:colcon.colcon_core.package_identification:_identify(/home/yanwen/fyp_ws_v3/src/zed-ros2-wrapper/zed_components) by extensions ['colcon_meta']
[0.570s] Level 1:colcon.colcon_core.package_identification:_identify(/home/yanwen/fyp_ws_v3/src/zed-ros2-wrapper/zed_components) by extension 'colcon_meta'
[0.571s] Level 1:colcon.colcon_core.package_identification:_identify(/home/yanwen/fyp_ws_v3/src/zed-ros2-wrapper/zed_components) by extensions ['ros']
[0.571s] Level 1:colcon.colcon_core.package_identification:_identify(/home/yanwen/fyp_ws_v3/src/zed-ros2-wrapper/zed_components) by extension 'ros'
[0.572s] DEBUG:colcon.colcon_core.package_identification:Package '/home/yanwen/fyp_ws_v3/src/zed-ros2-wrapper/zed_components' with type 'ros.ament_cmake' and name 'zed_components'
[0.572s] Level 1:colcon.colcon_core.package_identification:_identify(/home/yanwen/fyp_ws_v3/src/zed-ros2-wrapper/zed_ros2) by extensions ['ignore', 'ignore_ament_install']
[0.572s] Level 1:colcon.colcon_core.package_identification:_identify(/home/yanwen/fyp_ws_v3/src/zed-ros2-wrapper/zed_ros2) by extension 'ignore'
[0.572s] Level 1:colcon.colcon_core.package_identification:_identify(/home/yanwen/fyp_ws_v3/src/zed-ros2-wrapper/zed_ros2) by extension 'ignore_ament_install'
[0.573s] Level 1:colcon.colcon_core.package_identification:_identify(/home/yanwen/fyp_ws_v3/src/zed-ros2-wrapper/zed_ros2) by extensions ['colcon_pkg']
[0.573s] Level 1:colcon.colcon_core.package_identification:_identify(/home/yanwen/fyp_ws_v3/src/zed-ros2-wrapper/zed_ros2) by extension 'colcon_pkg'
[0.573s] Level 1:colcon.colcon_core.package_identification:_identify(/home/yanwen/fyp_ws_v3/src/zed-ros2-wrapper/zed_ros2) by extensions ['colcon_meta']
[0.573s] Level 1:colcon.colcon_core.package_identification:_identify(/home/yanwen/fyp_ws_v3/src/zed-ros2-wrapper/zed_ros2) by extension 'colcon_meta'
[0.573s] Level 1:colcon.colcon_core.package_identification:_identify(/home/yanwen/fyp_ws_v3/src/zed-ros2-wrapper/zed_ros2) by extensions ['ros']
[0.573s] Level 1:colcon.colcon_core.package_identification:_identify(/home/yanwen/fyp_ws_v3/src/zed-ros2-wrapper/zed_ros2) by extension 'ros'
[0.573s] DEBUG:colcon.colcon_core.package_identification:Package '/home/yanwen/fyp_ws_v3/src/zed-ros2-wrapper/zed_ros2' with type 'ros.ament_cmake' and name 'zed_ros2'
[0.574s] Level 1:colcon.colcon_core.package_identification:_identify(/home/yanwen/fyp_ws_v3/src/zed-ros2-wrapper/zed_wrapper) by extensions ['ignore', 'ignore_ament_install']
[0.574s] Level 1:colcon.colcon_core.package_identification:_identify(/home/yanwen/fyp_ws_v3/src/zed-ros2-wrapper/zed_wrapper) by extension 'ignore'
[0.574s] Level 1:colcon.colcon_core.package_identification:_identify(/home/yanwen/fyp_ws_v3/src/zed-ros2-wrapper/zed_wrapper) by extension 'ignore_ament_install'
[0.574s] Level 1:colcon.colcon_core.package_identification:_identify(/home/yanwen/fyp_ws_v3/src/zed-ros2-wrapper/zed_wrapper) by extensions ['colcon_pkg']
[0.574s] Level 1:colcon.colcon_core.package_identification:_identify(/home/yanwen/fyp_ws_v3/src/zed-ros2-wrapper/zed_wrapper) by extension 'colcon_pkg'
[0.574s] Level 1:colcon.colcon_core.package_identification:_identify(/home/yanwen/fyp_ws_v3/src/zed-ros2-wrapper/zed_wrapper) by extensions ['colcon_meta']
[0.574s] Level 1:colcon.colcon_core.package_identification:_identify(/home/yanwen/fyp_ws_v3/src/zed-ros2-wrapper/zed_wrapper) by extension 'colcon_meta'
[0.574s] Level 1:colcon.colcon_core.package_identification:_identify(/home/yanwen/fyp_ws_v3/src/zed-ros2-wrapper/zed_wrapper) by extensions ['ros']
[0.574s] Level 1:colcon.colcon_core.package_identification:_identify(/home/yanwen/fyp_ws_v3/src/zed-ros2-wrapper/zed_wrapper) by extension 'ros'
[0.575s] DEBUG:colcon.colcon_core.package_identification:Package '/home/yanwen/fyp_ws_v3/src/zed-ros2-wrapper/zed_wrapper' with type 'ros.ament_cmake' and name 'zed_wrapper'
[0.575s] Level 1:colcon.colcon_core.package_discovery:discover_packages(recursive) using defaults
