[0.037s] Invoking command in '/home/yanwen/fyp_ws_v3/build/zed_interfaces': CMAKE_PREFIX_PATH=${CMAKE_PREFIX_PATH}:/home/yanwen/fyp_ws_v3/install/robotiq_3f_gripper_ros2_control:/home/yanwen/fyp_ws_v3/install/cv_ros2_test:/opt/ros/humble /usr/bin/cmake --build /home/yanwen/fyp_ws_v3/build/zed_interfaces -- -j8 -l8
[0.511s] [  0%] Built target zed_interfaces__cpp
[0.511s] [  0%] Built target ament_cmake_python_copy_zed_interfaces
[0.511s] [ 12%] Built target zed_interfaces__rosidl_typesupport_introspection_cpp
[0.713s] running egg_info
[0.714s] writing zed_interfaces.egg-info/PKG-INFO
[0.715s] writing dependency_links to zed_interfaces.egg-info/dependency_links.txt
[0.715s] writing top-level names to zed_interfaces.egg-info/top_level.txt
[0.718s] reading manifest file 'zed_interfaces.egg-info/SOURCES.txt'
[0.720s] writing manifest file 'zed_interfaces.egg-info/SOURCES.txt'
[0.781s] [ 12%] Built target ament_cmake_python_build_zed_interfaces_egg
[0.842s] [ 24%] Built target zed_interfaces__rosidl_typesupport_fastrtps_cpp
[0.909s] [ 36%] Built target zed_interfaces__rosidl_typesupport_cpp
[0.971s] [ 48%] Built target zed_interfaces__rosidl_generator_c
[1.050s] [ 60%] Built target zed_interfaces__rosidl_typesupport_fastrtps_c
[1.113s] [ 72%] Built target zed_interfaces__rosidl_typesupport_c
[1.225s] [ 84%] Built target zed_interfaces__rosidl_typesupport_introspection_c
[1.255s] [ 84%] Built target zed_interfaces
[1.294s] [ 85%] Built target zed_interfaces__py
[1.369s] [ 96%] Built target zed_interfaces__rosidl_generator_py
[1.400s] [ 97%] Built target zed_interfaces__rosidl_typesupport_fastrtps_c__pyext
[1.454s] [ 98%] Built target zed_interfaces__rosidl_typesupport_c__pyext
[1.503s] [100%] Built target zed_interfaces__rosidl_typesupport_introspection_c__pyext
[1.523s] Invoked command in '/home/yanwen/fyp_ws_v3/build/zed_interfaces' returned '0': CMAKE_PREFIX_PATH=${CMAKE_PREFIX_PATH}:/home/yanwen/fyp_ws_v3/install/robotiq_3f_gripper_ros2_control:/home/yanwen/fyp_ws_v3/install/cv_ros2_test:/opt/ros/humble /usr/bin/cmake --build /home/yanwen/fyp_ws_v3/build/zed_interfaces -- -j8 -l8
[2.412s] Invoking command in '/home/yanwen/fyp_ws_v3/build/zed_interfaces': CMAKE_PREFIX_PATH=${CMAKE_PREFIX_PATH}:/home/yanwen/fyp_ws_v3/install/robotiq_3f_gripper_ros2_control:/home/yanwen/fyp_ws_v3/install/cv_ros2_test:/opt/ros/humble /usr/bin/cmake --install /home/yanwen/fyp_ws_v3/build/zed_interfaces
[2.422s] -- Install configuration: ""
[2.422s] -- Up-to-date: /home/yanwen/fyp_ws_v3/install/zed_interfaces/share/ament_index/resource_index/rosidl_interfaces/zed_interfaces
[2.422s] -- Up-to-date: /home/yanwen/fyp_ws_v3/install/zed_interfaces/include/zed_interfaces/zed_interfaces
[2.422s] -- Up-to-date: /home/yanwen/fyp_ws_v3/install/zed_interfaces/include/zed_interfaces/zed_interfaces/srv
[2.422s] -- Up-to-date: /home/yanwen/fyp_ws_v3/install/zed_interfaces/include/zed_interfaces/zed_interfaces/srv/set_pose.h
[2.422s] -- Up-to-date: /home/yanwen/fyp_ws_v3/install/zed_interfaces/include/zed_interfaces/zed_interfaces/srv/start_svo_rec.h
[2.422s] -- Up-to-date: /home/yanwen/fyp_ws_v3/install/zed_interfaces/include/zed_interfaces/zed_interfaces/srv/detail
[2.422s] -- Up-to-date: /home/yanwen/fyp_ws_v3/install/zed_interfaces/include/zed_interfaces/zed_interfaces/srv/detail/set_pose__functions.c
[2.422s] -- Up-to-date: /home/yanwen/fyp_ws_v3/install/zed_interfaces/include/zed_interfaces/zed_interfaces/srv/detail/set_pose__type_support.h
[2.422s] -- Up-to-date: /home/yanwen/fyp_ws_v3/install/zed_interfaces/include/zed_interfaces/zed_interfaces/srv/detail/start_svo_rec__type_support.h
[2.422s] -- Up-to-date: /home/yanwen/fyp_ws_v3/install/zed_interfaces/include/zed_interfaces/zed_interfaces/srv/detail/set_pose__struct.h
[2.424s] -- Up-to-date: /home/yanwen/fyp_ws_v3/install/zed_interfaces/include/zed_interfaces/zed_interfaces/srv/detail/set_roi__type_support.h
[2.424s] -- Up-to-date: /home/yanwen/fyp_ws_v3/install/zed_interfaces/include/zed_interfaces/zed_interfaces/srv/detail/set_roi__struct.h
[2.424s] -- Up-to-date: /home/yanwen/fyp_ws_v3/install/zed_interfaces/include/zed_interfaces/zed_interfaces/srv/detail/start_svo_rec__functions.c
[2.424s] -- Up-to-date: /home/yanwen/fyp_ws_v3/install/zed_interfaces/include/zed_interfaces/zed_interfaces/srv/detail/set_roi__functions.h
[2.424s] -- Up-to-date: /home/yanwen/fyp_ws_v3/install/zed_interfaces/include/zed_interfaces/zed_interfaces/srv/detail/start_svo_rec__functions.h
[2.425s] -- Up-to-date: /home/yanwen/fyp_ws_v3/install/zed_interfaces/include/zed_interfaces/zed_interfaces/srv/detail/set_roi__functions.c
[2.425s] -- Up-to-date: /home/yanwen/fyp_ws_v3/install/zed_interfaces/include/zed_interfaces/zed_interfaces/srv/detail/set_pose__functions.h
[2.425s] -- Up-to-date: /home/yanwen/fyp_ws_v3/install/zed_interfaces/include/zed_interfaces/zed_interfaces/srv/detail/start_svo_rec__struct.h
[2.425s] -- Up-to-date: /home/yanwen/fyp_ws_v3/install/zed_interfaces/include/zed_interfaces/zed_interfaces/srv/set_roi.h
[2.425s] -- Up-to-date: /home/yanwen/fyp_ws_v3/install/zed_interfaces/include/zed_interfaces/zed_interfaces/msg
[2.425s] -- Up-to-date: /home/yanwen/fyp_ws_v3/install/zed_interfaces/include/zed_interfaces/zed_interfaces/msg/keypoint2_di.h
[2.425s] -- Up-to-date: /home/yanwen/fyp_ws_v3/install/zed_interfaces/include/zed_interfaces/zed_interfaces/msg/objects_stamped.h
[2.425s] -- Up-to-date: /home/yanwen/fyp_ws_v3/install/zed_interfaces/include/zed_interfaces/zed_interfaces/msg/pos_track_status.h
[2.425s] -- Up-to-date: /home/yanwen/fyp_ws_v3/install/zed_interfaces/include/zed_interfaces/zed_interfaces/msg/depth_info_stamped.h
[2.425s] -- Up-to-date: /home/yanwen/fyp_ws_v3/install/zed_interfaces/include/zed_interfaces/zed_interfaces/msg/skeleton3_d.h
[2.425s] -- Up-to-date: /home/yanwen/fyp_ws_v3/install/zed_interfaces/include/zed_interfaces/zed_interfaces/msg/detail
[2.425s] -- Up-to-date: /home/yanwen/fyp_ws_v3/install/zed_interfaces/include/zed_interfaces/zed_interfaces/msg/detail/depth_info_stamped__type_support.h
[2.425s] -- Up-to-date: /home/yanwen/fyp_ws_v3/install/zed_interfaces/include/zed_interfaces/zed_interfaces/msg/detail/keypoint3_d__struct.h
[2.426s] -- Up-to-date: /home/yanwen/fyp_ws_v3/install/zed_interfaces/include/zed_interfaces/zed_interfaces/msg/detail/bounding_box2_df__functions.c
[2.426s] -- Up-to-date: /home/yanwen/fyp_ws_v3/install/zed_interfaces/include/zed_interfaces/zed_interfaces/msg/detail/depth_info_stamped__struct.h
[2.426s] -- Up-to-date: /home/yanwen/fyp_ws_v3/install/zed_interfaces/include/zed_interfaces/zed_interfaces/msg/detail/plane_stamped__functions.h
[2.426s] -- Up-to-date: /home/yanwen/fyp_ws_v3/install/zed_interfaces/include/zed_interfaces/zed_interfaces/msg/detail/skeleton2_d__functions.h
[2.426s] -- Up-to-date: /home/yanwen/fyp_ws_v3/install/zed_interfaces/include/zed_interfaces/zed_interfaces/msg/detail/keypoint2_di__struct.h
[2.426s] -- Up-to-date: /home/yanwen/fyp_ws_v3/install/zed_interfaces/include/zed_interfaces/zed_interfaces/msg/detail/keypoint3_d__functions.h
[2.426s] -- Up-to-date: /home/yanwen/fyp_ws_v3/install/zed_interfaces/include/zed_interfaces/zed_interfaces/msg/detail/skeleton2_d__functions.c
[2.426s] -- Up-to-date: /home/yanwen/fyp_ws_v3/install/zed_interfaces/include/zed_interfaces/zed_interfaces/msg/detail/object__functions.c
[2.426s] -- Up-to-date: /home/yanwen/fyp_ws_v3/install/zed_interfaces/include/zed_interfaces/zed_interfaces/msg/detail/skeleton3_d__functions.c
[2.426s] -- Up-to-date: /home/yanwen/fyp_ws_v3/install/zed_interfaces/include/zed_interfaces/zed_interfaces/msg/detail/keypoint2_di__functions.h
[2.426s] -- Up-to-date: /home/yanwen/fyp_ws_v3/install/zed_interfaces/include/zed_interfaces/zed_interfaces/msg/detail/pos_track_status__functions.h
[2.426s] -- Up-to-date: /home/yanwen/fyp_ws_v3/install/zed_interfaces/include/zed_interfaces/zed_interfaces/msg/detail/heartbeat__type_support.h
[2.426s] -- Up-to-date: /home/yanwen/fyp_ws_v3/install/zed_interfaces/include/zed_interfaces/zed_interfaces/msg/detail/keypoint2_di__functions.c
[2.426s] -- Up-to-date: /home/yanwen/fyp_ws_v3/install/zed_interfaces/include/zed_interfaces/zed_interfaces/msg/detail/objects_stamped__functions.c
[2.426s] -- Up-to-date: /home/yanwen/fyp_ws_v3/install/zed_interfaces/include/zed_interfaces/zed_interfaces/msg/detail/keypoint2_df__struct.h
[2.427s] -- Up-to-date: /home/yanwen/fyp_ws_v3/install/zed_interfaces/include/zed_interfaces/zed_interfaces/msg/detail/depth_info_stamped__functions.c
[2.427s] -- Up-to-date: /home/yanwen/fyp_ws_v3/install/zed_interfaces/include/zed_interfaces/zed_interfaces/msg/detail/pos_track_status__struct.h
[2.427s] -- Up-to-date: /home/yanwen/fyp_ws_v3/install/zed_interfaces/include/zed_interfaces/zed_interfaces/msg/detail/object__functions.h
[2.427s] -- Up-to-date: /home/yanwen/fyp_ws_v3/install/zed_interfaces/include/zed_interfaces/zed_interfaces/msg/detail/keypoint2_df__type_support.h
[2.427s] -- Up-to-date: /home/yanwen/fyp_ws_v3/install/zed_interfaces/include/zed_interfaces/zed_interfaces/msg/detail/objects_stamped__struct.h
[2.427s] -- Up-to-date: /home/yanwen/fyp_ws_v3/install/zed_interfaces/include/zed_interfaces/zed_interfaces/msg/detail/heartbeat__functions.c
[2.427s] -- Up-to-date: /home/yanwen/fyp_ws_v3/install/zed_interfaces/include/zed_interfaces/zed_interfaces/msg/detail/bounding_box2_di__functions.h
[2.427s] -- Up-to-date: /home/yanwen/fyp_ws_v3/install/zed_interfaces/include/zed_interfaces/zed_interfaces/msg/detail/pos_track_status__functions.c
[2.427s] -- Up-to-date: /home/yanwen/fyp_ws_v3/install/zed_interfaces/include/zed_interfaces/zed_interfaces/msg/detail/bounding_box3_d__struct.h
[2.427s] -- Up-to-date: /home/yanwen/fyp_ws_v3/install/zed_interfaces/include/zed_interfaces/zed_interfaces/msg/detail/bounding_box2_di__struct.h
[2.427s] -- Up-to-date: /home/yanwen/fyp_ws_v3/install/zed_interfaces/include/zed_interfaces/zed_interfaces/msg/detail/depth_info_stamped__functions.h
[2.427s] -- Up-to-date: /home/yanwen/fyp_ws_v3/install/zed_interfaces/include/zed_interfaces/zed_interfaces/msg/detail/object__type_support.h
[2.427s] -- Up-to-date: /home/yanwen/fyp_ws_v3/install/zed_interfaces/include/zed_interfaces/zed_interfaces/msg/detail/objects_stamped__type_support.h
[2.427s] -- Up-to-date: /home/yanwen/fyp_ws_v3/install/zed_interfaces/include/zed_interfaces/zed_interfaces/msg/detail/bounding_box3_d__functions.c
[2.427s] -- Up-to-date: /home/yanwen/fyp_ws_v3/install/zed_interfaces/include/zed_interfaces/zed_interfaces/msg/detail/objects_stamped__functions.h
[2.427s] -- Up-to-date: /home/yanwen/fyp_ws_v3/install/zed_interfaces/include/zed_interfaces/zed_interfaces/msg/detail/skeleton3_d__functions.h
[2.427s] -- Up-to-date: /home/yanwen/fyp_ws_v3/install/zed_interfaces/include/zed_interfaces/zed_interfaces/msg/detail/bounding_box2_df__functions.h
[2.427s] -- Up-to-date: /home/yanwen/fyp_ws_v3/install/zed_interfaces/include/zed_interfaces/zed_interfaces/msg/detail/bounding_box2_di__functions.c
[2.428s] -- Up-to-date: /home/yanwen/fyp_ws_v3/install/zed_interfaces/include/zed_interfaces/zed_interfaces/msg/detail/keypoint2_di__type_support.h
[2.428s] -- Up-to-date: /home/yanwen/fyp_ws_v3/install/zed_interfaces/include/zed_interfaces/zed_interfaces/msg/detail/keypoint2_df__functions.c
[2.428s] -- Up-to-date: /home/yanwen/fyp_ws_v3/install/zed_interfaces/include/zed_interfaces/zed_interfaces/msg/detail/pos_track_status__type_support.h
[2.428s] -- Up-to-date: /home/yanwen/fyp_ws_v3/install/zed_interfaces/include/zed_interfaces/zed_interfaces/msg/detail/keypoint3_d__functions.c
[2.428s] -- Up-to-date: /home/yanwen/fyp_ws_v3/install/zed_interfaces/include/zed_interfaces/zed_interfaces/msg/detail/skeleton3_d__struct.h
[2.428s] -- Up-to-date: /home/yanwen/fyp_ws_v3/install/zed_interfaces/include/zed_interfaces/zed_interfaces/msg/detail/plane_stamped__type_support.h
[2.429s] -- Up-to-date: /home/yanwen/fyp_ws_v3/install/zed_interfaces/include/zed_interfaces/zed_interfaces/msg/detail/skeleton2_d__struct.h
[2.429s] -- Up-to-date: /home/yanwen/fyp_ws_v3/install/zed_interfaces/include/zed_interfaces/zed_interfaces/msg/detail/bounding_box3_d__type_support.h
[2.429s] -- Up-to-date: /home/yanwen/fyp_ws_v3/install/zed_interfaces/include/zed_interfaces/zed_interfaces/msg/detail/skeleton2_d__type_support.h
[2.429s] -- Up-to-date: /home/yanwen/fyp_ws_v3/install/zed_interfaces/include/zed_interfaces/zed_interfaces/msg/detail/plane_stamped__functions.c
[2.429s] -- Up-to-date: /home/yanwen/fyp_ws_v3/install/zed_interfaces/include/zed_interfaces/zed_interfaces/msg/detail/heartbeat__functions.h
[2.429s] -- Up-to-date: /home/yanwen/fyp_ws_v3/install/zed_interfaces/include/zed_interfaces/zed_interfaces/msg/detail/keypoint3_d__type_support.h
[2.429s] -- Up-to-date: /home/yanwen/fyp_ws_v3/install/zed_interfaces/include/zed_interfaces/zed_interfaces/msg/detail/bounding_box2_di__type_support.h
[2.429s] -- Up-to-date: /home/yanwen/fyp_ws_v3/install/zed_interfaces/include/zed_interfaces/zed_interfaces/msg/detail/heartbeat__struct.h
[2.429s] -- Up-to-date: /home/yanwen/fyp_ws_v3/install/zed_interfaces/include/zed_interfaces/zed_interfaces/msg/detail/bounding_box3_d__functions.h
[2.430s] -- Up-to-date: /home/yanwen/fyp_ws_v3/install/zed_interfaces/include/zed_interfaces/zed_interfaces/msg/detail/bounding_box2_df__type_support.h
[2.430s] -- Up-to-date: /home/yanwen/fyp_ws_v3/install/zed_interfaces/include/zed_interfaces/zed_interfaces/msg/detail/keypoint2_df__functions.h
[2.430s] -- Up-to-date: /home/yanwen/fyp_ws_v3/install/zed_interfaces/include/zed_interfaces/zed_interfaces/msg/detail/plane_stamped__struct.h
[2.430s] -- Up-to-date: /home/yanwen/fyp_ws_v3/install/zed_interfaces/include/zed_interfaces/zed_interfaces/msg/detail/skeleton3_d__type_support.h
[2.430s] -- Up-to-date: /home/yanwen/fyp_ws_v3/install/zed_interfaces/include/zed_interfaces/zed_interfaces/msg/detail/object__struct.h
[2.430s] -- Up-to-date: /home/yanwen/fyp_ws_v3/install/zed_interfaces/include/zed_interfaces/zed_interfaces/msg/detail/bounding_box2_df__struct.h
[2.430s] -- Up-to-date: /home/yanwen/fyp_ws_v3/install/zed_interfaces/include/zed_interfaces/zed_interfaces/msg/bounding_box3_d.h
[2.431s] -- Up-to-date: /home/yanwen/fyp_ws_v3/install/zed_interfaces/include/zed_interfaces/zed_interfaces/msg/rosidl_generator_c__visibility_control.h
[2.431s] -- Up-to-date: /home/yanwen/fyp_ws_v3/install/zed_interfaces/include/zed_interfaces/zed_interfaces/msg/object.h
[2.431s] -- Up-to-date: /home/yanwen/fyp_ws_v3/install/zed_interfaces/include/zed_interfaces/zed_interfaces/msg/bounding_box2_df.h
[2.431s] -- Up-to-date: /home/yanwen/fyp_ws_v3/install/zed_interfaces/include/zed_interfaces/zed_interfaces/msg/keypoint3_d.h
[2.431s] -- Up-to-date: /home/yanwen/fyp_ws_v3/install/zed_interfaces/include/zed_interfaces/zed_interfaces/msg/plane_stamped.h
[2.431s] -- Up-to-date: /home/yanwen/fyp_ws_v3/install/zed_interfaces/include/zed_interfaces/zed_interfaces/msg/heartbeat.h
[2.431s] -- Up-to-date: /home/yanwen/fyp_ws_v3/install/zed_interfaces/include/zed_interfaces/zed_interfaces/msg/keypoint2_df.h
[2.431s] -- Up-to-date: /home/yanwen/fyp_ws_v3/install/zed_interfaces/include/zed_interfaces/zed_interfaces/msg/skeleton2_d.h
[2.431s] -- Up-to-date: /home/yanwen/fyp_ws_v3/install/zed_interfaces/include/zed_interfaces/zed_interfaces/msg/bounding_box2_di.h
[2.431s] -- Up-to-date: /home/yanwen/fyp_ws_v3/install/zed_interfaces/share/zed_interfaces/environment/library_path.sh
[2.432s] -- Up-to-date: /home/yanwen/fyp_ws_v3/install/zed_interfaces/share/zed_interfaces/environment/library_path.dsv
[2.432s] -- Up-to-date: /home/yanwen/fyp_ws_v3/install/zed_interfaces/lib/libzed_interfaces__rosidl_generator_c.so
[2.432s] -- Up-to-date: /home/yanwen/fyp_ws_v3/install/zed_interfaces/include/zed_interfaces/zed_interfaces
[2.432s] -- Up-to-date: /home/yanwen/fyp_ws_v3/install/zed_interfaces/include/zed_interfaces/zed_interfaces/srv
[2.432s] -- Up-to-date: /home/yanwen/fyp_ws_v3/install/zed_interfaces/include/zed_interfaces/zed_interfaces/srv/detail
[2.432s] -- Up-to-date: /home/yanwen/fyp_ws_v3/install/zed_interfaces/include/zed_interfaces/zed_interfaces/srv/detail/set_pose__rosidl_typesupport_fastrtps_c.h
[2.433s] -- Up-to-date: /home/yanwen/fyp_ws_v3/install/zed_interfaces/include/zed_interfaces/zed_interfaces/srv/detail/set_roi__rosidl_typesupport_fastrtps_c.h
[2.433s] -- Up-to-date: /home/yanwen/fyp_ws_v3/install/zed_interfaces/include/zed_interfaces/zed_interfaces/srv/detail/start_svo_rec__rosidl_typesupport_fastrtps_c.h
[2.433s] -- Up-to-date: /home/yanwen/fyp_ws_v3/install/zed_interfaces/include/zed_interfaces/zed_interfaces/msg
[2.433s] -- Up-to-date: /home/yanwen/fyp_ws_v3/install/zed_interfaces/include/zed_interfaces/zed_interfaces/msg/detail
[2.433s] -- Up-to-date: /home/yanwen/fyp_ws_v3/install/zed_interfaces/include/zed_interfaces/zed_interfaces/msg/detail/pos_track_status__rosidl_typesupport_fastrtps_c.h
[2.433s] -- Up-to-date: /home/yanwen/fyp_ws_v3/install/zed_interfaces/include/zed_interfaces/zed_interfaces/msg/detail/keypoint3_d__rosidl_typesupport_fastrtps_c.h
[2.433s] -- Up-to-date: /home/yanwen/fyp_ws_v3/install/zed_interfaces/include/zed_interfaces/zed_interfaces/msg/detail/keypoint2_df__rosidl_typesupport_fastrtps_c.h
[2.433s] -- Up-to-date: /home/yanwen/fyp_ws_v3/install/zed_interfaces/include/zed_interfaces/zed_interfaces/msg/detail/skeleton2_d__rosidl_typesupport_fastrtps_c.h
[2.433s] -- Up-to-date: /home/yanwen/fyp_ws_v3/install/zed_interfaces/include/zed_interfaces/zed_interfaces/msg/detail/keypoint2_di__rosidl_typesupport_fastrtps_c.h
[2.433s] -- Up-to-date: /home/yanwen/fyp_ws_v3/install/zed_interfaces/include/zed_interfaces/zed_interfaces/msg/detail/skeleton3_d__rosidl_typesupport_fastrtps_c.h
[2.433s] -- Up-to-date: /home/yanwen/fyp_ws_v3/install/zed_interfaces/include/zed_interfaces/zed_interfaces/msg/detail/bounding_box2_di__rosidl_typesupport_fastrtps_c.h
[2.434s] -- Up-to-date: /home/yanwen/fyp_ws_v3/install/zed_interfaces/include/zed_interfaces/zed_interfaces/msg/detail/object__rosidl_typesupport_fastrtps_c.h
[2.434s] -- Up-to-date: /home/yanwen/fyp_ws_v3/install/zed_interfaces/include/zed_interfaces/zed_interfaces/msg/detail/objects_stamped__rosidl_typesupport_fastrtps_c.h
[2.434s] -- Up-to-date: /home/yanwen/fyp_ws_v3/install/zed_interfaces/include/zed_interfaces/zed_interfaces/msg/detail/bounding_box3_d__rosidl_typesupport_fastrtps_c.h
[2.434s] -- Up-to-date: /home/yanwen/fyp_ws_v3/install/zed_interfaces/include/zed_interfaces/zed_interfaces/msg/detail/heartbeat__rosidl_typesupport_fastrtps_c.h
[2.434s] -- Up-to-date: /home/yanwen/fyp_ws_v3/install/zed_interfaces/include/zed_interfaces/zed_interfaces/msg/detail/depth_info_stamped__rosidl_typesupport_fastrtps_c.h
[2.434s] -- Up-to-date: /home/yanwen/fyp_ws_v3/install/zed_interfaces/include/zed_interfaces/zed_interfaces/msg/detail/plane_stamped__rosidl_typesupport_fastrtps_c.h
[2.434s] -- Up-to-date: /home/yanwen/fyp_ws_v3/install/zed_interfaces/include/zed_interfaces/zed_interfaces/msg/detail/bounding_box2_df__rosidl_typesupport_fastrtps_c.h
[2.435s] -- Up-to-date: /home/yanwen/fyp_ws_v3/install/zed_interfaces/include/zed_interfaces/zed_interfaces/msg/rosidl_typesupport_fastrtps_c__visibility_control.h
[2.435s] -- Up-to-date: /home/yanwen/fyp_ws_v3/install/zed_interfaces/lib/libzed_interfaces__rosidl_typesupport_fastrtps_c.so
[2.435s] -- Up-to-date: /home/yanwen/fyp_ws_v3/install/zed_interfaces/include/zed_interfaces/zed_interfaces
[2.435s] -- Up-to-date: /home/yanwen/fyp_ws_v3/install/zed_interfaces/include/zed_interfaces/zed_interfaces/srv
[2.435s] -- Up-to-date: /home/yanwen/fyp_ws_v3/install/zed_interfaces/include/zed_interfaces/zed_interfaces/srv/detail
[2.435s] -- Up-to-date: /home/yanwen/fyp_ws_v3/install/zed_interfaces/include/zed_interfaces/zed_interfaces/srv/detail/start_svo_rec__traits.hpp
[2.435s] -- Up-to-date: /home/yanwen/fyp_ws_v3/install/zed_interfaces/include/zed_interfaces/zed_interfaces/srv/detail/set_roi__struct.hpp
[2.435s] -- Up-to-date: /home/yanwen/fyp_ws_v3/install/zed_interfaces/include/zed_interfaces/zed_interfaces/srv/detail/set_pose__builder.hpp
[2.435s] -- Up-to-date: /home/yanwen/fyp_ws_v3/install/zed_interfaces/include/zed_interfaces/zed_interfaces/srv/detail/set_pose__traits.hpp
[2.436s] -- Up-to-date: /home/yanwen/fyp_ws_v3/install/zed_interfaces/include/zed_interfaces/zed_interfaces/srv/detail/set_roi__traits.hpp
[2.436s] -- Up-to-date: /home/yanwen/fyp_ws_v3/install/zed_interfaces/include/zed_interfaces/zed_interfaces/srv/detail/set_roi__builder.hpp
[2.436s] -- Up-to-date: /home/yanwen/fyp_ws_v3/install/zed_interfaces/include/zed_interfaces/zed_interfaces/srv/detail/start_svo_rec__builder.hpp
[2.436s] -- Up-to-date: /home/yanwen/fyp_ws_v3/install/zed_interfaces/include/zed_interfaces/zed_interfaces/srv/detail/start_svo_rec__struct.hpp
[2.436s] -- Up-to-date: /home/yanwen/fyp_ws_v3/install/zed_interfaces/include/zed_interfaces/zed_interfaces/srv/detail/set_pose__struct.hpp
[2.436s] -- Up-to-date: /home/yanwen/fyp_ws_v3/install/zed_interfaces/include/zed_interfaces/zed_interfaces/srv/start_svo_rec.hpp
[2.436s] -- Up-to-date: /home/yanwen/fyp_ws_v3/install/zed_interfaces/include/zed_interfaces/zed_interfaces/srv/set_roi.hpp
[2.436s] -- Up-to-date: /home/yanwen/fyp_ws_v3/install/zed_interfaces/include/zed_interfaces/zed_interfaces/srv/set_pose.hpp
[2.436s] -- Up-to-date: /home/yanwen/fyp_ws_v3/install/zed_interfaces/include/zed_interfaces/zed_interfaces/msg
[2.436s] -- Up-to-date: /home/yanwen/fyp_ws_v3/install/zed_interfaces/include/zed_interfaces/zed_interfaces/msg/skeleton3_d.hpp
[2.436s] -- Up-to-date: /home/yanwen/fyp_ws_v3/install/zed_interfaces/include/zed_interfaces/zed_interfaces/msg/keypoint3_d.hpp
[2.436s] -- Up-to-date: /home/yanwen/fyp_ws_v3/install/zed_interfaces/include/zed_interfaces/zed_interfaces/msg/plane_stamped.hpp
[2.436s] -- Up-to-date: /home/yanwen/fyp_ws_v3/install/zed_interfaces/include/zed_interfaces/zed_interfaces/msg/bounding_box3_d.hpp
[2.436s] -- Up-to-date: /home/yanwen/fyp_ws_v3/install/zed_interfaces/include/zed_interfaces/zed_interfaces/msg/keypoint2_df.hpp
[2.437s] -- Up-to-date: /home/yanwen/fyp_ws_v3/install/zed_interfaces/include/zed_interfaces/zed_interfaces/msg/objects_stamped.hpp
[2.437s] -- Up-to-date: /home/yanwen/fyp_ws_v3/install/zed_interfaces/include/zed_interfaces/zed_interfaces/msg/bounding_box2_df.hpp
[2.437s] -- Up-to-date: /home/yanwen/fyp_ws_v3/install/zed_interfaces/include/zed_interfaces/zed_interfaces/msg/detail
[2.437s] -- Up-to-date: /home/yanwen/fyp_ws_v3/install/zed_interfaces/include/zed_interfaces/zed_interfaces/msg/detail/keypoint3_d__traits.hpp
[2.437s] -- Up-to-date: /home/yanwen/fyp_ws_v3/install/zed_interfaces/include/zed_interfaces/zed_interfaces/msg/detail/pos_track_status__builder.hpp
[2.437s] -- Up-to-date: /home/yanwen/fyp_ws_v3/install/zed_interfaces/include/zed_interfaces/zed_interfaces/msg/detail/objects_stamped__struct.hpp
[2.437s] -- Up-to-date: /home/yanwen/fyp_ws_v3/install/zed_interfaces/include/zed_interfaces/zed_interfaces/msg/detail/bounding_box3_d__struct.hpp
[2.437s] -- Up-to-date: /home/yanwen/fyp_ws_v3/install/zed_interfaces/include/zed_interfaces/zed_interfaces/msg/detail/bounding_box2_df__traits.hpp
[2.437s] -- Up-to-date: /home/yanwen/fyp_ws_v3/install/zed_interfaces/include/zed_interfaces/zed_interfaces/msg/detail/object__struct.hpp
[2.437s] -- Up-to-date: /home/yanwen/fyp_ws_v3/install/zed_interfaces/include/zed_interfaces/zed_interfaces/msg/detail/plane_stamped__struct.hpp
[2.437s] -- Up-to-date: /home/yanwen/fyp_ws_v3/install/zed_interfaces/include/zed_interfaces/zed_interfaces/msg/detail/depth_info_stamped__struct.hpp
[2.437s] -- Up-to-date: /home/yanwen/fyp_ws_v3/install/zed_interfaces/include/zed_interfaces/zed_interfaces/msg/detail/heartbeat__traits.hpp
[2.437s] -- Up-to-date: /home/yanwen/fyp_ws_v3/install/zed_interfaces/include/zed_interfaces/zed_interfaces/msg/detail/skeleton2_d__struct.hpp
[2.437s] -- Up-to-date: /home/yanwen/fyp_ws_v3/install/zed_interfaces/include/zed_interfaces/zed_interfaces/msg/detail/heartbeat__struct.hpp
[2.437s] -- Up-to-date: /home/yanwen/fyp_ws_v3/install/zed_interfaces/include/zed_interfaces/zed_interfaces/msg/detail/keypoint3_d__builder.hpp
[2.438s] -- Up-to-date: /home/yanwen/fyp_ws_v3/install/zed_interfaces/include/zed_interfaces/zed_interfaces/msg/detail/keypoint2_di__traits.hpp
[2.438s] -- Up-to-date: /home/yanwen/fyp_ws_v3/install/zed_interfaces/include/zed_interfaces/zed_interfaces/msg/detail/heartbeat__builder.hpp
[2.438s] -- Up-to-date: /home/yanwen/fyp_ws_v3/install/zed_interfaces/include/zed_interfaces/zed_interfaces/msg/detail/keypoint2_df__traits.hpp
[2.438s] -- Up-to-date: /home/yanwen/fyp_ws_v3/install/zed_interfaces/include/zed_interfaces/zed_interfaces/msg/detail/objects_stamped__traits.hpp
[2.438s] -- Up-to-date: /home/yanwen/fyp_ws_v3/install/zed_interfaces/include/zed_interfaces/zed_interfaces/msg/detail/keypoint3_d__struct.hpp
[2.438s] -- Up-to-date: /home/yanwen/fyp_ws_v3/install/zed_interfaces/include/zed_interfaces/zed_interfaces/msg/detail/skeleton3_d__traits.hpp
[2.438s] -- Up-to-date: /home/yanwen/fyp_ws_v3/install/zed_interfaces/include/zed_interfaces/zed_interfaces/msg/detail/bounding_box2_df__builder.hpp
[2.438s] -- Up-to-date: /home/yanwen/fyp_ws_v3/install/zed_interfaces/include/zed_interfaces/zed_interfaces/msg/detail/bounding_box2_df__struct.hpp
[2.438s] -- Up-to-date: /home/yanwen/fyp_ws_v3/install/zed_interfaces/include/zed_interfaces/zed_interfaces/msg/detail/bounding_box2_di__traits.hpp
[2.438s] -- Up-to-date: /home/yanwen/fyp_ws_v3/install/zed_interfaces/include/zed_interfaces/zed_interfaces/msg/detail/plane_stamped__builder.hpp
[2.438s] -- Up-to-date: /home/yanwen/fyp_ws_v3/install/zed_interfaces/include/zed_interfaces/zed_interfaces/msg/detail/keypoint2_df__builder.hpp
[2.438s] -- Up-to-date: /home/yanwen/fyp_ws_v3/install/zed_interfaces/include/zed_interfaces/zed_interfaces/msg/detail/object__builder.hpp
[2.438s] -- Up-to-date: /home/yanwen/fyp_ws_v3/install/zed_interfaces/include/zed_interfaces/zed_interfaces/msg/detail/depth_info_stamped__builder.hpp
[2.439s] -- Up-to-date: /home/yanwen/fyp_ws_v3/install/zed_interfaces/include/zed_interfaces/zed_interfaces/msg/detail/keypoint2_df__struct.hpp
[2.439s] -- Up-to-date: /home/yanwen/fyp_ws_v3/install/zed_interfaces/include/zed_interfaces/zed_interfaces/msg/detail/bounding_box3_d__builder.hpp
[2.439s] -- Up-to-date: /home/yanwen/fyp_ws_v3/install/zed_interfaces/include/zed_interfaces/zed_interfaces/msg/detail/depth_info_stamped__traits.hpp
[2.439s] -- Up-to-date: /home/yanwen/fyp_ws_v3/install/zed_interfaces/include/zed_interfaces/zed_interfaces/msg/detail/skeleton2_d__traits.hpp
[2.439s] -- Up-to-date: /home/yanwen/fyp_ws_v3/install/zed_interfaces/include/zed_interfaces/zed_interfaces/msg/detail/object__traits.hpp
[2.439s] -- Up-to-date: /home/yanwen/fyp_ws_v3/install/zed_interfaces/include/zed_interfaces/zed_interfaces/msg/detail/objects_stamped__builder.hpp
[2.439s] -- Up-to-date: /home/yanwen/fyp_ws_v3/install/zed_interfaces/include/zed_interfaces/zed_interfaces/msg/detail/skeleton2_d__builder.hpp
[2.439s] -- Up-to-date: /home/yanwen/fyp_ws_v3/install/zed_interfaces/include/zed_interfaces/zed_interfaces/msg/detail/plane_stamped__traits.hpp
[2.439s] -- Up-to-date: /home/yanwen/fyp_ws_v3/install/zed_interfaces/include/zed_interfaces/zed_interfaces/msg/detail/bounding_box2_di__struct.hpp
[2.439s] -- Up-to-date: /home/yanwen/fyp_ws_v3/install/zed_interfaces/include/zed_interfaces/zed_interfaces/msg/detail/bounding_box3_d__traits.hpp
[2.439s] -- Up-to-date: /home/yanwen/fyp_ws_v3/install/zed_interfaces/include/zed_interfaces/zed_interfaces/msg/detail/pos_track_status__traits.hpp
[2.439s] -- Up-to-date: /home/yanwen/fyp_ws_v3/install/zed_interfaces/include/zed_interfaces/zed_interfaces/msg/detail/skeleton3_d__builder.hpp
[2.439s] -- Up-to-date: /home/yanwen/fyp_ws_v3/install/zed_interfaces/include/zed_interfaces/zed_interfaces/msg/detail/pos_track_status__struct.hpp
[2.440s] -- Up-to-date: /home/yanwen/fyp_ws_v3/install/zed_interfaces/include/zed_interfaces/zed_interfaces/msg/detail/keypoint2_di__builder.hpp
[2.440s] -- Up-to-date: /home/yanwen/fyp_ws_v3/install/zed_interfaces/include/zed_interfaces/zed_interfaces/msg/detail/keypoint2_di__struct.hpp
[2.440s] -- Up-to-date: /home/yanwen/fyp_ws_v3/install/zed_interfaces/include/zed_interfaces/zed_interfaces/msg/detail/bounding_box2_di__builder.hpp
[2.440s] -- Up-to-date: /home/yanwen/fyp_ws_v3/install/zed_interfaces/include/zed_interfaces/zed_interfaces/msg/detail/skeleton3_d__struct.hpp
[2.440s] -- Up-to-date: /home/yanwen/fyp_ws_v3/install/zed_interfaces/include/zed_interfaces/zed_interfaces/msg/object.hpp
[2.440s] -- Up-to-date: /home/yanwen/fyp_ws_v3/install/zed_interfaces/include/zed_interfaces/zed_interfaces/msg/skeleton2_d.hpp
[2.440s] -- Up-to-date: /home/yanwen/fyp_ws_v3/install/zed_interfaces/include/zed_interfaces/zed_interfaces/msg/keypoint2_di.hpp
[2.440s] -- Up-to-date: /home/yanwen/fyp_ws_v3/install/zed_interfaces/include/zed_interfaces/zed_interfaces/msg/pos_track_status.hpp
[2.440s] -- Up-to-date: /home/yanwen/fyp_ws_v3/install/zed_interfaces/include/zed_interfaces/zed_interfaces/msg/bounding_box2_di.hpp
[2.440s] -- Up-to-date: /home/yanwen/fyp_ws_v3/install/zed_interfaces/include/zed_interfaces/zed_interfaces/msg/heartbeat.hpp
[2.440s] -- Up-to-date: /home/yanwen/fyp_ws_v3/install/zed_interfaces/include/zed_interfaces/zed_interfaces/msg/depth_info_stamped.hpp
[2.440s] -- Up-to-date: /home/yanwen/fyp_ws_v3/install/zed_interfaces/include/zed_interfaces/zed_interfaces
[2.440s] -- Up-to-date: /home/yanwen/fyp_ws_v3/install/zed_interfaces/include/zed_interfaces/zed_interfaces/srv
[2.440s] -- Up-to-date: /home/yanwen/fyp_ws_v3/install/zed_interfaces/include/zed_interfaces/zed_interfaces/srv/detail
[2.440s] -- Up-to-date: /home/yanwen/fyp_ws_v3/install/zed_interfaces/include/zed_interfaces/zed_interfaces/srv/detail/set_roi__rosidl_typesupport_fastrtps_cpp.hpp
[2.440s] -- Up-to-date: /home/yanwen/fyp_ws_v3/install/zed_interfaces/include/zed_interfaces/zed_interfaces/srv/detail/start_svo_rec__rosidl_typesupport_fastrtps_cpp.hpp
[2.441s] -- Up-to-date: /home/yanwen/fyp_ws_v3/install/zed_interfaces/include/zed_interfaces/zed_interfaces/srv/detail/dds_fastrtps
[2.441s] -- Up-to-date: /home/yanwen/fyp_ws_v3/install/zed_interfaces/include/zed_interfaces/zed_interfaces/srv/detail/set_pose__rosidl_typesupport_fastrtps_cpp.hpp
[2.441s] -- Up-to-date: /home/yanwen/fyp_ws_v3/install/zed_interfaces/include/zed_interfaces/zed_interfaces/msg
[2.441s] -- Up-to-date: /home/yanwen/fyp_ws_v3/install/zed_interfaces/include/zed_interfaces/zed_interfaces/msg/rosidl_typesupport_fastrtps_cpp__visibility_control.h
[2.441s] -- Up-to-date: /home/yanwen/fyp_ws_v3/install/zed_interfaces/include/zed_interfaces/zed_interfaces/msg/detail
[2.441s] -- Up-to-date: /home/yanwen/fyp_ws_v3/install/zed_interfaces/include/zed_interfaces/zed_interfaces/msg/detail/skeleton3_d__rosidl_typesupport_fastrtps_cpp.hpp
[2.441s] -- Up-to-date: /home/yanwen/fyp_ws_v3/install/zed_interfaces/include/zed_interfaces/zed_interfaces/msg/detail/keypoint3_d__rosidl_typesupport_fastrtps_cpp.hpp
[2.441s] -- Up-to-date: /home/yanwen/fyp_ws_v3/install/zed_interfaces/include/zed_interfaces/zed_interfaces/msg/detail/objects_stamped__rosidl_typesupport_fastrtps_cpp.hpp
[2.441s] -- Up-to-date: /home/yanwen/fyp_ws_v3/install/zed_interfaces/include/zed_interfaces/zed_interfaces/msg/detail/bounding_box2_di__rosidl_typesupport_fastrtps_cpp.hpp
[2.441s] -- Up-to-date: /home/yanwen/fyp_ws_v3/install/zed_interfaces/include/zed_interfaces/zed_interfaces/msg/detail/plane_stamped__rosidl_typesupport_fastrtps_cpp.hpp
[2.441s] -- Up-to-date: /home/yanwen/fyp_ws_v3/install/zed_interfaces/include/zed_interfaces/zed_interfaces/msg/detail/keypoint2_di__rosidl_typesupport_fastrtps_cpp.hpp
[2.441s] -- Up-to-date: /home/yanwen/fyp_ws_v3/install/zed_interfaces/include/zed_interfaces/zed_interfaces/msg/detail/object__rosidl_typesupport_fastrtps_cpp.hpp
[2.441s] -- Up-to-date: /home/yanwen/fyp_ws_v3/install/zed_interfaces/include/zed_interfaces/zed_interfaces/msg/detail/keypoint2_df__rosidl_typesupport_fastrtps_cpp.hpp
[2.441s] -- Up-to-date: /home/yanwen/fyp_ws_v3/install/zed_interfaces/include/zed_interfaces/zed_interfaces/msg/detail/heartbeat__rosidl_typesupport_fastrtps_cpp.hpp
[2.442s] -- Up-to-date: /home/yanwen/fyp_ws_v3/install/zed_interfaces/include/zed_interfaces/zed_interfaces/msg/detail/depth_info_stamped__rosidl_typesupport_fastrtps_cpp.hpp
[2.442s] -- Up-to-date: /home/yanwen/fyp_ws_v3/install/zed_interfaces/include/zed_interfaces/zed_interfaces/msg/detail/skeleton2_d__rosidl_typesupport_fastrtps_cpp.hpp
[2.442s] -- Up-to-date: /home/yanwen/fyp_ws_v3/install/zed_interfaces/include/zed_interfaces/zed_interfaces/msg/detail/bounding_box2_df__rosidl_typesupport_fastrtps_cpp.hpp
[2.442s] -- Up-to-date: /home/yanwen/fyp_ws_v3/install/zed_interfaces/include/zed_interfaces/zed_interfaces/msg/detail/dds_fastrtps
[2.442s] -- Up-to-date: /home/yanwen/fyp_ws_v3/install/zed_interfaces/include/zed_interfaces/zed_interfaces/msg/detail/bounding_box3_d__rosidl_typesupport_fastrtps_cpp.hpp
[2.442s] -- Up-to-date: /home/yanwen/fyp_ws_v3/install/zed_interfaces/include/zed_interfaces/zed_interfaces/msg/detail/pos_track_status__rosidl_typesupport_fastrtps_cpp.hpp
[2.442s] -- Up-to-date: /home/yanwen/fyp_ws_v3/install/zed_interfaces/lib/libzed_interfaces__rosidl_typesupport_fastrtps_cpp.so
[2.442s] -- Up-to-date: /home/yanwen/fyp_ws_v3/install/zed_interfaces/include/zed_interfaces/zed_interfaces
[2.442s] -- Up-to-date: /home/yanwen/fyp_ws_v3/install/zed_interfaces/include/zed_interfaces/zed_interfaces/srv
[2.442s] -- Up-to-date: /home/yanwen/fyp_ws_v3/install/zed_interfaces/include/zed_interfaces/zed_interfaces/srv/detail
[2.442s] -- Up-to-date: /home/yanwen/fyp_ws_v3/install/zed_interfaces/include/zed_interfaces/zed_interfaces/srv/detail/start_svo_rec__rosidl_typesupport_introspection_c.h
[2.443s] -- Up-to-date: /home/yanwen/fyp_ws_v3/install/zed_interfaces/include/zed_interfaces/zed_interfaces/srv/detail/set_pose__rosidl_typesupport_introspection_c.h
[2.443s] -- Up-to-date: /home/yanwen/fyp_ws_v3/install/zed_interfaces/include/zed_interfaces/zed_interfaces/srv/detail/set_roi__type_support.c
[2.443s] -- Up-to-date: /home/yanwen/fyp_ws_v3/install/zed_interfaces/include/zed_interfaces/zed_interfaces/srv/detail/start_svo_rec__type_support.c
[2.443s] -- Up-to-date: /home/yanwen/fyp_ws_v3/install/zed_interfaces/include/zed_interfaces/zed_interfaces/srv/detail/set_roi__rosidl_typesupport_introspection_c.h
[2.443s] -- Up-to-date: /home/yanwen/fyp_ws_v3/install/zed_interfaces/include/zed_interfaces/zed_interfaces/srv/detail/set_pose__type_support.c
[2.443s] -- Up-to-date: /home/yanwen/fyp_ws_v3/install/zed_interfaces/include/zed_interfaces/zed_interfaces/msg
[2.443s] -- Up-to-date: /home/yanwen/fyp_ws_v3/install/zed_interfaces/include/zed_interfaces/zed_interfaces/msg/detail
[2.443s] -- Up-to-date: /home/yanwen/fyp_ws_v3/install/zed_interfaces/include/zed_interfaces/zed_interfaces/msg/detail/skeleton3_d__rosidl_typesupport_introspection_c.h
[2.443s] -- Up-to-date: /home/yanwen/fyp_ws_v3/install/zed_interfaces/include/zed_interfaces/zed_interfaces/msg/detail/keypoint3_d__type_support.c
[2.443s] -- Up-to-date: /home/yanwen/fyp_ws_v3/install/zed_interfaces/include/zed_interfaces/zed_interfaces/msg/detail/heartbeat__type_support.c
[2.443s] -- Up-to-date: /home/yanwen/fyp_ws_v3/install/zed_interfaces/include/zed_interfaces/zed_interfaces/msg/detail/bounding_box3_d__type_support.c
[2.443s] -- Up-to-date: /home/yanwen/fyp_ws_v3/install/zed_interfaces/include/zed_interfaces/zed_interfaces/msg/detail/bounding_box2_di__rosidl_typesupport_introspection_c.h
[2.443s] -- Up-to-date: /home/yanwen/fyp_ws_v3/install/zed_interfaces/include/zed_interfaces/zed_interfaces/msg/detail/depth_info_stamped__type_support.c
[2.443s] -- Up-to-date: /home/yanwen/fyp_ws_v3/install/zed_interfaces/include/zed_interfaces/zed_interfaces/msg/detail/skeleton3_d__type_support.c
[2.444s] -- Up-to-date: /home/yanwen/fyp_ws_v3/install/zed_interfaces/include/zed_interfaces/zed_interfaces/msg/detail/objects_stamped__type_support.c
[2.444s] -- Up-to-date: /home/yanwen/fyp_ws_v3/install/zed_interfaces/include/zed_interfaces/zed_interfaces/msg/detail/pos_track_status__type_support.c
[2.444s] -- Up-to-date: /home/yanwen/fyp_ws_v3/install/zed_interfaces/include/zed_interfaces/zed_interfaces/msg/detail/plane_stamped__type_support.c
[2.444s] -- Up-to-date: /home/yanwen/fyp_ws_v3/install/zed_interfaces/include/zed_interfaces/zed_interfaces/msg/detail/pos_track_status__rosidl_typesupport_introspection_c.h
[2.444s] -- Up-to-date: /home/yanwen/fyp_ws_v3/install/zed_interfaces/include/zed_interfaces/zed_interfaces/msg/detail/skeleton2_d__type_support.c
[2.444s] -- Up-to-date: /home/yanwen/fyp_ws_v3/install/zed_interfaces/include/zed_interfaces/zed_interfaces/msg/detail/skeleton2_d__rosidl_typesupport_introspection_c.h
[2.444s] -- Up-to-date: /home/yanwen/fyp_ws_v3/install/zed_interfaces/include/zed_interfaces/zed_interfaces/msg/detail/bounding_box2_di__type_support.c
[2.444s] -- Up-to-date: /home/yanwen/fyp_ws_v3/install/zed_interfaces/include/zed_interfaces/zed_interfaces/msg/detail/object__rosidl_typesupport_introspection_c.h
[2.444s] -- Up-to-date: /home/yanwen/fyp_ws_v3/install/zed_interfaces/include/zed_interfaces/zed_interfaces/msg/detail/keypoint3_d__rosidl_typesupport_introspection_c.h
[2.444s] -- Up-to-date: /home/yanwen/fyp_ws_v3/install/zed_interfaces/include/zed_interfaces/zed_interfaces/msg/detail/object__type_support.c
[2.444s] -- Up-to-date: /home/yanwen/fyp_ws_v3/install/zed_interfaces/include/zed_interfaces/zed_interfaces/msg/detail/objects_stamped__rosidl_typesupport_introspection_c.h
[2.444s] -- Up-to-date: /home/yanwen/fyp_ws_v3/install/zed_interfaces/include/zed_interfaces/zed_interfaces/msg/detail/bounding_box2_df__type_support.c
[2.444s] -- Up-to-date: /home/yanwen/fyp_ws_v3/install/zed_interfaces/include/zed_interfaces/zed_interfaces/msg/detail/keypoint2_df__type_support.c
[2.445s] -- Up-to-date: /home/yanwen/fyp_ws_v3/install/zed_interfaces/include/zed_interfaces/zed_interfaces/msg/detail/bounding_box3_d__rosidl_typesupport_introspection_c.h
[2.445s] -- Up-to-date: /home/yanwen/fyp_ws_v3/install/zed_interfaces/include/zed_interfaces/zed_interfaces/msg/detail/plane_stamped__rosidl_typesupport_introspection_c.h
[2.445s] -- Up-to-date: /home/yanwen/fyp_ws_v3/install/zed_interfaces/include/zed_interfaces/zed_interfaces/msg/detail/keypoint2_di__rosidl_typesupport_introspection_c.h
[2.445s] -- Up-to-date: /home/yanwen/fyp_ws_v3/install/zed_interfaces/include/zed_interfaces/zed_interfaces/msg/detail/keypoint2_df__rosidl_typesupport_introspection_c.h
[2.445s] -- Up-to-date: /home/yanwen/fyp_ws_v3/install/zed_interfaces/include/zed_interfaces/zed_interfaces/msg/detail/keypoint2_di__type_support.c
[2.445s] -- Up-to-date: /home/yanwen/fyp_ws_v3/install/zed_interfaces/include/zed_interfaces/zed_interfaces/msg/detail/bounding_box2_df__rosidl_typesupport_introspection_c.h
[2.445s] -- Up-to-date: /home/yanwen/fyp_ws_v3/install/zed_interfaces/include/zed_interfaces/zed_interfaces/msg/detail/heartbeat__rosidl_typesupport_introspection_c.h
[2.445s] -- Up-to-date: /home/yanwen/fyp_ws_v3/install/zed_interfaces/include/zed_interfaces/zed_interfaces/msg/detail/depth_info_stamped__rosidl_typesupport_introspection_c.h
[2.445s] -- Up-to-date: /home/yanwen/fyp_ws_v3/install/zed_interfaces/include/zed_interfaces/zed_interfaces/msg/rosidl_typesupport_introspection_c__visibility_control.h
[2.445s] -- Up-to-date: /home/yanwen/fyp_ws_v3/install/zed_interfaces/lib/libzed_interfaces__rosidl_typesupport_introspection_c.so
[2.445s] -- Up-to-date: /home/yanwen/fyp_ws_v3/install/zed_interfaces/lib/libzed_interfaces__rosidl_typesupport_c.so
[2.445s] -- Up-to-date: /home/yanwen/fyp_ws_v3/install/zed_interfaces/include/zed_interfaces/zed_interfaces
[2.446s] -- Up-to-date: /home/yanwen/fyp_ws_v3/install/zed_interfaces/include/zed_interfaces/zed_interfaces/srv
[2.446s] -- Up-to-date: /home/yanwen/fyp_ws_v3/install/zed_interfaces/include/zed_interfaces/zed_interfaces/srv/detail
[2.446s] -- Up-to-date: /home/yanwen/fyp_ws_v3/install/zed_interfaces/include/zed_interfaces/zed_interfaces/srv/detail/set_roi__type_support.cpp
[2.446s] -- Up-to-date: /home/yanwen/fyp_ws_v3/install/zed_interfaces/include/zed_interfaces/zed_interfaces/srv/detail/set_pose__rosidl_typesupport_introspection_cpp.hpp
[2.446s] -- Up-to-date: /home/yanwen/fyp_ws_v3/install/zed_interfaces/include/zed_interfaces/zed_interfaces/srv/detail/set_pose__type_support.cpp
[2.446s] -- Up-to-date: /home/yanwen/fyp_ws_v3/install/zed_interfaces/include/zed_interfaces/zed_interfaces/srv/detail/set_roi__rosidl_typesupport_introspection_cpp.hpp
[2.446s] -- Up-to-date: /home/yanwen/fyp_ws_v3/install/zed_interfaces/include/zed_interfaces/zed_interfaces/srv/detail/start_svo_rec__type_support.cpp
[2.446s] -- Up-to-date: /home/yanwen/fyp_ws_v3/install/zed_interfaces/include/zed_interfaces/zed_interfaces/srv/detail/start_svo_rec__rosidl_typesupport_introspection_cpp.hpp
[2.446s] -- Up-to-date: /home/yanwen/fyp_ws_v3/install/zed_interfaces/include/zed_interfaces/zed_interfaces/msg
[2.446s] -- Up-to-date: /home/yanwen/fyp_ws_v3/install/zed_interfaces/include/zed_interfaces/zed_interfaces/msg/detail
[2.446s] -- Up-to-date: /home/yanwen/fyp_ws_v3/install/zed_interfaces/include/zed_interfaces/zed_interfaces/msg/detail/depth_info_stamped__type_support.cpp
[2.446s] -- Up-to-date: /home/yanwen/fyp_ws_v3/install/zed_interfaces/include/zed_interfaces/zed_interfaces/msg/detail/heartbeat__type_support.cpp
[2.446s] -- Up-to-date: /home/yanwen/fyp_ws_v3/install/zed_interfaces/include/zed_interfaces/zed_interfaces/msg/detail/pos_track_status__type_support.cpp
[2.446s] -- Up-to-date: /home/yanwen/fyp_ws_v3/install/zed_interfaces/include/zed_interfaces/zed_interfaces/msg/detail/bounding_box2_di__type_support.cpp
[2.447s] -- Up-to-date: /home/yanwen/fyp_ws_v3/install/zed_interfaces/include/zed_interfaces/zed_interfaces/msg/detail/objects_stamped__type_support.cpp
[2.447s] -- Up-to-date: /home/yanwen/fyp_ws_v3/install/zed_interfaces/include/zed_interfaces/zed_interfaces/msg/detail/objects_stamped__rosidl_typesupport_introspection_cpp.hpp
[2.447s] -- Up-to-date: /home/yanwen/fyp_ws_v3/install/zed_interfaces/include/zed_interfaces/zed_interfaces/msg/detail/bounding_box3_d__type_support.cpp
[2.447s] -- Up-to-date: /home/yanwen/fyp_ws_v3/install/zed_interfaces/include/zed_interfaces/zed_interfaces/msg/detail/keypoint2_di__type_support.cpp
[2.447s] -- Up-to-date: /home/yanwen/fyp_ws_v3/install/zed_interfaces/include/zed_interfaces/zed_interfaces/msg/detail/keypoint2_df__rosidl_typesupport_introspection_cpp.hpp
[2.447s] -- Up-to-date: /home/yanwen/fyp_ws_v3/install/zed_interfaces/include/zed_interfaces/zed_interfaces/msg/detail/bounding_box3_d__rosidl_typesupport_introspection_cpp.hpp
[2.447s] -- Up-to-date: /home/yanwen/fyp_ws_v3/install/zed_interfaces/include/zed_interfaces/zed_interfaces/msg/detail/plane_stamped__rosidl_typesupport_introspection_cpp.hpp
[2.447s] -- Up-to-date: /home/yanwen/fyp_ws_v3/install/zed_interfaces/include/zed_interfaces/zed_interfaces/msg/detail/keypoint3_d__type_support.cpp
[2.447s] -- Up-to-date: /home/yanwen/fyp_ws_v3/install/zed_interfaces/include/zed_interfaces/zed_interfaces/msg/detail/bounding_box2_df__type_support.cpp
[2.447s] -- Up-to-date: /home/yanwen/fyp_ws_v3/install/zed_interfaces/include/zed_interfaces/zed_interfaces/msg/detail/skeleton2_d__rosidl_typesupport_introspection_cpp.hpp
[2.447s] -- Up-to-date: /home/yanwen/fyp_ws_v3/install/zed_interfaces/include/zed_interfaces/zed_interfaces/msg/detail/pos_track_status__rosidl_typesupport_introspection_cpp.hpp
[2.447s] -- Up-to-date: /home/yanwen/fyp_ws_v3/install/zed_interfaces/include/zed_interfaces/zed_interfaces/msg/detail/plane_stamped__type_support.cpp
[2.447s] -- Up-to-date: /home/yanwen/fyp_ws_v3/install/zed_interfaces/include/zed_interfaces/zed_interfaces/msg/detail/skeleton3_d__rosidl_typesupport_introspection_cpp.hpp
[2.448s] -- Up-to-date: /home/yanwen/fyp_ws_v3/install/zed_interfaces/include/zed_interfaces/zed_interfaces/msg/detail/skeleton3_d__type_support.cpp
[2.448s] -- Up-to-date: /home/yanwen/fyp_ws_v3/install/zed_interfaces/include/zed_interfaces/zed_interfaces/msg/detail/keypoint2_df__type_support.cpp
[2.448s] -- Up-to-date: /home/yanwen/fyp_ws_v3/install/zed_interfaces/include/zed_interfaces/zed_interfaces/msg/detail/object__rosidl_typesupport_introspection_cpp.hpp
[2.448s] -- Up-to-date: /home/yanwen/fyp_ws_v3/install/zed_interfaces/include/zed_interfaces/zed_interfaces/msg/detail/depth_info_stamped__rosidl_typesupport_introspection_cpp.hpp
[2.448s] -- Up-to-date: /home/yanwen/fyp_ws_v3/install/zed_interfaces/include/zed_interfaces/zed_interfaces/msg/detail/heartbeat__rosidl_typesupport_introspection_cpp.hpp
[2.448s] -- Up-to-date: /home/yanwen/fyp_ws_v3/install/zed_interfaces/include/zed_interfaces/zed_interfaces/msg/detail/object__type_support.cpp
[2.448s] -- Up-to-date: /home/yanwen/fyp_ws_v3/install/zed_interfaces/include/zed_interfaces/zed_interfaces/msg/detail/keypoint2_di__rosidl_typesupport_introspection_cpp.hpp
[2.448s] -- Up-to-date: /home/yanwen/fyp_ws_v3/install/zed_interfaces/include/zed_interfaces/zed_interfaces/msg/detail/bounding_box2_di__rosidl_typesupport_introspection_cpp.hpp
[2.448s] -- Up-to-date: /home/yanwen/fyp_ws_v3/install/zed_interfaces/include/zed_interfaces/zed_interfaces/msg/detail/bounding_box2_df__rosidl_typesupport_introspection_cpp.hpp
[2.448s] -- Up-to-date: /home/yanwen/fyp_ws_v3/install/zed_interfaces/include/zed_interfaces/zed_interfaces/msg/detail/skeleton2_d__type_support.cpp
[2.448s] -- Up-to-date: /home/yanwen/fyp_ws_v3/install/zed_interfaces/include/zed_interfaces/zed_interfaces/msg/detail/keypoint3_d__rosidl_typesupport_introspection_cpp.hpp
[2.448s] -- Up-to-date: /home/yanwen/fyp_ws_v3/install/zed_interfaces/lib/libzed_interfaces__rosidl_typesupport_introspection_cpp.so
[2.448s] -- Up-to-date: /home/yanwen/fyp_ws_v3/install/zed_interfaces/lib/libzed_interfaces__rosidl_typesupport_cpp.so
[2.448s] -- Up-to-date: /home/yanwen/fyp_ws_v3/install/zed_interfaces/share/zed_interfaces/environment/pythonpath.sh
[2.449s] -- Up-to-date: /home/yanwen/fyp_ws_v3/install/zed_interfaces/share/zed_interfaces/environment/pythonpath.dsv
[2.449s] -- Up-to-date: /home/yanwen/fyp_ws_v3/install/zed_interfaces/local/lib/python3.10/dist-packages/zed_interfaces-4.0.0-py3.10.egg-info
[2.449s] -- Installing: /home/yanwen/fyp_ws_v3/install/zed_interfaces/local/lib/python3.10/dist-packages/zed_interfaces-4.0.0-py3.10.egg-info/top_level.txt
[2.449s] -- Installing: /home/yanwen/fyp_ws_v3/install/zed_interfaces/local/lib/python3.10/dist-packages/zed_interfaces-4.0.0-py3.10.egg-info/PKG-INFO
[2.449s] -- Installing: /home/yanwen/fyp_ws_v3/install/zed_interfaces/local/lib/python3.10/dist-packages/zed_interfaces-4.0.0-py3.10.egg-info/SOURCES.txt
[2.449s] -- Installing: /home/yanwen/fyp_ws_v3/install/zed_interfaces/local/lib/python3.10/dist-packages/zed_interfaces-4.0.0-py3.10.egg-info/dependency_links.txt
[2.449s] -- Up-to-date: /home/yanwen/fyp_ws_v3/install/zed_interfaces/local/lib/python3.10/dist-packages/zed_interfaces
[2.449s] -- Up-to-date: /home/yanwen/fyp_ws_v3/install/zed_interfaces/local/lib/python3.10/dist-packages/zed_interfaces/zed_interfaces_s__rosidl_typesupport_c.cpython-310-x86_64-linux-gnu.so
[2.449s] -- Up-to-date: /home/yanwen/fyp_ws_v3/install/zed_interfaces/local/lib/python3.10/dist-packages/zed_interfaces/__init__.py
[2.449s] -- Up-to-date: /home/yanwen/fyp_ws_v3/install/zed_interfaces/local/lib/python3.10/dist-packages/zed_interfaces/_zed_interfaces_s.ep.rosidl_typesupport_c.c
[2.449s] -- Up-to-date: /home/yanwen/fyp_ws_v3/install/zed_interfaces/local/lib/python3.10/dist-packages/zed_interfaces/zed_interfaces_s__rosidl_typesupport_introspection_c.cpython-310-x86_64-linux-gnu.so
[2.449s] -- Up-to-date: /home/yanwen/fyp_ws_v3/install/zed_interfaces/local/lib/python3.10/dist-packages/zed_interfaces/srv
[2.449s] -- Up-to-date: /home/yanwen/fyp_ws_v3/install/zed_interfaces/local/lib/python3.10/dist-packages/zed_interfaces/srv/_start_svo_rec_s.c
[2.449s] -- Up-to-date: /home/yanwen/fyp_ws_v3/install/zed_interfaces/local/lib/python3.10/dist-packages/zed_interfaces/srv/__init__.py
[2.450s] -- Up-to-date: /home/yanwen/fyp_ws_v3/install/zed_interfaces/local/lib/python3.10/dist-packages/zed_interfaces/srv/_start_svo_rec.py
[2.450s] -- Up-to-date: /home/yanwen/fyp_ws_v3/install/zed_interfaces/local/lib/python3.10/dist-packages/zed_interfaces/srv/_set_pose_s.c
[2.450s] -- Up-to-date: /home/yanwen/fyp_ws_v3/install/zed_interfaces/local/lib/python3.10/dist-packages/zed_interfaces/srv/_set_roi.py
[2.450s] -- Up-to-date: /home/yanwen/fyp_ws_v3/install/zed_interfaces/local/lib/python3.10/dist-packages/zed_interfaces/srv/_set_pose.py
[2.450s] -- Up-to-date: /home/yanwen/fyp_ws_v3/install/zed_interfaces/local/lib/python3.10/dist-packages/zed_interfaces/srv/_set_roi_s.c
[2.450s] -- Up-to-date: /home/yanwen/fyp_ws_v3/install/zed_interfaces/local/lib/python3.10/dist-packages/zed_interfaces/_zed_interfaces_s.ep.rosidl_typesupport_introspection_c.c
[2.450s] -- Up-to-date: /home/yanwen/fyp_ws_v3/install/zed_interfaces/local/lib/python3.10/dist-packages/zed_interfaces/libzed_interfaces__rosidl_generator_py.so
[2.450s] -- Up-to-date: /home/yanwen/fyp_ws_v3/install/zed_interfaces/local/lib/python3.10/dist-packages/zed_interfaces/zed_interfaces_s__rosidl_typesupport_fastrtps_c.cpython-310-x86_64-linux-gnu.so
[2.450s] -- Up-to-date: /home/yanwen/fyp_ws_v3/install/zed_interfaces/local/lib/python3.10/dist-packages/zed_interfaces/_zed_interfaces_s.ep.rosidl_typesupport_fastrtps_c.c
[2.450s] -- Up-to-date: /home/yanwen/fyp_ws_v3/install/zed_interfaces/local/lib/python3.10/dist-packages/zed_interfaces/msg
[2.450s] -- Up-to-date: /home/yanwen/fyp_ws_v3/install/zed_interfaces/local/lib/python3.10/dist-packages/zed_interfaces/msg/_pos_track_status.py
[2.450s] -- Up-to-date: /home/yanwen/fyp_ws_v3/install/zed_interfaces/local/lib/python3.10/dist-packages/zed_interfaces/msg/_skeleton2_d.py
[2.450s] -- Up-to-date: /home/yanwen/fyp_ws_v3/install/zed_interfaces/local/lib/python3.10/dist-packages/zed_interfaces/msg/_plane_stamped.py
[2.450s] -- Up-to-date: /home/yanwen/fyp_ws_v3/install/zed_interfaces/local/lib/python3.10/dist-packages/zed_interfaces/msg/_skeleton2_d_s.c
[2.451s] -- Up-to-date: /home/yanwen/fyp_ws_v3/install/zed_interfaces/local/lib/python3.10/dist-packages/zed_interfaces/msg/_bounding_box3_d_s.c
[2.451s] -- Up-to-date: /home/yanwen/fyp_ws_v3/install/zed_interfaces/local/lib/python3.10/dist-packages/zed_interfaces/msg/__init__.py
[2.451s] -- Up-to-date: /home/yanwen/fyp_ws_v3/install/zed_interfaces/local/lib/python3.10/dist-packages/zed_interfaces/msg/_keypoint2_di.py
[2.451s] -- Up-to-date: /home/yanwen/fyp_ws_v3/install/zed_interfaces/local/lib/python3.10/dist-packages/zed_interfaces/msg/_heartbeat_s.c
[2.451s] -- Up-to-date: /home/yanwen/fyp_ws_v3/install/zed_interfaces/local/lib/python3.10/dist-packages/zed_interfaces/msg/_plane_stamped_s.c
[2.451s] -- Up-to-date: /home/yanwen/fyp_ws_v3/install/zed_interfaces/local/lib/python3.10/dist-packages/zed_interfaces/msg/_bounding_box3_d.py
[2.451s] -- Up-to-date: /home/yanwen/fyp_ws_v3/install/zed_interfaces/local/lib/python3.10/dist-packages/zed_interfaces/msg/_depth_info_stamped.py
[2.451s] -- Up-to-date: /home/yanwen/fyp_ws_v3/install/zed_interfaces/local/lib/python3.10/dist-packages/zed_interfaces/msg/_object.py
[2.451s] -- Up-to-date: /home/yanwen/fyp_ws_v3/install/zed_interfaces/local/lib/python3.10/dist-packages/zed_interfaces/msg/_object_s.c
[2.451s] -- Up-to-date: /home/yanwen/fyp_ws_v3/install/zed_interfaces/local/lib/python3.10/dist-packages/zed_interfaces/msg/_bounding_box2_di.py
[2.451s] -- Up-to-date: /home/yanwen/fyp_ws_v3/install/zed_interfaces/local/lib/python3.10/dist-packages/zed_interfaces/msg/_keypoint2_di_s.c
[2.451s] -- Up-to-date: /home/yanwen/fyp_ws_v3/install/zed_interfaces/local/lib/python3.10/dist-packages/zed_interfaces/msg/_heartbeat.py
[2.451s] -- Up-to-date: /home/yanwen/fyp_ws_v3/install/zed_interfaces/local/lib/python3.10/dist-packages/zed_interfaces/msg/_keypoint3_d_s.c
[2.451s] -- Up-to-date: /home/yanwen/fyp_ws_v3/install/zed_interfaces/local/lib/python3.10/dist-packages/zed_interfaces/msg/_objects_stamped_s.c
[2.452s] -- Up-to-date: /home/yanwen/fyp_ws_v3/install/zed_interfaces/local/lib/python3.10/dist-packages/zed_interfaces/msg/_bounding_box2_di_s.c
[2.452s] -- Up-to-date: /home/yanwen/fyp_ws_v3/install/zed_interfaces/local/lib/python3.10/dist-packages/zed_interfaces/msg/_bounding_box2_df.py
[2.452s] -- Up-to-date: /home/yanwen/fyp_ws_v3/install/zed_interfaces/local/lib/python3.10/dist-packages/zed_interfaces/msg/_skeleton3_d_s.c
[2.452s] -- Up-to-date: /home/yanwen/fyp_ws_v3/install/zed_interfaces/local/lib/python3.10/dist-packages/zed_interfaces/msg/_skeleton3_d.py
[2.452s] -- Up-to-date: /home/yanwen/fyp_ws_v3/install/zed_interfaces/local/lib/python3.10/dist-packages/zed_interfaces/msg/_keypoint2_df_s.c
[2.452s] -- Up-to-date: /home/yanwen/fyp_ws_v3/install/zed_interfaces/local/lib/python3.10/dist-packages/zed_interfaces/msg/_keypoint2_df.py
[2.452s] -- Up-to-date: /home/yanwen/fyp_ws_v3/install/zed_interfaces/local/lib/python3.10/dist-packages/zed_interfaces/msg/_depth_info_stamped_s.c
[2.452s] -- Up-to-date: /home/yanwen/fyp_ws_v3/install/zed_interfaces/local/lib/python3.10/dist-packages/zed_interfaces/msg/_pos_track_status_s.c
[2.452s] -- Up-to-date: /home/yanwen/fyp_ws_v3/install/zed_interfaces/local/lib/python3.10/dist-packages/zed_interfaces/msg/_objects_stamped.py
[2.453s] -- Up-to-date: /home/yanwen/fyp_ws_v3/install/zed_interfaces/local/lib/python3.10/dist-packages/zed_interfaces/msg/_keypoint3_d.py
[2.453s] -- Up-to-date: /home/yanwen/fyp_ws_v3/install/zed_interfaces/local/lib/python3.10/dist-packages/zed_interfaces/msg/_bounding_box2_df_s.c
[2.490s] Listing '/home/yanwen/fyp_ws_v3/install/zed_interfaces/local/lib/python3.10/dist-packages/zed_interfaces'...
[2.491s] Listing '/home/yanwen/fyp_ws_v3/install/zed_interfaces/local/lib/python3.10/dist-packages/zed_interfaces/msg'...
[2.491s] Listing '/home/yanwen/fyp_ws_v3/install/zed_interfaces/local/lib/python3.10/dist-packages/zed_interfaces/srv'...
[2.496s] -- Up-to-date: /home/yanwen/fyp_ws_v3/install/zed_interfaces/local/lib/python3.10/dist-packages/zed_interfaces/zed_interfaces_s__rosidl_typesupport_fastrtps_c.cpython-310-x86_64-linux-gnu.so
[2.496s] -- Up-to-date: /home/yanwen/fyp_ws_v3/install/zed_interfaces/local/lib/python3.10/dist-packages/zed_interfaces/zed_interfaces_s__rosidl_typesupport_introspection_c.cpython-310-x86_64-linux-gnu.so
[2.497s] -- Up-to-date: /home/yanwen/fyp_ws_v3/install/zed_interfaces/local/lib/python3.10/dist-packages/zed_interfaces/zed_interfaces_s__rosidl_typesupport_c.cpython-310-x86_64-linux-gnu.so
[2.497s] -- Up-to-date: /home/yanwen/fyp_ws_v3/install/zed_interfaces/lib/libzed_interfaces__rosidl_generator_py.so
[2.497s] -- Up-to-date: /home/yanwen/fyp_ws_v3/install/zed_interfaces/share/zed_interfaces/msg/Object.idl
[2.497s] -- Up-to-date: /home/yanwen/fyp_ws_v3/install/zed_interfaces/share/zed_interfaces/msg/ObjectsStamped.idl
[2.497s] -- Up-to-date: /home/yanwen/fyp_ws_v3/install/zed_interfaces/share/zed_interfaces/msg/Keypoint2Di.idl
[2.497s] -- Up-to-date: /home/yanwen/fyp_ws_v3/install/zed_interfaces/share/zed_interfaces/msg/Keypoint2Df.idl
[2.497s] -- Up-to-date: /home/yanwen/fyp_ws_v3/install/zed_interfaces/share/zed_interfaces/msg/Keypoint3D.idl
[2.497s] -- Up-to-date: /home/yanwen/fyp_ws_v3/install/zed_interfaces/share/zed_interfaces/msg/BoundingBox2Di.idl
[2.499s] -- Up-to-date: /home/yanwen/fyp_ws_v3/install/zed_interfaces/share/zed_interfaces/msg/BoundingBox2Df.idl
[2.499s] -- Up-to-date: /home/yanwen/fyp_ws_v3/install/zed_interfaces/share/zed_interfaces/msg/BoundingBox3D.idl
[2.499s] -- Up-to-date: /home/yanwen/fyp_ws_v3/install/zed_interfaces/share/zed_interfaces/msg/Skeleton2D.idl
[2.499s] -- Up-to-date: /home/yanwen/fyp_ws_v3/install/zed_interfaces/share/zed_interfaces/msg/Skeleton3D.idl
[2.499s] -- Up-to-date: /home/yanwen/fyp_ws_v3/install/zed_interfaces/share/zed_interfaces/msg/DepthInfoStamped.idl
[2.500s] -- Up-to-date: /home/yanwen/fyp_ws_v3/install/zed_interfaces/share/zed_interfaces/msg/PlaneStamped.idl
[2.500s] -- Up-to-date: /home/yanwen/fyp_ws_v3/install/zed_interfaces/share/zed_interfaces/msg/PosTrackStatus.idl
[2.500s] -- Up-to-date: /home/yanwen/fyp_ws_v3/install/zed_interfaces/share/zed_interfaces/msg/Heartbeat.idl
[2.500s] -- Up-to-date: /home/yanwen/fyp_ws_v3/install/zed_interfaces/share/zed_interfaces/srv/SetPose.idl
[2.500s] -- Up-to-date: /home/yanwen/fyp_ws_v3/install/zed_interfaces/share/zed_interfaces/srv/StartSvoRec.idl
[2.500s] -- Up-to-date: /home/yanwen/fyp_ws_v3/install/zed_interfaces/share/zed_interfaces/srv/SetROI.idl
[2.500s] -- Up-to-date: /home/yanwen/fyp_ws_v3/install/zed_interfaces/share/zed_interfaces/msg/Object.msg
[2.500s] -- Up-to-date: /home/yanwen/fyp_ws_v3/install/zed_interfaces/share/zed_interfaces/msg/ObjectsStamped.msg
[2.500s] -- Up-to-date: /home/yanwen/fyp_ws_v3/install/zed_interfaces/share/zed_interfaces/msg/Keypoint2Di.msg
[2.500s] -- Up-to-date: /home/yanwen/fyp_ws_v3/install/zed_interfaces/share/zed_interfaces/msg/Keypoint2Df.msg
[2.500s] -- Up-to-date: /home/yanwen/fyp_ws_v3/install/zed_interfaces/share/zed_interfaces/msg/Keypoint3D.msg
[2.500s] -- Up-to-date: /home/yanwen/fyp_ws_v3/install/zed_interfaces/share/zed_interfaces/msg/BoundingBox2Di.msg
[2.501s] -- Up-to-date: /home/yanwen/fyp_ws_v3/install/zed_interfaces/share/zed_interfaces/msg/BoundingBox2Df.msg
[2.501s] -- Up-to-date: /home/yanwen/fyp_ws_v3/install/zed_interfaces/share/zed_interfaces/msg/BoundingBox3D.msg
[2.501s] -- Up-to-date: /home/yanwen/fyp_ws_v3/install/zed_interfaces/share/zed_interfaces/msg/Skeleton2D.msg
[2.501s] -- Up-to-date: /home/yanwen/fyp_ws_v3/install/zed_interfaces/share/zed_interfaces/msg/Skeleton3D.msg
[2.501s] -- Up-to-date: /home/yanwen/fyp_ws_v3/install/zed_interfaces/share/zed_interfaces/msg/DepthInfoStamped.msg
[2.501s] -- Up-to-date: /home/yanwen/fyp_ws_v3/install/zed_interfaces/share/zed_interfaces/msg/PlaneStamped.msg
[2.501s] -- Up-to-date: /home/yanwen/fyp_ws_v3/install/zed_interfaces/share/zed_interfaces/msg/PosTrackStatus.msg
[2.501s] -- Up-to-date: /home/yanwen/fyp_ws_v3/install/zed_interfaces/share/zed_interfaces/msg/Heartbeat.msg
[2.502s] -- Up-to-date: /home/yanwen/fyp_ws_v3/install/zed_interfaces/share/zed_interfaces/srv/SetPose.srv
[2.502s] -- Up-to-date: /home/yanwen/fyp_ws_v3/install/zed_interfaces/share/zed_interfaces/srv/SetPose_Request.msg
[2.502s] -- Up-to-date: /home/yanwen/fyp_ws_v3/install/zed_interfaces/share/zed_interfaces/srv/SetPose_Response.msg
[2.502s] -- Up-to-date: /home/yanwen/fyp_ws_v3/install/zed_interfaces/share/zed_interfaces/srv/StartSvoRec.srv
[2.502s] -- Up-to-date: /home/yanwen/fyp_ws_v3/install/zed_interfaces/share/zed_interfaces/srv/StartSvoRec_Request.msg
[2.502s] -- Up-to-date: /home/yanwen/fyp_ws_v3/install/zed_interfaces/share/zed_interfaces/srv/StartSvoRec_Response.msg
[2.503s] -- Up-to-date: /home/yanwen/fyp_ws_v3/install/zed_interfaces/share/zed_interfaces/srv/SetROI.srv
[2.503s] -- Up-to-date: /home/yanwen/fyp_ws_v3/install/zed_interfaces/share/zed_interfaces/srv/SetROI_Request.msg
[2.503s] -- Up-to-date: /home/yanwen/fyp_ws_v3/install/zed_interfaces/share/zed_interfaces/srv/SetROI_Response.msg
[2.503s] -- Up-to-date: /home/yanwen/fyp_ws_v3/install/zed_interfaces/share/zed_interfaces/meshes
[2.503s] -- Up-to-date: /home/yanwen/fyp_ws_v3/install/zed_interfaces/share/zed_interfaces/meshes/zedxm.stl
[2.503s] -- Up-to-date: /home/yanwen/fyp_ws_v3/install/zed_interfaces/share/zed_interfaces/meshes/zed.stl
[2.503s] -- Up-to-date: /home/yanwen/fyp_ws_v3/install/zed_interfaces/share/zed_interfaces/meshes/zedm.stl
[2.503s] -- Up-to-date: /home/yanwen/fyp_ws_v3/install/zed_interfaces/share/zed_interfaces/meshes/zed2i.stl
[2.503s] -- Up-to-date: /home/yanwen/fyp_ws_v3/install/zed_interfaces/share/zed_interfaces/meshes/zed2.stl
[2.503s] -- Up-to-date: /home/yanwen/fyp_ws_v3/install/zed_interfaces/share/zed_interfaces/meshes/zedx.stl
[2.503s] -- Up-to-date: /home/yanwen/fyp_ws_v3/install/zed_interfaces/share/ament_index/resource_index/package_run_dependencies/zed_interfaces
[2.503s] -- Up-to-date: /home/yanwen/fyp_ws_v3/install/zed_interfaces/share/ament_index/resource_index/parent_prefix_path/zed_interfaces
[2.503s] -- Up-to-date: /home/yanwen/fyp_ws_v3/install/zed_interfaces/share/zed_interfaces/environment/ament_prefix_path.sh
[2.503s] -- Up-to-date: /home/yanwen/fyp_ws_v3/install/zed_interfaces/share/zed_interfaces/environment/ament_prefix_path.dsv
[2.504s] -- Up-to-date: /home/yanwen/fyp_ws_v3/install/zed_interfaces/share/zed_interfaces/environment/path.sh
[2.504s] -- Up-to-date: /home/yanwen/fyp_ws_v3/install/zed_interfaces/share/zed_interfaces/environment/path.dsv
[2.504s] -- Up-to-date: /home/yanwen/fyp_ws_v3/install/zed_interfaces/share/zed_interfaces/local_setup.bash
[2.504s] -- Up-to-date: /home/yanwen/fyp_ws_v3/install/zed_interfaces/share/zed_interfaces/local_setup.sh
[2.504s] -- Up-to-date: /home/yanwen/fyp_ws_v3/install/zed_interfaces/share/zed_interfaces/local_setup.zsh
[2.504s] -- Up-to-date: /home/yanwen/fyp_ws_v3/install/zed_interfaces/share/zed_interfaces/local_setup.dsv
[2.504s] -- Installing: /home/yanwen/fyp_ws_v3/install/zed_interfaces/share/zed_interfaces/package.dsv
[2.504s] -- Up-to-date: /home/yanwen/fyp_ws_v3/install/zed_interfaces/share/ament_index/resource_index/packages/zed_interfaces
[2.507s] -- Up-to-date: /home/yanwen/fyp_ws_v3/install/zed_interfaces/share/zed_interfaces/cmake/export_zed_interfaces__rosidl_generator_cExport.cmake
[2.507s] -- Up-to-date: /home/yanwen/fyp_ws_v3/install/zed_interfaces/share/zed_interfaces/cmake/export_zed_interfaces__rosidl_generator_cExport-noconfig.cmake
[2.507s] -- Up-to-date: /home/yanwen/fyp_ws_v3/install/zed_interfaces/share/zed_interfaces/cmake/export_zed_interfaces__rosidl_typesupport_fastrtps_cExport.cmake
[2.507s] -- Up-to-date: /home/yanwen/fyp_ws_v3/install/zed_interfaces/share/zed_interfaces/cmake/export_zed_interfaces__rosidl_typesupport_fastrtps_cExport-noconfig.cmake
[2.507s] -- Up-to-date: /home/yanwen/fyp_ws_v3/install/zed_interfaces/share/zed_interfaces/cmake/export_zed_interfaces__rosidl_generator_cppExport.cmake
[2.507s] -- Up-to-date: /home/yanwen/fyp_ws_v3/install/zed_interfaces/share/zed_interfaces/cmake/export_zed_interfaces__rosidl_typesupport_fastrtps_cppExport.cmake
[2.507s] -- Up-to-date: /home/yanwen/fyp_ws_v3/install/zed_interfaces/share/zed_interfaces/cmake/export_zed_interfaces__rosidl_typesupport_fastrtps_cppExport-noconfig.cmake
[2.507s] -- Up-to-date: /home/yanwen/fyp_ws_v3/install/zed_interfaces/share/zed_interfaces/cmake/zed_interfaces__rosidl_typesupport_introspection_cExport.cmake
[2.508s] -- Up-to-date: /home/yanwen/fyp_ws_v3/install/zed_interfaces/share/zed_interfaces/cmake/zed_interfaces__rosidl_typesupport_introspection_cExport-noconfig.cmake
[2.508s] -- Up-to-date: /home/yanwen/fyp_ws_v3/install/zed_interfaces/share/zed_interfaces/cmake/zed_interfaces__rosidl_typesupport_cExport.cmake
[2.508s] -- Up-to-date: /home/yanwen/fyp_ws_v3/install/zed_interfaces/share/zed_interfaces/cmake/zed_interfaces__rosidl_typesupport_cExport-noconfig.cmake
[2.508s] -- Up-to-date: /home/yanwen/fyp_ws_v3/install/zed_interfaces/share/zed_interfaces/cmake/zed_interfaces__rosidl_typesupport_introspection_cppExport.cmake
[2.508s] -- Up-to-date: /home/yanwen/fyp_ws_v3/install/zed_interfaces/share/zed_interfaces/cmake/zed_interfaces__rosidl_typesupport_introspection_cppExport-noconfig.cmake
[2.508s] -- Up-to-date: /home/yanwen/fyp_ws_v3/install/zed_interfaces/share/zed_interfaces/cmake/zed_interfaces__rosidl_typesupport_cppExport.cmake
[2.508s] -- Up-to-date: /home/yanwen/fyp_ws_v3/install/zed_interfaces/share/zed_interfaces/cmake/zed_interfaces__rosidl_typesupport_cppExport-noconfig.cmake
[2.508s] -- Up-to-date: /home/yanwen/fyp_ws_v3/install/zed_interfaces/share/zed_interfaces/cmake/export_zed_interfaces__rosidl_generator_pyExport.cmake
[2.508s] -- Up-to-date: /home/yanwen/fyp_ws_v3/install/zed_interfaces/share/zed_interfaces/cmake/export_zed_interfaces__rosidl_generator_pyExport-noconfig.cmake
[2.508s] -- Up-to-date: /home/yanwen/fyp_ws_v3/install/zed_interfaces/share/zed_interfaces/cmake/rosidl_cmake-extras.cmake
[2.508s] -- Up-to-date: /home/yanwen/fyp_ws_v3/install/zed_interfaces/share/zed_interfaces/cmake/ament_cmake_export_dependencies-extras.cmake
[2.509s] -- Up-to-date: /home/yanwen/fyp_ws_v3/install/zed_interfaces/share/zed_interfaces/cmake/ament_cmake_export_include_directories-extras.cmake
[2.509s] -- Up-to-date: /home/yanwen/fyp_ws_v3/install/zed_interfaces/share/zed_interfaces/cmake/ament_cmake_export_libraries-extras.cmake
[2.509s] -- Up-to-date: /home/yanwen/fyp_ws_v3/install/zed_interfaces/share/zed_interfaces/cmake/ament_cmake_export_targets-extras.cmake
[2.509s] -- Up-to-date: /home/yanwen/fyp_ws_v3/install/zed_interfaces/share/zed_interfaces/cmake/rosidl_cmake_export_typesupport_targets-extras.cmake
[2.509s] -- Up-to-date: /home/yanwen/fyp_ws_v3/install/zed_interfaces/share/zed_interfaces/cmake/rosidl_cmake_export_typesupport_libraries-extras.cmake
[2.509s] -- Up-to-date: /home/yanwen/fyp_ws_v3/install/zed_interfaces/share/zed_interfaces/cmake/zed_interfacesConfig.cmake
[2.509s] -- Up-to-date: /home/yanwen/fyp_ws_v3/install/zed_interfaces/share/zed_interfaces/cmake/zed_interfacesConfig-version.cmake
[2.509s] -- Up-to-date: /home/yanwen/fyp_ws_v3/install/zed_interfaces/share/zed_interfaces/package.xml
[2.540s] Invoked command in '/home/yanwen/fyp_ws_v3/build/zed_interfaces' returned '0': CMAKE_PREFIX_PATH=${CMAKE_PREFIX_PATH}:/home/yanwen/fyp_ws_v3/install/robotiq_3f_gripper_ros2_control:/home/yanwen/fyp_ws_v3/install/cv_ros2_test:/opt/ros/humble /usr/bin/cmake --install /home/yanwen/fyp_ws_v3/build/zed_interfaces
