[0.008s] Invoking command in '/home/yanwen/fyp_ws_v3/build/zed_ros2': AMENT_PREFIX_PATH=/home/yanwen/fyp_ws_v3/install/zed_wrapper:/home/yanwen/fyp_ws_v3/install/zed_components:/home/yanwen/fyp_ws_v3/install/zed_interfaces:${AMENT_PREFIX_PATH} CMAKE_PREFIX_PATH=/home/yanwen/fyp_ws_v3/install/zed_wrapper:/home/yanwen/fyp_ws_v3/install/zed_components:/home/yanwen/fyp_ws_v3/install/zed_interfaces:/opt/ros/humble LD_LIBRARY_PATH=/home/yanwen/fyp_ws_v3/install/zed_components/lib:/home/yanwen/fyp_ws_v3/install/zed_interfaces/lib:${LD_LIBRARY_PATH} PYTHONPATH=/home/yanwen/fyp_ws_v3/install/zed_interfaces/local/lib/python3.10/dist-packages:${PYTHONPATH} /usr/bin/cmake /home/yanwen/fyp_ws_v3/src/zed-ros2-wrapper/zed_ros2 -DCMAKE_INSTALL_PREFIX=/home/yanwen/fyp_ws_v3/install/zed_ros2
[0.021s] -- Found ament_cmake_auto: 1.3.5 (/opt/ros/humble/share/ament_cmake_auto/cmake)
[0.152s] -- Found Python3: /usr/bin/python3.10 (found version "3.10.12") found components: Interpreter 
[0.251s] -- Found ament_lint_auto: 0.12.7 (/opt/ros/humble/share/ament_lint_auto/cmake)
[0.260s] -- Added test 'copyright' to check source files copyright and LICENSE
[0.260s] -- Added test 'lint_cmake' to check CMake code style
[0.261s] -- Added test 'xmllint' to check XML markup files
[0.262s] -- Configuring done
[0.263s] -- Generating done
[0.263s] -- Build files have been written to: /home/yanwen/fyp_ws_v3/build/zed_ros2
[0.266s] Invoked command in '/home/yanwen/fyp_ws_v3/build/zed_ros2' returned '0': AMENT_PREFIX_PATH=/home/yanwen/fyp_ws_v3/install/zed_wrapper:/home/yanwen/fyp_ws_v3/install/zed_components:/home/yanwen/fyp_ws_v3/install/zed_interfaces:${AMENT_PREFIX_PATH} CMAKE_PREFIX_PATH=/home/yanwen/fyp_ws_v3/install/zed_wrapper:/home/yanwen/fyp_ws_v3/install/zed_components:/home/yanwen/fyp_ws_v3/install/zed_interfaces:/opt/ros/humble LD_LIBRARY_PATH=/home/yanwen/fyp_ws_v3/install/zed_components/lib:/home/yanwen/fyp_ws_v3/install/zed_interfaces/lib:${LD_LIBRARY_PATH} PYTHONPATH=/home/yanwen/fyp_ws_v3/install/zed_interfaces/local/lib/python3.10/dist-packages:${PYTHONPATH} /usr/bin/cmake /home/yanwen/fyp_ws_v3/src/zed-ros2-wrapper/zed_ros2 -DCMAKE_INSTALL_PREFIX=/home/yanwen/fyp_ws_v3/install/zed_ros2
[0.266s] Invoking command in '/home/yanwen/fyp_ws_v3/build/zed_ros2': AMENT_PREFIX_PATH=/home/yanwen/fyp_ws_v3/install/zed_wrapper:/home/yanwen/fyp_ws_v3/install/zed_components:/home/yanwen/fyp_ws_v3/install/zed_interfaces:${AMENT_PREFIX_PATH} CMAKE_PREFIX_PATH=/home/yanwen/fyp_ws_v3/install/zed_wrapper:/home/yanwen/fyp_ws_v3/install/zed_components:/home/yanwen/fyp_ws_v3/install/zed_interfaces:/opt/ros/humble LD_LIBRARY_PATH=/home/yanwen/fyp_ws_v3/install/zed_components/lib:/home/yanwen/fyp_ws_v3/install/zed_interfaces/lib:${LD_LIBRARY_PATH} PYTHONPATH=/home/yanwen/fyp_ws_v3/install/zed_interfaces/local/lib/python3.10/dist-packages:${PYTHONPATH} /usr/bin/cmake --build /home/yanwen/fyp_ws_v3/build/zed_ros2 -- -j8 -l8
[0.290s] Invoked command in '/home/yanwen/fyp_ws_v3/build/zed_ros2' returned '0': AMENT_PREFIX_PATH=/home/yanwen/fyp_ws_v3/install/zed_wrapper:/home/yanwen/fyp_ws_v3/install/zed_components:/home/yanwen/fyp_ws_v3/install/zed_interfaces:${AMENT_PREFIX_PATH} CMAKE_PREFIX_PATH=/home/yanwen/fyp_ws_v3/install/zed_wrapper:/home/yanwen/fyp_ws_v3/install/zed_components:/home/yanwen/fyp_ws_v3/install/zed_interfaces:/opt/ros/humble LD_LIBRARY_PATH=/home/yanwen/fyp_ws_v3/install/zed_components/lib:/home/yanwen/fyp_ws_v3/install/zed_interfaces/lib:${LD_LIBRARY_PATH} PYTHONPATH=/home/yanwen/fyp_ws_v3/install/zed_interfaces/local/lib/python3.10/dist-packages:${PYTHONPATH} /usr/bin/cmake --build /home/yanwen/fyp_ws_v3/build/zed_ros2 -- -j8 -l8
[0.313s] Invoking command in '/home/yanwen/fyp_ws_v3/build/zed_ros2': AMENT_PREFIX_PATH=/home/yanwen/fyp_ws_v3/install/zed_wrapper:/home/yanwen/fyp_ws_v3/install/zed_components:/home/yanwen/fyp_ws_v3/install/zed_interfaces:${AMENT_PREFIX_PATH} CMAKE_PREFIX_PATH=/home/yanwen/fyp_ws_v3/install/zed_wrapper:/home/yanwen/fyp_ws_v3/install/zed_components:/home/yanwen/fyp_ws_v3/install/zed_interfaces:/opt/ros/humble LD_LIBRARY_PATH=/home/yanwen/fyp_ws_v3/install/zed_components/lib:/home/yanwen/fyp_ws_v3/install/zed_interfaces/lib:${LD_LIBRARY_PATH} PYTHONPATH=/home/yanwen/fyp_ws_v3/install/zed_interfaces/local/lib/python3.10/dist-packages:${PYTHONPATH} /usr/bin/cmake --install /home/yanwen/fyp_ws_v3/build/zed_ros2
[0.326s] -- Install configuration: ""
[0.326s] -- Installing: /home/yanwen/fyp_ws_v3/install/zed_ros2/share/ament_index/resource_index/package_run_dependencies/zed_ros2
[0.326s] -- Installing: /home/yanwen/fyp_ws_v3/install/zed_ros2/share/ament_index/resource_index/parent_prefix_path/zed_ros2
[0.326s] -- Installing: /home/yanwen/fyp_ws_v3/install/zed_ros2/share/zed_ros2/environment/ament_prefix_path.sh
[0.326s] -- Installing: /home/yanwen/fyp_ws_v3/install/zed_ros2/share/zed_ros2/environment/ament_prefix_path.dsv
[0.326s] -- Installing: /home/yanwen/fyp_ws_v3/install/zed_ros2/share/zed_ros2/environment/path.sh
[0.326s] -- Installing: /home/yanwen/fyp_ws_v3/install/zed_ros2/share/zed_ros2/environment/path.dsv
[0.327s] -- Installing: /home/yanwen/fyp_ws_v3/install/zed_ros2/share/zed_ros2/local_setup.bash
[0.327s] -- Installing: /home/yanwen/fyp_ws_v3/install/zed_ros2/share/zed_ros2/local_setup.sh
[0.327s] -- Installing: /home/yanwen/fyp_ws_v3/install/zed_ros2/share/zed_ros2/local_setup.zsh
[0.327s] -- Installing: /home/yanwen/fyp_ws_v3/install/zed_ros2/share/zed_ros2/local_setup.dsv
[0.327s] -- Installing: /home/yanwen/fyp_ws_v3/install/zed_ros2/share/zed_ros2/package.dsv
[0.327s] -- Installing: /home/yanwen/fyp_ws_v3/install/zed_ros2/share/ament_index/resource_index/packages/zed_ros2
[0.327s] -- Installing: /home/yanwen/fyp_ws_v3/install/zed_ros2/share/zed_ros2/cmake/zed_ros2Config.cmake
[0.327s] -- Installing: /home/yanwen/fyp_ws_v3/install/zed_ros2/share/zed_ros2/cmake/zed_ros2Config-version.cmake
[0.327s] -- Installing: /home/yanwen/fyp_ws_v3/install/zed_ros2/share/zed_ros2/package.xml
[0.331s] Invoked command in '/home/yanwen/fyp_ws_v3/build/zed_ros2' returned '0': AMENT_PREFIX_PATH=/home/yanwen/fyp_ws_v3/install/zed_wrapper:/home/yanwen/fyp_ws_v3/install/zed_components:/home/yanwen/fyp_ws_v3/install/zed_interfaces:${AMENT_PREFIX_PATH} CMAKE_PREFIX_PATH=/home/yanwen/fyp_ws_v3/install/zed_wrapper:/home/yanwen/fyp_ws_v3/install/zed_components:/home/yanwen/fyp_ws_v3/install/zed_interfaces:/opt/ros/humble LD_LIBRARY_PATH=/home/yanwen/fyp_ws_v3/install/zed_components/lib:/home/yanwen/fyp_ws_v3/install/zed_interfaces/lib:${LD_LIBRARY_PATH} PYTHONPATH=/home/yanwen/fyp_ws_v3/install/zed_interfaces/local/lib/python3.10/dist-packages:${PYTHONPATH} /usr/bin/cmake --install /home/yanwen/fyp_ws_v3/build/zed_ros2
