[0.269s] Invoking command in '/home/yanwen/fyp_ws_v3/build/zed_interfaces': CMAKE_PREFIX_PATH=/opt/ros/humble /usr/bin/cmake --build /home/yanwen/fyp_ws_v3/build/zed_interfaces -- -j8 -l8
[2.857s] [  0%] Built target zed_interfaces__cpp
[3.304s] [ 12%] Built target zed_interfaces__rosidl_generator_c
[3.827s] [ 24%] Built target zed_interfaces__rosidl_typesupport_cpp
[4.251s] [ 36%] Built target zed_interfaces__rosidl_typesupport_introspection_cpp
[4.316s] [ 48%] Built target zed_interfaces__rosidl_typesupport_fastrtps_cpp
[4.438s] [ 60%] Built target zed_interfaces__rosidl_typesupport_c
[4.446s] [ 72%] Built target zed_interfaces__rosidl_typesupport_introspection_c
[4.459s] [ 84%] Built target zed_interfaces__rosidl_typesupport_fastrtps_c
[4.681s] [ 84%] Built target zed_interfaces
[4.808s] [ 84%] Built target ament_cmake_python_copy_zed_interfaces
[5.017s] [ 85%] Built target zed_interfaces__py
[5.278s] [ 96%] Built target zed_interfaces__rosidl_generator_py
[5.326s] running egg_info
[5.326s] writing zed_interfaces.egg-info/PKG-INFO
[5.326s] writing dependency_links to zed_interfaces.egg-info/dependency_links.txt
[5.326s] writing top-level names to zed_interfaces.egg-info/top_level.txt
[5.328s] reading manifest file 'zed_interfaces.egg-info/SOURCES.txt'
[5.351s] writing manifest file 'zed_interfaces.egg-info/SOURCES.txt'
[5.370s] [ 96%] Built target ament_cmake_python_build_zed_interfaces_egg
[5.444s] [ 98%] Built target zed_interfaces__rosidl_typesupport_c__pyext
[5.444s] [ 99%] Built target zed_interfaces__rosidl_typesupport_introspection_c__pyext
[5.445s] [100%] Built target zed_interfaces__rosidl_typesupport_fastrtps_c__pyext
[5.453s] Invoked command in '/home/yanwen/fyp_ws_v3/build/zed_interfaces' returned '0': CMAKE_PREFIX_PATH=/opt/ros/humble /usr/bin/cmake --build /home/yanwen/fyp_ws_v3/build/zed_interfaces -- -j8 -l8
[5.664s] Invoking command in '/home/yanwen/fyp_ws_v3/build/zed_interfaces': CMAKE_PREFIX_PATH=/opt/ros/humble /usr/bin/cmake --install /home/yanwen/fyp_ws_v3/build/zed_interfaces
[5.708s] -- Install configuration: ""
[5.740s] -- Up-to-date: /home/yanwen/fyp_ws_v3/install/zed_interfaces/share/ament_index/resource_index/rosidl_interfaces/zed_interfaces
[5.740s] -- Up-to-date: /home/yanwen/fyp_ws_v3/install/zed_interfaces/include/zed_interfaces/zed_interfaces
[5.740s] -- Up-to-date: /home/yanwen/fyp_ws_v3/install/zed_interfaces/include/zed_interfaces/zed_interfaces/srv
[5.741s] -- Up-to-date: /home/yanwen/fyp_ws_v3/install/zed_interfaces/include/zed_interfaces/zed_interfaces/srv/set_pose.h
[5.741s] -- Up-to-date: /home/yanwen/fyp_ws_v3/install/zed_interfaces/include/zed_interfaces/zed_interfaces/srv/start_svo_rec.h
[5.741s] -- Up-to-date: /home/yanwen/fyp_ws_v3/install/zed_interfaces/include/zed_interfaces/zed_interfaces/srv/detail
[5.741s] -- Up-to-date: /home/yanwen/fyp_ws_v3/install/zed_interfaces/include/zed_interfaces/zed_interfaces/srv/detail/set_pose__functions.c
[5.741s] -- Up-to-date: /home/yanwen/fyp_ws_v3/install/zed_interfaces/include/zed_interfaces/zed_interfaces/srv/detail/set_pose__type_support.h
[5.742s] -- Up-to-date: /home/yanwen/fyp_ws_v3/install/zed_interfaces/include/zed_interfaces/zed_interfaces/srv/detail/start_svo_rec__type_support.h
[5.742s] -- Up-to-date: /home/yanwen/fyp_ws_v3/install/zed_interfaces/include/zed_interfaces/zed_interfaces/srv/detail/set_pose__struct.h
[5.742s] -- Up-to-date: /home/yanwen/fyp_ws_v3/install/zed_interfaces/include/zed_interfaces/zed_interfaces/srv/detail/set_roi__type_support.h
[5.742s] -- Up-to-date: /home/yanwen/fyp_ws_v3/install/zed_interfaces/include/zed_interfaces/zed_interfaces/srv/detail/set_roi__struct.h
[5.742s] -- Up-to-date: /home/yanwen/fyp_ws_v3/install/zed_interfaces/include/zed_interfaces/zed_interfaces/srv/detail/start_svo_rec__functions.c
[5.742s] -- Up-to-date: /home/yanwen/fyp_ws_v3/install/zed_interfaces/include/zed_interfaces/zed_interfaces/srv/detail/set_roi__functions.h
[5.742s] -- Up-to-date: /home/yanwen/fyp_ws_v3/install/zed_interfaces/include/zed_interfaces/zed_interfaces/srv/detail/start_svo_rec__functions.h
[5.742s] -- Up-to-date: /home/yanwen/fyp_ws_v3/install/zed_interfaces/include/zed_interfaces/zed_interfaces/srv/detail/set_roi__functions.c
[5.743s] -- Up-to-date: /home/yanwen/fyp_ws_v3/install/zed_interfaces/include/zed_interfaces/zed_interfaces/srv/detail/set_pose__functions.h
[5.743s] -- Up-to-date: /home/yanwen/fyp_ws_v3/install/zed_interfaces/include/zed_interfaces/zed_interfaces/srv/detail/start_svo_rec__struct.h
[5.743s] -- Up-to-date: /home/yanwen/fyp_ws_v3/install/zed_interfaces/include/zed_interfaces/zed_interfaces/srv/set_roi.h
[5.743s] -- Up-to-date: /home/yanwen/fyp_ws_v3/install/zed_interfaces/include/zed_interfaces/zed_interfaces/msg
[5.743s] -- Up-to-date: /home/yanwen/fyp_ws_v3/install/zed_interfaces/include/zed_interfaces/zed_interfaces/msg/keypoint2_di.h
[5.743s] -- Up-to-date: /home/yanwen/fyp_ws_v3/install/zed_interfaces/include/zed_interfaces/zed_interfaces/msg/objects_stamped.h
[5.744s] -- Up-to-date: /home/yanwen/fyp_ws_v3/install/zed_interfaces/include/zed_interfaces/zed_interfaces/msg/pos_track_status.h
[5.744s] -- Up-to-date: /home/yanwen/fyp_ws_v3/install/zed_interfaces/include/zed_interfaces/zed_interfaces/msg/depth_info_stamped.h
[5.744s] -- Up-to-date: /home/yanwen/fyp_ws_v3/install/zed_interfaces/include/zed_interfaces/zed_interfaces/msg/skeleton3_d.h
[5.744s] -- Up-to-date: /home/yanwen/fyp_ws_v3/install/zed_interfaces/include/zed_interfaces/zed_interfaces/msg/detail
[5.744s] -- Up-to-date: /home/yanwen/fyp_ws_v3/install/zed_interfaces/include/zed_interfaces/zed_interfaces/msg/detail/depth_info_stamped__type_support.h
[5.744s] -- Up-to-date: /home/yanwen/fyp_ws_v3/install/zed_interfaces/include/zed_interfaces/zed_interfaces/msg/detail/keypoint3_d__struct.h
[5.744s] -- Up-to-date: /home/yanwen/fyp_ws_v3/install/zed_interfaces/include/zed_interfaces/zed_interfaces/msg/detail/bounding_box2_df__functions.c
[5.744s] -- Up-to-date: /home/yanwen/fyp_ws_v3/install/zed_interfaces/include/zed_interfaces/zed_interfaces/msg/detail/depth_info_stamped__struct.h
[5.744s] -- Up-to-date: /home/yanwen/fyp_ws_v3/install/zed_interfaces/include/zed_interfaces/zed_interfaces/msg/detail/plane_stamped__functions.h
[5.744s] -- Up-to-date: /home/yanwen/fyp_ws_v3/install/zed_interfaces/include/zed_interfaces/zed_interfaces/msg/detail/skeleton2_d__functions.h
[5.744s] -- Up-to-date: /home/yanwen/fyp_ws_v3/install/zed_interfaces/include/zed_interfaces/zed_interfaces/msg/detail/keypoint2_di__struct.h
[5.745s] -- Up-to-date: /home/yanwen/fyp_ws_v3/install/zed_interfaces/include/zed_interfaces/zed_interfaces/msg/detail/keypoint3_d__functions.h
[5.745s] -- Up-to-date: /home/yanwen/fyp_ws_v3/install/zed_interfaces/include/zed_interfaces/zed_interfaces/msg/detail/skeleton2_d__functions.c
[5.745s] -- Up-to-date: /home/yanwen/fyp_ws_v3/install/zed_interfaces/include/zed_interfaces/zed_interfaces/msg/detail/object__functions.c
[5.745s] -- Up-to-date: /home/yanwen/fyp_ws_v3/install/zed_interfaces/include/zed_interfaces/zed_interfaces/msg/detail/skeleton3_d__functions.c
[5.745s] -- Up-to-date: /home/yanwen/fyp_ws_v3/install/zed_interfaces/include/zed_interfaces/zed_interfaces/msg/detail/keypoint2_di__functions.h
[5.745s] -- Up-to-date: /home/yanwen/fyp_ws_v3/install/zed_interfaces/include/zed_interfaces/zed_interfaces/msg/detail/pos_track_status__functions.h
[5.745s] -- Up-to-date: /home/yanwen/fyp_ws_v3/install/zed_interfaces/include/zed_interfaces/zed_interfaces/msg/detail/heartbeat__type_support.h
[5.745s] -- Up-to-date: /home/yanwen/fyp_ws_v3/install/zed_interfaces/include/zed_interfaces/zed_interfaces/msg/detail/keypoint2_di__functions.c
[5.745s] -- Up-to-date: /home/yanwen/fyp_ws_v3/install/zed_interfaces/include/zed_interfaces/zed_interfaces/msg/detail/objects_stamped__functions.c
[5.745s] -- Up-to-date: /home/yanwen/fyp_ws_v3/install/zed_interfaces/include/zed_interfaces/zed_interfaces/msg/detail/keypoint2_df__struct.h
[5.746s] -- Up-to-date: /home/yanwen/fyp_ws_v3/install/zed_interfaces/include/zed_interfaces/zed_interfaces/msg/detail/depth_info_stamped__functions.c
[5.746s] -- Up-to-date: /home/yanwen/fyp_ws_v3/install/zed_interfaces/include/zed_interfaces/zed_interfaces/msg/detail/pos_track_status__struct.h
[5.746s] -- Up-to-date: /home/yanwen/fyp_ws_v3/install/zed_interfaces/include/zed_interfaces/zed_interfaces/msg/detail/object__functions.h
[5.746s] -- Up-to-date: /home/yanwen/fyp_ws_v3/install/zed_interfaces/include/zed_interfaces/zed_interfaces/msg/detail/keypoint2_df__type_support.h
[5.746s] -- Up-to-date: /home/yanwen/fyp_ws_v3/install/zed_interfaces/include/zed_interfaces/zed_interfaces/msg/detail/objects_stamped__struct.h
[5.746s] -- Up-to-date: /home/yanwen/fyp_ws_v3/install/zed_interfaces/include/zed_interfaces/zed_interfaces/msg/detail/heartbeat__functions.c
[5.746s] -- Up-to-date: /home/yanwen/fyp_ws_v3/install/zed_interfaces/include/zed_interfaces/zed_interfaces/msg/detail/bounding_box2_di__functions.h
[5.746s] -- Up-to-date: /home/yanwen/fyp_ws_v3/install/zed_interfaces/include/zed_interfaces/zed_interfaces/msg/detail/pos_track_status__functions.c
[5.746s] -- Up-to-date: /home/yanwen/fyp_ws_v3/install/zed_interfaces/include/zed_interfaces/zed_interfaces/msg/detail/bounding_box3_d__struct.h
[5.746s] -- Up-to-date: /home/yanwen/fyp_ws_v3/install/zed_interfaces/include/zed_interfaces/zed_interfaces/msg/detail/bounding_box2_di__struct.h
[5.746s] -- Up-to-date: /home/yanwen/fyp_ws_v3/install/zed_interfaces/include/zed_interfaces/zed_interfaces/msg/detail/depth_info_stamped__functions.h
[5.747s] -- Up-to-date: /home/yanwen/fyp_ws_v3/install/zed_interfaces/include/zed_interfaces/zed_interfaces/msg/detail/object__type_support.h
[5.747s] -- Up-to-date: /home/yanwen/fyp_ws_v3/install/zed_interfaces/include/zed_interfaces/zed_interfaces/msg/detail/objects_stamped__type_support.h
[5.747s] -- Up-to-date: /home/yanwen/fyp_ws_v3/install/zed_interfaces/include/zed_interfaces/zed_interfaces/msg/detail/bounding_box3_d__functions.c
[5.747s] -- Up-to-date: /home/yanwen/fyp_ws_v3/install/zed_interfaces/include/zed_interfaces/zed_interfaces/msg/detail/objects_stamped__functions.h
[5.747s] -- Up-to-date: /home/yanwen/fyp_ws_v3/install/zed_interfaces/include/zed_interfaces/zed_interfaces/msg/detail/skeleton3_d__functions.h
[5.747s] -- Up-to-date: /home/yanwen/fyp_ws_v3/install/zed_interfaces/include/zed_interfaces/zed_interfaces/msg/detail/bounding_box2_df__functions.h
[5.747s] -- Up-to-date: /home/yanwen/fyp_ws_v3/install/zed_interfaces/include/zed_interfaces/zed_interfaces/msg/detail/bounding_box2_di__functions.c
[5.747s] -- Up-to-date: /home/yanwen/fyp_ws_v3/install/zed_interfaces/include/zed_interfaces/zed_interfaces/msg/detail/keypoint2_di__type_support.h
[5.747s] -- Up-to-date: /home/yanwen/fyp_ws_v3/install/zed_interfaces/include/zed_interfaces/zed_interfaces/msg/detail/keypoint2_df__functions.c
[5.747s] -- Up-to-date: /home/yanwen/fyp_ws_v3/install/zed_interfaces/include/zed_interfaces/zed_interfaces/msg/detail/pos_track_status__type_support.h
[5.747s] -- Up-to-date: /home/yanwen/fyp_ws_v3/install/zed_interfaces/include/zed_interfaces/zed_interfaces/msg/detail/keypoint3_d__functions.c
[5.748s] -- Up-to-date: /home/yanwen/fyp_ws_v3/install/zed_interfaces/include/zed_interfaces/zed_interfaces/msg/detail/skeleton3_d__struct.h
[5.748s] -- Up-to-date: /home/yanwen/fyp_ws_v3/install/zed_interfaces/include/zed_interfaces/zed_interfaces/msg/detail/plane_stamped__type_support.h
[5.748s] -- Up-to-date: /home/yanwen/fyp_ws_v3/install/zed_interfaces/include/zed_interfaces/zed_interfaces/msg/detail/skeleton2_d__struct.h
[5.748s] -- Up-to-date: /home/yanwen/fyp_ws_v3/install/zed_interfaces/include/zed_interfaces/zed_interfaces/msg/detail/bounding_box3_d__type_support.h
[5.748s] -- Up-to-date: /home/yanwen/fyp_ws_v3/install/zed_interfaces/include/zed_interfaces/zed_interfaces/msg/detail/skeleton2_d__type_support.h
[5.748s] -- Up-to-date: /home/yanwen/fyp_ws_v3/install/zed_interfaces/include/zed_interfaces/zed_interfaces/msg/detail/plane_stamped__functions.c
[5.748s] -- Up-to-date: /home/yanwen/fyp_ws_v3/install/zed_interfaces/include/zed_interfaces/zed_interfaces/msg/detail/heartbeat__functions.h
[5.748s] -- Up-to-date: /home/yanwen/fyp_ws_v3/install/zed_interfaces/include/zed_interfaces/zed_interfaces/msg/detail/keypoint3_d__type_support.h
[5.748s] -- Up-to-date: /home/yanwen/fyp_ws_v3/install/zed_interfaces/include/zed_interfaces/zed_interfaces/msg/detail/bounding_box2_di__type_support.h
[5.748s] -- Up-to-date: /home/yanwen/fyp_ws_v3/install/zed_interfaces/include/zed_interfaces/zed_interfaces/msg/detail/heartbeat__struct.h
[5.748s] -- Up-to-date: /home/yanwen/fyp_ws_v3/install/zed_interfaces/include/zed_interfaces/zed_interfaces/msg/detail/bounding_box3_d__functions.h
[5.749s] -- Up-to-date: /home/yanwen/fyp_ws_v3/install/zed_interfaces/include/zed_interfaces/zed_interfaces/msg/detail/bounding_box2_df__type_support.h
[5.749s] -- Up-to-date: /home/yanwen/fyp_ws_v3/install/zed_interfaces/include/zed_interfaces/zed_interfaces/msg/detail/keypoint2_df__functions.h
[5.749s] -- Up-to-date: /home/yanwen/fyp_ws_v3/install/zed_interfaces/include/zed_interfaces/zed_interfaces/msg/detail/plane_stamped__struct.h
[5.749s] -- Up-to-date: /home/yanwen/fyp_ws_v3/install/zed_interfaces/include/zed_interfaces/zed_interfaces/msg/detail/skeleton3_d__type_support.h
[5.749s] -- Up-to-date: /home/yanwen/fyp_ws_v3/install/zed_interfaces/include/zed_interfaces/zed_interfaces/msg/detail/object__struct.h
[5.749s] -- Up-to-date: /home/yanwen/fyp_ws_v3/install/zed_interfaces/include/zed_interfaces/zed_interfaces/msg/detail/bounding_box2_df__struct.h
[5.749s] -- Up-to-date: /home/yanwen/fyp_ws_v3/install/zed_interfaces/include/zed_interfaces/zed_interfaces/msg/bounding_box3_d.h
[5.749s] -- Up-to-date: /home/yanwen/fyp_ws_v3/install/zed_interfaces/include/zed_interfaces/zed_interfaces/msg/rosidl_generator_c__visibility_control.h
[5.749s] -- Up-to-date: /home/yanwen/fyp_ws_v3/install/zed_interfaces/include/zed_interfaces/zed_interfaces/msg/object.h
[5.749s] -- Up-to-date: /home/yanwen/fyp_ws_v3/install/zed_interfaces/include/zed_interfaces/zed_interfaces/msg/bounding_box2_df.h
[5.749s] -- Up-to-date: /home/yanwen/fyp_ws_v3/install/zed_interfaces/include/zed_interfaces/zed_interfaces/msg/keypoint3_d.h
[5.750s] -- Up-to-date: /home/yanwen/fyp_ws_v3/install/zed_interfaces/include/zed_interfaces/zed_interfaces/msg/plane_stamped.h
[5.750s] -- Up-to-date: /home/yanwen/fyp_ws_v3/install/zed_interfaces/include/zed_interfaces/zed_interfaces/msg/heartbeat.h
[5.750s] -- Up-to-date: /home/yanwen/fyp_ws_v3/install/zed_interfaces/include/zed_interfaces/zed_interfaces/msg/keypoint2_df.h
[5.750s] -- Up-to-date: /home/yanwen/fyp_ws_v3/install/zed_interfaces/include/zed_interfaces/zed_interfaces/msg/skeleton2_d.h
[5.750s] -- Up-to-date: /home/yanwen/fyp_ws_v3/install/zed_interfaces/include/zed_interfaces/zed_interfaces/msg/bounding_box2_di.h
[5.750s] -- Up-to-date: /home/yanwen/fyp_ws_v3/install/zed_interfaces/share/zed_interfaces/environment/library_path.sh
[5.750s] -- Up-to-date: /home/yanwen/fyp_ws_v3/install/zed_interfaces/share/zed_interfaces/environment/library_path.dsv
[5.828s] -- Up-to-date: /home/yanwen/fyp_ws_v3/install/zed_interfaces/lib/libzed_interfaces__rosidl_generator_c.so
[5.828s] -- Up-to-date: /home/yanwen/fyp_ws_v3/install/zed_interfaces/include/zed_interfaces/zed_interfaces
[5.829s] -- Up-to-date: /home/yanwen/fyp_ws_v3/install/zed_interfaces/include/zed_interfaces/zed_interfaces/srv
[5.829s] -- Up-to-date: /home/yanwen/fyp_ws_v3/install/zed_interfaces/include/zed_interfaces/zed_interfaces/srv/detail
[5.829s] -- Up-to-date: /home/yanwen/fyp_ws_v3/install/zed_interfaces/include/zed_interfaces/zed_interfaces/srv/detail/set_pose__rosidl_typesupport_fastrtps_c.h
[5.829s] -- Up-to-date: /home/yanwen/fyp_ws_v3/install/zed_interfaces/include/zed_interfaces/zed_interfaces/srv/detail/set_roi__rosidl_typesupport_fastrtps_c.h
[5.829s] -- Up-to-date: /home/yanwen/fyp_ws_v3/install/zed_interfaces/include/zed_interfaces/zed_interfaces/srv/detail/start_svo_rec__rosidl_typesupport_fastrtps_c.h
[5.830s] -- Up-to-date: /home/yanwen/fyp_ws_v3/install/zed_interfaces/include/zed_interfaces/zed_interfaces/msg
[5.830s] -- Up-to-date: /home/yanwen/fyp_ws_v3/install/zed_interfaces/include/zed_interfaces/zed_interfaces/msg/detail
[5.830s] -- Up-to-date: /home/yanwen/fyp_ws_v3/install/zed_interfaces/include/zed_interfaces/zed_interfaces/msg/detail/pos_track_status__rosidl_typesupport_fastrtps_c.h
[5.830s] -- Up-to-date: /home/yanwen/fyp_ws_v3/install/zed_interfaces/include/zed_interfaces/zed_interfaces/msg/detail/keypoint3_d__rosidl_typesupport_fastrtps_c.h
[5.830s] -- Up-to-date: /home/yanwen/fyp_ws_v3/install/zed_interfaces/include/zed_interfaces/zed_interfaces/msg/detail/keypoint2_df__rosidl_typesupport_fastrtps_c.h
[5.830s] -- Up-to-date: /home/yanwen/fyp_ws_v3/install/zed_interfaces/include/zed_interfaces/zed_interfaces/msg/detail/skeleton2_d__rosidl_typesupport_fastrtps_c.h
[5.830s] -- Up-to-date: /home/yanwen/fyp_ws_v3/install/zed_interfaces/include/zed_interfaces/zed_interfaces/msg/detail/keypoint2_di__rosidl_typesupport_fastrtps_c.h
[5.830s] -- Up-to-date: /home/yanwen/fyp_ws_v3/install/zed_interfaces/include/zed_interfaces/zed_interfaces/msg/detail/skeleton3_d__rosidl_typesupport_fastrtps_c.h
[5.830s] -- Up-to-date: /home/yanwen/fyp_ws_v3/install/zed_interfaces/include/zed_interfaces/zed_interfaces/msg/detail/bounding_box2_di__rosidl_typesupport_fastrtps_c.h
[5.831s] -- Up-to-date: /home/yanwen/fyp_ws_v3/install/zed_interfaces/include/zed_interfaces/zed_interfaces/msg/detail/object__rosidl_typesupport_fastrtps_c.h
[5.831s] -- Up-to-date: /home/yanwen/fyp_ws_v3/install/zed_interfaces/include/zed_interfaces/zed_interfaces/msg/detail/objects_stamped__rosidl_typesupport_fastrtps_c.h
[5.831s] -- Up-to-date: /home/yanwen/fyp_ws_v3/install/zed_interfaces/include/zed_interfaces/zed_interfaces/msg/detail/bounding_box3_d__rosidl_typesupport_fastrtps_c.h
[5.831s] -- Up-to-date: /home/yanwen/fyp_ws_v3/install/zed_interfaces/include/zed_interfaces/zed_interfaces/msg/detail/heartbeat__rosidl_typesupport_fastrtps_c.h
[5.831s] -- Up-to-date: /home/yanwen/fyp_ws_v3/install/zed_interfaces/include/zed_interfaces/zed_interfaces/msg/detail/depth_info_stamped__rosidl_typesupport_fastrtps_c.h
[5.831s] -- Up-to-date: /home/yanwen/fyp_ws_v3/install/zed_interfaces/include/zed_interfaces/zed_interfaces/msg/detail/plane_stamped__rosidl_typesupport_fastrtps_c.h
[5.831s] -- Up-to-date: /home/yanwen/fyp_ws_v3/install/zed_interfaces/include/zed_interfaces/zed_interfaces/msg/detail/bounding_box2_df__rosidl_typesupport_fastrtps_c.h
[5.831s] -- Up-to-date: /home/yanwen/fyp_ws_v3/install/zed_interfaces/include/zed_interfaces/zed_interfaces/msg/rosidl_typesupport_fastrtps_c__visibility_control.h
[5.851s] -- Up-to-date: /home/yanwen/fyp_ws_v3/install/zed_interfaces/lib/libzed_interfaces__rosidl_typesupport_fastrtps_c.so
[5.852s] -- Up-to-date: /home/yanwen/fyp_ws_v3/install/zed_interfaces/include/zed_interfaces/zed_interfaces
[5.852s] -- Up-to-date: /home/yanwen/fyp_ws_v3/install/zed_interfaces/include/zed_interfaces/zed_interfaces/srv
[5.852s] -- Up-to-date: /home/yanwen/fyp_ws_v3/install/zed_interfaces/include/zed_interfaces/zed_interfaces/srv/detail
[5.852s] -- Up-to-date: /home/yanwen/fyp_ws_v3/install/zed_interfaces/include/zed_interfaces/zed_interfaces/srv/detail/start_svo_rec__traits.hpp
[5.852s] -- Up-to-date: /home/yanwen/fyp_ws_v3/install/zed_interfaces/include/zed_interfaces/zed_interfaces/srv/detail/set_roi__struct.hpp
[5.852s] -- Up-to-date: /home/yanwen/fyp_ws_v3/install/zed_interfaces/include/zed_interfaces/zed_interfaces/srv/detail/set_pose__builder.hpp
[5.853s] -- Up-to-date: /home/yanwen/fyp_ws_v3/install/zed_interfaces/include/zed_interfaces/zed_interfaces/srv/detail/set_pose__traits.hpp
[5.853s] -- Up-to-date: /home/yanwen/fyp_ws_v3/install/zed_interfaces/include/zed_interfaces/zed_interfaces/srv/detail/set_roi__traits.hpp
[5.853s] -- Up-to-date: /home/yanwen/fyp_ws_v3/install/zed_interfaces/include/zed_interfaces/zed_interfaces/srv/detail/set_roi__builder.hpp
[5.853s] -- Up-to-date: /home/yanwen/fyp_ws_v3/install/zed_interfaces/include/zed_interfaces/zed_interfaces/srv/detail/start_svo_rec__builder.hpp
[5.853s] -- Up-to-date: /home/yanwen/fyp_ws_v3/install/zed_interfaces/include/zed_interfaces/zed_interfaces/srv/detail/start_svo_rec__struct.hpp
[5.854s] -- Up-to-date: /home/yanwen/fyp_ws_v3/install/zed_interfaces/include/zed_interfaces/zed_interfaces/srv/detail/set_pose__struct.hpp
[5.854s] -- Up-to-date: /home/yanwen/fyp_ws_v3/install/zed_interfaces/include/zed_interfaces/zed_interfaces/srv/start_svo_rec.hpp
[5.854s] -- Up-to-date: /home/yanwen/fyp_ws_v3/install/zed_interfaces/include/zed_interfaces/zed_interfaces/srv/set_roi.hpp
[5.854s] -- Up-to-date: /home/yanwen/fyp_ws_v3/install/zed_interfaces/include/zed_interfaces/zed_interfaces/srv/set_pose.hpp
[5.854s] -- Up-to-date: /home/yanwen/fyp_ws_v3/install/zed_interfaces/include/zed_interfaces/zed_interfaces/msg
[5.855s] -- Up-to-date: /home/yanwen/fyp_ws_v3/install/zed_interfaces/include/zed_interfaces/zed_interfaces/msg/skeleton3_d.hpp
[5.855s] -- Up-to-date: /home/yanwen/fyp_ws_v3/install/zed_interfaces/include/zed_interfaces/zed_interfaces/msg/keypoint3_d.hpp
[5.855s] -- Up-to-date: /home/yanwen/fyp_ws_v3/install/zed_interfaces/include/zed_interfaces/zed_interfaces/msg/plane_stamped.hpp
[5.855s] -- Up-to-date: /home/yanwen/fyp_ws_v3/install/zed_interfaces/include/zed_interfaces/zed_interfaces/msg/bounding_box3_d.hpp
[5.855s] -- Up-to-date: /home/yanwen/fyp_ws_v3/install/zed_interfaces/include/zed_interfaces/zed_interfaces/msg/keypoint2_df.hpp
[5.856s] -- Up-to-date: /home/yanwen/fyp_ws_v3/install/zed_interfaces/include/zed_interfaces/zed_interfaces/msg/objects_stamped.hpp
[5.856s] -- Up-to-date: /home/yanwen/fyp_ws_v3/install/zed_interfaces/include/zed_interfaces/zed_interfaces/msg/bounding_box2_df.hpp
[5.856s] -- Up-to-date: /home/yanwen/fyp_ws_v3/install/zed_interfaces/include/zed_interfaces/zed_interfaces/msg/detail
[5.856s] -- Up-to-date: /home/yanwen/fyp_ws_v3/install/zed_interfaces/include/zed_interfaces/zed_interfaces/msg/detail/keypoint3_d__traits.hpp
[5.856s] -- Up-to-date: /home/yanwen/fyp_ws_v3/install/zed_interfaces/include/zed_interfaces/zed_interfaces/msg/detail/pos_track_status__builder.hpp
[5.856s] -- Up-to-date: /home/yanwen/fyp_ws_v3/install/zed_interfaces/include/zed_interfaces/zed_interfaces/msg/detail/objects_stamped__struct.hpp
[5.856s] -- Up-to-date: /home/yanwen/fyp_ws_v3/install/zed_interfaces/include/zed_interfaces/zed_interfaces/msg/detail/bounding_box3_d__struct.hpp
[5.856s] -- Up-to-date: /home/yanwen/fyp_ws_v3/install/zed_interfaces/include/zed_interfaces/zed_interfaces/msg/detail/bounding_box2_df__traits.hpp
[5.856s] -- Up-to-date: /home/yanwen/fyp_ws_v3/install/zed_interfaces/include/zed_interfaces/zed_interfaces/msg/detail/object__struct.hpp
[5.856s] -- Up-to-date: /home/yanwen/fyp_ws_v3/install/zed_interfaces/include/zed_interfaces/zed_interfaces/msg/detail/plane_stamped__struct.hpp
[5.857s] -- Up-to-date: /home/yanwen/fyp_ws_v3/install/zed_interfaces/include/zed_interfaces/zed_interfaces/msg/detail/depth_info_stamped__struct.hpp
[5.857s] -- Up-to-date: /home/yanwen/fyp_ws_v3/install/zed_interfaces/include/zed_interfaces/zed_interfaces/msg/detail/heartbeat__traits.hpp
[5.857s] -- Up-to-date: /home/yanwen/fyp_ws_v3/install/zed_interfaces/include/zed_interfaces/zed_interfaces/msg/detail/skeleton2_d__struct.hpp
[5.857s] -- Up-to-date: /home/yanwen/fyp_ws_v3/install/zed_interfaces/include/zed_interfaces/zed_interfaces/msg/detail/heartbeat__struct.hpp
[5.857s] -- Up-to-date: /home/yanwen/fyp_ws_v3/install/zed_interfaces/include/zed_interfaces/zed_interfaces/msg/detail/keypoint3_d__builder.hpp
[5.857s] -- Up-to-date: /home/yanwen/fyp_ws_v3/install/zed_interfaces/include/zed_interfaces/zed_interfaces/msg/detail/keypoint2_di__traits.hpp
[5.857s] -- Up-to-date: /home/yanwen/fyp_ws_v3/install/zed_interfaces/include/zed_interfaces/zed_interfaces/msg/detail/heartbeat__builder.hpp
[5.857s] -- Up-to-date: /home/yanwen/fyp_ws_v3/install/zed_interfaces/include/zed_interfaces/zed_interfaces/msg/detail/keypoint2_df__traits.hpp
[5.857s] -- Up-to-date: /home/yanwen/fyp_ws_v3/install/zed_interfaces/include/zed_interfaces/zed_interfaces/msg/detail/objects_stamped__traits.hpp
[5.857s] -- Up-to-date: /home/yanwen/fyp_ws_v3/install/zed_interfaces/include/zed_interfaces/zed_interfaces/msg/detail/keypoint3_d__struct.hpp
[5.858s] -- Up-to-date: /home/yanwen/fyp_ws_v3/install/zed_interfaces/include/zed_interfaces/zed_interfaces/msg/detail/skeleton3_d__traits.hpp
[5.858s] -- Up-to-date: /home/yanwen/fyp_ws_v3/install/zed_interfaces/include/zed_interfaces/zed_interfaces/msg/detail/bounding_box2_df__builder.hpp
[5.858s] -- Up-to-date: /home/yanwen/fyp_ws_v3/install/zed_interfaces/include/zed_interfaces/zed_interfaces/msg/detail/bounding_box2_df__struct.hpp
[5.858s] -- Up-to-date: /home/yanwen/fyp_ws_v3/install/zed_interfaces/include/zed_interfaces/zed_interfaces/msg/detail/bounding_box2_di__traits.hpp
[5.858s] -- Up-to-date: /home/yanwen/fyp_ws_v3/install/zed_interfaces/include/zed_interfaces/zed_interfaces/msg/detail/plane_stamped__builder.hpp
[5.858s] -- Up-to-date: /home/yanwen/fyp_ws_v3/install/zed_interfaces/include/zed_interfaces/zed_interfaces/msg/detail/keypoint2_df__builder.hpp
[5.858s] -- Up-to-date: /home/yanwen/fyp_ws_v3/install/zed_interfaces/include/zed_interfaces/zed_interfaces/msg/detail/object__builder.hpp
[5.858s] -- Up-to-date: /home/yanwen/fyp_ws_v3/install/zed_interfaces/include/zed_interfaces/zed_interfaces/msg/detail/depth_info_stamped__builder.hpp
[5.858s] -- Up-to-date: /home/yanwen/fyp_ws_v3/install/zed_interfaces/include/zed_interfaces/zed_interfaces/msg/detail/keypoint2_df__struct.hpp
[5.858s] -- Up-to-date: /home/yanwen/fyp_ws_v3/install/zed_interfaces/include/zed_interfaces/zed_interfaces/msg/detail/bounding_box3_d__builder.hpp
[5.859s] -- Up-to-date: /home/yanwen/fyp_ws_v3/install/zed_interfaces/include/zed_interfaces/zed_interfaces/msg/detail/depth_info_stamped__traits.hpp
[5.859s] -- Up-to-date: /home/yanwen/fyp_ws_v3/install/zed_interfaces/include/zed_interfaces/zed_interfaces/msg/detail/skeleton2_d__traits.hpp
[5.859s] -- Up-to-date: /home/yanwen/fyp_ws_v3/install/zed_interfaces/include/zed_interfaces/zed_interfaces/msg/detail/object__traits.hpp
[5.859s] -- Up-to-date: /home/yanwen/fyp_ws_v3/install/zed_interfaces/include/zed_interfaces/zed_interfaces/msg/detail/objects_stamped__builder.hpp
[5.859s] -- Up-to-date: /home/yanwen/fyp_ws_v3/install/zed_interfaces/include/zed_interfaces/zed_interfaces/msg/detail/skeleton2_d__builder.hpp
[5.859s] -- Up-to-date: /home/yanwen/fyp_ws_v3/install/zed_interfaces/include/zed_interfaces/zed_interfaces/msg/detail/plane_stamped__traits.hpp
[5.859s] -- Up-to-date: /home/yanwen/fyp_ws_v3/install/zed_interfaces/include/zed_interfaces/zed_interfaces/msg/detail/bounding_box2_di__struct.hpp
[5.859s] -- Up-to-date: /home/yanwen/fyp_ws_v3/install/zed_interfaces/include/zed_interfaces/zed_interfaces/msg/detail/bounding_box3_d__traits.hpp
[5.860s] -- Up-to-date: /home/yanwen/fyp_ws_v3/install/zed_interfaces/include/zed_interfaces/zed_interfaces/msg/detail/pos_track_status__traits.hpp
[5.860s] -- Up-to-date: /home/yanwen/fyp_ws_v3/install/zed_interfaces/include/zed_interfaces/zed_interfaces/msg/detail/skeleton3_d__builder.hpp
[5.860s] -- Up-to-date: /home/yanwen/fyp_ws_v3/install/zed_interfaces/include/zed_interfaces/zed_interfaces/msg/detail/pos_track_status__struct.hpp
[5.860s] -- Up-to-date: /home/yanwen/fyp_ws_v3/install/zed_interfaces/include/zed_interfaces/zed_interfaces/msg/detail/keypoint2_di__builder.hpp
[5.860s] -- Up-to-date: /home/yanwen/fyp_ws_v3/install/zed_interfaces/include/zed_interfaces/zed_interfaces/msg/detail/keypoint2_di__struct.hpp
[5.860s] -- Up-to-date: /home/yanwen/fyp_ws_v3/install/zed_interfaces/include/zed_interfaces/zed_interfaces/msg/detail/bounding_box2_di__builder.hpp
[5.860s] -- Up-to-date: /home/yanwen/fyp_ws_v3/install/zed_interfaces/include/zed_interfaces/zed_interfaces/msg/detail/skeleton3_d__struct.hpp
[5.860s] -- Up-to-date: /home/yanwen/fyp_ws_v3/install/zed_interfaces/include/zed_interfaces/zed_interfaces/msg/object.hpp
[5.860s] -- Up-to-date: /home/yanwen/fyp_ws_v3/install/zed_interfaces/include/zed_interfaces/zed_interfaces/msg/skeleton2_d.hpp
[5.861s] -- Up-to-date: /home/yanwen/fyp_ws_v3/install/zed_interfaces/include/zed_interfaces/zed_interfaces/msg/keypoint2_di.hpp
[5.861s] -- Up-to-date: /home/yanwen/fyp_ws_v3/install/zed_interfaces/include/zed_interfaces/zed_interfaces/msg/pos_track_status.hpp
[5.861s] -- Up-to-date: /home/yanwen/fyp_ws_v3/install/zed_interfaces/include/zed_interfaces/zed_interfaces/msg/bounding_box2_di.hpp
[5.861s] -- Up-to-date: /home/yanwen/fyp_ws_v3/install/zed_interfaces/include/zed_interfaces/zed_interfaces/msg/heartbeat.hpp
[5.861s] -- Up-to-date: /home/yanwen/fyp_ws_v3/install/zed_interfaces/include/zed_interfaces/zed_interfaces/msg/depth_info_stamped.hpp
[5.861s] -- Up-to-date: /home/yanwen/fyp_ws_v3/install/zed_interfaces/include/zed_interfaces/zed_interfaces
[5.861s] -- Up-to-date: /home/yanwen/fyp_ws_v3/install/zed_interfaces/include/zed_interfaces/zed_interfaces/srv
[5.861s] -- Up-to-date: /home/yanwen/fyp_ws_v3/install/zed_interfaces/include/zed_interfaces/zed_interfaces/srv/detail
[5.861s] -- Up-to-date: /home/yanwen/fyp_ws_v3/install/zed_interfaces/include/zed_interfaces/zed_interfaces/srv/detail/set_roi__rosidl_typesupport_fastrtps_cpp.hpp
[5.861s] -- Up-to-date: /home/yanwen/fyp_ws_v3/install/zed_interfaces/include/zed_interfaces/zed_interfaces/srv/detail/start_svo_rec__rosidl_typesupport_fastrtps_cpp.hpp
[5.862s] -- Up-to-date: /home/yanwen/fyp_ws_v3/install/zed_interfaces/include/zed_interfaces/zed_interfaces/srv/detail/dds_fastrtps
[5.862s] -- Up-to-date: /home/yanwen/fyp_ws_v3/install/zed_interfaces/include/zed_interfaces/zed_interfaces/srv/detail/set_pose__rosidl_typesupport_fastrtps_cpp.hpp
[5.862s] -- Up-to-date: /home/yanwen/fyp_ws_v3/install/zed_interfaces/include/zed_interfaces/zed_interfaces/msg
[5.862s] -- Up-to-date: /home/yanwen/fyp_ws_v3/install/zed_interfaces/include/zed_interfaces/zed_interfaces/msg/rosidl_typesupport_fastrtps_cpp__visibility_control.h
[5.862s] -- Up-to-date: /home/yanwen/fyp_ws_v3/install/zed_interfaces/include/zed_interfaces/zed_interfaces/msg/detail
[5.862s] -- Up-to-date: /home/yanwen/fyp_ws_v3/install/zed_interfaces/include/zed_interfaces/zed_interfaces/msg/detail/skeleton3_d__rosidl_typesupport_fastrtps_cpp.hpp
[5.862s] -- Up-to-date: /home/yanwen/fyp_ws_v3/install/zed_interfaces/include/zed_interfaces/zed_interfaces/msg/detail/keypoint3_d__rosidl_typesupport_fastrtps_cpp.hpp
[5.862s] -- Up-to-date: /home/yanwen/fyp_ws_v3/install/zed_interfaces/include/zed_interfaces/zed_interfaces/msg/detail/objects_stamped__rosidl_typesupport_fastrtps_cpp.hpp
[5.862s] -- Up-to-date: /home/yanwen/fyp_ws_v3/install/zed_interfaces/include/zed_interfaces/zed_interfaces/msg/detail/bounding_box2_di__rosidl_typesupport_fastrtps_cpp.hpp
[5.862s] -- Up-to-date: /home/yanwen/fyp_ws_v3/install/zed_interfaces/include/zed_interfaces/zed_interfaces/msg/detail/plane_stamped__rosidl_typesupport_fastrtps_cpp.hpp
[5.863s] -- Up-to-date: /home/yanwen/fyp_ws_v3/install/zed_interfaces/include/zed_interfaces/zed_interfaces/msg/detail/keypoint2_di__rosidl_typesupport_fastrtps_cpp.hpp
[5.863s] -- Up-to-date: /home/yanwen/fyp_ws_v3/install/zed_interfaces/include/zed_interfaces/zed_interfaces/msg/detail/object__rosidl_typesupport_fastrtps_cpp.hpp
[5.863s] -- Up-to-date: /home/yanwen/fyp_ws_v3/install/zed_interfaces/include/zed_interfaces/zed_interfaces/msg/detail/keypoint2_df__rosidl_typesupport_fastrtps_cpp.hpp
[5.863s] -- Up-to-date: /home/yanwen/fyp_ws_v3/install/zed_interfaces/include/zed_interfaces/zed_interfaces/msg/detail/heartbeat__rosidl_typesupport_fastrtps_cpp.hpp
[5.863s] -- Up-to-date: /home/yanwen/fyp_ws_v3/install/zed_interfaces/include/zed_interfaces/zed_interfaces/msg/detail/depth_info_stamped__rosidl_typesupport_fastrtps_cpp.hpp
[5.863s] -- Up-to-date: /home/yanwen/fyp_ws_v3/install/zed_interfaces/include/zed_interfaces/zed_interfaces/msg/detail/skeleton2_d__rosidl_typesupport_fastrtps_cpp.hpp
[5.863s] -- Up-to-date: /home/yanwen/fyp_ws_v3/install/zed_interfaces/include/zed_interfaces/zed_interfaces/msg/detail/bounding_box2_df__rosidl_typesupport_fastrtps_cpp.hpp
[5.863s] -- Up-to-date: /home/yanwen/fyp_ws_v3/install/zed_interfaces/include/zed_interfaces/zed_interfaces/msg/detail/dds_fastrtps
[5.863s] -- Up-to-date: /home/yanwen/fyp_ws_v3/install/zed_interfaces/include/zed_interfaces/zed_interfaces/msg/detail/bounding_box3_d__rosidl_typesupport_fastrtps_cpp.hpp
[5.864s] -- Up-to-date: /home/yanwen/fyp_ws_v3/install/zed_interfaces/include/zed_interfaces/zed_interfaces/msg/detail/pos_track_status__rosidl_typesupport_fastrtps_cpp.hpp
[5.962s] -- Up-to-date: /home/yanwen/fyp_ws_v3/install/zed_interfaces/lib/libzed_interfaces__rosidl_typesupport_fastrtps_cpp.so
[5.962s] -- Up-to-date: /home/yanwen/fyp_ws_v3/install/zed_interfaces/include/zed_interfaces/zed_interfaces
[5.962s] -- Up-to-date: /home/yanwen/fyp_ws_v3/install/zed_interfaces/include/zed_interfaces/zed_interfaces/srv
[5.963s] -- Up-to-date: /home/yanwen/fyp_ws_v3/install/zed_interfaces/include/zed_interfaces/zed_interfaces/srv/detail
[5.963s] -- Up-to-date: /home/yanwen/fyp_ws_v3/install/zed_interfaces/include/zed_interfaces/zed_interfaces/srv/detail/start_svo_rec__rosidl_typesupport_introspection_c.h
[5.963s] -- Up-to-date: /home/yanwen/fyp_ws_v3/install/zed_interfaces/include/zed_interfaces/zed_interfaces/srv/detail/set_pose__rosidl_typesupport_introspection_c.h
[5.963s] -- Up-to-date: /home/yanwen/fyp_ws_v3/install/zed_interfaces/include/zed_interfaces/zed_interfaces/srv/detail/set_roi__type_support.c
[5.963s] -- Up-to-date: /home/yanwen/fyp_ws_v3/install/zed_interfaces/include/zed_interfaces/zed_interfaces/srv/detail/start_svo_rec__type_support.c
[5.964s] -- Up-to-date: /home/yanwen/fyp_ws_v3/install/zed_interfaces/include/zed_interfaces/zed_interfaces/srv/detail/set_roi__rosidl_typesupport_introspection_c.h
[5.964s] -- Up-to-date: /home/yanwen/fyp_ws_v3/install/zed_interfaces/include/zed_interfaces/zed_interfaces/srv/detail/set_pose__type_support.c
[5.964s] -- Up-to-date: /home/yanwen/fyp_ws_v3/install/zed_interfaces/include/zed_interfaces/zed_interfaces/msg
[5.964s] -- Up-to-date: /home/yanwen/fyp_ws_v3/install/zed_interfaces/include/zed_interfaces/zed_interfaces/msg/detail
[5.964s] -- Up-to-date: /home/yanwen/fyp_ws_v3/install/zed_interfaces/include/zed_interfaces/zed_interfaces/msg/detail/skeleton3_d__rosidl_typesupport_introspection_c.h
[5.964s] -- Up-to-date: /home/yanwen/fyp_ws_v3/install/zed_interfaces/include/zed_interfaces/zed_interfaces/msg/detail/keypoint3_d__type_support.c
[5.964s] -- Up-to-date: /home/yanwen/fyp_ws_v3/install/zed_interfaces/include/zed_interfaces/zed_interfaces/msg/detail/heartbeat__type_support.c
[5.964s] -- Up-to-date: /home/yanwen/fyp_ws_v3/install/zed_interfaces/include/zed_interfaces/zed_interfaces/msg/detail/bounding_box3_d__type_support.c
[5.964s] -- Up-to-date: /home/yanwen/fyp_ws_v3/install/zed_interfaces/include/zed_interfaces/zed_interfaces/msg/detail/bounding_box2_di__rosidl_typesupport_introspection_c.h
[5.964s] -- Up-to-date: /home/yanwen/fyp_ws_v3/install/zed_interfaces/include/zed_interfaces/zed_interfaces/msg/detail/depth_info_stamped__type_support.c
[5.965s] -- Up-to-date: /home/yanwen/fyp_ws_v3/install/zed_interfaces/include/zed_interfaces/zed_interfaces/msg/detail/skeleton3_d__type_support.c
[5.965s] -- Up-to-date: /home/yanwen/fyp_ws_v3/install/zed_interfaces/include/zed_interfaces/zed_interfaces/msg/detail/objects_stamped__type_support.c
[5.965s] -- Up-to-date: /home/yanwen/fyp_ws_v3/install/zed_interfaces/include/zed_interfaces/zed_interfaces/msg/detail/pos_track_status__type_support.c
[5.965s] -- Up-to-date: /home/yanwen/fyp_ws_v3/install/zed_interfaces/include/zed_interfaces/zed_interfaces/msg/detail/plane_stamped__type_support.c
[5.965s] -- Up-to-date: /home/yanwen/fyp_ws_v3/install/zed_interfaces/include/zed_interfaces/zed_interfaces/msg/detail/pos_track_status__rosidl_typesupport_introspection_c.h
[5.965s] -- Up-to-date: /home/yanwen/fyp_ws_v3/install/zed_interfaces/include/zed_interfaces/zed_interfaces/msg/detail/skeleton2_d__type_support.c
[5.965s] -- Up-to-date: /home/yanwen/fyp_ws_v3/install/zed_interfaces/include/zed_interfaces/zed_interfaces/msg/detail/skeleton2_d__rosidl_typesupport_introspection_c.h
[5.965s] -- Up-to-date: /home/yanwen/fyp_ws_v3/install/zed_interfaces/include/zed_interfaces/zed_interfaces/msg/detail/bounding_box2_di__type_support.c
[5.965s] -- Up-to-date: /home/yanwen/fyp_ws_v3/install/zed_interfaces/include/zed_interfaces/zed_interfaces/msg/detail/object__rosidl_typesupport_introspection_c.h
[5.965s] -- Up-to-date: /home/yanwen/fyp_ws_v3/install/zed_interfaces/include/zed_interfaces/zed_interfaces/msg/detail/keypoint3_d__rosidl_typesupport_introspection_c.h
[5.966s] -- Up-to-date: /home/yanwen/fyp_ws_v3/install/zed_interfaces/include/zed_interfaces/zed_interfaces/msg/detail/object__type_support.c
[5.966s] -- Up-to-date: /home/yanwen/fyp_ws_v3/install/zed_interfaces/include/zed_interfaces/zed_interfaces/msg/detail/objects_stamped__rosidl_typesupport_introspection_c.h
[5.966s] -- Up-to-date: /home/yanwen/fyp_ws_v3/install/zed_interfaces/include/zed_interfaces/zed_interfaces/msg/detail/bounding_box2_df__type_support.c
[5.966s] -- Up-to-date: /home/yanwen/fyp_ws_v3/install/zed_interfaces/include/zed_interfaces/zed_interfaces/msg/detail/keypoint2_df__type_support.c
[5.966s] -- Up-to-date: /home/yanwen/fyp_ws_v3/install/zed_interfaces/include/zed_interfaces/zed_interfaces/msg/detail/bounding_box3_d__rosidl_typesupport_introspection_c.h
[5.966s] -- Up-to-date: /home/yanwen/fyp_ws_v3/install/zed_interfaces/include/zed_interfaces/zed_interfaces/msg/detail/plane_stamped__rosidl_typesupport_introspection_c.h
[5.966s] -- Up-to-date: /home/yanwen/fyp_ws_v3/install/zed_interfaces/include/zed_interfaces/zed_interfaces/msg/detail/keypoint2_di__rosidl_typesupport_introspection_c.h
[5.966s] -- Up-to-date: /home/yanwen/fyp_ws_v3/install/zed_interfaces/include/zed_interfaces/zed_interfaces/msg/detail/keypoint2_df__rosidl_typesupport_introspection_c.h
[5.966s] -- Up-to-date: /home/yanwen/fyp_ws_v3/install/zed_interfaces/include/zed_interfaces/zed_interfaces/msg/detail/keypoint2_di__type_support.c
[5.966s] -- Up-to-date: /home/yanwen/fyp_ws_v3/install/zed_interfaces/include/zed_interfaces/zed_interfaces/msg/detail/bounding_box2_df__rosidl_typesupport_introspection_c.h
[5.966s] -- Up-to-date: /home/yanwen/fyp_ws_v3/install/zed_interfaces/include/zed_interfaces/zed_interfaces/msg/detail/heartbeat__rosidl_typesupport_introspection_c.h
[5.967s] -- Up-to-date: /home/yanwen/fyp_ws_v3/install/zed_interfaces/include/zed_interfaces/zed_interfaces/msg/detail/depth_info_stamped__rosidl_typesupport_introspection_c.h
[5.967s] -- Up-to-date: /home/yanwen/fyp_ws_v3/install/zed_interfaces/include/zed_interfaces/zed_interfaces/msg/rosidl_typesupport_introspection_c__visibility_control.h
[5.974s] -- Up-to-date: /home/yanwen/fyp_ws_v3/install/zed_interfaces/lib/libzed_interfaces__rosidl_typesupport_introspection_c.so
[5.986s] -- Up-to-date: /home/yanwen/fyp_ws_v3/install/zed_interfaces/lib/libzed_interfaces__rosidl_typesupport_c.so
[5.987s] -- Up-to-date: /home/yanwen/fyp_ws_v3/install/zed_interfaces/include/zed_interfaces/zed_interfaces
[5.987s] -- Up-to-date: /home/yanwen/fyp_ws_v3/install/zed_interfaces/include/zed_interfaces/zed_interfaces/srv
[5.987s] -- Up-to-date: /home/yanwen/fyp_ws_v3/install/zed_interfaces/include/zed_interfaces/zed_interfaces/srv/detail
[5.987s] -- Up-to-date: /home/yanwen/fyp_ws_v3/install/zed_interfaces/include/zed_interfaces/zed_interfaces/srv/detail/set_roi__type_support.cpp
[5.987s] -- Up-to-date: /home/yanwen/fyp_ws_v3/install/zed_interfaces/include/zed_interfaces/zed_interfaces/srv/detail/set_pose__rosidl_typesupport_introspection_cpp.hpp
[5.987s] -- Up-to-date: /home/yanwen/fyp_ws_v3/install/zed_interfaces/include/zed_interfaces/zed_interfaces/srv/detail/set_pose__type_support.cpp
[5.987s] -- Up-to-date: /home/yanwen/fyp_ws_v3/install/zed_interfaces/include/zed_interfaces/zed_interfaces/srv/detail/set_roi__rosidl_typesupport_introspection_cpp.hpp
[5.987s] -- Up-to-date: /home/yanwen/fyp_ws_v3/install/zed_interfaces/include/zed_interfaces/zed_interfaces/srv/detail/start_svo_rec__type_support.cpp
[5.988s] -- Up-to-date: /home/yanwen/fyp_ws_v3/install/zed_interfaces/include/zed_interfaces/zed_interfaces/srv/detail/start_svo_rec__rosidl_typesupport_introspection_cpp.hpp
[5.988s] -- Up-to-date: /home/yanwen/fyp_ws_v3/install/zed_interfaces/include/zed_interfaces/zed_interfaces/msg
[5.988s] -- Up-to-date: /home/yanwen/fyp_ws_v3/install/zed_interfaces/include/zed_interfaces/zed_interfaces/msg/detail
[5.988s] -- Up-to-date: /home/yanwen/fyp_ws_v3/install/zed_interfaces/include/zed_interfaces/zed_interfaces/msg/detail/depth_info_stamped__type_support.cpp
[5.988s] -- Up-to-date: /home/yanwen/fyp_ws_v3/install/zed_interfaces/include/zed_interfaces/zed_interfaces/msg/detail/heartbeat__type_support.cpp
[5.988s] -- Up-to-date: /home/yanwen/fyp_ws_v3/install/zed_interfaces/include/zed_interfaces/zed_interfaces/msg/detail/pos_track_status__type_support.cpp
[5.988s] -- Up-to-date: /home/yanwen/fyp_ws_v3/install/zed_interfaces/include/zed_interfaces/zed_interfaces/msg/detail/bounding_box2_di__type_support.cpp
[5.988s] -- Up-to-date: /home/yanwen/fyp_ws_v3/install/zed_interfaces/include/zed_interfaces/zed_interfaces/msg/detail/objects_stamped__type_support.cpp
[5.988s] -- Up-to-date: /home/yanwen/fyp_ws_v3/install/zed_interfaces/include/zed_interfaces/zed_interfaces/msg/detail/objects_stamped__rosidl_typesupport_introspection_cpp.hpp
[5.988s] -- Up-to-date: /home/yanwen/fyp_ws_v3/install/zed_interfaces/include/zed_interfaces/zed_interfaces/msg/detail/bounding_box3_d__type_support.cpp
[5.989s] -- Up-to-date: /home/yanwen/fyp_ws_v3/install/zed_interfaces/include/zed_interfaces/zed_interfaces/msg/detail/keypoint2_di__type_support.cpp
[5.989s] -- Up-to-date: /home/yanwen/fyp_ws_v3/install/zed_interfaces/include/zed_interfaces/zed_interfaces/msg/detail/keypoint2_df__rosidl_typesupport_introspection_cpp.hpp
[5.989s] -- Up-to-date: /home/yanwen/fyp_ws_v3/install/zed_interfaces/include/zed_interfaces/zed_interfaces/msg/detail/bounding_box3_d__rosidl_typesupport_introspection_cpp.hpp
[5.989s] -- Up-to-date: /home/yanwen/fyp_ws_v3/install/zed_interfaces/include/zed_interfaces/zed_interfaces/msg/detail/plane_stamped__rosidl_typesupport_introspection_cpp.hpp
[5.989s] -- Up-to-date: /home/yanwen/fyp_ws_v3/install/zed_interfaces/include/zed_interfaces/zed_interfaces/msg/detail/keypoint3_d__type_support.cpp
[5.989s] -- Up-to-date: /home/yanwen/fyp_ws_v3/install/zed_interfaces/include/zed_interfaces/zed_interfaces/msg/detail/bounding_box2_df__type_support.cpp
[5.989s] -- Up-to-date: /home/yanwen/fyp_ws_v3/install/zed_interfaces/include/zed_interfaces/zed_interfaces/msg/detail/skeleton2_d__rosidl_typesupport_introspection_cpp.hpp
[5.989s] -- Up-to-date: /home/yanwen/fyp_ws_v3/install/zed_interfaces/include/zed_interfaces/zed_interfaces/msg/detail/pos_track_status__rosidl_typesupport_introspection_cpp.hpp
[5.989s] -- Up-to-date: /home/yanwen/fyp_ws_v3/install/zed_interfaces/include/zed_interfaces/zed_interfaces/msg/detail/plane_stamped__type_support.cpp
[5.989s] -- Up-to-date: /home/yanwen/fyp_ws_v3/install/zed_interfaces/include/zed_interfaces/zed_interfaces/msg/detail/skeleton3_d__rosidl_typesupport_introspection_cpp.hpp
[5.989s] -- Up-to-date: /home/yanwen/fyp_ws_v3/install/zed_interfaces/include/zed_interfaces/zed_interfaces/msg/detail/skeleton3_d__type_support.cpp
[5.990s] -- Up-to-date: /home/yanwen/fyp_ws_v3/install/zed_interfaces/include/zed_interfaces/zed_interfaces/msg/detail/keypoint2_df__type_support.cpp
[5.990s] -- Up-to-date: /home/yanwen/fyp_ws_v3/install/zed_interfaces/include/zed_interfaces/zed_interfaces/msg/detail/object__rosidl_typesupport_introspection_cpp.hpp
[5.990s] -- Up-to-date: /home/yanwen/fyp_ws_v3/install/zed_interfaces/include/zed_interfaces/zed_interfaces/msg/detail/depth_info_stamped__rosidl_typesupport_introspection_cpp.hpp
[5.990s] -- Up-to-date: /home/yanwen/fyp_ws_v3/install/zed_interfaces/include/zed_interfaces/zed_interfaces/msg/detail/heartbeat__rosidl_typesupport_introspection_cpp.hpp
[5.990s] -- Up-to-date: /home/yanwen/fyp_ws_v3/install/zed_interfaces/include/zed_interfaces/zed_interfaces/msg/detail/object__type_support.cpp
[5.990s] -- Up-to-date: /home/yanwen/fyp_ws_v3/install/zed_interfaces/include/zed_interfaces/zed_interfaces/msg/detail/keypoint2_di__rosidl_typesupport_introspection_cpp.hpp
[5.990s] -- Up-to-date: /home/yanwen/fyp_ws_v3/install/zed_interfaces/include/zed_interfaces/zed_interfaces/msg/detail/bounding_box2_di__rosidl_typesupport_introspection_cpp.hpp
[5.990s] -- Up-to-date: /home/yanwen/fyp_ws_v3/install/zed_interfaces/include/zed_interfaces/zed_interfaces/msg/detail/bounding_box2_df__rosidl_typesupport_introspection_cpp.hpp
[5.990s] -- Up-to-date: /home/yanwen/fyp_ws_v3/install/zed_interfaces/include/zed_interfaces/zed_interfaces/msg/detail/skeleton2_d__type_support.cpp
[5.990s] -- Up-to-date: /home/yanwen/fyp_ws_v3/install/zed_interfaces/include/zed_interfaces/zed_interfaces/msg/detail/keypoint3_d__rosidl_typesupport_introspection_cpp.hpp
[6.010s] -- Up-to-date: /home/yanwen/fyp_ws_v3/install/zed_interfaces/lib/libzed_interfaces__rosidl_typesupport_introspection_cpp.so
[6.014s] -- Up-to-date: /home/yanwen/fyp_ws_v3/install/zed_interfaces/lib/libzed_interfaces__rosidl_typesupport_cpp.so
[6.014s] -- Up-to-date: /home/yanwen/fyp_ws_v3/install/zed_interfaces/share/zed_interfaces/environment/pythonpath.sh
[6.015s] -- Up-to-date: /home/yanwen/fyp_ws_v3/install/zed_interfaces/share/zed_interfaces/environment/pythonpath.dsv
[6.015s] -- Up-to-date: /home/yanwen/fyp_ws_v3/install/zed_interfaces/local/lib/python3.10/dist-packages/zed_interfaces-4.0.0-py3.10.egg-info
[6.015s] -- Installing: /home/yanwen/fyp_ws_v3/install/zed_interfaces/local/lib/python3.10/dist-packages/zed_interfaces-4.0.0-py3.10.egg-info/top_level.txt
[6.015s] -- Installing: /home/yanwen/fyp_ws_v3/install/zed_interfaces/local/lib/python3.10/dist-packages/zed_interfaces-4.0.0-py3.10.egg-info/PKG-INFO
[6.015s] -- Installing: /home/yanwen/fyp_ws_v3/install/zed_interfaces/local/lib/python3.10/dist-packages/zed_interfaces-4.0.0-py3.10.egg-info/SOURCES.txt
[6.015s] -- Installing: /home/yanwen/fyp_ws_v3/install/zed_interfaces/local/lib/python3.10/dist-packages/zed_interfaces-4.0.0-py3.10.egg-info/dependency_links.txt
[6.016s] -- Up-to-date: /home/yanwen/fyp_ws_v3/install/zed_interfaces/local/lib/python3.10/dist-packages/zed_interfaces
[6.016s] -- Up-to-date: /home/yanwen/fyp_ws_v3/install/zed_interfaces/local/lib/python3.10/dist-packages/zed_interfaces/zed_interfaces_s__rosidl_typesupport_c.cpython-310-x86_64-linux-gnu.so
[6.016s] -- Up-to-date: /home/yanwen/fyp_ws_v3/install/zed_interfaces/local/lib/python3.10/dist-packages/zed_interfaces/__init__.py
[6.016s] -- Up-to-date: /home/yanwen/fyp_ws_v3/install/zed_interfaces/local/lib/python3.10/dist-packages/zed_interfaces/_zed_interfaces_s.ep.rosidl_typesupport_c.c
[6.016s] -- Up-to-date: /home/yanwen/fyp_ws_v3/install/zed_interfaces/local/lib/python3.10/dist-packages/zed_interfaces/zed_interfaces_s__rosidl_typesupport_introspection_c.cpython-310-x86_64-linux-gnu.so
[6.016s] -- Up-to-date: /home/yanwen/fyp_ws_v3/install/zed_interfaces/local/lib/python3.10/dist-packages/zed_interfaces/srv
[6.016s] -- Up-to-date: /home/yanwen/fyp_ws_v3/install/zed_interfaces/local/lib/python3.10/dist-packages/zed_interfaces/srv/_start_svo_rec_s.c
[6.016s] -- Up-to-date: /home/yanwen/fyp_ws_v3/install/zed_interfaces/local/lib/python3.10/dist-packages/zed_interfaces/srv/__init__.py
[6.017s] -- Up-to-date: /home/yanwen/fyp_ws_v3/install/zed_interfaces/local/lib/python3.10/dist-packages/zed_interfaces/srv/_start_svo_rec.py
[6.017s] -- Up-to-date: /home/yanwen/fyp_ws_v3/install/zed_interfaces/local/lib/python3.10/dist-packages/zed_interfaces/srv/_set_pose_s.c
[6.017s] -- Up-to-date: /home/yanwen/fyp_ws_v3/install/zed_interfaces/local/lib/python3.10/dist-packages/zed_interfaces/srv/_set_roi.py
[6.017s] -- Up-to-date: /home/yanwen/fyp_ws_v3/install/zed_interfaces/local/lib/python3.10/dist-packages/zed_interfaces/srv/_set_pose.py
[6.017s] -- Up-to-date: /home/yanwen/fyp_ws_v3/install/zed_interfaces/local/lib/python3.10/dist-packages/zed_interfaces/srv/_set_roi_s.c
[6.017s] -- Up-to-date: /home/yanwen/fyp_ws_v3/install/zed_interfaces/local/lib/python3.10/dist-packages/zed_interfaces/_zed_interfaces_s.ep.rosidl_typesupport_introspection_c.c
[6.017s] -- Up-to-date: /home/yanwen/fyp_ws_v3/install/zed_interfaces/local/lib/python3.10/dist-packages/zed_interfaces/libzed_interfaces__rosidl_generator_py.so
[6.017s] -- Up-to-date: /home/yanwen/fyp_ws_v3/install/zed_interfaces/local/lib/python3.10/dist-packages/zed_interfaces/zed_interfaces_s__rosidl_typesupport_fastrtps_c.cpython-310-x86_64-linux-gnu.so
[6.017s] -- Up-to-date: /home/yanwen/fyp_ws_v3/install/zed_interfaces/local/lib/python3.10/dist-packages/zed_interfaces/_zed_interfaces_s.ep.rosidl_typesupport_fastrtps_c.c
[6.017s] -- Up-to-date: /home/yanwen/fyp_ws_v3/install/zed_interfaces/local/lib/python3.10/dist-packages/zed_interfaces/msg
[6.017s] -- Up-to-date: /home/yanwen/fyp_ws_v3/install/zed_interfaces/local/lib/python3.10/dist-packages/zed_interfaces/msg/_pos_track_status.py
[6.017s] -- Up-to-date: /home/yanwen/fyp_ws_v3/install/zed_interfaces/local/lib/python3.10/dist-packages/zed_interfaces/msg/_skeleton2_d.py
[6.017s] -- Up-to-date: /home/yanwen/fyp_ws_v3/install/zed_interfaces/local/lib/python3.10/dist-packages/zed_interfaces/msg/_plane_stamped.py
[6.017s] -- Up-to-date: /home/yanwen/fyp_ws_v3/install/zed_interfaces/local/lib/python3.10/dist-packages/zed_interfaces/msg/_skeleton2_d_s.c
[6.017s] -- Up-to-date: /home/yanwen/fyp_ws_v3/install/zed_interfaces/local/lib/python3.10/dist-packages/zed_interfaces/msg/_bounding_box3_d_s.c
[6.017s] -- Up-to-date: /home/yanwen/fyp_ws_v3/install/zed_interfaces/local/lib/python3.10/dist-packages/zed_interfaces/msg/__init__.py
[6.018s] -- Up-to-date: /home/yanwen/fyp_ws_v3/install/zed_interfaces/local/lib/python3.10/dist-packages/zed_interfaces/msg/_keypoint2_di.py
[6.018s] -- Up-to-date: /home/yanwen/fyp_ws_v3/install/zed_interfaces/local/lib/python3.10/dist-packages/zed_interfaces/msg/_heartbeat_s.c
[6.018s] -- Up-to-date: /home/yanwen/fyp_ws_v3/install/zed_interfaces/local/lib/python3.10/dist-packages/zed_interfaces/msg/_plane_stamped_s.c
[6.018s] -- Up-to-date: /home/yanwen/fyp_ws_v3/install/zed_interfaces/local/lib/python3.10/dist-packages/zed_interfaces/msg/_bounding_box3_d.py
[6.018s] -- Up-to-date: /home/yanwen/fyp_ws_v3/install/zed_interfaces/local/lib/python3.10/dist-packages/zed_interfaces/msg/_depth_info_stamped.py
[6.018s] -- Up-to-date: /home/yanwen/fyp_ws_v3/install/zed_interfaces/local/lib/python3.10/dist-packages/zed_interfaces/msg/_object.py
[6.018s] -- Up-to-date: /home/yanwen/fyp_ws_v3/install/zed_interfaces/local/lib/python3.10/dist-packages/zed_interfaces/msg/_object_s.c
[6.018s] -- Up-to-date: /home/yanwen/fyp_ws_v3/install/zed_interfaces/local/lib/python3.10/dist-packages/zed_interfaces/msg/_bounding_box2_di.py
[6.018s] -- Up-to-date: /home/yanwen/fyp_ws_v3/install/zed_interfaces/local/lib/python3.10/dist-packages/zed_interfaces/msg/_keypoint2_di_s.c
[6.018s] -- Up-to-date: /home/yanwen/fyp_ws_v3/install/zed_interfaces/local/lib/python3.10/dist-packages/zed_interfaces/msg/_heartbeat.py
[6.018s] -- Up-to-date: /home/yanwen/fyp_ws_v3/install/zed_interfaces/local/lib/python3.10/dist-packages/zed_interfaces/msg/_keypoint3_d_s.c
[6.018s] -- Up-to-date: /home/yanwen/fyp_ws_v3/install/zed_interfaces/local/lib/python3.10/dist-packages/zed_interfaces/msg/_objects_stamped_s.c
[6.018s] -- Up-to-date: /home/yanwen/fyp_ws_v3/install/zed_interfaces/local/lib/python3.10/dist-packages/zed_interfaces/msg/_bounding_box2_di_s.c
[6.018s] -- Up-to-date: /home/yanwen/fyp_ws_v3/install/zed_interfaces/local/lib/python3.10/dist-packages/zed_interfaces/msg/_bounding_box2_df.py
[6.018s] -- Up-to-date: /home/yanwen/fyp_ws_v3/install/zed_interfaces/local/lib/python3.10/dist-packages/zed_interfaces/msg/_skeleton3_d_s.c
[6.018s] -- Up-to-date: /home/yanwen/fyp_ws_v3/install/zed_interfaces/local/lib/python3.10/dist-packages/zed_interfaces/msg/_skeleton3_d.py
[6.018s] -- Up-to-date: /home/yanwen/fyp_ws_v3/install/zed_interfaces/local/lib/python3.10/dist-packages/zed_interfaces/msg/_keypoint2_df_s.c
[6.018s] -- Up-to-date: /home/yanwen/fyp_ws_v3/install/zed_interfaces/local/lib/python3.10/dist-packages/zed_interfaces/msg/_keypoint2_df.py
[6.018s] -- Up-to-date: /home/yanwen/fyp_ws_v3/install/zed_interfaces/local/lib/python3.10/dist-packages/zed_interfaces/msg/_depth_info_stamped_s.c
[6.018s] -- Up-to-date: /home/yanwen/fyp_ws_v3/install/zed_interfaces/local/lib/python3.10/dist-packages/zed_interfaces/msg/_pos_track_status_s.c
[6.018s] -- Up-to-date: /home/yanwen/fyp_ws_v3/install/zed_interfaces/local/lib/python3.10/dist-packages/zed_interfaces/msg/_objects_stamped.py
[6.018s] -- Up-to-date: /home/yanwen/fyp_ws_v3/install/zed_interfaces/local/lib/python3.10/dist-packages/zed_interfaces/msg/_keypoint3_d.py
[6.018s] -- Up-to-date: /home/yanwen/fyp_ws_v3/install/zed_interfaces/local/lib/python3.10/dist-packages/zed_interfaces/msg/_bounding_box2_df_s.c
[6.068s] Listing '/home/yanwen/fyp_ws_v3/install/zed_interfaces/local/lib/python3.10/dist-packages/zed_interfaces'...
[6.068s] Listing '/home/yanwen/fyp_ws_v3/install/zed_interfaces/local/lib/python3.10/dist-packages/zed_interfaces/msg'...
[6.068s] Listing '/home/yanwen/fyp_ws_v3/install/zed_interfaces/local/lib/python3.10/dist-packages/zed_interfaces/srv'...
[6.081s] -- Up-to-date: /home/yanwen/fyp_ws_v3/install/zed_interfaces/local/lib/python3.10/dist-packages/zed_interfaces/zed_interfaces_s__rosidl_typesupport_fastrtps_c.cpython-310-x86_64-linux-gnu.so
[6.084s] -- Up-to-date: /home/yanwen/fyp_ws_v3/install/zed_interfaces/local/lib/python3.10/dist-packages/zed_interfaces/zed_interfaces_s__rosidl_typesupport_introspection_c.cpython-310-x86_64-linux-gnu.so
[6.086s] -- Up-to-date: /home/yanwen/fyp_ws_v3/install/zed_interfaces/local/lib/python3.10/dist-packages/zed_interfaces/zed_interfaces_s__rosidl_typesupport_c.cpython-310-x86_64-linux-gnu.so
[6.089s] -- Up-to-date: /home/yanwen/fyp_ws_v3/install/zed_interfaces/lib/libzed_interfaces__rosidl_generator_py.so
[6.095s] -- Up-to-date: /home/yanwen/fyp_ws_v3/install/zed_interfaces/share/zed_interfaces/msg/Object.idl
[6.095s] -- Up-to-date: /home/yanwen/fyp_ws_v3/install/zed_interfaces/share/zed_interfaces/msg/ObjectsStamped.idl
[6.095s] -- Up-to-date: /home/yanwen/fyp_ws_v3/install/zed_interfaces/share/zed_interfaces/msg/Keypoint2Di.idl
[6.095s] -- Up-to-date: /home/yanwen/fyp_ws_v3/install/zed_interfaces/share/zed_interfaces/msg/Keypoint2Df.idl
[6.095s] -- Up-to-date: /home/yanwen/fyp_ws_v3/install/zed_interfaces/share/zed_interfaces/msg/Keypoint3D.idl
[6.095s] -- Up-to-date: /home/yanwen/fyp_ws_v3/install/zed_interfaces/share/zed_interfaces/msg/BoundingBox2Di.idl
[6.095s] -- Up-to-date: /home/yanwen/fyp_ws_v3/install/zed_interfaces/share/zed_interfaces/msg/BoundingBox2Df.idl
[6.095s] -- Up-to-date: /home/yanwen/fyp_ws_v3/install/zed_interfaces/share/zed_interfaces/msg/BoundingBox3D.idl
[6.095s] -- Up-to-date: /home/yanwen/fyp_ws_v3/install/zed_interfaces/share/zed_interfaces/msg/Skeleton2D.idl
[6.095s] -- Up-to-date: /home/yanwen/fyp_ws_v3/install/zed_interfaces/share/zed_interfaces/msg/Skeleton3D.idl
[6.095s] -- Up-to-date: /home/yanwen/fyp_ws_v3/install/zed_interfaces/share/zed_interfaces/msg/DepthInfoStamped.idl
[6.095s] -- Up-to-date: /home/yanwen/fyp_ws_v3/install/zed_interfaces/share/zed_interfaces/msg/PlaneStamped.idl
[6.095s] -- Up-to-date: /home/yanwen/fyp_ws_v3/install/zed_interfaces/share/zed_interfaces/msg/PosTrackStatus.idl
[6.095s] -- Up-to-date: /home/yanwen/fyp_ws_v3/install/zed_interfaces/share/zed_interfaces/msg/Heartbeat.idl
[6.096s] -- Up-to-date: /home/yanwen/fyp_ws_v3/install/zed_interfaces/share/zed_interfaces/srv/SetPose.idl
[6.096s] -- Up-to-date: /home/yanwen/fyp_ws_v3/install/zed_interfaces/share/zed_interfaces/srv/StartSvoRec.idl
[6.096s] -- Up-to-date: /home/yanwen/fyp_ws_v3/install/zed_interfaces/share/zed_interfaces/srv/SetROI.idl
[6.096s] -- Up-to-date: /home/yanwen/fyp_ws_v3/install/zed_interfaces/share/zed_interfaces/msg/Object.msg
[6.096s] -- Up-to-date: /home/yanwen/fyp_ws_v3/install/zed_interfaces/share/zed_interfaces/msg/ObjectsStamped.msg
[6.096s] -- Up-to-date: /home/yanwen/fyp_ws_v3/install/zed_interfaces/share/zed_interfaces/msg/Keypoint2Di.msg
[6.096s] -- Up-to-date: /home/yanwen/fyp_ws_v3/install/zed_interfaces/share/zed_interfaces/msg/Keypoint2Df.msg
[6.096s] -- Up-to-date: /home/yanwen/fyp_ws_v3/install/zed_interfaces/share/zed_interfaces/msg/Keypoint3D.msg
[6.096s] -- Up-to-date: /home/yanwen/fyp_ws_v3/install/zed_interfaces/share/zed_interfaces/msg/BoundingBox2Di.msg
[6.096s] -- Up-to-date: /home/yanwen/fyp_ws_v3/install/zed_interfaces/share/zed_interfaces/msg/BoundingBox2Df.msg
[6.096s] -- Up-to-date: /home/yanwen/fyp_ws_v3/install/zed_interfaces/share/zed_interfaces/msg/BoundingBox3D.msg
[6.096s] -- Up-to-date: /home/yanwen/fyp_ws_v3/install/zed_interfaces/share/zed_interfaces/msg/Skeleton2D.msg
[6.097s] -- Up-to-date: /home/yanwen/fyp_ws_v3/install/zed_interfaces/share/zed_interfaces/msg/Skeleton3D.msg
[6.097s] -- Up-to-date: /home/yanwen/fyp_ws_v3/install/zed_interfaces/share/zed_interfaces/msg/DepthInfoStamped.msg
[6.097s] -- Up-to-date: /home/yanwen/fyp_ws_v3/install/zed_interfaces/share/zed_interfaces/msg/PlaneStamped.msg
[6.097s] -- Up-to-date: /home/yanwen/fyp_ws_v3/install/zed_interfaces/share/zed_interfaces/msg/PosTrackStatus.msg
[6.097s] -- Up-to-date: /home/yanwen/fyp_ws_v3/install/zed_interfaces/share/zed_interfaces/msg/Heartbeat.msg
[6.097s] -- Up-to-date: /home/yanwen/fyp_ws_v3/install/zed_interfaces/share/zed_interfaces/srv/SetPose.srv
[6.097s] -- Up-to-date: /home/yanwen/fyp_ws_v3/install/zed_interfaces/share/zed_interfaces/srv/SetPose_Request.msg
[6.097s] -- Up-to-date: /home/yanwen/fyp_ws_v3/install/zed_interfaces/share/zed_interfaces/srv/SetPose_Response.msg
[6.097s] -- Up-to-date: /home/yanwen/fyp_ws_v3/install/zed_interfaces/share/zed_interfaces/srv/StartSvoRec.srv
[6.097s] -- Up-to-date: /home/yanwen/fyp_ws_v3/install/zed_interfaces/share/zed_interfaces/srv/StartSvoRec_Request.msg
[6.097s] -- Up-to-date: /home/yanwen/fyp_ws_v3/install/zed_interfaces/share/zed_interfaces/srv/StartSvoRec_Response.msg
[6.097s] -- Up-to-date: /home/yanwen/fyp_ws_v3/install/zed_interfaces/share/zed_interfaces/srv/SetROI.srv
[6.097s] -- Up-to-date: /home/yanwen/fyp_ws_v3/install/zed_interfaces/share/zed_interfaces/srv/SetROI_Request.msg
[6.097s] -- Up-to-date: /home/yanwen/fyp_ws_v3/install/zed_interfaces/share/zed_interfaces/srv/SetROI_Response.msg
[6.097s] -- Up-to-date: /home/yanwen/fyp_ws_v3/install/zed_interfaces/share/zed_interfaces/meshes
[6.098s] -- Up-to-date: /home/yanwen/fyp_ws_v3/install/zed_interfaces/share/zed_interfaces/meshes/zedxm.stl
[6.098s] -- Up-to-date: /home/yanwen/fyp_ws_v3/install/zed_interfaces/share/zed_interfaces/meshes/zed.stl
[6.098s] -- Up-to-date: /home/yanwen/fyp_ws_v3/install/zed_interfaces/share/zed_interfaces/meshes/zedm.stl
[6.098s] -- Up-to-date: /home/yanwen/fyp_ws_v3/install/zed_interfaces/share/zed_interfaces/meshes/zed2i.stl
[6.098s] -- Up-to-date: /home/yanwen/fyp_ws_v3/install/zed_interfaces/share/zed_interfaces/meshes/zed2.stl
[6.098s] -- Up-to-date: /home/yanwen/fyp_ws_v3/install/zed_interfaces/share/zed_interfaces/meshes/zedx.stl
[6.098s] -- Up-to-date: /home/yanwen/fyp_ws_v3/install/zed_interfaces/share/ament_index/resource_index/package_run_dependencies/zed_interfaces
[6.099s] -- Up-to-date: /home/yanwen/fyp_ws_v3/install/zed_interfaces/share/ament_index/resource_index/parent_prefix_path/zed_interfaces
[6.099s] -- Up-to-date: /home/yanwen/fyp_ws_v3/install/zed_interfaces/share/zed_interfaces/environment/ament_prefix_path.sh
[6.099s] -- Up-to-date: /home/yanwen/fyp_ws_v3/install/zed_interfaces/share/zed_interfaces/environment/ament_prefix_path.dsv
[6.099s] -- Up-to-date: /home/yanwen/fyp_ws_v3/install/zed_interfaces/share/zed_interfaces/environment/path.sh
[6.099s] -- Up-to-date: /home/yanwen/fyp_ws_v3/install/zed_interfaces/share/zed_interfaces/environment/path.dsv
[6.099s] -- Up-to-date: /home/yanwen/fyp_ws_v3/install/zed_interfaces/share/zed_interfaces/local_setup.bash
[6.099s] -- Up-to-date: /home/yanwen/fyp_ws_v3/install/zed_interfaces/share/zed_interfaces/local_setup.sh
[6.100s] -- Up-to-date: /home/yanwen/fyp_ws_v3/install/zed_interfaces/share/zed_interfaces/local_setup.zsh
[6.100s] -- Up-to-date: /home/yanwen/fyp_ws_v3/install/zed_interfaces/share/zed_interfaces/local_setup.dsv
[6.100s] -- Installing: /home/yanwen/fyp_ws_v3/install/zed_interfaces/share/zed_interfaces/package.dsv
[6.101s] -- Up-to-date: /home/yanwen/fyp_ws_v3/install/zed_interfaces/share/ament_index/resource_index/packages/zed_interfaces
[6.106s] -- Up-to-date: /home/yanwen/fyp_ws_v3/install/zed_interfaces/share/zed_interfaces/cmake/export_zed_interfaces__rosidl_generator_cExport.cmake
[6.106s] -- Up-to-date: /home/yanwen/fyp_ws_v3/install/zed_interfaces/share/zed_interfaces/cmake/export_zed_interfaces__rosidl_generator_cExport-noconfig.cmake
[6.108s] -- Up-to-date: /home/yanwen/fyp_ws_v3/install/zed_interfaces/share/zed_interfaces/cmake/export_zed_interfaces__rosidl_typesupport_fastrtps_cExport.cmake
[6.108s] -- Up-to-date: /home/yanwen/fyp_ws_v3/install/zed_interfaces/share/zed_interfaces/cmake/export_zed_interfaces__rosidl_typesupport_fastrtps_cExport-noconfig.cmake
[6.109s] -- Up-to-date: /home/yanwen/fyp_ws_v3/install/zed_interfaces/share/zed_interfaces/cmake/export_zed_interfaces__rosidl_generator_cppExport.cmake
[6.111s] -- Up-to-date: /home/yanwen/fyp_ws_v3/install/zed_interfaces/share/zed_interfaces/cmake/export_zed_interfaces__rosidl_typesupport_fastrtps_cppExport.cmake
[6.111s] -- Up-to-date: /home/yanwen/fyp_ws_v3/install/zed_interfaces/share/zed_interfaces/cmake/export_zed_interfaces__rosidl_typesupport_fastrtps_cppExport-noconfig.cmake
[6.112s] -- Up-to-date: /home/yanwen/fyp_ws_v3/install/zed_interfaces/share/zed_interfaces/cmake/zed_interfaces__rosidl_typesupport_introspection_cExport.cmake
[6.112s] -- Up-to-date: /home/yanwen/fyp_ws_v3/install/zed_interfaces/share/zed_interfaces/cmake/zed_interfaces__rosidl_typesupport_introspection_cExport-noconfig.cmake
[6.114s] -- Up-to-date: /home/yanwen/fyp_ws_v3/install/zed_interfaces/share/zed_interfaces/cmake/zed_interfaces__rosidl_typesupport_cExport.cmake
[6.114s] -- Up-to-date: /home/yanwen/fyp_ws_v3/install/zed_interfaces/share/zed_interfaces/cmake/zed_interfaces__rosidl_typesupport_cExport-noconfig.cmake
[6.115s] -- Up-to-date: /home/yanwen/fyp_ws_v3/install/zed_interfaces/share/zed_interfaces/cmake/zed_interfaces__rosidl_typesupport_introspection_cppExport.cmake
[6.115s] -- Up-to-date: /home/yanwen/fyp_ws_v3/install/zed_interfaces/share/zed_interfaces/cmake/zed_interfaces__rosidl_typesupport_introspection_cppExport-noconfig.cmake
[6.117s] -- Up-to-date: /home/yanwen/fyp_ws_v3/install/zed_interfaces/share/zed_interfaces/cmake/zed_interfaces__rosidl_typesupport_cppExport.cmake
[6.117s] -- Up-to-date: /home/yanwen/fyp_ws_v3/install/zed_interfaces/share/zed_interfaces/cmake/zed_interfaces__rosidl_typesupport_cppExport-noconfig.cmake
[6.118s] -- Up-to-date: /home/yanwen/fyp_ws_v3/install/zed_interfaces/share/zed_interfaces/cmake/export_zed_interfaces__rosidl_generator_pyExport.cmake
[6.118s] -- Up-to-date: /home/yanwen/fyp_ws_v3/install/zed_interfaces/share/zed_interfaces/cmake/export_zed_interfaces__rosidl_generator_pyExport-noconfig.cmake
[6.118s] -- Up-to-date: /home/yanwen/fyp_ws_v3/install/zed_interfaces/share/zed_interfaces/cmake/rosidl_cmake-extras.cmake
[6.118s] -- Up-to-date: /home/yanwen/fyp_ws_v3/install/zed_interfaces/share/zed_interfaces/cmake/ament_cmake_export_dependencies-extras.cmake
[6.118s] -- Up-to-date: /home/yanwen/fyp_ws_v3/install/zed_interfaces/share/zed_interfaces/cmake/ament_cmake_export_include_directories-extras.cmake
[6.118s] -- Up-to-date: /home/yanwen/fyp_ws_v3/install/zed_interfaces/share/zed_interfaces/cmake/ament_cmake_export_libraries-extras.cmake
[6.118s] -- Up-to-date: /home/yanwen/fyp_ws_v3/install/zed_interfaces/share/zed_interfaces/cmake/ament_cmake_export_targets-extras.cmake
[6.118s] -- Up-to-date: /home/yanwen/fyp_ws_v3/install/zed_interfaces/share/zed_interfaces/cmake/rosidl_cmake_export_typesupport_targets-extras.cmake
[6.118s] -- Up-to-date: /home/yanwen/fyp_ws_v3/install/zed_interfaces/share/zed_interfaces/cmake/rosidl_cmake_export_typesupport_libraries-extras.cmake
[6.118s] -- Up-to-date: /home/yanwen/fyp_ws_v3/install/zed_interfaces/share/zed_interfaces/cmake/zed_interfacesConfig.cmake
[6.119s] -- Up-to-date: /home/yanwen/fyp_ws_v3/install/zed_interfaces/share/zed_interfaces/cmake/zed_interfacesConfig-version.cmake
[6.119s] -- Up-to-date: /home/yanwen/fyp_ws_v3/install/zed_interfaces/share/zed_interfaces/package.xml
[6.122s] Invoked command in '/home/yanwen/fyp_ws_v3/build/zed_interfaces' returned '0': CMAKE_PREFIX_PATH=/opt/ros/humble /usr/bin/cmake --install /home/yanwen/fyp_ws_v3/build/zed_interfaces
