[0.745s] Invoking command in '/home/yanwen/fyp_ws_v3/src/robotiq_3f_gripper_ros2_stack/robotiq_3f_gripper_ros2_control': CMAKE_PREFIX_PATH=/home/yanwen/fyp_ws_v3/install/robotiq_3f_gripper_ros2_interfaces:/home/yanwen/fyp_ws_v3/install/zed_ros2:/home/yanwen/fyp_ws_v3/install/zed_wrapper:/home/yanwen/fyp_ws_v3/install/zed_components:/home/yanwen/fyp_ws_v3/install/zed_interfaces:/home/yanwen/fyp_ws_v3/install/moveit_script:/home/yanwen/fyp_ws_v3/install/gripper_client:/home/yanwen/fyp_ws_v3/install/obj_detect_test LD_LIBRARY_PATH=/home/yanwen/fyp_ws_v3/install/robotiq_3f_gripper_ros2_interfaces/lib:/home/yanwen/fyp_ws_v3/install/zed_components/lib:/home/yanwen/fyp_ws_v3/install/zed_interfaces/lib:/usr/lib/x86_64-linux-gnu/gazebo-11/plugins:/opt/ros/humble/opt/rviz_ogre_vendor/lib:/opt/ros/humble/lib/x86_64-linux-gnu:/opt/ros/humble/lib PYTHONPATH=/home/yanwen/fyp_ws_v3/build/robotiq_3f_gripper_ros2_control/prefix_override:/home/yanwen/fyp_ws_v3/install/robotiq_3f_gripper_ros2_control/lib/python3.10/site-packages:${PYTHONPATH} /usr/bin/python3 setup.py egg_info --egg-base ../../../build/robotiq_3f_gripper_ros2_control build --build-base /home/yanwen/fyp_ws_v3/build/robotiq_3f_gripper_ros2_control/build install --record /home/yanwen/fyp_ws_v3/build/robotiq_3f_gripper_ros2_control/install.log --single-version-externally-managed
[0.969s] running egg_info
[0.969s] writing ../../../build/robotiq_3f_gripper_ros2_control/robotiq_3f_gripper_ros2_control.egg-info/PKG-INFO
[0.969s] writing dependency_links to ../../../build/robotiq_3f_gripper_ros2_control/robotiq_3f_gripper_ros2_control.egg-info/dependency_links.txt
[0.969s] writing entry points to ../../../build/robotiq_3f_gripper_ros2_control/robotiq_3f_gripper_ros2_control.egg-info/entry_points.txt
[0.970s] writing requirements to ../../../build/robotiq_3f_gripper_ros2_control/robotiq_3f_gripper_ros2_control.egg-info/requires.txt
[0.970s] writing top-level names to ../../../build/robotiq_3f_gripper_ros2_control/robotiq_3f_gripper_ros2_control.egg-info/top_level.txt
[0.971s] reading manifest file '../../../build/robotiq_3f_gripper_ros2_control/robotiq_3f_gripper_ros2_control.egg-info/SOURCES.txt'
[0.972s] writing manifest file '../../../build/robotiq_3f_gripper_ros2_control/robotiq_3f_gripper_ros2_control.egg-info/SOURCES.txt'
[0.972s] running build
[0.972s] running build_py
[0.972s] running install
[0.972s] running install_lib
[0.973s] running install_data
[0.974s] running install_egg_info
[0.975s] removing '/home/yanwen/fyp_ws_v3/install/robotiq_3f_gripper_ros2_control/lib/python3.10/site-packages/robotiq_3f_gripper_ros2_control-0.1.0-py3.10.egg-info' (and everything under it)
[0.975s] Copying ../../../build/robotiq_3f_gripper_ros2_control/robotiq_3f_gripper_ros2_control.egg-info to /home/yanwen/fyp_ws_v3/install/robotiq_3f_gripper_ros2_control/lib/python3.10/site-packages/robotiq_3f_gripper_ros2_control-0.1.0-py3.10.egg-info
[0.975s] running install_scripts
[0.995s] Installing gripper_control_action_server script to /home/yanwen/fyp_ws_v3/install/robotiq_3f_gripper_ros2_control/lib/robotiq_3f_gripper_ros2_control
[0.995s] Installing gripper_control_listener_node script to /home/yanwen/fyp_ws_v3/install/robotiq_3f_gripper_ros2_control/lib/robotiq_3f_gripper_ros2_control
[0.995s] Installing gripper_control_service_server script to /home/yanwen/fyp_ws_v3/install/robotiq_3f_gripper_ros2_control/lib/robotiq_3f_gripper_ros2_control
[0.996s] writing list of installed files to '/home/yanwen/fyp_ws_v3/build/robotiq_3f_gripper_ros2_control/install.log'
[1.021s] Invoked command in '/home/yanwen/fyp_ws_v3/src/robotiq_3f_gripper_ros2_stack/robotiq_3f_gripper_ros2_control' returned '0': CMAKE_PREFIX_PATH=/home/yanwen/fyp_ws_v3/install/robotiq_3f_gripper_ros2_interfaces:/home/yanwen/fyp_ws_v3/install/zed_ros2:/home/yanwen/fyp_ws_v3/install/zed_wrapper:/home/yanwen/fyp_ws_v3/install/zed_components:/home/yanwen/fyp_ws_v3/install/zed_interfaces:/home/yanwen/fyp_ws_v3/install/moveit_script:/home/yanwen/fyp_ws_v3/install/gripper_client:/home/yanwen/fyp_ws_v3/install/obj_detect_test LD_LIBRARY_PATH=/home/yanwen/fyp_ws_v3/install/robotiq_3f_gripper_ros2_interfaces/lib:/home/yanwen/fyp_ws_v3/install/zed_components/lib:/home/yanwen/fyp_ws_v3/install/zed_interfaces/lib:/usr/lib/x86_64-linux-gnu/gazebo-11/plugins:/opt/ros/humble/opt/rviz_ogre_vendor/lib:/opt/ros/humble/lib/x86_64-linux-gnu:/opt/ros/humble/lib PYTHONPATH=/home/yanwen/fyp_ws_v3/build/robotiq_3f_gripper_ros2_control/prefix_override:/home/yanwen/fyp_ws_v3/install/robotiq_3f_gripper_ros2_control/lib/python3.10/site-packages:${PYTHONPATH} /usr/bin/python3 setup.py egg_info --egg-base ../../../build/robotiq_3f_gripper_ros2_control build --build-base /home/yanwen/fyp_ws_v3/build/robotiq_3f_gripper_ros2_control/build install --record /home/yanwen/fyp_ws_v3/build/robotiq_3f_gripper_ros2_control/install.log --single-version-externally-managed
