[2.977s] Invoking command in '/home/yanwen/fyp_ws_v3/src/robotiq_3f_gripper_ros2_stack/robotiq_3f_gripper_ros2_control': AMENT_PREFIX_PATH=/home/yanwen/fyp_ws_v3/install/robotiq_3f_gripper_ros2_interfaces:${AMENT_PREFIX_PATH} CMAKE_PREFIX_PATH=/home/yanwen/fyp_ws_v3/install/robotiq_3f_gripper_ros2_interfaces LD_LIBRARY_PATH=/home/yanwen/fyp_ws_v3/install/robotiq_3f_gripper_ros2_interfaces/lib:${LD_LIBRARY_PATH} PYTHONPATH=/home/yanwen/fyp_ws_v3/build/robotiq_3f_gripper_ros2_control/prefix_override:/home/yanwen/fyp_ws_v3/install/robotiq_3f_gripper_ros2_control/lib/python3.10/site-packages:/home/yanwen/fyp_ws_v3/install/robotiq_3f_gripper_ros2_interfaces/local/lib/python3.10/dist-packages:${PYTHONPATH} /usr/bin/python3 setup.py egg_info --egg-base ../../../build/robotiq_3f_gripper_ros2_control build --build-base /home/yanwen/fyp_ws_v3/build/robotiq_3f_gripper_ros2_control/build install --record /home/yanwen/fyp_ws_v3/build/robotiq_3f_gripper_ros2_control/install.log --single-version-externally-managed
[3.191s] running egg_info
[3.191s] writing ../../../build/robotiq_3f_gripper_ros2_control/robotiq_3f_gripper_ros2_control.egg-info/PKG-INFO
[3.283s] writing dependency_links to ../../../build/robotiq_3f_gripper_ros2_control/robotiq_3f_gripper_ros2_control.egg-info/dependency_links.txt
[3.283s] writing entry points to ../../../build/robotiq_3f_gripper_ros2_control/robotiq_3f_gripper_ros2_control.egg-info/entry_points.txt
[3.335s] writing requirements to ../../../build/robotiq_3f_gripper_ros2_control/robotiq_3f_gripper_ros2_control.egg-info/requires.txt
[3.335s] writing top-level names to ../../../build/robotiq_3f_gripper_ros2_control/robotiq_3f_gripper_ros2_control.egg-info/top_level.txt
[3.336s] reading manifest file '../../../build/robotiq_3f_gripper_ros2_control/robotiq_3f_gripper_ros2_control.egg-info/SOURCES.txt'
[3.379s] writing manifest file '../../../build/robotiq_3f_gripper_ros2_control/robotiq_3f_gripper_ros2_control.egg-info/SOURCES.txt'
[3.379s] running build
[3.379s] running build_py
[3.449s] running install
[3.449s] running install_lib
[3.451s] running install_data
[3.452s] running install_egg_info
[3.454s] removing '/home/yanwen/fyp_ws_v3/install/robotiq_3f_gripper_ros2_control/lib/python3.10/site-packages/robotiq_3f_gripper_ros2_control-0.1.0-py3.10.egg-info' (and everything under it)
[3.454s] Copying ../../../build/robotiq_3f_gripper_ros2_control/robotiq_3f_gripper_ros2_control.egg-info to /home/yanwen/fyp_ws_v3/install/robotiq_3f_gripper_ros2_control/lib/python3.10/site-packages/robotiq_3f_gripper_ros2_control-0.1.0-py3.10.egg-info
[3.488s] running install_scripts
[3.513s] Installing gripper_control_action_server script to /home/yanwen/fyp_ws_v3/install/robotiq_3f_gripper_ros2_control/lib/robotiq_3f_gripper_ros2_control
[3.528s] Installing gripper_control_listener_node script to /home/yanwen/fyp_ws_v3/install/robotiq_3f_gripper_ros2_control/lib/robotiq_3f_gripper_ros2_control
[3.528s] Installing gripper_control_service_server script to /home/yanwen/fyp_ws_v3/install/robotiq_3f_gripper_ros2_control/lib/robotiq_3f_gripper_ros2_control
[3.528s] writing list of installed files to '/home/yanwen/fyp_ws_v3/build/robotiq_3f_gripper_ros2_control/install.log'
[3.633s] Invoked command in '/home/yanwen/fyp_ws_v3/src/robotiq_3f_gripper_ros2_stack/robotiq_3f_gripper_ros2_control' returned '0': AMENT_PREFIX_PATH=/home/yanwen/fyp_ws_v3/install/robotiq_3f_gripper_ros2_interfaces:${AMENT_PREFIX_PATH} CMAKE_PREFIX_PATH=/home/yanwen/fyp_ws_v3/install/robotiq_3f_gripper_ros2_interfaces LD_LIBRARY_PATH=/home/yanwen/fyp_ws_v3/install/robotiq_3f_gripper_ros2_interfaces/lib:${LD_LIBRARY_PATH} PYTHONPATH=/home/yanwen/fyp_ws_v3/build/robotiq_3f_gripper_ros2_control/prefix_override:/home/yanwen/fyp_ws_v3/install/robotiq_3f_gripper_ros2_control/lib/python3.10/site-packages:/home/yanwen/fyp_ws_v3/install/robotiq_3f_gripper_ros2_interfaces/local/lib/python3.10/dist-packages:${PYTHONPATH} /usr/bin/python3 setup.py egg_info --egg-base ../../../build/robotiq_3f_gripper_ros2_control build --build-base /home/yanwen/fyp_ws_v3/build/robotiq_3f_gripper_ros2_control/build install --record /home/yanwen/fyp_ws_v3/build/robotiq_3f_gripper_ros2_control/install.log --single-version-externally-managed
