[0.023s] Invoking command in '/home/yanwen/fyp_ws_v3/build/gripper_client': CMAKE_PREFIX_PATH=/home/yanwen/fyp_ws_v3/install/robotiq_3f_gripper_ros2_interfaces:/home/yanwen/fyp_ws_v3/install/zed_ros2:/home/yanwen/fyp_ws_v3/install/zed_wrapper:/home/yanwen/fyp_ws_v3/install/zed_components:/home/yanwen/fyp_ws_v3/install/zed_interfaces:/home/yanwen/fyp_ws_v3/install/moveit_script:/home/yanwen/fyp_ws_v3/install/gripper_client:/home/yanwen/fyp_ws_v3/install/obj_detect_test:/home/yanwen/fyp_ws_v3/install/robotiq_3f_gripper_ros2_control:/home/yanwen/fyp_ws_v3/install/cv_ros2_test:/opt/ros/humble LD_LIBRARY_PATH=/home/yanwen/fyp_ws_v3/install/robotiq_3f_gripper_ros2_interfaces/lib:/home/yanwen/fyp_ws_v3/install/zed_components/lib:/home/yanwen/fyp_ws_v3/install/zed_interfaces/lib:/usr/lib/x86_64-linux-gnu/gazebo-11/plugins:/opt/ros/humble/opt/rviz_ogre_vendor/lib:/opt/ros/humble/lib/x86_64-linux-gnu:/opt/ros/humble/lib /usr/bin/cmake --build /home/yanwen/fyp_ws_v3/build/gripper_client -- -j8 -l8
[0.064s] [100%] Built target client
[0.223s] Invoked command in '/home/yanwen/fyp_ws_v3/build/gripper_client' returned '0': CMAKE_PREFIX_PATH=/home/yanwen/fyp_ws_v3/install/robotiq_3f_gripper_ros2_interfaces:/home/yanwen/fyp_ws_v3/install/zed_ros2:/home/yanwen/fyp_ws_v3/install/zed_wrapper:/home/yanwen/fyp_ws_v3/install/zed_components:/home/yanwen/fyp_ws_v3/install/zed_interfaces:/home/yanwen/fyp_ws_v3/install/moveit_script:/home/yanwen/fyp_ws_v3/install/gripper_client:/home/yanwen/fyp_ws_v3/install/obj_detect_test:/home/yanwen/fyp_ws_v3/install/robotiq_3f_gripper_ros2_control:/home/yanwen/fyp_ws_v3/install/cv_ros2_test:/opt/ros/humble LD_LIBRARY_PATH=/home/yanwen/fyp_ws_v3/install/robotiq_3f_gripper_ros2_interfaces/lib:/home/yanwen/fyp_ws_v3/install/zed_components/lib:/home/yanwen/fyp_ws_v3/install/zed_interfaces/lib:/usr/lib/x86_64-linux-gnu/gazebo-11/plugins:/opt/ros/humble/opt/rviz_ogre_vendor/lib:/opt/ros/humble/lib/x86_64-linux-gnu:/opt/ros/humble/lib /usr/bin/cmake --build /home/yanwen/fyp_ws_v3/build/gripper_client -- -j8 -l8
[0.256s] Invoking command in '/home/yanwen/fyp_ws_v3/build/gripper_client': CMAKE_PREFIX_PATH=/home/yanwen/fyp_ws_v3/install/robotiq_3f_gripper_ros2_interfaces:/home/yanwen/fyp_ws_v3/install/zed_ros2:/home/yanwen/fyp_ws_v3/install/zed_wrapper:/home/yanwen/fyp_ws_v3/install/zed_components:/home/yanwen/fyp_ws_v3/install/zed_interfaces:/home/yanwen/fyp_ws_v3/install/moveit_script:/home/yanwen/fyp_ws_v3/install/gripper_client:/home/yanwen/fyp_ws_v3/install/obj_detect_test:/home/yanwen/fyp_ws_v3/install/robotiq_3f_gripper_ros2_control:/home/yanwen/fyp_ws_v3/install/cv_ros2_test:/opt/ros/humble LD_LIBRARY_PATH=/home/yanwen/fyp_ws_v3/install/robotiq_3f_gripper_ros2_interfaces/lib:/home/yanwen/fyp_ws_v3/install/zed_components/lib:/home/yanwen/fyp_ws_v3/install/zed_interfaces/lib:/usr/lib/x86_64-linux-gnu/gazebo-11/plugins:/opt/ros/humble/opt/rviz_ogre_vendor/lib:/opt/ros/humble/lib/x86_64-linux-gnu:/opt/ros/humble/lib /usr/bin/cmake --install /home/yanwen/fyp_ws_v3/build/gripper_client
[0.256s] -- Install configuration: ""
[0.258s] -- Up-to-date: /home/yanwen/fyp_ws_v3/install/gripper_client/lib/gripper_client/client
[0.258s] -- Up-to-date: /home/yanwen/fyp_ws_v3/install/gripper_client/share/ament_index/resource_index/package_run_dependencies/gripper_client
[0.258s] -- Up-to-date: /home/yanwen/fyp_ws_v3/install/gripper_client/share/ament_index/resource_index/parent_prefix_path/gripper_client
[0.259s] -- Up-to-date: /home/yanwen/fyp_ws_v3/install/gripper_client/share/gripper_client/environment/ament_prefix_path.sh
[0.259s] -- Up-to-date: /home/yanwen/fyp_ws_v3/install/gripper_client/share/gripper_client/environment/ament_prefix_path.dsv
[0.259s] -- Up-to-date: /home/yanwen/fyp_ws_v3/install/gripper_client/share/gripper_client/environment/path.sh
[0.259s] -- Up-to-date: /home/yanwen/fyp_ws_v3/install/gripper_client/share/gripper_client/environment/path.dsv
[0.259s] -- Up-to-date: /home/yanwen/fyp_ws_v3/install/gripper_client/share/gripper_client/local_setup.bash
[0.259s] -- Up-to-date: /home/yanwen/fyp_ws_v3/install/gripper_client/share/gripper_client/local_setup.sh
[0.259s] -- Up-to-date: /home/yanwen/fyp_ws_v3/install/gripper_client/share/gripper_client/local_setup.zsh
[0.260s] -- Up-to-date: /home/yanwen/fyp_ws_v3/install/gripper_client/share/gripper_client/local_setup.dsv
[0.261s] -- Installing: /home/yanwen/fyp_ws_v3/install/gripper_client/share/gripper_client/package.dsv
[0.261s] -- Up-to-date: /home/yanwen/fyp_ws_v3/install/gripper_client/share/ament_index/resource_index/packages/gripper_client
[0.261s] -- Up-to-date: /home/yanwen/fyp_ws_v3/install/gripper_client/share/gripper_client/cmake/gripper_clientConfig.cmake
[0.261s] -- Up-to-date: /home/yanwen/fyp_ws_v3/install/gripper_client/share/gripper_client/cmake/gripper_clientConfig-version.cmake
[0.262s] -- Up-to-date: /home/yanwen/fyp_ws_v3/install/gripper_client/share/gripper_client/package.xml
[0.262s] Invoked command in '/home/yanwen/fyp_ws_v3/build/gripper_client' returned '0': CMAKE_PREFIX_PATH=/home/yanwen/fyp_ws_v3/install/robotiq_3f_gripper_ros2_interfaces:/home/yanwen/fyp_ws_v3/install/zed_ros2:/home/yanwen/fyp_ws_v3/install/zed_wrapper:/home/yanwen/fyp_ws_v3/install/zed_components:/home/yanwen/fyp_ws_v3/install/zed_interfaces:/home/yanwen/fyp_ws_v3/install/moveit_script:/home/yanwen/fyp_ws_v3/install/gripper_client:/home/yanwen/fyp_ws_v3/install/obj_detect_test:/home/yanwen/fyp_ws_v3/install/robotiq_3f_gripper_ros2_control:/home/yanwen/fyp_ws_v3/install/cv_ros2_test:/opt/ros/humble LD_LIBRARY_PATH=/home/yanwen/fyp_ws_v3/install/robotiq_3f_gripper_ros2_interfaces/lib:/home/yanwen/fyp_ws_v3/install/zed_components/lib:/home/yanwen/fyp_ws_v3/install/zed_interfaces/lib:/usr/lib/x86_64-linux-gnu/gazebo-11/plugins:/opt/ros/humble/opt/rviz_ogre_vendor/lib:/opt/ros/humble/lib/x86_64-linux-gnu:/opt/ros/humble/lib /usr/bin/cmake --install /home/yanwen/fyp_ws_v3/build/gripper_client
