[3.147s] Invoking command in '/home/yanwen/fyp_ws_v3/build/robotiq_3f_gripper_ros2_interfaces': CMAKE_PREFIX_PATH=${CMAKE_PREFIX_PATH}:/home/yanwen/fyp_ws_v3/install/robotiq_3f_gripper_ros2_control:/home/yanwen/fyp_ws_v3/install/cv_ros2_test:/opt/ros/humble /usr/bin/cmake --build /home/yanwen/fyp_ws_v3/build/robotiq_3f_gripper_ros2_interfaces -- -j8 -l8
[8.051s] [  1%] Built target robotiq_3f_gripper_ros2_interfaces__cpp
[9.571s] [  1%] Built target ament_cmake_python_copy_robotiq_3f_gripper_ros2_interfaces
[9.692s] [ 12%] Built target robotiq_3f_gripper_ros2_interfaces__rosidl_generator_c
[10.133s] running egg_info
[10.133s] writing robotiq_3f_gripper_ros2_interfaces.egg-info/PKG-INFO
[10.133s] writing dependency_links to robotiq_3f_gripper_ros2_interfaces.egg-info/dependency_links.txt
[10.133s] writing top-level names to robotiq_3f_gripper_ros2_interfaces.egg-info/top_level.txt
[10.241s] reading manifest file 'robotiq_3f_gripper_ros2_interfaces.egg-info/SOURCES.txt'
[10.313s] writing manifest file 'robotiq_3f_gripper_ros2_interfaces.egg-info/SOURCES.txt'
[10.335s] [ 12%] Built target ament_cmake_python_build_robotiq_3f_gripper_ros2_interfaces_egg
[10.401s] [ 34%] Built target robotiq_3f_gripper_ros2_interfaces__rosidl_typesupport_cpp
[10.401s] [ 34%] Built target robotiq_3f_gripper_ros2_interfaces__rosidl_typesupport_fastrtps_cpp
[10.402s] [ 45%] Built target robotiq_3f_gripper_ros2_interfaces__rosidl_typesupport_introspection_cpp
[10.912s] [ 56%] Built target robotiq_3f_gripper_ros2_interfaces__rosidl_typesupport_c
[11.080s] [ 67%] Built target robotiq_3f_gripper_ros2_interfaces__rosidl_typesupport_introspection_c
[11.175s] [ 78%] Built target robotiq_3f_gripper_ros2_interfaces__rosidl_typesupport_fastrtps_c
[11.377s] [ 78%] Built target robotiq_3f_gripper_ros2_interfaces
[11.591s] [ 80%] Built target robotiq_3f_gripper_ros2_interfaces__py
[11.822s] [ 89%] Built target robotiq_3f_gripper_ros2_interfaces__rosidl_generator_py
[12.040s] [ 92%] Built target robotiq_3f_gripper_ros2_interfaces__rosidl_typesupport_introspection_c__pyext
[12.040s] [100%] Built target robotiq_3f_gripper_ros2_interfaces__rosidl_typesupport_c__pyext
[12.040s] [100%] Built target robotiq_3f_gripper_ros2_interfaces__rosidl_typesupport_fastrtps_c__pyext
[12.049s] Invoked command in '/home/yanwen/fyp_ws_v3/build/robotiq_3f_gripper_ros2_interfaces' returned '0': CMAKE_PREFIX_PATH=${CMAKE_PREFIX_PATH}:/home/yanwen/fyp_ws_v3/install/robotiq_3f_gripper_ros2_control:/home/yanwen/fyp_ws_v3/install/cv_ros2_test:/opt/ros/humble /usr/bin/cmake --build /home/yanwen/fyp_ws_v3/build/robotiq_3f_gripper_ros2_interfaces -- -j8 -l8
[12.131s] Invoking command in '/home/yanwen/fyp_ws_v3/build/robotiq_3f_gripper_ros2_interfaces': CMAKE_PREFIX_PATH=${CMAKE_PREFIX_PATH}:/home/yanwen/fyp_ws_v3/install/robotiq_3f_gripper_ros2_control:/home/yanwen/fyp_ws_v3/install/cv_ros2_test:/opt/ros/humble /usr/bin/cmake --install /home/yanwen/fyp_ws_v3/build/robotiq_3f_gripper_ros2_interfaces
[12.144s] -- Install configuration: ""
[12.183s] -- Up-to-date: /home/yanwen/fyp_ws_v3/install/robotiq_3f_gripper_ros2_interfaces/share/ament_index/resource_index/rosidl_interfaces/robotiq_3f_gripper_ros2_interfaces
[12.249s] -- Up-to-date: /home/yanwen/fyp_ws_v3/install/robotiq_3f_gripper_ros2_interfaces/include/robotiq_3f_gripper_ros2_interfaces/robotiq_3f_gripper_ros2_interfaces
[12.257s] -- Up-to-date: /home/yanwen/fyp_ws_v3/install/robotiq_3f_gripper_ros2_interfaces/include/robotiq_3f_gripper_ros2_interfaces/robotiq_3f_gripper_ros2_interfaces/action
[12.305s] -- Up-to-date: /home/yanwen/fyp_ws_v3/install/robotiq_3f_gripper_ros2_interfaces/include/robotiq_3f_gripper_ros2_interfaces/robotiq_3f_gripper_ros2_interfaces/action/detail
[12.307s] -- Up-to-date: /home/yanwen/fyp_ws_v3/install/robotiq_3f_gripper_ros2_interfaces/include/robotiq_3f_gripper_ros2_interfaces/robotiq_3f_gripper_ros2_interfaces/action/detail/robotiq3_f_gripper_output_goal__struct.h
[12.307s] -- Up-to-date: /home/yanwen/fyp_ws_v3/install/robotiq_3f_gripper_ros2_interfaces/include/robotiq_3f_gripper_ros2_interfaces/robotiq_3f_gripper_ros2_interfaces/action/detail/robotiq3_f_gripper_output_goal__functions.h
[12.307s] -- Up-to-date: /home/yanwen/fyp_ws_v3/install/robotiq_3f_gripper_ros2_interfaces/include/robotiq_3f_gripper_ros2_interfaces/robotiq_3f_gripper_ros2_interfaces/action/detail/robotiq3_f_gripper_output_goal__type_support.h
[12.307s] -- Up-to-date: /home/yanwen/fyp_ws_v3/install/robotiq_3f_gripper_ros2_interfaces/include/robotiq_3f_gripper_ros2_interfaces/robotiq_3f_gripper_ros2_interfaces/action/detail/robotiq3_f_gripper_output_goal__functions.c
[12.307s] -- Up-to-date: /home/yanwen/fyp_ws_v3/install/robotiq_3f_gripper_ros2_interfaces/include/robotiq_3f_gripper_ros2_interfaces/robotiq_3f_gripper_ros2_interfaces/action/robotiq3_f_gripper_output_goal.h
[12.307s] -- Up-to-date: /home/yanwen/fyp_ws_v3/install/robotiq_3f_gripper_ros2_interfaces/include/robotiq_3f_gripper_ros2_interfaces/robotiq_3f_gripper_ros2_interfaces/srv
[12.360s] -- Up-to-date: /home/yanwen/fyp_ws_v3/install/robotiq_3f_gripper_ros2_interfaces/include/robotiq_3f_gripper_ros2_interfaces/robotiq_3f_gripper_ros2_interfaces/srv/detail
[12.366s] -- Up-to-date: /home/yanwen/fyp_ws_v3/install/robotiq_3f_gripper_ros2_interfaces/include/robotiq_3f_gripper_ros2_interfaces/robotiq_3f_gripper_ros2_interfaces/srv/detail/robotiq3_f_gripper_output_service__type_support.h
[12.366s] -- Up-to-date: /home/yanwen/fyp_ws_v3/install/robotiq_3f_gripper_ros2_interfaces/include/robotiq_3f_gripper_ros2_interfaces/robotiq_3f_gripper_ros2_interfaces/srv/detail/robotiq3_f_gripper_output_service__functions.h
[12.366s] -- Up-to-date: /home/yanwen/fyp_ws_v3/install/robotiq_3f_gripper_ros2_interfaces/include/robotiq_3f_gripper_ros2_interfaces/robotiq_3f_gripper_ros2_interfaces/srv/detail/robotiq3_f_gripper_output_service__struct.h
[12.366s] -- Up-to-date: /home/yanwen/fyp_ws_v3/install/robotiq_3f_gripper_ros2_interfaces/include/robotiq_3f_gripper_ros2_interfaces/robotiq_3f_gripper_ros2_interfaces/srv/detail/robotiq3_f_gripper_output_service__functions.c
[12.366s] -- Up-to-date: /home/yanwen/fyp_ws_v3/install/robotiq_3f_gripper_ros2_interfaces/include/robotiq_3f_gripper_ros2_interfaces/robotiq_3f_gripper_ros2_interfaces/srv/robotiq3_f_gripper_output_service.h
[12.366s] -- Up-to-date: /home/yanwen/fyp_ws_v3/install/robotiq_3f_gripper_ros2_interfaces/include/robotiq_3f_gripper_ros2_interfaces/robotiq_3f_gripper_ros2_interfaces/msg
[12.438s] -- Up-to-date: /home/yanwen/fyp_ws_v3/install/robotiq_3f_gripper_ros2_interfaces/include/robotiq_3f_gripper_ros2_interfaces/robotiq_3f_gripper_ros2_interfaces/msg/robotiq3_f_gripper_input_registers.h
[12.438s] -- Up-to-date: /home/yanwen/fyp_ws_v3/install/robotiq_3f_gripper_ros2_interfaces/include/robotiq_3f_gripper_ros2_interfaces/robotiq_3f_gripper_ros2_interfaces/msg/detail
[12.440s] -- Up-to-date: /home/yanwen/fyp_ws_v3/install/robotiq_3f_gripper_ros2_interfaces/include/robotiq_3f_gripper_ros2_interfaces/robotiq_3f_gripper_ros2_interfaces/msg/detail/robotiq3_f_gripper_output_registers__struct.h
[12.440s] -- Up-to-date: /home/yanwen/fyp_ws_v3/install/robotiq_3f_gripper_ros2_interfaces/include/robotiq_3f_gripper_ros2_interfaces/robotiq_3f_gripper_ros2_interfaces/msg/detail/robotiq3_f_gripper_input_registers__type_support.h
[12.440s] -- Up-to-date: /home/yanwen/fyp_ws_v3/install/robotiq_3f_gripper_ros2_interfaces/include/robotiq_3f_gripper_ros2_interfaces/robotiq_3f_gripper_ros2_interfaces/msg/detail/robotiq3_f_gripper_input_registers__functions.c
[12.440s] -- Up-to-date: /home/yanwen/fyp_ws_v3/install/robotiq_3f_gripper_ros2_interfaces/include/robotiq_3f_gripper_ros2_interfaces/robotiq_3f_gripper_ros2_interfaces/msg/detail/robotiq3_f_gripper_output_registers__type_support.h
[12.440s] -- Up-to-date: /home/yanwen/fyp_ws_v3/install/robotiq_3f_gripper_ros2_interfaces/include/robotiq_3f_gripper_ros2_interfaces/robotiq_3f_gripper_ros2_interfaces/msg/detail/robotiq3_f_gripper_output_registers__functions.h
[12.440s] -- Up-to-date: /home/yanwen/fyp_ws_v3/install/robotiq_3f_gripper_ros2_interfaces/include/robotiq_3f_gripper_ros2_interfaces/robotiq_3f_gripper_ros2_interfaces/msg/detail/robotiq3_f_gripper_output_registers__functions.c
[12.440s] -- Up-to-date: /home/yanwen/fyp_ws_v3/install/robotiq_3f_gripper_ros2_interfaces/include/robotiq_3f_gripper_ros2_interfaces/robotiq_3f_gripper_ros2_interfaces/msg/detail/robotiq3_f_gripper_input_registers__struct.h
[12.440s] -- Up-to-date: /home/yanwen/fyp_ws_v3/install/robotiq_3f_gripper_ros2_interfaces/include/robotiq_3f_gripper_ros2_interfaces/robotiq_3f_gripper_ros2_interfaces/msg/detail/robotiq3_f_gripper_input_registers__functions.h
[12.440s] -- Up-to-date: /home/yanwen/fyp_ws_v3/install/robotiq_3f_gripper_ros2_interfaces/include/robotiq_3f_gripper_ros2_interfaces/robotiq_3f_gripper_ros2_interfaces/msg/rosidl_generator_c__visibility_control.h
[12.440s] -- Up-to-date: /home/yanwen/fyp_ws_v3/install/robotiq_3f_gripper_ros2_interfaces/include/robotiq_3f_gripper_ros2_interfaces/robotiq_3f_gripper_ros2_interfaces/msg/robotiq3_f_gripper_output_registers.h
[12.440s] -- Up-to-date: /home/yanwen/fyp_ws_v3/install/robotiq_3f_gripper_ros2_interfaces/share/robotiq_3f_gripper_ros2_interfaces/environment/library_path.sh
[12.440s] -- Up-to-date: /home/yanwen/fyp_ws_v3/install/robotiq_3f_gripper_ros2_interfaces/share/robotiq_3f_gripper_ros2_interfaces/environment/library_path.dsv
[12.570s] -- Up-to-date: /home/yanwen/fyp_ws_v3/install/robotiq_3f_gripper_ros2_interfaces/lib/librobotiq_3f_gripper_ros2_interfaces__rosidl_generator_c.so
[12.570s] -- Up-to-date: /home/yanwen/fyp_ws_v3/install/robotiq_3f_gripper_ros2_interfaces/include/robotiq_3f_gripper_ros2_interfaces/robotiq_3f_gripper_ros2_interfaces
[12.570s] -- Up-to-date: /home/yanwen/fyp_ws_v3/install/robotiq_3f_gripper_ros2_interfaces/include/robotiq_3f_gripper_ros2_interfaces/robotiq_3f_gripper_ros2_interfaces/action
[12.570s] -- Up-to-date: /home/yanwen/fyp_ws_v3/install/robotiq_3f_gripper_ros2_interfaces/include/robotiq_3f_gripper_ros2_interfaces/robotiq_3f_gripper_ros2_interfaces/action/detail
[12.570s] -- Up-to-date: /home/yanwen/fyp_ws_v3/install/robotiq_3f_gripper_ros2_interfaces/include/robotiq_3f_gripper_ros2_interfaces/robotiq_3f_gripper_ros2_interfaces/action/detail/robotiq3_f_gripper_output_goal__rosidl_typesupport_fastrtps_c.h
[12.570s] -- Up-to-date: /home/yanwen/fyp_ws_v3/install/robotiq_3f_gripper_ros2_interfaces/include/robotiq_3f_gripper_ros2_interfaces/robotiq_3f_gripper_ros2_interfaces/srv
[12.570s] -- Up-to-date: /home/yanwen/fyp_ws_v3/install/robotiq_3f_gripper_ros2_interfaces/include/robotiq_3f_gripper_ros2_interfaces/robotiq_3f_gripper_ros2_interfaces/srv/detail
[12.570s] -- Up-to-date: /home/yanwen/fyp_ws_v3/install/robotiq_3f_gripper_ros2_interfaces/include/robotiq_3f_gripper_ros2_interfaces/robotiq_3f_gripper_ros2_interfaces/srv/detail/robotiq3_f_gripper_output_service__rosidl_typesupport_fastrtps_c.h
[12.570s] -- Up-to-date: /home/yanwen/fyp_ws_v3/install/robotiq_3f_gripper_ros2_interfaces/include/robotiq_3f_gripper_ros2_interfaces/robotiq_3f_gripper_ros2_interfaces/msg
[12.570s] -- Up-to-date: /home/yanwen/fyp_ws_v3/install/robotiq_3f_gripper_ros2_interfaces/include/robotiq_3f_gripper_ros2_interfaces/robotiq_3f_gripper_ros2_interfaces/msg/detail
[12.570s] -- Up-to-date: /home/yanwen/fyp_ws_v3/install/robotiq_3f_gripper_ros2_interfaces/include/robotiq_3f_gripper_ros2_interfaces/robotiq_3f_gripper_ros2_interfaces/msg/detail/robotiq3_f_gripper_input_registers__rosidl_typesupport_fastrtps_c.h
[12.570s] -- Up-to-date: /home/yanwen/fyp_ws_v3/install/robotiq_3f_gripper_ros2_interfaces/include/robotiq_3f_gripper_ros2_interfaces/robotiq_3f_gripper_ros2_interfaces/msg/detail/robotiq3_f_gripper_output_registers__rosidl_typesupport_fastrtps_c.h
[12.570s] -- Up-to-date: /home/yanwen/fyp_ws_v3/install/robotiq_3f_gripper_ros2_interfaces/include/robotiq_3f_gripper_ros2_interfaces/robotiq_3f_gripper_ros2_interfaces/msg/rosidl_typesupport_fastrtps_c__visibility_control.h
[12.571s] -- Up-to-date: /home/yanwen/fyp_ws_v3/install/robotiq_3f_gripper_ros2_interfaces/lib/librobotiq_3f_gripper_ros2_interfaces__rosidl_typesupport_fastrtps_c.so
[12.571s] -- Up-to-date: /home/yanwen/fyp_ws_v3/install/robotiq_3f_gripper_ros2_interfaces/include/robotiq_3f_gripper_ros2_interfaces/robotiq_3f_gripper_ros2_interfaces
[12.571s] -- Up-to-date: /home/yanwen/fyp_ws_v3/install/robotiq_3f_gripper_ros2_interfaces/include/robotiq_3f_gripper_ros2_interfaces/robotiq_3f_gripper_ros2_interfaces/action
[12.571s] -- Up-to-date: /home/yanwen/fyp_ws_v3/install/robotiq_3f_gripper_ros2_interfaces/include/robotiq_3f_gripper_ros2_interfaces/robotiq_3f_gripper_ros2_interfaces/action/detail
[12.571s] -- Up-to-date: /home/yanwen/fyp_ws_v3/install/robotiq_3f_gripper_ros2_interfaces/include/robotiq_3f_gripper_ros2_interfaces/robotiq_3f_gripper_ros2_interfaces/action/detail/robotiq3_f_gripper_output_goal__traits.hpp
[12.571s] -- Up-to-date: /home/yanwen/fyp_ws_v3/install/robotiq_3f_gripper_ros2_interfaces/include/robotiq_3f_gripper_ros2_interfaces/robotiq_3f_gripper_ros2_interfaces/action/detail/robotiq3_f_gripper_output_goal__builder.hpp
[12.571s] -- Up-to-date: /home/yanwen/fyp_ws_v3/install/robotiq_3f_gripper_ros2_interfaces/include/robotiq_3f_gripper_ros2_interfaces/robotiq_3f_gripper_ros2_interfaces/action/detail/robotiq3_f_gripper_output_goal__struct.hpp
[12.571s] -- Up-to-date: /home/yanwen/fyp_ws_v3/install/robotiq_3f_gripper_ros2_interfaces/include/robotiq_3f_gripper_ros2_interfaces/robotiq_3f_gripper_ros2_interfaces/action/robotiq3_f_gripper_output_goal.hpp
[12.571s] -- Up-to-date: /home/yanwen/fyp_ws_v3/install/robotiq_3f_gripper_ros2_interfaces/include/robotiq_3f_gripper_ros2_interfaces/robotiq_3f_gripper_ros2_interfaces/srv
[12.571s] -- Up-to-date: /home/yanwen/fyp_ws_v3/install/robotiq_3f_gripper_ros2_interfaces/include/robotiq_3f_gripper_ros2_interfaces/robotiq_3f_gripper_ros2_interfaces/srv/detail
[12.571s] -- Up-to-date: /home/yanwen/fyp_ws_v3/install/robotiq_3f_gripper_ros2_interfaces/include/robotiq_3f_gripper_ros2_interfaces/robotiq_3f_gripper_ros2_interfaces/srv/detail/robotiq3_f_gripper_output_service__builder.hpp
[12.571s] -- Up-to-date: /home/yanwen/fyp_ws_v3/install/robotiq_3f_gripper_ros2_interfaces/include/robotiq_3f_gripper_ros2_interfaces/robotiq_3f_gripper_ros2_interfaces/srv/detail/robotiq3_f_gripper_output_service__struct.hpp
[12.571s] -- Up-to-date: /home/yanwen/fyp_ws_v3/install/robotiq_3f_gripper_ros2_interfaces/include/robotiq_3f_gripper_ros2_interfaces/robotiq_3f_gripper_ros2_interfaces/srv/detail/robotiq3_f_gripper_output_service__traits.hpp
[12.571s] -- Up-to-date: /home/yanwen/fyp_ws_v3/install/robotiq_3f_gripper_ros2_interfaces/include/robotiq_3f_gripper_ros2_interfaces/robotiq_3f_gripper_ros2_interfaces/srv/robotiq3_f_gripper_output_service.hpp
[12.571s] -- Up-to-date: /home/yanwen/fyp_ws_v3/install/robotiq_3f_gripper_ros2_interfaces/include/robotiq_3f_gripper_ros2_interfaces/robotiq_3f_gripper_ros2_interfaces/msg
[12.571s] -- Up-to-date: /home/yanwen/fyp_ws_v3/install/robotiq_3f_gripper_ros2_interfaces/include/robotiq_3f_gripper_ros2_interfaces/robotiq_3f_gripper_ros2_interfaces/msg/detail
[12.571s] -- Up-to-date: /home/yanwen/fyp_ws_v3/install/robotiq_3f_gripper_ros2_interfaces/include/robotiq_3f_gripper_ros2_interfaces/robotiq_3f_gripper_ros2_interfaces/msg/detail/robotiq3_f_gripper_output_registers__builder.hpp
[12.571s] -- Up-to-date: /home/yanwen/fyp_ws_v3/install/robotiq_3f_gripper_ros2_interfaces/include/robotiq_3f_gripper_ros2_interfaces/robotiq_3f_gripper_ros2_interfaces/msg/detail/robotiq3_f_gripper_input_registers__traits.hpp
[12.571s] -- Up-to-date: /home/yanwen/fyp_ws_v3/install/robotiq_3f_gripper_ros2_interfaces/include/robotiq_3f_gripper_ros2_interfaces/robotiq_3f_gripper_ros2_interfaces/msg/detail/robotiq3_f_gripper_input_registers__struct.hpp
[12.571s] -- Up-to-date: /home/yanwen/fyp_ws_v3/install/robotiq_3f_gripper_ros2_interfaces/include/robotiq_3f_gripper_ros2_interfaces/robotiq_3f_gripper_ros2_interfaces/msg/detail/robotiq3_f_gripper_output_registers__traits.hpp
[12.571s] -- Up-to-date: /home/yanwen/fyp_ws_v3/install/robotiq_3f_gripper_ros2_interfaces/include/robotiq_3f_gripper_ros2_interfaces/robotiq_3f_gripper_ros2_interfaces/msg/detail/robotiq3_f_gripper_output_registers__struct.hpp
[12.571s] -- Up-to-date: /home/yanwen/fyp_ws_v3/install/robotiq_3f_gripper_ros2_interfaces/include/robotiq_3f_gripper_ros2_interfaces/robotiq_3f_gripper_ros2_interfaces/msg/detail/robotiq3_f_gripper_input_registers__builder.hpp
[12.572s] -- Up-to-date: /home/yanwen/fyp_ws_v3/install/robotiq_3f_gripper_ros2_interfaces/include/robotiq_3f_gripper_ros2_interfaces/robotiq_3f_gripper_ros2_interfaces/msg/robotiq3_f_gripper_output_registers.hpp
[12.572s] -- Up-to-date: /home/yanwen/fyp_ws_v3/install/robotiq_3f_gripper_ros2_interfaces/include/robotiq_3f_gripper_ros2_interfaces/robotiq_3f_gripper_ros2_interfaces/msg/robotiq3_f_gripper_input_registers.hpp
[12.572s] -- Up-to-date: /home/yanwen/fyp_ws_v3/install/robotiq_3f_gripper_ros2_interfaces/include/robotiq_3f_gripper_ros2_interfaces/robotiq_3f_gripper_ros2_interfaces
[12.572s] -- Up-to-date: /home/yanwen/fyp_ws_v3/install/robotiq_3f_gripper_ros2_interfaces/include/robotiq_3f_gripper_ros2_interfaces/robotiq_3f_gripper_ros2_interfaces/action
[12.572s] -- Up-to-date: /home/yanwen/fyp_ws_v3/install/robotiq_3f_gripper_ros2_interfaces/include/robotiq_3f_gripper_ros2_interfaces/robotiq_3f_gripper_ros2_interfaces/action/detail
[12.572s] -- Up-to-date: /home/yanwen/fyp_ws_v3/install/robotiq_3f_gripper_ros2_interfaces/include/robotiq_3f_gripper_ros2_interfaces/robotiq_3f_gripper_ros2_interfaces/action/detail/robotiq3_f_gripper_output_goal__rosidl_typesupport_fastrtps_cpp.hpp
[12.572s] -- Up-to-date: /home/yanwen/fyp_ws_v3/install/robotiq_3f_gripper_ros2_interfaces/include/robotiq_3f_gripper_ros2_interfaces/robotiq_3f_gripper_ros2_interfaces/action/detail/dds_fastrtps
[12.572s] -- Up-to-date: /home/yanwen/fyp_ws_v3/install/robotiq_3f_gripper_ros2_interfaces/include/robotiq_3f_gripper_ros2_interfaces/robotiq_3f_gripper_ros2_interfaces/srv
[12.572s] -- Up-to-date: /home/yanwen/fyp_ws_v3/install/robotiq_3f_gripper_ros2_interfaces/include/robotiq_3f_gripper_ros2_interfaces/robotiq_3f_gripper_ros2_interfaces/srv/detail
[12.572s] -- Up-to-date: /home/yanwen/fyp_ws_v3/install/robotiq_3f_gripper_ros2_interfaces/include/robotiq_3f_gripper_ros2_interfaces/robotiq_3f_gripper_ros2_interfaces/srv/detail/robotiq3_f_gripper_output_service__rosidl_typesupport_fastrtps_cpp.hpp
[12.572s] -- Up-to-date: /home/yanwen/fyp_ws_v3/install/robotiq_3f_gripper_ros2_interfaces/include/robotiq_3f_gripper_ros2_interfaces/robotiq_3f_gripper_ros2_interfaces/srv/detail/dds_fastrtps
[12.572s] -- Up-to-date: /home/yanwen/fyp_ws_v3/install/robotiq_3f_gripper_ros2_interfaces/include/robotiq_3f_gripper_ros2_interfaces/robotiq_3f_gripper_ros2_interfaces/msg
[12.572s] -- Up-to-date: /home/yanwen/fyp_ws_v3/install/robotiq_3f_gripper_ros2_interfaces/include/robotiq_3f_gripper_ros2_interfaces/robotiq_3f_gripper_ros2_interfaces/msg/rosidl_typesupport_fastrtps_cpp__visibility_control.h
[12.572s] -- Up-to-date: /home/yanwen/fyp_ws_v3/install/robotiq_3f_gripper_ros2_interfaces/include/robotiq_3f_gripper_ros2_interfaces/robotiq_3f_gripper_ros2_interfaces/msg/detail
[12.572s] -- Up-to-date: /home/yanwen/fyp_ws_v3/install/robotiq_3f_gripper_ros2_interfaces/include/robotiq_3f_gripper_ros2_interfaces/robotiq_3f_gripper_ros2_interfaces/msg/detail/robotiq3_f_gripper_input_registers__rosidl_typesupport_fastrtps_cpp.hpp
[12.572s] -- Up-to-date: /home/yanwen/fyp_ws_v3/install/robotiq_3f_gripper_ros2_interfaces/include/robotiq_3f_gripper_ros2_interfaces/robotiq_3f_gripper_ros2_interfaces/msg/detail/robotiq3_f_gripper_output_registers__rosidl_typesupport_fastrtps_cpp.hpp
[12.572s] -- Up-to-date: /home/yanwen/fyp_ws_v3/install/robotiq_3f_gripper_ros2_interfaces/include/robotiq_3f_gripper_ros2_interfaces/robotiq_3f_gripper_ros2_interfaces/msg/detail/dds_fastrtps
[12.611s] -- Up-to-date: /home/yanwen/fyp_ws_v3/install/robotiq_3f_gripper_ros2_interfaces/lib/librobotiq_3f_gripper_ros2_interfaces__rosidl_typesupport_fastrtps_cpp.so
[12.611s] -- Up-to-date: /home/yanwen/fyp_ws_v3/install/robotiq_3f_gripper_ros2_interfaces/include/robotiq_3f_gripper_ros2_interfaces/robotiq_3f_gripper_ros2_interfaces
[12.611s] -- Up-to-date: /home/yanwen/fyp_ws_v3/install/robotiq_3f_gripper_ros2_interfaces/include/robotiq_3f_gripper_ros2_interfaces/robotiq_3f_gripper_ros2_interfaces/action
[12.611s] -- Up-to-date: /home/yanwen/fyp_ws_v3/install/robotiq_3f_gripper_ros2_interfaces/include/robotiq_3f_gripper_ros2_interfaces/robotiq_3f_gripper_ros2_interfaces/action/detail
[12.611s] -- Up-to-date: /home/yanwen/fyp_ws_v3/install/robotiq_3f_gripper_ros2_interfaces/include/robotiq_3f_gripper_ros2_interfaces/robotiq_3f_gripper_ros2_interfaces/action/detail/robotiq3_f_gripper_output_goal__rosidl_typesupport_introspection_c.h
[12.611s] -- Up-to-date: /home/yanwen/fyp_ws_v3/install/robotiq_3f_gripper_ros2_interfaces/include/robotiq_3f_gripper_ros2_interfaces/robotiq_3f_gripper_ros2_interfaces/action/detail/robotiq3_f_gripper_output_goal__type_support.c
[12.611s] -- Up-to-date: /home/yanwen/fyp_ws_v3/install/robotiq_3f_gripper_ros2_interfaces/include/robotiq_3f_gripper_ros2_interfaces/robotiq_3f_gripper_ros2_interfaces/srv
[12.611s] -- Up-to-date: /home/yanwen/fyp_ws_v3/install/robotiq_3f_gripper_ros2_interfaces/include/robotiq_3f_gripper_ros2_interfaces/robotiq_3f_gripper_ros2_interfaces/srv/detail
[12.611s] -- Up-to-date: /home/yanwen/fyp_ws_v3/install/robotiq_3f_gripper_ros2_interfaces/include/robotiq_3f_gripper_ros2_interfaces/robotiq_3f_gripper_ros2_interfaces/srv/detail/robotiq3_f_gripper_output_service__type_support.c
[12.611s] -- Up-to-date: /home/yanwen/fyp_ws_v3/install/robotiq_3f_gripper_ros2_interfaces/include/robotiq_3f_gripper_ros2_interfaces/robotiq_3f_gripper_ros2_interfaces/srv/detail/robotiq3_f_gripper_output_service__rosidl_typesupport_introspection_c.h
[12.611s] -- Up-to-date: /home/yanwen/fyp_ws_v3/install/robotiq_3f_gripper_ros2_interfaces/include/robotiq_3f_gripper_ros2_interfaces/robotiq_3f_gripper_ros2_interfaces/msg
[12.612s] -- Up-to-date: /home/yanwen/fyp_ws_v3/install/robotiq_3f_gripper_ros2_interfaces/include/robotiq_3f_gripper_ros2_interfaces/robotiq_3f_gripper_ros2_interfaces/msg/detail
[12.612s] -- Up-to-date: /home/yanwen/fyp_ws_v3/install/robotiq_3f_gripper_ros2_interfaces/include/robotiq_3f_gripper_ros2_interfaces/robotiq_3f_gripper_ros2_interfaces/msg/detail/robotiq3_f_gripper_output_registers__type_support.c
[12.612s] -- Up-to-date: /home/yanwen/fyp_ws_v3/install/robotiq_3f_gripper_ros2_interfaces/include/robotiq_3f_gripper_ros2_interfaces/robotiq_3f_gripper_ros2_interfaces/msg/detail/robotiq3_f_gripper_output_registers__rosidl_typesupport_introspection_c.h
[12.612s] -- Up-to-date: /home/yanwen/fyp_ws_v3/install/robotiq_3f_gripper_ros2_interfaces/include/robotiq_3f_gripper_ros2_interfaces/robotiq_3f_gripper_ros2_interfaces/msg/detail/robotiq3_f_gripper_input_registers__rosidl_typesupport_introspection_c.h
[12.612s] -- Up-to-date: /home/yanwen/fyp_ws_v3/install/robotiq_3f_gripper_ros2_interfaces/include/robotiq_3f_gripper_ros2_interfaces/robotiq_3f_gripper_ros2_interfaces/msg/detail/robotiq3_f_gripper_input_registers__type_support.c
[12.612s] -- Up-to-date: /home/yanwen/fyp_ws_v3/install/robotiq_3f_gripper_ros2_interfaces/include/robotiq_3f_gripper_ros2_interfaces/robotiq_3f_gripper_ros2_interfaces/msg/rosidl_typesupport_introspection_c__visibility_control.h
[12.646s] -- Up-to-date: /home/yanwen/fyp_ws_v3/install/robotiq_3f_gripper_ros2_interfaces/lib/librobotiq_3f_gripper_ros2_interfaces__rosidl_typesupport_introspection_c.so
[12.646s] -- Up-to-date: /home/yanwen/fyp_ws_v3/install/robotiq_3f_gripper_ros2_interfaces/lib/librobotiq_3f_gripper_ros2_interfaces__rosidl_typesupport_c.so
[12.646s] -- Up-to-date: /home/yanwen/fyp_ws_v3/install/robotiq_3f_gripper_ros2_interfaces/include/robotiq_3f_gripper_ros2_interfaces/robotiq_3f_gripper_ros2_interfaces
[12.647s] -- Up-to-date: /home/yanwen/fyp_ws_v3/install/robotiq_3f_gripper_ros2_interfaces/include/robotiq_3f_gripper_ros2_interfaces/robotiq_3f_gripper_ros2_interfaces/action
[12.647s] -- Up-to-date: /home/yanwen/fyp_ws_v3/install/robotiq_3f_gripper_ros2_interfaces/include/robotiq_3f_gripper_ros2_interfaces/robotiq_3f_gripper_ros2_interfaces/action/detail
[12.647s] -- Up-to-date: /home/yanwen/fyp_ws_v3/install/robotiq_3f_gripper_ros2_interfaces/include/robotiq_3f_gripper_ros2_interfaces/robotiq_3f_gripper_ros2_interfaces/action/detail/robotiq3_f_gripper_output_goal__rosidl_typesupport_introspection_cpp.hpp
[12.647s] -- Up-to-date: /home/yanwen/fyp_ws_v3/install/robotiq_3f_gripper_ros2_interfaces/include/robotiq_3f_gripper_ros2_interfaces/robotiq_3f_gripper_ros2_interfaces/action/detail/robotiq3_f_gripper_output_goal__type_support.cpp
[12.647s] -- Up-to-date: /home/yanwen/fyp_ws_v3/install/robotiq_3f_gripper_ros2_interfaces/include/robotiq_3f_gripper_ros2_interfaces/robotiq_3f_gripper_ros2_interfaces/srv
[12.647s] -- Up-to-date: /home/yanwen/fyp_ws_v3/install/robotiq_3f_gripper_ros2_interfaces/include/robotiq_3f_gripper_ros2_interfaces/robotiq_3f_gripper_ros2_interfaces/srv/detail
[12.647s] -- Up-to-date: /home/yanwen/fyp_ws_v3/install/robotiq_3f_gripper_ros2_interfaces/include/robotiq_3f_gripper_ros2_interfaces/robotiq_3f_gripper_ros2_interfaces/srv/detail/robotiq3_f_gripper_output_service__rosidl_typesupport_introspection_cpp.hpp
[12.647s] -- Up-to-date: /home/yanwen/fyp_ws_v3/install/robotiq_3f_gripper_ros2_interfaces/include/robotiq_3f_gripper_ros2_interfaces/robotiq_3f_gripper_ros2_interfaces/srv/detail/robotiq3_f_gripper_output_service__type_support.cpp
[12.647s] -- Up-to-date: /home/yanwen/fyp_ws_v3/install/robotiq_3f_gripper_ros2_interfaces/include/robotiq_3f_gripper_ros2_interfaces/robotiq_3f_gripper_ros2_interfaces/msg
[12.647s] -- Up-to-date: /home/yanwen/fyp_ws_v3/install/robotiq_3f_gripper_ros2_interfaces/include/robotiq_3f_gripper_ros2_interfaces/robotiq_3f_gripper_ros2_interfaces/msg/detail
[12.647s] -- Up-to-date: /home/yanwen/fyp_ws_v3/install/robotiq_3f_gripper_ros2_interfaces/include/robotiq_3f_gripper_ros2_interfaces/robotiq_3f_gripper_ros2_interfaces/msg/detail/robotiq3_f_gripper_output_registers__rosidl_typesupport_introspection_cpp.hpp
[12.647s] -- Up-to-date: /home/yanwen/fyp_ws_v3/install/robotiq_3f_gripper_ros2_interfaces/include/robotiq_3f_gripper_ros2_interfaces/robotiq_3f_gripper_ros2_interfaces/msg/detail/robotiq3_f_gripper_output_registers__type_support.cpp
[12.647s] -- Up-to-date: /home/yanwen/fyp_ws_v3/install/robotiq_3f_gripper_ros2_interfaces/include/robotiq_3f_gripper_ros2_interfaces/robotiq_3f_gripper_ros2_interfaces/msg/detail/robotiq3_f_gripper_input_registers__type_support.cpp
[12.647s] -- Up-to-date: /home/yanwen/fyp_ws_v3/install/robotiq_3f_gripper_ros2_interfaces/include/robotiq_3f_gripper_ros2_interfaces/robotiq_3f_gripper_ros2_interfaces/msg/detail/robotiq3_f_gripper_input_registers__rosidl_typesupport_introspection_cpp.hpp
[12.660s] -- Up-to-date: /home/yanwen/fyp_ws_v3/install/robotiq_3f_gripper_ros2_interfaces/lib/librobotiq_3f_gripper_ros2_interfaces__rosidl_typesupport_introspection_cpp.so
[12.668s] -- Up-to-date: /home/yanwen/fyp_ws_v3/install/robotiq_3f_gripper_ros2_interfaces/lib/librobotiq_3f_gripper_ros2_interfaces__rosidl_typesupport_cpp.so
[12.668s] -- Up-to-date: /home/yanwen/fyp_ws_v3/install/robotiq_3f_gripper_ros2_interfaces/share/robotiq_3f_gripper_ros2_interfaces/environment/pythonpath.sh
[12.668s] -- Up-to-date: /home/yanwen/fyp_ws_v3/install/robotiq_3f_gripper_ros2_interfaces/share/robotiq_3f_gripper_ros2_interfaces/environment/pythonpath.dsv
[12.668s] -- Up-to-date: /home/yanwen/fyp_ws_v3/install/robotiq_3f_gripper_ros2_interfaces/local/lib/python3.10/dist-packages/robotiq_3f_gripper_ros2_interfaces-0.0.0-py3.10.egg-info
[12.668s] -- Installing: /home/yanwen/fyp_ws_v3/install/robotiq_3f_gripper_ros2_interfaces/local/lib/python3.10/dist-packages/robotiq_3f_gripper_ros2_interfaces-0.0.0-py3.10.egg-info/top_level.txt
[12.669s] -- Installing: /home/yanwen/fyp_ws_v3/install/robotiq_3f_gripper_ros2_interfaces/local/lib/python3.10/dist-packages/robotiq_3f_gripper_ros2_interfaces-0.0.0-py3.10.egg-info/PKG-INFO
[12.669s] -- Installing: /home/yanwen/fyp_ws_v3/install/robotiq_3f_gripper_ros2_interfaces/local/lib/python3.10/dist-packages/robotiq_3f_gripper_ros2_interfaces-0.0.0-py3.10.egg-info/SOURCES.txt
[12.669s] -- Installing: /home/yanwen/fyp_ws_v3/install/robotiq_3f_gripper_ros2_interfaces/local/lib/python3.10/dist-packages/robotiq_3f_gripper_ros2_interfaces-0.0.0-py3.10.egg-info/dependency_links.txt
[12.669s] -- Up-to-date: /home/yanwen/fyp_ws_v3/install/robotiq_3f_gripper_ros2_interfaces/local/lib/python3.10/dist-packages/robotiq_3f_gripper_ros2_interfaces
[12.669s] -- Up-to-date: /home/yanwen/fyp_ws_v3/install/robotiq_3f_gripper_ros2_interfaces/local/lib/python3.10/dist-packages/robotiq_3f_gripper_ros2_interfaces/action
[12.669s] -- Up-to-date: /home/yanwen/fyp_ws_v3/install/robotiq_3f_gripper_ros2_interfaces/local/lib/python3.10/dist-packages/robotiq_3f_gripper_ros2_interfaces/action/_robotiq3_f_gripper_output_goal.py
[12.669s] -- Up-to-date: /home/yanwen/fyp_ws_v3/install/robotiq_3f_gripper_ros2_interfaces/local/lib/python3.10/dist-packages/robotiq_3f_gripper_ros2_interfaces/action/__init__.py
[12.669s] -- Up-to-date: /home/yanwen/fyp_ws_v3/install/robotiq_3f_gripper_ros2_interfaces/local/lib/python3.10/dist-packages/robotiq_3f_gripper_ros2_interfaces/action/_robotiq3_f_gripper_output_goal_s.c
[12.669s] -- Up-to-date: /home/yanwen/fyp_ws_v3/install/robotiq_3f_gripper_ros2_interfaces/local/lib/python3.10/dist-packages/robotiq_3f_gripper_ros2_interfaces/_robotiq_3f_gripper_ros2_interfaces_s.ep.rosidl_typesupport_fastrtps_c.c
[12.669s] -- Up-to-date: /home/yanwen/fyp_ws_v3/install/robotiq_3f_gripper_ros2_interfaces/local/lib/python3.10/dist-packages/robotiq_3f_gripper_ros2_interfaces/robotiq_3f_gripper_ros2_interfaces_s__rosidl_typesupport_introspection_c.cpython-310-x86_64-linux-gnu.so
[12.669s] -- Up-to-date: /home/yanwen/fyp_ws_v3/install/robotiq_3f_gripper_ros2_interfaces/local/lib/python3.10/dist-packages/robotiq_3f_gripper_ros2_interfaces/robotiq_3f_gripper_ros2_interfaces_s__rosidl_typesupport_fastrtps_c.cpython-310-x86_64-linux-gnu.so
[12.669s] -- Up-to-date: /home/yanwen/fyp_ws_v3/install/robotiq_3f_gripper_ros2_interfaces/local/lib/python3.10/dist-packages/robotiq_3f_gripper_ros2_interfaces/__init__.py
[12.669s] -- Up-to-date: /home/yanwen/fyp_ws_v3/install/robotiq_3f_gripper_ros2_interfaces/local/lib/python3.10/dist-packages/robotiq_3f_gripper_ros2_interfaces/_robotiq_3f_gripper_ros2_interfaces_s.ep.rosidl_typesupport_introspection_c.c
[12.669s] -- Up-to-date: /home/yanwen/fyp_ws_v3/install/robotiq_3f_gripper_ros2_interfaces/local/lib/python3.10/dist-packages/robotiq_3f_gripper_ros2_interfaces/robotiq_3f_gripper_ros2_interfaces_s__rosidl_typesupport_c.cpython-310-x86_64-linux-gnu.so
[12.669s] -- Up-to-date: /home/yanwen/fyp_ws_v3/install/robotiq_3f_gripper_ros2_interfaces/local/lib/python3.10/dist-packages/robotiq_3f_gripper_ros2_interfaces/srv
[12.669s] -- Up-to-date: /home/yanwen/fyp_ws_v3/install/robotiq_3f_gripper_ros2_interfaces/local/lib/python3.10/dist-packages/robotiq_3f_gripper_ros2_interfaces/srv/_robotiq3_f_gripper_output_service_s.c
[12.669s] -- Up-to-date: /home/yanwen/fyp_ws_v3/install/robotiq_3f_gripper_ros2_interfaces/local/lib/python3.10/dist-packages/robotiq_3f_gripper_ros2_interfaces/srv/__init__.py
[12.669s] -- Up-to-date: /home/yanwen/fyp_ws_v3/install/robotiq_3f_gripper_ros2_interfaces/local/lib/python3.10/dist-packages/robotiq_3f_gripper_ros2_interfaces/srv/_robotiq3_f_gripper_output_service.py
[12.669s] -- Up-to-date: /home/yanwen/fyp_ws_v3/install/robotiq_3f_gripper_ros2_interfaces/local/lib/python3.10/dist-packages/robotiq_3f_gripper_ros2_interfaces/librobotiq_3f_gripper_ros2_interfaces__rosidl_generator_py.so
[12.670s] -- Up-to-date: /home/yanwen/fyp_ws_v3/install/robotiq_3f_gripper_ros2_interfaces/local/lib/python3.10/dist-packages/robotiq_3f_gripper_ros2_interfaces/msg
[12.670s] -- Up-to-date: /home/yanwen/fyp_ws_v3/install/robotiq_3f_gripper_ros2_interfaces/local/lib/python3.10/dist-packages/robotiq_3f_gripper_ros2_interfaces/msg/_robotiq3_f_gripper_input_registers.py
[12.670s] -- Up-to-date: /home/yanwen/fyp_ws_v3/install/robotiq_3f_gripper_ros2_interfaces/local/lib/python3.10/dist-packages/robotiq_3f_gripper_ros2_interfaces/msg/__init__.py
[12.670s] -- Up-to-date: /home/yanwen/fyp_ws_v3/install/robotiq_3f_gripper_ros2_interfaces/local/lib/python3.10/dist-packages/robotiq_3f_gripper_ros2_interfaces/msg/_robotiq3_f_gripper_output_registers_s.c
[12.670s] -- Up-to-date: /home/yanwen/fyp_ws_v3/install/robotiq_3f_gripper_ros2_interfaces/local/lib/python3.10/dist-packages/robotiq_3f_gripper_ros2_interfaces/msg/_robotiq3_f_gripper_output_registers.py
[12.670s] -- Up-to-date: /home/yanwen/fyp_ws_v3/install/robotiq_3f_gripper_ros2_interfaces/local/lib/python3.10/dist-packages/robotiq_3f_gripper_ros2_interfaces/msg/_robotiq3_f_gripper_input_registers_s.c
[12.670s] -- Up-to-date: /home/yanwen/fyp_ws_v3/install/robotiq_3f_gripper_ros2_interfaces/local/lib/python3.10/dist-packages/robotiq_3f_gripper_ros2_interfaces/_robotiq_3f_gripper_ros2_interfaces_s.ep.rosidl_typesupport_c.c
[12.779s] Listing '/home/yanwen/fyp_ws_v3/install/robotiq_3f_gripper_ros2_interfaces/local/lib/python3.10/dist-packages/robotiq_3f_gripper_ros2_interfaces'...
[12.779s] Listing '/home/yanwen/fyp_ws_v3/install/robotiq_3f_gripper_ros2_interfaces/local/lib/python3.10/dist-packages/robotiq_3f_gripper_ros2_interfaces/action'...
[12.779s] Listing '/home/yanwen/fyp_ws_v3/install/robotiq_3f_gripper_ros2_interfaces/local/lib/python3.10/dist-packages/robotiq_3f_gripper_ros2_interfaces/msg'...
[12.779s] Listing '/home/yanwen/fyp_ws_v3/install/robotiq_3f_gripper_ros2_interfaces/local/lib/python3.10/dist-packages/robotiq_3f_gripper_ros2_interfaces/srv'...
[12.788s] -- Up-to-date: /home/yanwen/fyp_ws_v3/install/robotiq_3f_gripper_ros2_interfaces/local/lib/python3.10/dist-packages/robotiq_3f_gripper_ros2_interfaces/robotiq_3f_gripper_ros2_interfaces_s__rosidl_typesupport_fastrtps_c.cpython-310-x86_64-linux-gnu.so
[12.849s] -- Up-to-date: /home/yanwen/fyp_ws_v3/install/robotiq_3f_gripper_ros2_interfaces/local/lib/python3.10/dist-packages/robotiq_3f_gripper_ros2_interfaces/robotiq_3f_gripper_ros2_interfaces_s__rosidl_typesupport_introspection_c.cpython-310-x86_64-linux-gnu.so
[12.850s] -- Up-to-date: /home/yanwen/fyp_ws_v3/install/robotiq_3f_gripper_ros2_interfaces/local/lib/python3.10/dist-packages/robotiq_3f_gripper_ros2_interfaces/robotiq_3f_gripper_ros2_interfaces_s__rosidl_typesupport_c.cpython-310-x86_64-linux-gnu.so
[12.850s] -- Up-to-date: /home/yanwen/fyp_ws_v3/install/robotiq_3f_gripper_ros2_interfaces/lib/librobotiq_3f_gripper_ros2_interfaces__rosidl_generator_py.so
[12.912s] -- Up-to-date: /home/yanwen/fyp_ws_v3/install/robotiq_3f_gripper_ros2_interfaces/share/robotiq_3f_gripper_ros2_interfaces/msg/Robotiq3FGripperInputRegisters.idl
[12.912s] -- Up-to-date: /home/yanwen/fyp_ws_v3/install/robotiq_3f_gripper_ros2_interfaces/share/robotiq_3f_gripper_ros2_interfaces/msg/Robotiq3FGripperOutputRegisters.idl
[12.914s] -- Up-to-date: /home/yanwen/fyp_ws_v3/install/robotiq_3f_gripper_ros2_interfaces/share/robotiq_3f_gripper_ros2_interfaces/srv/Robotiq3FGripperOutputService.idl
[12.915s] -- Up-to-date: /home/yanwen/fyp_ws_v3/install/robotiq_3f_gripper_ros2_interfaces/share/robotiq_3f_gripper_ros2_interfaces/action/Robotiq3FGripperOutputGoal.idl
[12.915s] -- Up-to-date: /home/yanwen/fyp_ws_v3/install/robotiq_3f_gripper_ros2_interfaces/share/robotiq_3f_gripper_ros2_interfaces/msg/Robotiq3FGripperInputRegisters.msg
[12.916s] -- Up-to-date: /home/yanwen/fyp_ws_v3/install/robotiq_3f_gripper_ros2_interfaces/share/robotiq_3f_gripper_ros2_interfaces/msg/Robotiq3FGripperOutputRegisters.msg
[12.916s] -- Up-to-date: /home/yanwen/fyp_ws_v3/install/robotiq_3f_gripper_ros2_interfaces/share/robotiq_3f_gripper_ros2_interfaces/srv/Robotiq3FGripperOutputService.srv
[12.916s] -- Up-to-date: /home/yanwen/fyp_ws_v3/install/robotiq_3f_gripper_ros2_interfaces/share/robotiq_3f_gripper_ros2_interfaces/srv/Robotiq3FGripperOutputService_Request.msg
[12.916s] -- Up-to-date: /home/yanwen/fyp_ws_v3/install/robotiq_3f_gripper_ros2_interfaces/share/robotiq_3f_gripper_ros2_interfaces/srv/Robotiq3FGripperOutputService_Response.msg
[12.916s] -- Up-to-date: /home/yanwen/fyp_ws_v3/install/robotiq_3f_gripper_ros2_interfaces/share/robotiq_3f_gripper_ros2_interfaces/action/Robotiq3FGripperOutputGoal.action
[12.916s] -- Up-to-date: /home/yanwen/fyp_ws_v3/install/robotiq_3f_gripper_ros2_interfaces/share/ament_index/resource_index/package_run_dependencies/robotiq_3f_gripper_ros2_interfaces
[12.917s] -- Up-to-date: /home/yanwen/fyp_ws_v3/install/robotiq_3f_gripper_ros2_interfaces/share/ament_index/resource_index/parent_prefix_path/robotiq_3f_gripper_ros2_interfaces
[12.917s] -- Up-to-date: /home/yanwen/fyp_ws_v3/install/robotiq_3f_gripper_ros2_interfaces/share/robotiq_3f_gripper_ros2_interfaces/environment/ament_prefix_path.sh
[12.917s] -- Up-to-date: /home/yanwen/fyp_ws_v3/install/robotiq_3f_gripper_ros2_interfaces/share/robotiq_3f_gripper_ros2_interfaces/environment/ament_prefix_path.dsv
[12.917s] -- Up-to-date: /home/yanwen/fyp_ws_v3/install/robotiq_3f_gripper_ros2_interfaces/share/robotiq_3f_gripper_ros2_interfaces/environment/path.sh
[12.917s] -- Up-to-date: /home/yanwen/fyp_ws_v3/install/robotiq_3f_gripper_ros2_interfaces/share/robotiq_3f_gripper_ros2_interfaces/environment/path.dsv
[12.918s] -- Up-to-date: /home/yanwen/fyp_ws_v3/install/robotiq_3f_gripper_ros2_interfaces/share/robotiq_3f_gripper_ros2_interfaces/local_setup.bash
[12.918s] -- Up-to-date: /home/yanwen/fyp_ws_v3/install/robotiq_3f_gripper_ros2_interfaces/share/robotiq_3f_gripper_ros2_interfaces/local_setup.sh
[12.918s] -- Up-to-date: /home/yanwen/fyp_ws_v3/install/robotiq_3f_gripper_ros2_interfaces/share/robotiq_3f_gripper_ros2_interfaces/local_setup.zsh
[12.918s] -- Up-to-date: /home/yanwen/fyp_ws_v3/install/robotiq_3f_gripper_ros2_interfaces/share/robotiq_3f_gripper_ros2_interfaces/local_setup.dsv
[12.918s] -- Installing: /home/yanwen/fyp_ws_v3/install/robotiq_3f_gripper_ros2_interfaces/share/robotiq_3f_gripper_ros2_interfaces/package.dsv
[12.919s] -- Up-to-date: /home/yanwen/fyp_ws_v3/install/robotiq_3f_gripper_ros2_interfaces/share/ament_index/resource_index/packages/robotiq_3f_gripper_ros2_interfaces
[12.968s] -- Up-to-date: /home/yanwen/fyp_ws_v3/install/robotiq_3f_gripper_ros2_interfaces/share/robotiq_3f_gripper_ros2_interfaces/cmake/export_robotiq_3f_gripper_ros2_interfaces__rosidl_generator_cExport.cmake
[12.968s] -- Up-to-date: /home/yanwen/fyp_ws_v3/install/robotiq_3f_gripper_ros2_interfaces/share/robotiq_3f_gripper_ros2_interfaces/cmake/export_robotiq_3f_gripper_ros2_interfaces__rosidl_generator_cExport-noconfig.cmake
[12.972s] -- Up-to-date: /home/yanwen/fyp_ws_v3/install/robotiq_3f_gripper_ros2_interfaces/share/robotiq_3f_gripper_ros2_interfaces/cmake/export_robotiq_3f_gripper_ros2_interfaces__rosidl_typesupport_fastrtps_cExport.cmake
[12.972s] -- Up-to-date: /home/yanwen/fyp_ws_v3/install/robotiq_3f_gripper_ros2_interfaces/share/robotiq_3f_gripper_ros2_interfaces/cmake/export_robotiq_3f_gripper_ros2_interfaces__rosidl_typesupport_fastrtps_cExport-noconfig.cmake
[12.976s] -- Up-to-date: /home/yanwen/fyp_ws_v3/install/robotiq_3f_gripper_ros2_interfaces/share/robotiq_3f_gripper_ros2_interfaces/cmake/export_robotiq_3f_gripper_ros2_interfaces__rosidl_generator_cppExport.cmake
[12.980s] -- Up-to-date: /home/yanwen/fyp_ws_v3/install/robotiq_3f_gripper_ros2_interfaces/share/robotiq_3f_gripper_ros2_interfaces/cmake/export_robotiq_3f_gripper_ros2_interfaces__rosidl_typesupport_fastrtps_cppExport.cmake
[12.980s] -- Up-to-date: /home/yanwen/fyp_ws_v3/install/robotiq_3f_gripper_ros2_interfaces/share/robotiq_3f_gripper_ros2_interfaces/cmake/export_robotiq_3f_gripper_ros2_interfaces__rosidl_typesupport_fastrtps_cppExport-noconfig.cmake
[12.983s] -- Up-to-date: /home/yanwen/fyp_ws_v3/install/robotiq_3f_gripper_ros2_interfaces/share/robotiq_3f_gripper_ros2_interfaces/cmake/robotiq_3f_gripper_ros2_interfaces__rosidl_typesupport_introspection_cExport.cmake
[12.984s] -- Up-to-date: /home/yanwen/fyp_ws_v3/install/robotiq_3f_gripper_ros2_interfaces/share/robotiq_3f_gripper_ros2_interfaces/cmake/robotiq_3f_gripper_ros2_interfaces__rosidl_typesupport_introspection_cExport-noconfig.cmake
[13.019s] -- Up-to-date: /home/yanwen/fyp_ws_v3/install/robotiq_3f_gripper_ros2_interfaces/share/robotiq_3f_gripper_ros2_interfaces/cmake/robotiq_3f_gripper_ros2_interfaces__rosidl_typesupport_cExport.cmake
[13.019s] -- Up-to-date: /home/yanwen/fyp_ws_v3/install/robotiq_3f_gripper_ros2_interfaces/share/robotiq_3f_gripper_ros2_interfaces/cmake/robotiq_3f_gripper_ros2_interfaces__rosidl_typesupport_cExport-noconfig.cmake
[13.024s] -- Up-to-date: /home/yanwen/fyp_ws_v3/install/robotiq_3f_gripper_ros2_interfaces/share/robotiq_3f_gripper_ros2_interfaces/cmake/robotiq_3f_gripper_ros2_interfaces__rosidl_typesupport_introspection_cppExport.cmake
[13.024s] -- Up-to-date: /home/yanwen/fyp_ws_v3/install/robotiq_3f_gripper_ros2_interfaces/share/robotiq_3f_gripper_ros2_interfaces/cmake/robotiq_3f_gripper_ros2_interfaces__rosidl_typesupport_introspection_cppExport-noconfig.cmake
[13.028s] -- Up-to-date: /home/yanwen/fyp_ws_v3/install/robotiq_3f_gripper_ros2_interfaces/share/robotiq_3f_gripper_ros2_interfaces/cmake/robotiq_3f_gripper_ros2_interfaces__rosidl_typesupport_cppExport.cmake
[13.028s] -- Up-to-date: /home/yanwen/fyp_ws_v3/install/robotiq_3f_gripper_ros2_interfaces/share/robotiq_3f_gripper_ros2_interfaces/cmake/robotiq_3f_gripper_ros2_interfaces__rosidl_typesupport_cppExport-noconfig.cmake
[13.033s] -- Up-to-date: /home/yanwen/fyp_ws_v3/install/robotiq_3f_gripper_ros2_interfaces/share/robotiq_3f_gripper_ros2_interfaces/cmake/export_robotiq_3f_gripper_ros2_interfaces__rosidl_generator_pyExport.cmake
[13.033s] -- Up-to-date: /home/yanwen/fyp_ws_v3/install/robotiq_3f_gripper_ros2_interfaces/share/robotiq_3f_gripper_ros2_interfaces/cmake/export_robotiq_3f_gripper_ros2_interfaces__rosidl_generator_pyExport-noconfig.cmake
[13.033s] -- Up-to-date: /home/yanwen/fyp_ws_v3/install/robotiq_3f_gripper_ros2_interfaces/share/robotiq_3f_gripper_ros2_interfaces/cmake/rosidl_cmake-extras.cmake
[13.033s] -- Up-to-date: /home/yanwen/fyp_ws_v3/install/robotiq_3f_gripper_ros2_interfaces/share/robotiq_3f_gripper_ros2_interfaces/cmake/ament_cmake_export_dependencies-extras.cmake
[13.033s] -- Up-to-date: /home/yanwen/fyp_ws_v3/install/robotiq_3f_gripper_ros2_interfaces/share/robotiq_3f_gripper_ros2_interfaces/cmake/ament_cmake_export_include_directories-extras.cmake
[13.033s] -- Up-to-date: /home/yanwen/fyp_ws_v3/install/robotiq_3f_gripper_ros2_interfaces/share/robotiq_3f_gripper_ros2_interfaces/cmake/ament_cmake_export_libraries-extras.cmake
[13.033s] -- Up-to-date: /home/yanwen/fyp_ws_v3/install/robotiq_3f_gripper_ros2_interfaces/share/robotiq_3f_gripper_ros2_interfaces/cmake/ament_cmake_export_targets-extras.cmake
[13.033s] -- Up-to-date: /home/yanwen/fyp_ws_v3/install/robotiq_3f_gripper_ros2_interfaces/share/robotiq_3f_gripper_ros2_interfaces/cmake/rosidl_cmake_export_typesupport_targets-extras.cmake
[13.033s] -- Up-to-date: /home/yanwen/fyp_ws_v3/install/robotiq_3f_gripper_ros2_interfaces/share/robotiq_3f_gripper_ros2_interfaces/cmake/rosidl_cmake_export_typesupport_libraries-extras.cmake
[13.033s] -- Up-to-date: /home/yanwen/fyp_ws_v3/install/robotiq_3f_gripper_ros2_interfaces/share/robotiq_3f_gripper_ros2_interfaces/cmake/robotiq_3f_gripper_ros2_interfacesConfig.cmake
[13.033s] -- Up-to-date: /home/yanwen/fyp_ws_v3/install/robotiq_3f_gripper_ros2_interfaces/share/robotiq_3f_gripper_ros2_interfaces/cmake/robotiq_3f_gripper_ros2_interfacesConfig-version.cmake
[13.033s] -- Up-to-date: /home/yanwen/fyp_ws_v3/install/robotiq_3f_gripper_ros2_interfaces/share/robotiq_3f_gripper_ros2_interfaces/package.xml
[13.038s] Invoked command in '/home/yanwen/fyp_ws_v3/build/robotiq_3f_gripper_ros2_interfaces' returned '0': CMAKE_PREFIX_PATH=${CMAKE_PREFIX_PATH}:/home/yanwen/fyp_ws_v3/install/robotiq_3f_gripper_ros2_control:/home/yanwen/fyp_ws_v3/install/cv_ros2_test:/opt/ros/humble /usr/bin/cmake --install /home/yanwen/fyp_ws_v3/build/robotiq_3f_gripper_ros2_interfaces
