[1.788s] Invoking command in '/home/yanwen/fyp_ws_v3/build/zed_interfaces': CMAKE_PREFIX_PATH=${CMAKE_PREFIX_PATH}:/home/yanwen/fyp_ws_v3/install/robotiq_3f_gripper_ros2_control:/home/yanwen/fyp_ws_v3/install/cv_ros2_test:/opt/ros/humble /usr/bin/cmake --build /home/yanwen/fyp_ws_v3/build/zed_interfaces -- -j8 -l8
[6.157s] [  0%] Built target zed_interfaces__cpp
[8.826s] [ 24%] Built target zed_interfaces__rosidl_typesupport_cpp
[8.826s] [ 24%] Built target zed_interfaces__rosidl_typesupport_introspection_cpp
[8.827s] [ 36%] Built target zed_interfaces__rosidl_typesupport_fastrtps_cpp
[8.873s] [ 48%] Built target zed_interfaces__rosidl_generator_c
[9.117s] [ 48%] Built target ament_cmake_python_copy_zed_interfaces
[9.761s] [ 60%] Built target zed_interfaces__rosidl_typesupport_c
[9.770s] running egg_info
[9.770s] writing zed_interfaces.egg-info/PKG-INFO
[9.770s] writing dependency_links to zed_interfaces.egg-info/dependency_links.txt
[9.771s] writing top-level names to zed_interfaces.egg-info/top_level.txt
[9.772s] reading manifest file 'zed_interfaces.egg-info/SOURCES.txt'
[9.797s] [ 72%] Built target zed_interfaces__rosidl_typesupport_introspection_c
[9.828s] writing manifest file 'zed_interfaces.egg-info/SOURCES.txt'
[9.849s] [ 72%] Built target ament_cmake_python_build_zed_interfaces_egg
[9.856s] [ 84%] Built target zed_interfaces__rosidl_typesupport_fastrtps_c
[10.048s] [ 84%] Built target zed_interfaces
[10.105s] [ 85%] Built target zed_interfaces__py
[10.295s] [ 96%] Built target zed_interfaces__rosidl_generator_py
[10.517s] [ 97%] Built target zed_interfaces__rosidl_typesupport_c__pyext
[10.517s] [ 98%] Built target zed_interfaces__rosidl_typesupport_fastrtps_c__pyext
[10.545s] [100%] Built target zed_interfaces__rosidl_typesupport_introspection_c__pyext
[10.554s] Invoked command in '/home/yanwen/fyp_ws_v3/build/zed_interfaces' returned '0': CMAKE_PREFIX_PATH=${CMAKE_PREFIX_PATH}:/home/yanwen/fyp_ws_v3/install/robotiq_3f_gripper_ros2_control:/home/yanwen/fyp_ws_v3/install/cv_ros2_test:/opt/ros/humble /usr/bin/cmake --build /home/yanwen/fyp_ws_v3/build/zed_interfaces -- -j8 -l8
[10.802s] Invoking command in '/home/yanwen/fyp_ws_v3/build/zed_interfaces': CMAKE_PREFIX_PATH=${CMAKE_PREFIX_PATH}:/home/yanwen/fyp_ws_v3/install/robotiq_3f_gripper_ros2_control:/home/yanwen/fyp_ws_v3/install/cv_ros2_test:/opt/ros/humble /usr/bin/cmake --install /home/yanwen/fyp_ws_v3/build/zed_interfaces
[10.839s] -- Install configuration: ""
[10.852s] -- Up-to-date: /home/yanwen/fyp_ws_v3/install/zed_interfaces/share/ament_index/resource_index/rosidl_interfaces/zed_interfaces
[10.974s] -- Up-to-date: /home/yanwen/fyp_ws_v3/install/zed_interfaces/include/zed_interfaces/zed_interfaces
[11.045s] -- Up-to-date: /home/yanwen/fyp_ws_v3/install/zed_interfaces/include/zed_interfaces/zed_interfaces/srv
[11.080s] -- Up-to-date: /home/yanwen/fyp_ws_v3/install/zed_interfaces/include/zed_interfaces/zed_interfaces/srv/set_pose.h
[11.080s] -- Up-to-date: /home/yanwen/fyp_ws_v3/install/zed_interfaces/include/zed_interfaces/zed_interfaces/srv/start_svo_rec.h
[11.080s] -- Up-to-date: /home/yanwen/fyp_ws_v3/install/zed_interfaces/include/zed_interfaces/zed_interfaces/srv/detail
[11.082s] -- Up-to-date: /home/yanwen/fyp_ws_v3/install/zed_interfaces/include/zed_interfaces/zed_interfaces/srv/detail/set_pose__functions.c
[11.082s] -- Up-to-date: /home/yanwen/fyp_ws_v3/install/zed_interfaces/include/zed_interfaces/zed_interfaces/srv/detail/set_pose__type_support.h
[11.082s] -- Up-to-date: /home/yanwen/fyp_ws_v3/install/zed_interfaces/include/zed_interfaces/zed_interfaces/srv/detail/start_svo_rec__type_support.h
[11.082s] -- Up-to-date: /home/yanwen/fyp_ws_v3/install/zed_interfaces/include/zed_interfaces/zed_interfaces/srv/detail/set_pose__struct.h
[11.082s] -- Up-to-date: /home/yanwen/fyp_ws_v3/install/zed_interfaces/include/zed_interfaces/zed_interfaces/srv/detail/set_roi__type_support.h
[11.082s] -- Up-to-date: /home/yanwen/fyp_ws_v3/install/zed_interfaces/include/zed_interfaces/zed_interfaces/srv/detail/set_roi__struct.h
[11.082s] -- Up-to-date: /home/yanwen/fyp_ws_v3/install/zed_interfaces/include/zed_interfaces/zed_interfaces/srv/detail/start_svo_rec__functions.c
[11.082s] -- Up-to-date: /home/yanwen/fyp_ws_v3/install/zed_interfaces/include/zed_interfaces/zed_interfaces/srv/detail/set_roi__functions.h
[11.082s] -- Up-to-date: /home/yanwen/fyp_ws_v3/install/zed_interfaces/include/zed_interfaces/zed_interfaces/srv/detail/start_svo_rec__functions.h
[11.082s] -- Up-to-date: /home/yanwen/fyp_ws_v3/install/zed_interfaces/include/zed_interfaces/zed_interfaces/srv/detail/set_roi__functions.c
[11.082s] -- Up-to-date: /home/yanwen/fyp_ws_v3/install/zed_interfaces/include/zed_interfaces/zed_interfaces/srv/detail/set_pose__functions.h
[11.082s] -- Up-to-date: /home/yanwen/fyp_ws_v3/install/zed_interfaces/include/zed_interfaces/zed_interfaces/srv/detail/start_svo_rec__struct.h
[11.082s] -- Up-to-date: /home/yanwen/fyp_ws_v3/install/zed_interfaces/include/zed_interfaces/zed_interfaces/srv/set_roi.h
[11.082s] -- Up-to-date: /home/yanwen/fyp_ws_v3/install/zed_interfaces/include/zed_interfaces/zed_interfaces/msg
[11.093s] -- Up-to-date: /home/yanwen/fyp_ws_v3/install/zed_interfaces/include/zed_interfaces/zed_interfaces/msg/keypoint2_di.h
[11.094s] -- Up-to-date: /home/yanwen/fyp_ws_v3/install/zed_interfaces/include/zed_interfaces/zed_interfaces/msg/objects_stamped.h
[11.094s] -- Up-to-date: /home/yanwen/fyp_ws_v3/install/zed_interfaces/include/zed_interfaces/zed_interfaces/msg/pos_track_status.h
[11.094s] -- Up-to-date: /home/yanwen/fyp_ws_v3/install/zed_interfaces/include/zed_interfaces/zed_interfaces/msg/depth_info_stamped.h
[11.094s] -- Up-to-date: /home/yanwen/fyp_ws_v3/install/zed_interfaces/include/zed_interfaces/zed_interfaces/msg/skeleton3_d.h
[11.094s] -- Up-to-date: /home/yanwen/fyp_ws_v3/install/zed_interfaces/include/zed_interfaces/zed_interfaces/msg/detail
[11.117s] -- Up-to-date: /home/yanwen/fyp_ws_v3/install/zed_interfaces/include/zed_interfaces/zed_interfaces/msg/detail/depth_info_stamped__type_support.h
[11.118s] -- Up-to-date: /home/yanwen/fyp_ws_v3/install/zed_interfaces/include/zed_interfaces/zed_interfaces/msg/detail/keypoint3_d__struct.h
[11.118s] -- Up-to-date: /home/yanwen/fyp_ws_v3/install/zed_interfaces/include/zed_interfaces/zed_interfaces/msg/detail/bounding_box2_df__functions.c
[11.118s] -- Up-to-date: /home/yanwen/fyp_ws_v3/install/zed_interfaces/include/zed_interfaces/zed_interfaces/msg/detail/depth_info_stamped__struct.h
[11.118s] -- Up-to-date: /home/yanwen/fyp_ws_v3/install/zed_interfaces/include/zed_interfaces/zed_interfaces/msg/detail/plane_stamped__functions.h
[11.118s] -- Up-to-date: /home/yanwen/fyp_ws_v3/install/zed_interfaces/include/zed_interfaces/zed_interfaces/msg/detail/skeleton2_d__functions.h
[11.118s] -- Up-to-date: /home/yanwen/fyp_ws_v3/install/zed_interfaces/include/zed_interfaces/zed_interfaces/msg/detail/keypoint2_di__struct.h
[11.118s] -- Up-to-date: /home/yanwen/fyp_ws_v3/install/zed_interfaces/include/zed_interfaces/zed_interfaces/msg/detail/keypoint3_d__functions.h
[11.118s] -- Up-to-date: /home/yanwen/fyp_ws_v3/install/zed_interfaces/include/zed_interfaces/zed_interfaces/msg/detail/skeleton2_d__functions.c
[11.118s] -- Up-to-date: /home/yanwen/fyp_ws_v3/install/zed_interfaces/include/zed_interfaces/zed_interfaces/msg/detail/object__functions.c
[11.118s] -- Up-to-date: /home/yanwen/fyp_ws_v3/install/zed_interfaces/include/zed_interfaces/zed_interfaces/msg/detail/skeleton3_d__functions.c
[11.118s] -- Up-to-date: /home/yanwen/fyp_ws_v3/install/zed_interfaces/include/zed_interfaces/zed_interfaces/msg/detail/keypoint2_di__functions.h
[11.118s] -- Up-to-date: /home/yanwen/fyp_ws_v3/install/zed_interfaces/include/zed_interfaces/zed_interfaces/msg/detail/pos_track_status__functions.h
[11.118s] -- Up-to-date: /home/yanwen/fyp_ws_v3/install/zed_interfaces/include/zed_interfaces/zed_interfaces/msg/detail/heartbeat__type_support.h
[11.118s] -- Up-to-date: /home/yanwen/fyp_ws_v3/install/zed_interfaces/include/zed_interfaces/zed_interfaces/msg/detail/keypoint2_di__functions.c
[11.118s] -- Up-to-date: /home/yanwen/fyp_ws_v3/install/zed_interfaces/include/zed_interfaces/zed_interfaces/msg/detail/objects_stamped__functions.c
[11.118s] -- Up-to-date: /home/yanwen/fyp_ws_v3/install/zed_interfaces/include/zed_interfaces/zed_interfaces/msg/detail/keypoint2_df__struct.h
[11.118s] -- Up-to-date: /home/yanwen/fyp_ws_v3/install/zed_interfaces/include/zed_interfaces/zed_interfaces/msg/detail/depth_info_stamped__functions.c
[11.118s] -- Up-to-date: /home/yanwen/fyp_ws_v3/install/zed_interfaces/include/zed_interfaces/zed_interfaces/msg/detail/pos_track_status__struct.h
[11.118s] -- Up-to-date: /home/yanwen/fyp_ws_v3/install/zed_interfaces/include/zed_interfaces/zed_interfaces/msg/detail/object__functions.h
[11.118s] -- Up-to-date: /home/yanwen/fyp_ws_v3/install/zed_interfaces/include/zed_interfaces/zed_interfaces/msg/detail/keypoint2_df__type_support.h
[11.118s] -- Up-to-date: /home/yanwen/fyp_ws_v3/install/zed_interfaces/include/zed_interfaces/zed_interfaces/msg/detail/objects_stamped__struct.h
[11.118s] -- Up-to-date: /home/yanwen/fyp_ws_v3/install/zed_interfaces/include/zed_interfaces/zed_interfaces/msg/detail/heartbeat__functions.c
[11.118s] -- Up-to-date: /home/yanwen/fyp_ws_v3/install/zed_interfaces/include/zed_interfaces/zed_interfaces/msg/detail/bounding_box2_di__functions.h
[11.118s] -- Up-to-date: /home/yanwen/fyp_ws_v3/install/zed_interfaces/include/zed_interfaces/zed_interfaces/msg/detail/pos_track_status__functions.c
[11.119s] -- Up-to-date: /home/yanwen/fyp_ws_v3/install/zed_interfaces/include/zed_interfaces/zed_interfaces/msg/detail/bounding_box3_d__struct.h
[11.119s] -- Up-to-date: /home/yanwen/fyp_ws_v3/install/zed_interfaces/include/zed_interfaces/zed_interfaces/msg/detail/bounding_box2_di__struct.h
[11.119s] -- Up-to-date: /home/yanwen/fyp_ws_v3/install/zed_interfaces/include/zed_interfaces/zed_interfaces/msg/detail/depth_info_stamped__functions.h
[11.120s] -- Up-to-date: /home/yanwen/fyp_ws_v3/install/zed_interfaces/include/zed_interfaces/zed_interfaces/msg/detail/object__type_support.h
[11.120s] -- Up-to-date: /home/yanwen/fyp_ws_v3/install/zed_interfaces/include/zed_interfaces/zed_interfaces/msg/detail/objects_stamped__type_support.h
[11.120s] -- Up-to-date: /home/yanwen/fyp_ws_v3/install/zed_interfaces/include/zed_interfaces/zed_interfaces/msg/detail/bounding_box3_d__functions.c
[11.120s] -- Up-to-date: /home/yanwen/fyp_ws_v3/install/zed_interfaces/include/zed_interfaces/zed_interfaces/msg/detail/objects_stamped__functions.h
[11.121s] -- Up-to-date: /home/yanwen/fyp_ws_v3/install/zed_interfaces/include/zed_interfaces/zed_interfaces/msg/detail/skeleton3_d__functions.h
[11.121s] -- Up-to-date: /home/yanwen/fyp_ws_v3/install/zed_interfaces/include/zed_interfaces/zed_interfaces/msg/detail/bounding_box2_df__functions.h
[11.121s] -- Up-to-date: /home/yanwen/fyp_ws_v3/install/zed_interfaces/include/zed_interfaces/zed_interfaces/msg/detail/bounding_box2_di__functions.c
[11.121s] -- Up-to-date: /home/yanwen/fyp_ws_v3/install/zed_interfaces/include/zed_interfaces/zed_interfaces/msg/detail/keypoint2_di__type_support.h
[11.121s] -- Up-to-date: /home/yanwen/fyp_ws_v3/install/zed_interfaces/include/zed_interfaces/zed_interfaces/msg/detail/keypoint2_df__functions.c
[11.121s] -- Up-to-date: /home/yanwen/fyp_ws_v3/install/zed_interfaces/include/zed_interfaces/zed_interfaces/msg/detail/pos_track_status__type_support.h
[11.121s] -- Up-to-date: /home/yanwen/fyp_ws_v3/install/zed_interfaces/include/zed_interfaces/zed_interfaces/msg/detail/keypoint3_d__functions.c
[11.121s] -- Up-to-date: /home/yanwen/fyp_ws_v3/install/zed_interfaces/include/zed_interfaces/zed_interfaces/msg/detail/skeleton3_d__struct.h
[11.121s] -- Up-to-date: /home/yanwen/fyp_ws_v3/install/zed_interfaces/include/zed_interfaces/zed_interfaces/msg/detail/plane_stamped__type_support.h
[11.121s] -- Up-to-date: /home/yanwen/fyp_ws_v3/install/zed_interfaces/include/zed_interfaces/zed_interfaces/msg/detail/skeleton2_d__struct.h
[11.121s] -- Up-to-date: /home/yanwen/fyp_ws_v3/install/zed_interfaces/include/zed_interfaces/zed_interfaces/msg/detail/bounding_box3_d__type_support.h
[11.121s] -- Up-to-date: /home/yanwen/fyp_ws_v3/install/zed_interfaces/include/zed_interfaces/zed_interfaces/msg/detail/skeleton2_d__type_support.h
[11.121s] -- Up-to-date: /home/yanwen/fyp_ws_v3/install/zed_interfaces/include/zed_interfaces/zed_interfaces/msg/detail/plane_stamped__functions.c
[11.121s] -- Up-to-date: /home/yanwen/fyp_ws_v3/install/zed_interfaces/include/zed_interfaces/zed_interfaces/msg/detail/heartbeat__functions.h
[11.121s] -- Up-to-date: /home/yanwen/fyp_ws_v3/install/zed_interfaces/include/zed_interfaces/zed_interfaces/msg/detail/keypoint3_d__type_support.h
[11.121s] -- Up-to-date: /home/yanwen/fyp_ws_v3/install/zed_interfaces/include/zed_interfaces/zed_interfaces/msg/detail/bounding_box2_di__type_support.h
[11.121s] -- Up-to-date: /home/yanwen/fyp_ws_v3/install/zed_interfaces/include/zed_interfaces/zed_interfaces/msg/detail/heartbeat__struct.h
[11.121s] -- Up-to-date: /home/yanwen/fyp_ws_v3/install/zed_interfaces/include/zed_interfaces/zed_interfaces/msg/detail/bounding_box3_d__functions.h
[11.121s] -- Up-to-date: /home/yanwen/fyp_ws_v3/install/zed_interfaces/include/zed_interfaces/zed_interfaces/msg/detail/bounding_box2_df__type_support.h
[11.121s] -- Up-to-date: /home/yanwen/fyp_ws_v3/install/zed_interfaces/include/zed_interfaces/zed_interfaces/msg/detail/keypoint2_df__functions.h
[11.121s] -- Up-to-date: /home/yanwen/fyp_ws_v3/install/zed_interfaces/include/zed_interfaces/zed_interfaces/msg/detail/plane_stamped__struct.h
[11.121s] -- Up-to-date: /home/yanwen/fyp_ws_v3/install/zed_interfaces/include/zed_interfaces/zed_interfaces/msg/detail/skeleton3_d__type_support.h
[11.121s] -- Up-to-date: /home/yanwen/fyp_ws_v3/install/zed_interfaces/include/zed_interfaces/zed_interfaces/msg/detail/object__struct.h
[11.121s] -- Up-to-date: /home/yanwen/fyp_ws_v3/install/zed_interfaces/include/zed_interfaces/zed_interfaces/msg/detail/bounding_box2_df__struct.h
[11.121s] -- Up-to-date: /home/yanwen/fyp_ws_v3/install/zed_interfaces/include/zed_interfaces/zed_interfaces/msg/bounding_box3_d.h
[11.121s] -- Up-to-date: /home/yanwen/fyp_ws_v3/install/zed_interfaces/include/zed_interfaces/zed_interfaces/msg/rosidl_generator_c__visibility_control.h
[11.121s] -- Up-to-date: /home/yanwen/fyp_ws_v3/install/zed_interfaces/include/zed_interfaces/zed_interfaces/msg/object.h
[11.121s] -- Up-to-date: /home/yanwen/fyp_ws_v3/install/zed_interfaces/include/zed_interfaces/zed_interfaces/msg/bounding_box2_df.h
[11.122s] -- Up-to-date: /home/yanwen/fyp_ws_v3/install/zed_interfaces/include/zed_interfaces/zed_interfaces/msg/keypoint3_d.h
[11.122s] -- Up-to-date: /home/yanwen/fyp_ws_v3/install/zed_interfaces/include/zed_interfaces/zed_interfaces/msg/plane_stamped.h
[11.122s] -- Up-to-date: /home/yanwen/fyp_ws_v3/install/zed_interfaces/include/zed_interfaces/zed_interfaces/msg/heartbeat.h
[11.122s] -- Up-to-date: /home/yanwen/fyp_ws_v3/install/zed_interfaces/include/zed_interfaces/zed_interfaces/msg/keypoint2_df.h
[11.122s] -- Up-to-date: /home/yanwen/fyp_ws_v3/install/zed_interfaces/include/zed_interfaces/zed_interfaces/msg/skeleton2_d.h
[11.122s] -- Up-to-date: /home/yanwen/fyp_ws_v3/install/zed_interfaces/include/zed_interfaces/zed_interfaces/msg/bounding_box2_di.h
[11.122s] -- Up-to-date: /home/yanwen/fyp_ws_v3/install/zed_interfaces/share/zed_interfaces/environment/library_path.sh
[11.122s] -- Up-to-date: /home/yanwen/fyp_ws_v3/install/zed_interfaces/share/zed_interfaces/environment/library_path.dsv
[11.134s] -- Up-to-date: /home/yanwen/fyp_ws_v3/install/zed_interfaces/lib/libzed_interfaces__rosidl_generator_c.so
[11.134s] -- Up-to-date: /home/yanwen/fyp_ws_v3/install/zed_interfaces/include/zed_interfaces/zed_interfaces
[11.134s] -- Up-to-date: /home/yanwen/fyp_ws_v3/install/zed_interfaces/include/zed_interfaces/zed_interfaces/srv
[11.134s] -- Up-to-date: /home/yanwen/fyp_ws_v3/install/zed_interfaces/include/zed_interfaces/zed_interfaces/srv/detail
[11.134s] -- Up-to-date: /home/yanwen/fyp_ws_v3/install/zed_interfaces/include/zed_interfaces/zed_interfaces/srv/detail/set_pose__rosidl_typesupport_fastrtps_c.h
[11.134s] -- Up-to-date: /home/yanwen/fyp_ws_v3/install/zed_interfaces/include/zed_interfaces/zed_interfaces/srv/detail/set_roi__rosidl_typesupport_fastrtps_c.h
[11.134s] -- Up-to-date: /home/yanwen/fyp_ws_v3/install/zed_interfaces/include/zed_interfaces/zed_interfaces/srv/detail/start_svo_rec__rosidl_typesupport_fastrtps_c.h
[11.135s] -- Up-to-date: /home/yanwen/fyp_ws_v3/install/zed_interfaces/include/zed_interfaces/zed_interfaces/msg
[11.135s] -- Up-to-date: /home/yanwen/fyp_ws_v3/install/zed_interfaces/include/zed_interfaces/zed_interfaces/msg/detail
[11.135s] -- Up-to-date: /home/yanwen/fyp_ws_v3/install/zed_interfaces/include/zed_interfaces/zed_interfaces/msg/detail/pos_track_status__rosidl_typesupport_fastrtps_c.h
[11.135s] -- Up-to-date: /home/yanwen/fyp_ws_v3/install/zed_interfaces/include/zed_interfaces/zed_interfaces/msg/detail/keypoint3_d__rosidl_typesupport_fastrtps_c.h
[11.135s] -- Up-to-date: /home/yanwen/fyp_ws_v3/install/zed_interfaces/include/zed_interfaces/zed_interfaces/msg/detail/keypoint2_df__rosidl_typesupport_fastrtps_c.h
[11.135s] -- Up-to-date: /home/yanwen/fyp_ws_v3/install/zed_interfaces/include/zed_interfaces/zed_interfaces/msg/detail/skeleton2_d__rosidl_typesupport_fastrtps_c.h
[11.135s] -- Up-to-date: /home/yanwen/fyp_ws_v3/install/zed_interfaces/include/zed_interfaces/zed_interfaces/msg/detail/keypoint2_di__rosidl_typesupport_fastrtps_c.h
[11.135s] -- Up-to-date: /home/yanwen/fyp_ws_v3/install/zed_interfaces/include/zed_interfaces/zed_interfaces/msg/detail/skeleton3_d__rosidl_typesupport_fastrtps_c.h
[11.135s] -- Up-to-date: /home/yanwen/fyp_ws_v3/install/zed_interfaces/include/zed_interfaces/zed_interfaces/msg/detail/bounding_box2_di__rosidl_typesupport_fastrtps_c.h
[11.135s] -- Up-to-date: /home/yanwen/fyp_ws_v3/install/zed_interfaces/include/zed_interfaces/zed_interfaces/msg/detail/object__rosidl_typesupport_fastrtps_c.h
[11.135s] -- Up-to-date: /home/yanwen/fyp_ws_v3/install/zed_interfaces/include/zed_interfaces/zed_interfaces/msg/detail/objects_stamped__rosidl_typesupport_fastrtps_c.h
[11.135s] -- Up-to-date: /home/yanwen/fyp_ws_v3/install/zed_interfaces/include/zed_interfaces/zed_interfaces/msg/detail/bounding_box3_d__rosidl_typesupport_fastrtps_c.h
[11.135s] -- Up-to-date: /home/yanwen/fyp_ws_v3/install/zed_interfaces/include/zed_interfaces/zed_interfaces/msg/detail/heartbeat__rosidl_typesupport_fastrtps_c.h
[11.135s] -- Up-to-date: /home/yanwen/fyp_ws_v3/install/zed_interfaces/include/zed_interfaces/zed_interfaces/msg/detail/depth_info_stamped__rosidl_typesupport_fastrtps_c.h
[11.135s] -- Up-to-date: /home/yanwen/fyp_ws_v3/install/zed_interfaces/include/zed_interfaces/zed_interfaces/msg/detail/plane_stamped__rosidl_typesupport_fastrtps_c.h
[11.135s] -- Up-to-date: /home/yanwen/fyp_ws_v3/install/zed_interfaces/include/zed_interfaces/zed_interfaces/msg/detail/bounding_box2_df__rosidl_typesupport_fastrtps_c.h
[11.135s] -- Up-to-date: /home/yanwen/fyp_ws_v3/install/zed_interfaces/include/zed_interfaces/zed_interfaces/msg/rosidl_typesupport_fastrtps_c__visibility_control.h
[11.143s] -- Up-to-date: /home/yanwen/fyp_ws_v3/install/zed_interfaces/lib/libzed_interfaces__rosidl_typesupport_fastrtps_c.so
[11.143s] -- Up-to-date: /home/yanwen/fyp_ws_v3/install/zed_interfaces/include/zed_interfaces/zed_interfaces
[11.143s] -- Up-to-date: /home/yanwen/fyp_ws_v3/install/zed_interfaces/include/zed_interfaces/zed_interfaces/srv
[11.143s] -- Up-to-date: /home/yanwen/fyp_ws_v3/install/zed_interfaces/include/zed_interfaces/zed_interfaces/srv/detail
[11.143s] -- Up-to-date: /home/yanwen/fyp_ws_v3/install/zed_interfaces/include/zed_interfaces/zed_interfaces/srv/detail/start_svo_rec__traits.hpp
[11.143s] -- Up-to-date: /home/yanwen/fyp_ws_v3/install/zed_interfaces/include/zed_interfaces/zed_interfaces/srv/detail/set_roi__struct.hpp
[11.143s] -- Up-to-date: /home/yanwen/fyp_ws_v3/install/zed_interfaces/include/zed_interfaces/zed_interfaces/srv/detail/set_pose__builder.hpp
[11.143s] -- Up-to-date: /home/yanwen/fyp_ws_v3/install/zed_interfaces/include/zed_interfaces/zed_interfaces/srv/detail/set_pose__traits.hpp
[11.143s] -- Up-to-date: /home/yanwen/fyp_ws_v3/install/zed_interfaces/include/zed_interfaces/zed_interfaces/srv/detail/set_roi__traits.hpp
[11.143s] -- Up-to-date: /home/yanwen/fyp_ws_v3/install/zed_interfaces/include/zed_interfaces/zed_interfaces/srv/detail/set_roi__builder.hpp
[11.144s] -- Up-to-date: /home/yanwen/fyp_ws_v3/install/zed_interfaces/include/zed_interfaces/zed_interfaces/srv/detail/start_svo_rec__builder.hpp
[11.144s] -- Up-to-date: /home/yanwen/fyp_ws_v3/install/zed_interfaces/include/zed_interfaces/zed_interfaces/srv/detail/start_svo_rec__struct.hpp
[11.144s] -- Up-to-date: /home/yanwen/fyp_ws_v3/install/zed_interfaces/include/zed_interfaces/zed_interfaces/srv/detail/set_pose__struct.hpp
[11.144s] -- Up-to-date: /home/yanwen/fyp_ws_v3/install/zed_interfaces/include/zed_interfaces/zed_interfaces/srv/start_svo_rec.hpp
[11.144s] -- Up-to-date: /home/yanwen/fyp_ws_v3/install/zed_interfaces/include/zed_interfaces/zed_interfaces/srv/set_roi.hpp
[11.144s] -- Up-to-date: /home/yanwen/fyp_ws_v3/install/zed_interfaces/include/zed_interfaces/zed_interfaces/srv/set_pose.hpp
[11.144s] -- Up-to-date: /home/yanwen/fyp_ws_v3/install/zed_interfaces/include/zed_interfaces/zed_interfaces/msg
[11.144s] -- Up-to-date: /home/yanwen/fyp_ws_v3/install/zed_interfaces/include/zed_interfaces/zed_interfaces/msg/skeleton3_d.hpp
[11.144s] -- Up-to-date: /home/yanwen/fyp_ws_v3/install/zed_interfaces/include/zed_interfaces/zed_interfaces/msg/keypoint3_d.hpp
[11.144s] -- Up-to-date: /home/yanwen/fyp_ws_v3/install/zed_interfaces/include/zed_interfaces/zed_interfaces/msg/plane_stamped.hpp
[11.145s] -- Up-to-date: /home/yanwen/fyp_ws_v3/install/zed_interfaces/include/zed_interfaces/zed_interfaces/msg/bounding_box3_d.hpp
[11.145s] -- Up-to-date: /home/yanwen/fyp_ws_v3/install/zed_interfaces/include/zed_interfaces/zed_interfaces/msg/keypoint2_df.hpp
[11.145s] -- Up-to-date: /home/yanwen/fyp_ws_v3/install/zed_interfaces/include/zed_interfaces/zed_interfaces/msg/objects_stamped.hpp
[11.145s] -- Up-to-date: /home/yanwen/fyp_ws_v3/install/zed_interfaces/include/zed_interfaces/zed_interfaces/msg/bounding_box2_df.hpp
[11.145s] -- Up-to-date: /home/yanwen/fyp_ws_v3/install/zed_interfaces/include/zed_interfaces/zed_interfaces/msg/detail
[11.145s] -- Up-to-date: /home/yanwen/fyp_ws_v3/install/zed_interfaces/include/zed_interfaces/zed_interfaces/msg/detail/keypoint3_d__traits.hpp
[11.145s] -- Up-to-date: /home/yanwen/fyp_ws_v3/install/zed_interfaces/include/zed_interfaces/zed_interfaces/msg/detail/pos_track_status__builder.hpp
[11.145s] -- Up-to-date: /home/yanwen/fyp_ws_v3/install/zed_interfaces/include/zed_interfaces/zed_interfaces/msg/detail/objects_stamped__struct.hpp
[11.145s] -- Up-to-date: /home/yanwen/fyp_ws_v3/install/zed_interfaces/include/zed_interfaces/zed_interfaces/msg/detail/bounding_box3_d__struct.hpp
[11.145s] -- Up-to-date: /home/yanwen/fyp_ws_v3/install/zed_interfaces/include/zed_interfaces/zed_interfaces/msg/detail/bounding_box2_df__traits.hpp
[11.145s] -- Up-to-date: /home/yanwen/fyp_ws_v3/install/zed_interfaces/include/zed_interfaces/zed_interfaces/msg/detail/object__struct.hpp
[11.145s] -- Up-to-date: /home/yanwen/fyp_ws_v3/install/zed_interfaces/include/zed_interfaces/zed_interfaces/msg/detail/plane_stamped__struct.hpp
[11.145s] -- Up-to-date: /home/yanwen/fyp_ws_v3/install/zed_interfaces/include/zed_interfaces/zed_interfaces/msg/detail/depth_info_stamped__struct.hpp
[11.145s] -- Up-to-date: /home/yanwen/fyp_ws_v3/install/zed_interfaces/include/zed_interfaces/zed_interfaces/msg/detail/heartbeat__traits.hpp
[11.145s] -- Up-to-date: /home/yanwen/fyp_ws_v3/install/zed_interfaces/include/zed_interfaces/zed_interfaces/msg/detail/skeleton2_d__struct.hpp
[11.146s] -- Up-to-date: /home/yanwen/fyp_ws_v3/install/zed_interfaces/include/zed_interfaces/zed_interfaces/msg/detail/heartbeat__struct.hpp
[11.146s] -- Up-to-date: /home/yanwen/fyp_ws_v3/install/zed_interfaces/include/zed_interfaces/zed_interfaces/msg/detail/keypoint3_d__builder.hpp
[11.146s] -- Up-to-date: /home/yanwen/fyp_ws_v3/install/zed_interfaces/include/zed_interfaces/zed_interfaces/msg/detail/keypoint2_di__traits.hpp
[11.146s] -- Up-to-date: /home/yanwen/fyp_ws_v3/install/zed_interfaces/include/zed_interfaces/zed_interfaces/msg/detail/heartbeat__builder.hpp
[11.146s] -- Up-to-date: /home/yanwen/fyp_ws_v3/install/zed_interfaces/include/zed_interfaces/zed_interfaces/msg/detail/keypoint2_df__traits.hpp
[11.146s] -- Up-to-date: /home/yanwen/fyp_ws_v3/install/zed_interfaces/include/zed_interfaces/zed_interfaces/msg/detail/objects_stamped__traits.hpp
[11.146s] -- Up-to-date: /home/yanwen/fyp_ws_v3/install/zed_interfaces/include/zed_interfaces/zed_interfaces/msg/detail/keypoint3_d__struct.hpp
[11.146s] -- Up-to-date: /home/yanwen/fyp_ws_v3/install/zed_interfaces/include/zed_interfaces/zed_interfaces/msg/detail/skeleton3_d__traits.hpp
[11.146s] -- Up-to-date: /home/yanwen/fyp_ws_v3/install/zed_interfaces/include/zed_interfaces/zed_interfaces/msg/detail/bounding_box2_df__builder.hpp
[11.146s] -- Up-to-date: /home/yanwen/fyp_ws_v3/install/zed_interfaces/include/zed_interfaces/zed_interfaces/msg/detail/bounding_box2_df__struct.hpp
[11.146s] -- Up-to-date: /home/yanwen/fyp_ws_v3/install/zed_interfaces/include/zed_interfaces/zed_interfaces/msg/detail/bounding_box2_di__traits.hpp
[11.146s] -- Up-to-date: /home/yanwen/fyp_ws_v3/install/zed_interfaces/include/zed_interfaces/zed_interfaces/msg/detail/plane_stamped__builder.hpp
[11.146s] -- Up-to-date: /home/yanwen/fyp_ws_v3/install/zed_interfaces/include/zed_interfaces/zed_interfaces/msg/detail/keypoint2_df__builder.hpp
[11.146s] -- Up-to-date: /home/yanwen/fyp_ws_v3/install/zed_interfaces/include/zed_interfaces/zed_interfaces/msg/detail/object__builder.hpp
[11.146s] -- Up-to-date: /home/yanwen/fyp_ws_v3/install/zed_interfaces/include/zed_interfaces/zed_interfaces/msg/detail/depth_info_stamped__builder.hpp
[11.146s] -- Up-to-date: /home/yanwen/fyp_ws_v3/install/zed_interfaces/include/zed_interfaces/zed_interfaces/msg/detail/keypoint2_df__struct.hpp
[11.146s] -- Up-to-date: /home/yanwen/fyp_ws_v3/install/zed_interfaces/include/zed_interfaces/zed_interfaces/msg/detail/bounding_box3_d__builder.hpp
[11.147s] -- Up-to-date: /home/yanwen/fyp_ws_v3/install/zed_interfaces/include/zed_interfaces/zed_interfaces/msg/detail/depth_info_stamped__traits.hpp
[11.147s] -- Up-to-date: /home/yanwen/fyp_ws_v3/install/zed_interfaces/include/zed_interfaces/zed_interfaces/msg/detail/skeleton2_d__traits.hpp
[11.147s] -- Up-to-date: /home/yanwen/fyp_ws_v3/install/zed_interfaces/include/zed_interfaces/zed_interfaces/msg/detail/object__traits.hpp
[11.147s] -- Up-to-date: /home/yanwen/fyp_ws_v3/install/zed_interfaces/include/zed_interfaces/zed_interfaces/msg/detail/objects_stamped__builder.hpp
[11.147s] -- Up-to-date: /home/yanwen/fyp_ws_v3/install/zed_interfaces/include/zed_interfaces/zed_interfaces/msg/detail/skeleton2_d__builder.hpp
[11.147s] -- Up-to-date: /home/yanwen/fyp_ws_v3/install/zed_interfaces/include/zed_interfaces/zed_interfaces/msg/detail/plane_stamped__traits.hpp
[11.147s] -- Up-to-date: /home/yanwen/fyp_ws_v3/install/zed_interfaces/include/zed_interfaces/zed_interfaces/msg/detail/bounding_box2_di__struct.hpp
[11.147s] -- Up-to-date: /home/yanwen/fyp_ws_v3/install/zed_interfaces/include/zed_interfaces/zed_interfaces/msg/detail/bounding_box3_d__traits.hpp
[11.147s] -- Up-to-date: /home/yanwen/fyp_ws_v3/install/zed_interfaces/include/zed_interfaces/zed_interfaces/msg/detail/pos_track_status__traits.hpp
[11.147s] -- Up-to-date: /home/yanwen/fyp_ws_v3/install/zed_interfaces/include/zed_interfaces/zed_interfaces/msg/detail/skeleton3_d__builder.hpp
[11.147s] -- Up-to-date: /home/yanwen/fyp_ws_v3/install/zed_interfaces/include/zed_interfaces/zed_interfaces/msg/detail/pos_track_status__struct.hpp
[11.147s] -- Up-to-date: /home/yanwen/fyp_ws_v3/install/zed_interfaces/include/zed_interfaces/zed_interfaces/msg/detail/keypoint2_di__builder.hpp
[11.147s] -- Up-to-date: /home/yanwen/fyp_ws_v3/install/zed_interfaces/include/zed_interfaces/zed_interfaces/msg/detail/keypoint2_di__struct.hpp
[11.147s] -- Up-to-date: /home/yanwen/fyp_ws_v3/install/zed_interfaces/include/zed_interfaces/zed_interfaces/msg/detail/bounding_box2_di__builder.hpp
[11.147s] -- Up-to-date: /home/yanwen/fyp_ws_v3/install/zed_interfaces/include/zed_interfaces/zed_interfaces/msg/detail/skeleton3_d__struct.hpp
[11.147s] -- Up-to-date: /home/yanwen/fyp_ws_v3/install/zed_interfaces/include/zed_interfaces/zed_interfaces/msg/object.hpp
[11.147s] -- Up-to-date: /home/yanwen/fyp_ws_v3/install/zed_interfaces/include/zed_interfaces/zed_interfaces/msg/skeleton2_d.hpp
[11.148s] -- Up-to-date: /home/yanwen/fyp_ws_v3/install/zed_interfaces/include/zed_interfaces/zed_interfaces/msg/keypoint2_di.hpp
[11.148s] -- Up-to-date: /home/yanwen/fyp_ws_v3/install/zed_interfaces/include/zed_interfaces/zed_interfaces/msg/pos_track_status.hpp
[11.148s] -- Up-to-date: /home/yanwen/fyp_ws_v3/install/zed_interfaces/include/zed_interfaces/zed_interfaces/msg/bounding_box2_di.hpp
[11.148s] -- Up-to-date: /home/yanwen/fyp_ws_v3/install/zed_interfaces/include/zed_interfaces/zed_interfaces/msg/heartbeat.hpp
[11.148s] -- Up-to-date: /home/yanwen/fyp_ws_v3/install/zed_interfaces/include/zed_interfaces/zed_interfaces/msg/depth_info_stamped.hpp
[11.148s] -- Up-to-date: /home/yanwen/fyp_ws_v3/install/zed_interfaces/include/zed_interfaces/zed_interfaces
[11.148s] -- Up-to-date: /home/yanwen/fyp_ws_v3/install/zed_interfaces/include/zed_interfaces/zed_interfaces/srv
[11.148s] -- Up-to-date: /home/yanwen/fyp_ws_v3/install/zed_interfaces/include/zed_interfaces/zed_interfaces/srv/detail
[11.148s] -- Up-to-date: /home/yanwen/fyp_ws_v3/install/zed_interfaces/include/zed_interfaces/zed_interfaces/srv/detail/set_roi__rosidl_typesupport_fastrtps_cpp.hpp
[11.148s] -- Up-to-date: /home/yanwen/fyp_ws_v3/install/zed_interfaces/include/zed_interfaces/zed_interfaces/srv/detail/start_svo_rec__rosidl_typesupport_fastrtps_cpp.hpp
[11.148s] -- Up-to-date: /home/yanwen/fyp_ws_v3/install/zed_interfaces/include/zed_interfaces/zed_interfaces/srv/detail/dds_fastrtps
[11.148s] -- Up-to-date: /home/yanwen/fyp_ws_v3/install/zed_interfaces/include/zed_interfaces/zed_interfaces/srv/detail/set_pose__rosidl_typesupport_fastrtps_cpp.hpp
[11.148s] -- Up-to-date: /home/yanwen/fyp_ws_v3/install/zed_interfaces/include/zed_interfaces/zed_interfaces/msg
[11.148s] -- Up-to-date: /home/yanwen/fyp_ws_v3/install/zed_interfaces/include/zed_interfaces/zed_interfaces/msg/rosidl_typesupport_fastrtps_cpp__visibility_control.h
[11.148s] -- Up-to-date: /home/yanwen/fyp_ws_v3/install/zed_interfaces/include/zed_interfaces/zed_interfaces/msg/detail
[11.148s] -- Up-to-date: /home/yanwen/fyp_ws_v3/install/zed_interfaces/include/zed_interfaces/zed_interfaces/msg/detail/skeleton3_d__rosidl_typesupport_fastrtps_cpp.hpp
[11.148s] -- Up-to-date: /home/yanwen/fyp_ws_v3/install/zed_interfaces/include/zed_interfaces/zed_interfaces/msg/detail/keypoint3_d__rosidl_typesupport_fastrtps_cpp.hpp
[11.148s] -- Up-to-date: /home/yanwen/fyp_ws_v3/install/zed_interfaces/include/zed_interfaces/zed_interfaces/msg/detail/objects_stamped__rosidl_typesupport_fastrtps_cpp.hpp
[11.149s] -- Up-to-date: /home/yanwen/fyp_ws_v3/install/zed_interfaces/include/zed_interfaces/zed_interfaces/msg/detail/bounding_box2_di__rosidl_typesupport_fastrtps_cpp.hpp
[11.149s] -- Up-to-date: /home/yanwen/fyp_ws_v3/install/zed_interfaces/include/zed_interfaces/zed_interfaces/msg/detail/plane_stamped__rosidl_typesupport_fastrtps_cpp.hpp
[11.149s] -- Up-to-date: /home/yanwen/fyp_ws_v3/install/zed_interfaces/include/zed_interfaces/zed_interfaces/msg/detail/keypoint2_di__rosidl_typesupport_fastrtps_cpp.hpp
[11.149s] -- Up-to-date: /home/yanwen/fyp_ws_v3/install/zed_interfaces/include/zed_interfaces/zed_interfaces/msg/detail/object__rosidl_typesupport_fastrtps_cpp.hpp
[11.149s] -- Up-to-date: /home/yanwen/fyp_ws_v3/install/zed_interfaces/include/zed_interfaces/zed_interfaces/msg/detail/keypoint2_df__rosidl_typesupport_fastrtps_cpp.hpp
[11.149s] -- Up-to-date: /home/yanwen/fyp_ws_v3/install/zed_interfaces/include/zed_interfaces/zed_interfaces/msg/detail/heartbeat__rosidl_typesupport_fastrtps_cpp.hpp
[11.149s] -- Up-to-date: /home/yanwen/fyp_ws_v3/install/zed_interfaces/include/zed_interfaces/zed_interfaces/msg/detail/depth_info_stamped__rosidl_typesupport_fastrtps_cpp.hpp
[11.149s] -- Up-to-date: /home/yanwen/fyp_ws_v3/install/zed_interfaces/include/zed_interfaces/zed_interfaces/msg/detail/skeleton2_d__rosidl_typesupport_fastrtps_cpp.hpp
[11.149s] -- Up-to-date: /home/yanwen/fyp_ws_v3/install/zed_interfaces/include/zed_interfaces/zed_interfaces/msg/detail/bounding_box2_df__rosidl_typesupport_fastrtps_cpp.hpp
[11.149s] -- Up-to-date: /home/yanwen/fyp_ws_v3/install/zed_interfaces/include/zed_interfaces/zed_interfaces/msg/detail/dds_fastrtps
[11.149s] -- Up-to-date: /home/yanwen/fyp_ws_v3/install/zed_interfaces/include/zed_interfaces/zed_interfaces/msg/detail/bounding_box3_d__rosidl_typesupport_fastrtps_cpp.hpp
[11.149s] -- Up-to-date: /home/yanwen/fyp_ws_v3/install/zed_interfaces/include/zed_interfaces/zed_interfaces/msg/detail/pos_track_status__rosidl_typesupport_fastrtps_cpp.hpp
[11.149s] -- Up-to-date: /home/yanwen/fyp_ws_v3/install/zed_interfaces/lib/libzed_interfaces__rosidl_typesupport_fastrtps_cpp.so
[11.149s] -- Up-to-date: /home/yanwen/fyp_ws_v3/install/zed_interfaces/include/zed_interfaces/zed_interfaces
[11.149s] -- Up-to-date: /home/yanwen/fyp_ws_v3/install/zed_interfaces/include/zed_interfaces/zed_interfaces/srv
[11.149s] -- Up-to-date: /home/yanwen/fyp_ws_v3/install/zed_interfaces/include/zed_interfaces/zed_interfaces/srv/detail
[11.150s] -- Up-to-date: /home/yanwen/fyp_ws_v3/install/zed_interfaces/include/zed_interfaces/zed_interfaces/srv/detail/start_svo_rec__rosidl_typesupport_introspection_c.h
[11.150s] -- Up-to-date: /home/yanwen/fyp_ws_v3/install/zed_interfaces/include/zed_interfaces/zed_interfaces/srv/detail/set_pose__rosidl_typesupport_introspection_c.h
[11.150s] -- Up-to-date: /home/yanwen/fyp_ws_v3/install/zed_interfaces/include/zed_interfaces/zed_interfaces/srv/detail/set_roi__type_support.c
[11.150s] -- Up-to-date: /home/yanwen/fyp_ws_v3/install/zed_interfaces/include/zed_interfaces/zed_interfaces/srv/detail/start_svo_rec__type_support.c
[11.150s] -- Up-to-date: /home/yanwen/fyp_ws_v3/install/zed_interfaces/include/zed_interfaces/zed_interfaces/srv/detail/set_roi__rosidl_typesupport_introspection_c.h
[11.150s] -- Up-to-date: /home/yanwen/fyp_ws_v3/install/zed_interfaces/include/zed_interfaces/zed_interfaces/srv/detail/set_pose__type_support.c
[11.150s] -- Up-to-date: /home/yanwen/fyp_ws_v3/install/zed_interfaces/include/zed_interfaces/zed_interfaces/msg
[11.150s] -- Up-to-date: /home/yanwen/fyp_ws_v3/install/zed_interfaces/include/zed_interfaces/zed_interfaces/msg/detail
[11.150s] -- Up-to-date: /home/yanwen/fyp_ws_v3/install/zed_interfaces/include/zed_interfaces/zed_interfaces/msg/detail/skeleton3_d__rosidl_typesupport_introspection_c.h
[11.150s] -- Up-to-date: /home/yanwen/fyp_ws_v3/install/zed_interfaces/include/zed_interfaces/zed_interfaces/msg/detail/keypoint3_d__type_support.c
[11.150s] -- Up-to-date: /home/yanwen/fyp_ws_v3/install/zed_interfaces/include/zed_interfaces/zed_interfaces/msg/detail/heartbeat__type_support.c
[11.150s] -- Up-to-date: /home/yanwen/fyp_ws_v3/install/zed_interfaces/include/zed_interfaces/zed_interfaces/msg/detail/bounding_box3_d__type_support.c
[11.150s] -- Up-to-date: /home/yanwen/fyp_ws_v3/install/zed_interfaces/include/zed_interfaces/zed_interfaces/msg/detail/bounding_box2_di__rosidl_typesupport_introspection_c.h
[11.150s] -- Up-to-date: /home/yanwen/fyp_ws_v3/install/zed_interfaces/include/zed_interfaces/zed_interfaces/msg/detail/depth_info_stamped__type_support.c
[11.150s] -- Up-to-date: /home/yanwen/fyp_ws_v3/install/zed_interfaces/include/zed_interfaces/zed_interfaces/msg/detail/skeleton3_d__type_support.c
[11.150s] -- Up-to-date: /home/yanwen/fyp_ws_v3/install/zed_interfaces/include/zed_interfaces/zed_interfaces/msg/detail/objects_stamped__type_support.c
[11.150s] -- Up-to-date: /home/yanwen/fyp_ws_v3/install/zed_interfaces/include/zed_interfaces/zed_interfaces/msg/detail/pos_track_status__type_support.c
[11.151s] -- Up-to-date: /home/yanwen/fyp_ws_v3/install/zed_interfaces/include/zed_interfaces/zed_interfaces/msg/detail/plane_stamped__type_support.c
[11.151s] -- Up-to-date: /home/yanwen/fyp_ws_v3/install/zed_interfaces/include/zed_interfaces/zed_interfaces/msg/detail/pos_track_status__rosidl_typesupport_introspection_c.h
[11.151s] -- Up-to-date: /home/yanwen/fyp_ws_v3/install/zed_interfaces/include/zed_interfaces/zed_interfaces/msg/detail/skeleton2_d__type_support.c
[11.151s] -- Up-to-date: /home/yanwen/fyp_ws_v3/install/zed_interfaces/include/zed_interfaces/zed_interfaces/msg/detail/skeleton2_d__rosidl_typesupport_introspection_c.h
[11.151s] -- Up-to-date: /home/yanwen/fyp_ws_v3/install/zed_interfaces/include/zed_interfaces/zed_interfaces/msg/detail/bounding_box2_di__type_support.c
[11.151s] -- Up-to-date: /home/yanwen/fyp_ws_v3/install/zed_interfaces/include/zed_interfaces/zed_interfaces/msg/detail/object__rosidl_typesupport_introspection_c.h
[11.151s] -- Up-to-date: /home/yanwen/fyp_ws_v3/install/zed_interfaces/include/zed_interfaces/zed_interfaces/msg/detail/keypoint3_d__rosidl_typesupport_introspection_c.h
[11.151s] -- Up-to-date: /home/yanwen/fyp_ws_v3/install/zed_interfaces/include/zed_interfaces/zed_interfaces/msg/detail/object__type_support.c
[11.151s] -- Up-to-date: /home/yanwen/fyp_ws_v3/install/zed_interfaces/include/zed_interfaces/zed_interfaces/msg/detail/objects_stamped__rosidl_typesupport_introspection_c.h
[11.151s] -- Up-to-date: /home/yanwen/fyp_ws_v3/install/zed_interfaces/include/zed_interfaces/zed_interfaces/msg/detail/bounding_box2_df__type_support.c
[11.151s] -- Up-to-date: /home/yanwen/fyp_ws_v3/install/zed_interfaces/include/zed_interfaces/zed_interfaces/msg/detail/keypoint2_df__type_support.c
[11.151s] -- Up-to-date: /home/yanwen/fyp_ws_v3/install/zed_interfaces/include/zed_interfaces/zed_interfaces/msg/detail/bounding_box3_d__rosidl_typesupport_introspection_c.h
[11.151s] -- Up-to-date: /home/yanwen/fyp_ws_v3/install/zed_interfaces/include/zed_interfaces/zed_interfaces/msg/detail/plane_stamped__rosidl_typesupport_introspection_c.h
[11.151s] -- Up-to-date: /home/yanwen/fyp_ws_v3/install/zed_interfaces/include/zed_interfaces/zed_interfaces/msg/detail/keypoint2_di__rosidl_typesupport_introspection_c.h
[11.151s] -- Up-to-date: /home/yanwen/fyp_ws_v3/install/zed_interfaces/include/zed_interfaces/zed_interfaces/msg/detail/keypoint2_df__rosidl_typesupport_introspection_c.h
[11.151s] -- Up-to-date: /home/yanwen/fyp_ws_v3/install/zed_interfaces/include/zed_interfaces/zed_interfaces/msg/detail/keypoint2_di__type_support.c
[11.151s] -- Up-to-date: /home/yanwen/fyp_ws_v3/install/zed_interfaces/include/zed_interfaces/zed_interfaces/msg/detail/bounding_box2_df__rosidl_typesupport_introspection_c.h
[11.151s] -- Up-to-date: /home/yanwen/fyp_ws_v3/install/zed_interfaces/include/zed_interfaces/zed_interfaces/msg/detail/heartbeat__rosidl_typesupport_introspection_c.h
[11.152s] -- Up-to-date: /home/yanwen/fyp_ws_v3/install/zed_interfaces/include/zed_interfaces/zed_interfaces/msg/detail/depth_info_stamped__rosidl_typesupport_introspection_c.h
[11.152s] -- Up-to-date: /home/yanwen/fyp_ws_v3/install/zed_interfaces/include/zed_interfaces/zed_interfaces/msg/rosidl_typesupport_introspection_c__visibility_control.h
[11.197s] -- Up-to-date: /home/yanwen/fyp_ws_v3/install/zed_interfaces/lib/libzed_interfaces__rosidl_typesupport_introspection_c.so
[11.252s] -- Up-to-date: /home/yanwen/fyp_ws_v3/install/zed_interfaces/lib/libzed_interfaces__rosidl_typesupport_c.so
[11.252s] -- Up-to-date: /home/yanwen/fyp_ws_v3/install/zed_interfaces/include/zed_interfaces/zed_interfaces
[11.253s] -- Up-to-date: /home/yanwen/fyp_ws_v3/install/zed_interfaces/include/zed_interfaces/zed_interfaces/srv
[11.253s] -- Up-to-date: /home/yanwen/fyp_ws_v3/install/zed_interfaces/include/zed_interfaces/zed_interfaces/srv/detail
[11.253s] -- Up-to-date: /home/yanwen/fyp_ws_v3/install/zed_interfaces/include/zed_interfaces/zed_interfaces/srv/detail/set_roi__type_support.cpp
[11.253s] -- Up-to-date: /home/yanwen/fyp_ws_v3/install/zed_interfaces/include/zed_interfaces/zed_interfaces/srv/detail/set_pose__rosidl_typesupport_introspection_cpp.hpp
[11.253s] -- Up-to-date: /home/yanwen/fyp_ws_v3/install/zed_interfaces/include/zed_interfaces/zed_interfaces/srv/detail/set_pose__type_support.cpp
[11.253s] -- Up-to-date: /home/yanwen/fyp_ws_v3/install/zed_interfaces/include/zed_interfaces/zed_interfaces/srv/detail/set_roi__rosidl_typesupport_introspection_cpp.hpp
[11.253s] -- Up-to-date: /home/yanwen/fyp_ws_v3/install/zed_interfaces/include/zed_interfaces/zed_interfaces/srv/detail/start_svo_rec__type_support.cpp
[11.253s] -- Up-to-date: /home/yanwen/fyp_ws_v3/install/zed_interfaces/include/zed_interfaces/zed_interfaces/srv/detail/start_svo_rec__rosidl_typesupport_introspection_cpp.hpp
[11.253s] -- Up-to-date: /home/yanwen/fyp_ws_v3/install/zed_interfaces/include/zed_interfaces/zed_interfaces/msg
[11.253s] -- Up-to-date: /home/yanwen/fyp_ws_v3/install/zed_interfaces/include/zed_interfaces/zed_interfaces/msg/detail
[11.253s] -- Up-to-date: /home/yanwen/fyp_ws_v3/install/zed_interfaces/include/zed_interfaces/zed_interfaces/msg/detail/depth_info_stamped__type_support.cpp
[11.254s] -- Up-to-date: /home/yanwen/fyp_ws_v3/install/zed_interfaces/include/zed_interfaces/zed_interfaces/msg/detail/heartbeat__type_support.cpp
[11.254s] -- Up-to-date: /home/yanwen/fyp_ws_v3/install/zed_interfaces/include/zed_interfaces/zed_interfaces/msg/detail/pos_track_status__type_support.cpp
[11.254s] -- Up-to-date: /home/yanwen/fyp_ws_v3/install/zed_interfaces/include/zed_interfaces/zed_interfaces/msg/detail/bounding_box2_di__type_support.cpp
[11.254s] -- Up-to-date: /home/yanwen/fyp_ws_v3/install/zed_interfaces/include/zed_interfaces/zed_interfaces/msg/detail/objects_stamped__type_support.cpp
[11.254s] -- Up-to-date: /home/yanwen/fyp_ws_v3/install/zed_interfaces/include/zed_interfaces/zed_interfaces/msg/detail/objects_stamped__rosidl_typesupport_introspection_cpp.hpp
[11.254s] -- Up-to-date: /home/yanwen/fyp_ws_v3/install/zed_interfaces/include/zed_interfaces/zed_interfaces/msg/detail/bounding_box3_d__type_support.cpp
[11.254s] -- Up-to-date: /home/yanwen/fyp_ws_v3/install/zed_interfaces/include/zed_interfaces/zed_interfaces/msg/detail/keypoint2_di__type_support.cpp
[11.254s] -- Up-to-date: /home/yanwen/fyp_ws_v3/install/zed_interfaces/include/zed_interfaces/zed_interfaces/msg/detail/keypoint2_df__rosidl_typesupport_introspection_cpp.hpp
[11.254s] -- Up-to-date: /home/yanwen/fyp_ws_v3/install/zed_interfaces/include/zed_interfaces/zed_interfaces/msg/detail/bounding_box3_d__rosidl_typesupport_introspection_cpp.hpp
[11.254s] -- Up-to-date: /home/yanwen/fyp_ws_v3/install/zed_interfaces/include/zed_interfaces/zed_interfaces/msg/detail/plane_stamped__rosidl_typesupport_introspection_cpp.hpp
[11.254s] -- Up-to-date: /home/yanwen/fyp_ws_v3/install/zed_interfaces/include/zed_interfaces/zed_interfaces/msg/detail/keypoint3_d__type_support.cpp
[11.254s] -- Up-to-date: /home/yanwen/fyp_ws_v3/install/zed_interfaces/include/zed_interfaces/zed_interfaces/msg/detail/bounding_box2_df__type_support.cpp
[11.254s] -- Up-to-date: /home/yanwen/fyp_ws_v3/install/zed_interfaces/include/zed_interfaces/zed_interfaces/msg/detail/skeleton2_d__rosidl_typesupport_introspection_cpp.hpp
[11.254s] -- Up-to-date: /home/yanwen/fyp_ws_v3/install/zed_interfaces/include/zed_interfaces/zed_interfaces/msg/detail/pos_track_status__rosidl_typesupport_introspection_cpp.hpp
[11.254s] -- Up-to-date: /home/yanwen/fyp_ws_v3/install/zed_interfaces/include/zed_interfaces/zed_interfaces/msg/detail/plane_stamped__type_support.cpp
[11.255s] -- Up-to-date: /home/yanwen/fyp_ws_v3/install/zed_interfaces/include/zed_interfaces/zed_interfaces/msg/detail/skeleton3_d__rosidl_typesupport_introspection_cpp.hpp
[11.255s] -- Up-to-date: /home/yanwen/fyp_ws_v3/install/zed_interfaces/include/zed_interfaces/zed_interfaces/msg/detail/skeleton3_d__type_support.cpp
[11.255s] -- Up-to-date: /home/yanwen/fyp_ws_v3/install/zed_interfaces/include/zed_interfaces/zed_interfaces/msg/detail/keypoint2_df__type_support.cpp
[11.255s] -- Up-to-date: /home/yanwen/fyp_ws_v3/install/zed_interfaces/include/zed_interfaces/zed_interfaces/msg/detail/object__rosidl_typesupport_introspection_cpp.hpp
[11.255s] -- Up-to-date: /home/yanwen/fyp_ws_v3/install/zed_interfaces/include/zed_interfaces/zed_interfaces/msg/detail/depth_info_stamped__rosidl_typesupport_introspection_cpp.hpp
[11.255s] -- Up-to-date: /home/yanwen/fyp_ws_v3/install/zed_interfaces/include/zed_interfaces/zed_interfaces/msg/detail/heartbeat__rosidl_typesupport_introspection_cpp.hpp
[11.255s] -- Up-to-date: /home/yanwen/fyp_ws_v3/install/zed_interfaces/include/zed_interfaces/zed_interfaces/msg/detail/object__type_support.cpp
[11.255s] -- Up-to-date: /home/yanwen/fyp_ws_v3/install/zed_interfaces/include/zed_interfaces/zed_interfaces/msg/detail/keypoint2_di__rosidl_typesupport_introspection_cpp.hpp
[11.255s] -- Up-to-date: /home/yanwen/fyp_ws_v3/install/zed_interfaces/include/zed_interfaces/zed_interfaces/msg/detail/bounding_box2_di__rosidl_typesupport_introspection_cpp.hpp
[11.255s] -- Up-to-date: /home/yanwen/fyp_ws_v3/install/zed_interfaces/include/zed_interfaces/zed_interfaces/msg/detail/bounding_box2_df__rosidl_typesupport_introspection_cpp.hpp
[11.255s] -- Up-to-date: /home/yanwen/fyp_ws_v3/install/zed_interfaces/include/zed_interfaces/zed_interfaces/msg/detail/skeleton2_d__type_support.cpp
[11.256s] -- Up-to-date: /home/yanwen/fyp_ws_v3/install/zed_interfaces/include/zed_interfaces/zed_interfaces/msg/detail/keypoint3_d__rosidl_typesupport_introspection_cpp.hpp
[11.256s] -- Up-to-date: /home/yanwen/fyp_ws_v3/install/zed_interfaces/lib/libzed_interfaces__rosidl_typesupport_introspection_cpp.so
[11.256s] -- Up-to-date: /home/yanwen/fyp_ws_v3/install/zed_interfaces/lib/libzed_interfaces__rosidl_typesupport_cpp.so
[11.256s] -- Up-to-date: /home/yanwen/fyp_ws_v3/install/zed_interfaces/share/zed_interfaces/environment/pythonpath.sh
[11.256s] -- Up-to-date: /home/yanwen/fyp_ws_v3/install/zed_interfaces/share/zed_interfaces/environment/pythonpath.dsv
[11.256s] -- Up-to-date: /home/yanwen/fyp_ws_v3/install/zed_interfaces/local/lib/python3.10/dist-packages/zed_interfaces-4.0.0-py3.10.egg-info
[11.256s] -- Installing: /home/yanwen/fyp_ws_v3/install/zed_interfaces/local/lib/python3.10/dist-packages/zed_interfaces-4.0.0-py3.10.egg-info/top_level.txt
[11.256s] -- Installing: /home/yanwen/fyp_ws_v3/install/zed_interfaces/local/lib/python3.10/dist-packages/zed_interfaces-4.0.0-py3.10.egg-info/PKG-INFO
[11.256s] -- Installing: /home/yanwen/fyp_ws_v3/install/zed_interfaces/local/lib/python3.10/dist-packages/zed_interfaces-4.0.0-py3.10.egg-info/SOURCES.txt
[11.256s] -- Installing: /home/yanwen/fyp_ws_v3/install/zed_interfaces/local/lib/python3.10/dist-packages/zed_interfaces-4.0.0-py3.10.egg-info/dependency_links.txt
[11.256s] -- Up-to-date: /home/yanwen/fyp_ws_v3/install/zed_interfaces/local/lib/python3.10/dist-packages/zed_interfaces
[11.256s] -- Up-to-date: /home/yanwen/fyp_ws_v3/install/zed_interfaces/local/lib/python3.10/dist-packages/zed_interfaces/zed_interfaces_s__rosidl_typesupport_c.cpython-310-x86_64-linux-gnu.so
[11.256s] -- Up-to-date: /home/yanwen/fyp_ws_v3/install/zed_interfaces/local/lib/python3.10/dist-packages/zed_interfaces/__init__.py
[11.256s] -- Up-to-date: /home/yanwen/fyp_ws_v3/install/zed_interfaces/local/lib/python3.10/dist-packages/zed_interfaces/_zed_interfaces_s.ep.rosidl_typesupport_c.c
[11.256s] -- Up-to-date: /home/yanwen/fyp_ws_v3/install/zed_interfaces/local/lib/python3.10/dist-packages/zed_interfaces/zed_interfaces_s__rosidl_typesupport_introspection_c.cpython-310-x86_64-linux-gnu.so
[11.256s] -- Up-to-date: /home/yanwen/fyp_ws_v3/install/zed_interfaces/local/lib/python3.10/dist-packages/zed_interfaces/srv
[11.256s] -- Up-to-date: /home/yanwen/fyp_ws_v3/install/zed_interfaces/local/lib/python3.10/dist-packages/zed_interfaces/srv/_start_svo_rec_s.c
[11.256s] -- Up-to-date: /home/yanwen/fyp_ws_v3/install/zed_interfaces/local/lib/python3.10/dist-packages/zed_interfaces/srv/__init__.py
[11.257s] -- Up-to-date: /home/yanwen/fyp_ws_v3/install/zed_interfaces/local/lib/python3.10/dist-packages/zed_interfaces/srv/_start_svo_rec.py
[11.257s] -- Up-to-date: /home/yanwen/fyp_ws_v3/install/zed_interfaces/local/lib/python3.10/dist-packages/zed_interfaces/srv/_set_pose_s.c
[11.257s] -- Up-to-date: /home/yanwen/fyp_ws_v3/install/zed_interfaces/local/lib/python3.10/dist-packages/zed_interfaces/srv/_set_roi.py
[11.257s] -- Up-to-date: /home/yanwen/fyp_ws_v3/install/zed_interfaces/local/lib/python3.10/dist-packages/zed_interfaces/srv/_set_pose.py
[11.257s] -- Up-to-date: /home/yanwen/fyp_ws_v3/install/zed_interfaces/local/lib/python3.10/dist-packages/zed_interfaces/srv/_set_roi_s.c
[11.257s] -- Up-to-date: /home/yanwen/fyp_ws_v3/install/zed_interfaces/local/lib/python3.10/dist-packages/zed_interfaces/_zed_interfaces_s.ep.rosidl_typesupport_introspection_c.c
[11.257s] -- Up-to-date: /home/yanwen/fyp_ws_v3/install/zed_interfaces/local/lib/python3.10/dist-packages/zed_interfaces/libzed_interfaces__rosidl_generator_py.so
[11.257s] -- Up-to-date: /home/yanwen/fyp_ws_v3/install/zed_interfaces/local/lib/python3.10/dist-packages/zed_interfaces/zed_interfaces_s__rosidl_typesupport_fastrtps_c.cpython-310-x86_64-linux-gnu.so
[11.257s] -- Up-to-date: /home/yanwen/fyp_ws_v3/install/zed_interfaces/local/lib/python3.10/dist-packages/zed_interfaces/_zed_interfaces_s.ep.rosidl_typesupport_fastrtps_c.c
[11.257s] -- Up-to-date: /home/yanwen/fyp_ws_v3/install/zed_interfaces/local/lib/python3.10/dist-packages/zed_interfaces/msg
[11.257s] -- Up-to-date: /home/yanwen/fyp_ws_v3/install/zed_interfaces/local/lib/python3.10/dist-packages/zed_interfaces/msg/_pos_track_status.py
[11.257s] -- Up-to-date: /home/yanwen/fyp_ws_v3/install/zed_interfaces/local/lib/python3.10/dist-packages/zed_interfaces/msg/_skeleton2_d.py
[11.257s] -- Up-to-date: /home/yanwen/fyp_ws_v3/install/zed_interfaces/local/lib/python3.10/dist-packages/zed_interfaces/msg/_plane_stamped.py
[11.257s] -- Up-to-date: /home/yanwen/fyp_ws_v3/install/zed_interfaces/local/lib/python3.10/dist-packages/zed_interfaces/msg/_skeleton2_d_s.c
[11.257s] -- Up-to-date: /home/yanwen/fyp_ws_v3/install/zed_interfaces/local/lib/python3.10/dist-packages/zed_interfaces/msg/_bounding_box3_d_s.c
[11.257s] -- Up-to-date: /home/yanwen/fyp_ws_v3/install/zed_interfaces/local/lib/python3.10/dist-packages/zed_interfaces/msg/__init__.py
[11.257s] -- Up-to-date: /home/yanwen/fyp_ws_v3/install/zed_interfaces/local/lib/python3.10/dist-packages/zed_interfaces/msg/_keypoint2_di.py
[11.257s] -- Up-to-date: /home/yanwen/fyp_ws_v3/install/zed_interfaces/local/lib/python3.10/dist-packages/zed_interfaces/msg/_heartbeat_s.c
[11.257s] -- Up-to-date: /home/yanwen/fyp_ws_v3/install/zed_interfaces/local/lib/python3.10/dist-packages/zed_interfaces/msg/_plane_stamped_s.c
[11.257s] -- Up-to-date: /home/yanwen/fyp_ws_v3/install/zed_interfaces/local/lib/python3.10/dist-packages/zed_interfaces/msg/_bounding_box3_d.py
[11.257s] -- Up-to-date: /home/yanwen/fyp_ws_v3/install/zed_interfaces/local/lib/python3.10/dist-packages/zed_interfaces/msg/_depth_info_stamped.py
[11.257s] -- Up-to-date: /home/yanwen/fyp_ws_v3/install/zed_interfaces/local/lib/python3.10/dist-packages/zed_interfaces/msg/_object.py
[11.257s] -- Up-to-date: /home/yanwen/fyp_ws_v3/install/zed_interfaces/local/lib/python3.10/dist-packages/zed_interfaces/msg/_object_s.c
[11.257s] -- Up-to-date: /home/yanwen/fyp_ws_v3/install/zed_interfaces/local/lib/python3.10/dist-packages/zed_interfaces/msg/_bounding_box2_di.py
[11.257s] -- Up-to-date: /home/yanwen/fyp_ws_v3/install/zed_interfaces/local/lib/python3.10/dist-packages/zed_interfaces/msg/_keypoint2_di_s.c
[11.257s] -- Up-to-date: /home/yanwen/fyp_ws_v3/install/zed_interfaces/local/lib/python3.10/dist-packages/zed_interfaces/msg/_heartbeat.py
[11.258s] -- Up-to-date: /home/yanwen/fyp_ws_v3/install/zed_interfaces/local/lib/python3.10/dist-packages/zed_interfaces/msg/_keypoint3_d_s.c
[11.258s] -- Up-to-date: /home/yanwen/fyp_ws_v3/install/zed_interfaces/local/lib/python3.10/dist-packages/zed_interfaces/msg/_objects_stamped_s.c
[11.258s] -- Up-to-date: /home/yanwen/fyp_ws_v3/install/zed_interfaces/local/lib/python3.10/dist-packages/zed_interfaces/msg/_bounding_box2_di_s.c
[11.258s] -- Up-to-date: /home/yanwen/fyp_ws_v3/install/zed_interfaces/local/lib/python3.10/dist-packages/zed_interfaces/msg/_bounding_box2_df.py
[11.258s] -- Up-to-date: /home/yanwen/fyp_ws_v3/install/zed_interfaces/local/lib/python3.10/dist-packages/zed_interfaces/msg/_skeleton3_d_s.c
[11.258s] -- Up-to-date: /home/yanwen/fyp_ws_v3/install/zed_interfaces/local/lib/python3.10/dist-packages/zed_interfaces/msg/_skeleton3_d.py
[11.258s] -- Up-to-date: /home/yanwen/fyp_ws_v3/install/zed_interfaces/local/lib/python3.10/dist-packages/zed_interfaces/msg/_keypoint2_df_s.c
[11.258s] -- Up-to-date: /home/yanwen/fyp_ws_v3/install/zed_interfaces/local/lib/python3.10/dist-packages/zed_interfaces/msg/_keypoint2_df.py
[11.258s] -- Up-to-date: /home/yanwen/fyp_ws_v3/install/zed_interfaces/local/lib/python3.10/dist-packages/zed_interfaces/msg/_depth_info_stamped_s.c
[11.258s] -- Up-to-date: /home/yanwen/fyp_ws_v3/install/zed_interfaces/local/lib/python3.10/dist-packages/zed_interfaces/msg/_pos_track_status_s.c
[11.258s] -- Up-to-date: /home/yanwen/fyp_ws_v3/install/zed_interfaces/local/lib/python3.10/dist-packages/zed_interfaces/msg/_objects_stamped.py
[11.258s] -- Up-to-date: /home/yanwen/fyp_ws_v3/install/zed_interfaces/local/lib/python3.10/dist-packages/zed_interfaces/msg/_keypoint3_d.py
[11.258s] -- Up-to-date: /home/yanwen/fyp_ws_v3/install/zed_interfaces/local/lib/python3.10/dist-packages/zed_interfaces/msg/_bounding_box2_df_s.c
[11.453s] Listing '/home/yanwen/fyp_ws_v3/install/zed_interfaces/local/lib/python3.10/dist-packages/zed_interfaces'...
[11.453s] Listing '/home/yanwen/fyp_ws_v3/install/zed_interfaces/local/lib/python3.10/dist-packages/zed_interfaces/msg'...
[11.453s] Listing '/home/yanwen/fyp_ws_v3/install/zed_interfaces/local/lib/python3.10/dist-packages/zed_interfaces/srv'...
[11.495s] -- Up-to-date: /home/yanwen/fyp_ws_v3/install/zed_interfaces/local/lib/python3.10/dist-packages/zed_interfaces/zed_interfaces_s__rosidl_typesupport_fastrtps_c.cpython-310-x86_64-linux-gnu.so
[11.502s] -- Up-to-date: /home/yanwen/fyp_ws_v3/install/zed_interfaces/local/lib/python3.10/dist-packages/zed_interfaces/zed_interfaces_s__rosidl_typesupport_introspection_c.cpython-310-x86_64-linux-gnu.so
[11.508s] -- Up-to-date: /home/yanwen/fyp_ws_v3/install/zed_interfaces/local/lib/python3.10/dist-packages/zed_interfaces/zed_interfaces_s__rosidl_typesupport_c.cpython-310-x86_64-linux-gnu.so
[11.514s] -- Up-to-date: /home/yanwen/fyp_ws_v3/install/zed_interfaces/lib/libzed_interfaces__rosidl_generator_py.so
[11.528s] -- Up-to-date: /home/yanwen/fyp_ws_v3/install/zed_interfaces/share/zed_interfaces/msg/Object.idl
[11.528s] -- Up-to-date: /home/yanwen/fyp_ws_v3/install/zed_interfaces/share/zed_interfaces/msg/ObjectsStamped.idl
[11.528s] -- Up-to-date: /home/yanwen/fyp_ws_v3/install/zed_interfaces/share/zed_interfaces/msg/Keypoint2Di.idl
[11.528s] -- Up-to-date: /home/yanwen/fyp_ws_v3/install/zed_interfaces/share/zed_interfaces/msg/Keypoint2Df.idl
[11.528s] -- Up-to-date: /home/yanwen/fyp_ws_v3/install/zed_interfaces/share/zed_interfaces/msg/Keypoint3D.idl
[11.528s] -- Up-to-date: /home/yanwen/fyp_ws_v3/install/zed_interfaces/share/zed_interfaces/msg/BoundingBox2Di.idl
[11.528s] -- Up-to-date: /home/yanwen/fyp_ws_v3/install/zed_interfaces/share/zed_interfaces/msg/BoundingBox2Df.idl
[11.528s] -- Up-to-date: /home/yanwen/fyp_ws_v3/install/zed_interfaces/share/zed_interfaces/msg/BoundingBox3D.idl
[11.528s] -- Up-to-date: /home/yanwen/fyp_ws_v3/install/zed_interfaces/share/zed_interfaces/msg/Skeleton2D.idl
[11.528s] -- Up-to-date: /home/yanwen/fyp_ws_v3/install/zed_interfaces/share/zed_interfaces/msg/Skeleton3D.idl
[11.528s] -- Up-to-date: /home/yanwen/fyp_ws_v3/install/zed_interfaces/share/zed_interfaces/msg/DepthInfoStamped.idl
[11.529s] -- Up-to-date: /home/yanwen/fyp_ws_v3/install/zed_interfaces/share/zed_interfaces/msg/PlaneStamped.idl
[11.529s] -- Up-to-date: /home/yanwen/fyp_ws_v3/install/zed_interfaces/share/zed_interfaces/msg/PosTrackStatus.idl
[11.529s] -- Up-to-date: /home/yanwen/fyp_ws_v3/install/zed_interfaces/share/zed_interfaces/msg/Heartbeat.idl
[11.539s] -- Up-to-date: /home/yanwen/fyp_ws_v3/install/zed_interfaces/share/zed_interfaces/srv/SetPose.idl
[11.539s] -- Up-to-date: /home/yanwen/fyp_ws_v3/install/zed_interfaces/share/zed_interfaces/srv/StartSvoRec.idl
[11.539s] -- Up-to-date: /home/yanwen/fyp_ws_v3/install/zed_interfaces/share/zed_interfaces/srv/SetROI.idl
[11.539s] -- Up-to-date: /home/yanwen/fyp_ws_v3/install/zed_interfaces/share/zed_interfaces/msg/Object.msg
[11.539s] -- Up-to-date: /home/yanwen/fyp_ws_v3/install/zed_interfaces/share/zed_interfaces/msg/ObjectsStamped.msg
[11.539s] -- Up-to-date: /home/yanwen/fyp_ws_v3/install/zed_interfaces/share/zed_interfaces/msg/Keypoint2Di.msg
[11.539s] -- Up-to-date: /home/yanwen/fyp_ws_v3/install/zed_interfaces/share/zed_interfaces/msg/Keypoint2Df.msg
[11.539s] -- Up-to-date: /home/yanwen/fyp_ws_v3/install/zed_interfaces/share/zed_interfaces/msg/Keypoint3D.msg
[11.539s] -- Up-to-date: /home/yanwen/fyp_ws_v3/install/zed_interfaces/share/zed_interfaces/msg/BoundingBox2Di.msg
[11.539s] -- Up-to-date: /home/yanwen/fyp_ws_v3/install/zed_interfaces/share/zed_interfaces/msg/BoundingBox2Df.msg
[11.540s] -- Up-to-date: /home/yanwen/fyp_ws_v3/install/zed_interfaces/share/zed_interfaces/msg/BoundingBox3D.msg
[11.540s] -- Up-to-date: /home/yanwen/fyp_ws_v3/install/zed_interfaces/share/zed_interfaces/msg/Skeleton2D.msg
[11.540s] -- Up-to-date: /home/yanwen/fyp_ws_v3/install/zed_interfaces/share/zed_interfaces/msg/Skeleton3D.msg
[11.540s] -- Up-to-date: /home/yanwen/fyp_ws_v3/install/zed_interfaces/share/zed_interfaces/msg/DepthInfoStamped.msg
[11.540s] -- Up-to-date: /home/yanwen/fyp_ws_v3/install/zed_interfaces/share/zed_interfaces/msg/PlaneStamped.msg
[11.540s] -- Up-to-date: /home/yanwen/fyp_ws_v3/install/zed_interfaces/share/zed_interfaces/msg/PosTrackStatus.msg
[11.540s] -- Up-to-date: /home/yanwen/fyp_ws_v3/install/zed_interfaces/share/zed_interfaces/msg/Heartbeat.msg
[11.540s] -- Up-to-date: /home/yanwen/fyp_ws_v3/install/zed_interfaces/share/zed_interfaces/srv/SetPose.srv
[11.540s] -- Up-to-date: /home/yanwen/fyp_ws_v3/install/zed_interfaces/share/zed_interfaces/srv/SetPose_Request.msg
[11.540s] -- Up-to-date: /home/yanwen/fyp_ws_v3/install/zed_interfaces/share/zed_interfaces/srv/SetPose_Response.msg
[11.540s] -- Up-to-date: /home/yanwen/fyp_ws_v3/install/zed_interfaces/share/zed_interfaces/srv/StartSvoRec.srv
[11.540s] -- Up-to-date: /home/yanwen/fyp_ws_v3/install/zed_interfaces/share/zed_interfaces/srv/StartSvoRec_Request.msg
[11.540s] -- Up-to-date: /home/yanwen/fyp_ws_v3/install/zed_interfaces/share/zed_interfaces/srv/StartSvoRec_Response.msg
[11.540s] -- Up-to-date: /home/yanwen/fyp_ws_v3/install/zed_interfaces/share/zed_interfaces/srv/SetROI.srv
[11.540s] -- Up-to-date: /home/yanwen/fyp_ws_v3/install/zed_interfaces/share/zed_interfaces/srv/SetROI_Request.msg
[11.540s] -- Up-to-date: /home/yanwen/fyp_ws_v3/install/zed_interfaces/share/zed_interfaces/srv/SetROI_Response.msg
[11.540s] -- Up-to-date: /home/yanwen/fyp_ws_v3/install/zed_interfaces/share/zed_interfaces/meshes
[11.550s] -- Up-to-date: /home/yanwen/fyp_ws_v3/install/zed_interfaces/share/zed_interfaces/meshes/zedxm.stl
[11.550s] -- Up-to-date: /home/yanwen/fyp_ws_v3/install/zed_interfaces/share/zed_interfaces/meshes/zed.stl
[11.550s] -- Up-to-date: /home/yanwen/fyp_ws_v3/install/zed_interfaces/share/zed_interfaces/meshes/zedm.stl
[11.550s] -- Up-to-date: /home/yanwen/fyp_ws_v3/install/zed_interfaces/share/zed_interfaces/meshes/zed2i.stl
[11.550s] -- Up-to-date: /home/yanwen/fyp_ws_v3/install/zed_interfaces/share/zed_interfaces/meshes/zed2.stl
[11.550s] -- Up-to-date: /home/yanwen/fyp_ws_v3/install/zed_interfaces/share/zed_interfaces/meshes/zedx.stl
[11.550s] -- Up-to-date: /home/yanwen/fyp_ws_v3/install/zed_interfaces/share/ament_index/resource_index/package_run_dependencies/zed_interfaces
[11.553s] -- Up-to-date: /home/yanwen/fyp_ws_v3/install/zed_interfaces/share/ament_index/resource_index/parent_prefix_path/zed_interfaces
[11.553s] -- Up-to-date: /home/yanwen/fyp_ws_v3/install/zed_interfaces/share/zed_interfaces/environment/ament_prefix_path.sh
[11.553s] -- Up-to-date: /home/yanwen/fyp_ws_v3/install/zed_interfaces/share/zed_interfaces/environment/ament_prefix_path.dsv
[11.554s] -- Up-to-date: /home/yanwen/fyp_ws_v3/install/zed_interfaces/share/zed_interfaces/environment/path.sh
[11.554s] -- Up-to-date: /home/yanwen/fyp_ws_v3/install/zed_interfaces/share/zed_interfaces/environment/path.dsv
[11.554s] -- Up-to-date: /home/yanwen/fyp_ws_v3/install/zed_interfaces/share/zed_interfaces/local_setup.bash
[11.554s] -- Up-to-date: /home/yanwen/fyp_ws_v3/install/zed_interfaces/share/zed_interfaces/local_setup.sh
[11.554s] -- Up-to-date: /home/yanwen/fyp_ws_v3/install/zed_interfaces/share/zed_interfaces/local_setup.zsh
[11.554s] -- Up-to-date: /home/yanwen/fyp_ws_v3/install/zed_interfaces/share/zed_interfaces/local_setup.dsv
[11.554s] -- Installing: /home/yanwen/fyp_ws_v3/install/zed_interfaces/share/zed_interfaces/package.dsv
[11.567s] -- Up-to-date: /home/yanwen/fyp_ws_v3/install/zed_interfaces/share/ament_index/resource_index/packages/zed_interfaces
[11.604s] -- Up-to-date: /home/yanwen/fyp_ws_v3/install/zed_interfaces/share/zed_interfaces/cmake/export_zed_interfaces__rosidl_generator_cExport.cmake
[11.604s] -- Up-to-date: /home/yanwen/fyp_ws_v3/install/zed_interfaces/share/zed_interfaces/cmake/export_zed_interfaces__rosidl_generator_cExport-noconfig.cmake
[11.606s] -- Up-to-date: /home/yanwen/fyp_ws_v3/install/zed_interfaces/share/zed_interfaces/cmake/export_zed_interfaces__rosidl_typesupport_fastrtps_cExport.cmake
[11.607s] -- Up-to-date: /home/yanwen/fyp_ws_v3/install/zed_interfaces/share/zed_interfaces/cmake/export_zed_interfaces__rosidl_typesupport_fastrtps_cExport-noconfig.cmake
[11.642s] -- Up-to-date: /home/yanwen/fyp_ws_v3/install/zed_interfaces/share/zed_interfaces/cmake/export_zed_interfaces__rosidl_generator_cppExport.cmake
[11.673s] -- Up-to-date: /home/yanwen/fyp_ws_v3/install/zed_interfaces/share/zed_interfaces/cmake/export_zed_interfaces__rosidl_typesupport_fastrtps_cppExport.cmake
[11.673s] -- Up-to-date: /home/yanwen/fyp_ws_v3/install/zed_interfaces/share/zed_interfaces/cmake/export_zed_interfaces__rosidl_typesupport_fastrtps_cppExport-noconfig.cmake
[11.808s] -- Up-to-date: /home/yanwen/fyp_ws_v3/install/zed_interfaces/share/zed_interfaces/cmake/zed_interfaces__rosidl_typesupport_introspection_cExport.cmake
[11.809s] -- Up-to-date: /home/yanwen/fyp_ws_v3/install/zed_interfaces/share/zed_interfaces/cmake/zed_interfaces__rosidl_typesupport_introspection_cExport-noconfig.cmake
[11.882s] -- Up-to-date: /home/yanwen/fyp_ws_v3/install/zed_interfaces/share/zed_interfaces/cmake/zed_interfaces__rosidl_typesupport_cExport.cmake
[11.882s] -- Up-to-date: /home/yanwen/fyp_ws_v3/install/zed_interfaces/share/zed_interfaces/cmake/zed_interfaces__rosidl_typesupport_cExport-noconfig.cmake
[11.905s] -- Up-to-date: /home/yanwen/fyp_ws_v3/install/zed_interfaces/share/zed_interfaces/cmake/zed_interfaces__rosidl_typesupport_introspection_cppExport.cmake
[11.906s] -- Up-to-date: /home/yanwen/fyp_ws_v3/install/zed_interfaces/share/zed_interfaces/cmake/zed_interfaces__rosidl_typesupport_introspection_cppExport-noconfig.cmake
[11.909s] -- Up-to-date: /home/yanwen/fyp_ws_v3/install/zed_interfaces/share/zed_interfaces/cmake/zed_interfaces__rosidl_typesupport_cppExport.cmake
[11.909s] -- Up-to-date: /home/yanwen/fyp_ws_v3/install/zed_interfaces/share/zed_interfaces/cmake/zed_interfaces__rosidl_typesupport_cppExport-noconfig.cmake
[11.926s] -- Up-to-date: /home/yanwen/fyp_ws_v3/install/zed_interfaces/share/zed_interfaces/cmake/export_zed_interfaces__rosidl_generator_pyExport.cmake
[11.926s] -- Up-to-date: /home/yanwen/fyp_ws_v3/install/zed_interfaces/share/zed_interfaces/cmake/export_zed_interfaces__rosidl_generator_pyExport-noconfig.cmake
[11.926s] -- Up-to-date: /home/yanwen/fyp_ws_v3/install/zed_interfaces/share/zed_interfaces/cmake/rosidl_cmake-extras.cmake
[11.926s] -- Up-to-date: /home/yanwen/fyp_ws_v3/install/zed_interfaces/share/zed_interfaces/cmake/ament_cmake_export_dependencies-extras.cmake
[11.926s] -- Up-to-date: /home/yanwen/fyp_ws_v3/install/zed_interfaces/share/zed_interfaces/cmake/ament_cmake_export_include_directories-extras.cmake
[11.926s] -- Up-to-date: /home/yanwen/fyp_ws_v3/install/zed_interfaces/share/zed_interfaces/cmake/ament_cmake_export_libraries-extras.cmake
[11.926s] -- Up-to-date: /home/yanwen/fyp_ws_v3/install/zed_interfaces/share/zed_interfaces/cmake/ament_cmake_export_targets-extras.cmake
[11.926s] -- Up-to-date: /home/yanwen/fyp_ws_v3/install/zed_interfaces/share/zed_interfaces/cmake/rosidl_cmake_export_typesupport_targets-extras.cmake
[11.926s] -- Up-to-date: /home/yanwen/fyp_ws_v3/install/zed_interfaces/share/zed_interfaces/cmake/rosidl_cmake_export_typesupport_libraries-extras.cmake
[11.926s] -- Up-to-date: /home/yanwen/fyp_ws_v3/install/zed_interfaces/share/zed_interfaces/cmake/zed_interfacesConfig.cmake
[11.926s] -- Up-to-date: /home/yanwen/fyp_ws_v3/install/zed_interfaces/share/zed_interfaces/cmake/zed_interfacesConfig-version.cmake
[11.926s] -- Up-to-date: /home/yanwen/fyp_ws_v3/install/zed_interfaces/share/zed_interfaces/package.xml
[12.237s] Invoked command in '/home/yanwen/fyp_ws_v3/build/zed_interfaces' returned '0': CMAKE_PREFIX_PATH=${CMAKE_PREFIX_PATH}:/home/yanwen/fyp_ws_v3/install/robotiq_3f_gripper_ros2_control:/home/yanwen/fyp_ws_v3/install/cv_ros2_test:/opt/ros/humble /usr/bin/cmake --install /home/yanwen/fyp_ws_v3/build/zed_interfaces
