-- The C compiler identification is GNU 11.4.0
-- The CXX compiler identification is GNU 11.4.0
-- Detecting C compiler ABI info
-- Detecting C compiler ABI info - done
-- Check for working C compiler: /usr/bin/cc - skipped
-- Detecting C compile features
-- Detecting C compile features - done
-- Detecting CXX compiler ABI info
-- Detecting CXX compiler ABI info - done
-- Check for working CXX compiler: /usr/bin/c++ - skipped
-- Detecting CXX compile features
-- Detecting CXX compile features - done
-- Found ament_cmake: 1.3.5 (/opt/ros/humble/share/ament_cmake/cmake)
-- Found Python3: /usr/bin/python3.10 (found version "3.10.12") found components: Interpreter 
-- Found moveit_ros_planning_interface: 2.5.4 (/opt/ros/humble/share/moveit_ros_planning_interface/cmake)
-- Found Boost: /usr/lib/x86_64-linux-gnu/cmake/Boost-1.74.0/BoostConfig.cmake (found version "1.74.0") found components: date_time filesystem program_options system thread 
-- Found rosidl_generator_c: 3.1.5 (/opt/ros/humble/share/rosidl_generator_c/cmake)
-- Found rosidl_adapter: 3.1.5 (/opt/ros/humble/share/rosidl_adapter/cmake)
-- Found rosidl_generator_cpp: 3.1.5 (/opt/ros/humble/share/rosidl_generator_cpp/cmake)
-- Using all available rosidl_typesupport_c: rosidl_typesupport_fastrtps_c;rosidl_typesupport_introspection_c
-- Using all available rosidl_typesupport_cpp: rosidl_typesupport_fastrtps_cpp;rosidl_typesupport_introspection_cpp
-- Found Boost: /usr/lib/x86_64-linux-gnu/cmake/Boost-1.74.0/BoostConfig.cmake (found version "1.74.0") found components: chrono date_time filesystem iostreams program_options regex serialization system thread 
-- Found Boost: /usr/lib/x86_64-linux-gnu/cmake/Boost-1.74.0/BoostConfig.cmake (found version "1.74.0") found components: filesystem 
-- Found rmw_implementation_cmake: 6.1.1 (/opt/ros/humble/share/rmw_implementation_cmake/cmake)
-- Found rmw_fastrtps_cpp: 6.2.3 (/opt/ros/humble/share/rmw_fastrtps_cpp/cmake)
-- Found OpenSSL: /usr/lib/x86_64-linux-gnu/libcrypto.so (found version "3.0.2")  
-- Found FastRTPS: /opt/ros/humble/include  
-- Using RMW implementation 'rmw_fastrtps_cpp' as default
-- Found Threads: TRUE  
-- library: /usr/lib/x86_64-linux-gnu/libcurl.so
-- Found Eigen3: TRUE (found version "3.4.0") 
-- Ensuring Eigen3 include directory is part of orocos-kdl CMake target
-- Found Boost: /usr/lib/x86_64-linux-gnu/cmake/Boost-1.74.0/BoostConfig.cmake (found version "1.74.0") found components: system filesystem date_time program_options thread chrono 
-- Found Boost: /usr/lib/x86_64-linux-gnu/cmake/Boost-1.74.0/BoostConfig.cmake (found version "1.74.0") found components: thread system filesystem regex date_time program_options 
-- Found Boost: /usr/lib/x86_64-linux-gnu/cmake/Boost-1.74.0/BoostConfig.cmake (found version "1.74.0") found components: system filesystem date_time program_options thread 
-- Found robotiq_3f_gripper_ros2_interfaces: 0.0.0 (/home/yanwen/fyp_ws_v3/install/robotiq_3f_gripper_ros2_interfaces/share/robotiq_3f_gripper_ros2_interfaces/cmake)
-- Found ament_lint_auto: 0.12.7 (/opt/ros/humble/share/ament_lint_auto/cmake)
-- Added test 'cppcheck' to perform static code analysis on C / C++ code
-- Configured cppcheck include dirs: $<BUILD_INTERFACE:/home/yanwen/fyp_ws_v3/src/moveit_script/include>
-- Configured cppcheck exclude dirs and/or files: 
-- Added test 'flake8' to check Python code syntax and style conventions
-- Added test 'lint_cmake' to check CMake code style
-- Added test 'pep257' to check Python code against some of the docstring style conventions in PEP 257
-- Added test 'uncrustify' to check C / C++ code style
-- Configured uncrustify additional arguments: 
-- Added test 'xmllint' to check XML markup files
-- Configuring done
-- Generating done
-- Build files have been written to: /home/yanwen/fyp_ws_v3/build/moveit_script
[ 50%] [32mBuilding CXX object CMakeFiles/moveit_script.dir/src/moveit_script.cpp.o[0m
[01m[K/home/yanwen/fyp_ws_v3/src/moveit_script/src/moveit_script.cpp:[m[K In member function ‘[01m[Kvoid MinimalSubscriber::topic_callback(const PoseStamped&) const[m[K’:
[01m[K/home/yanwen/fyp_ws_v3/src/moveit_script/src/moveit_script.cpp:37:70:[m[K [01;35m[Kwarning: [m[KNULL used in arithmetic [[01;35m[K]8;;https://gcc.gnu.org/onlinedocs/gcc/Warning-Options.html#index-Wpointer-arith-Wpointer-arith]8;;[m[K]
   37 |   if (obj_pose.pose.position.z < 0.5 and obj_pose.pose.position.z != [01;35m[KNULL[m[K)
      |                                                                      [01;35m[K^~~~[m[K
[01m[K/home/yanwen/fyp_ws_v3/src/moveit_script/src/moveit_script.cpp:126:12:[m[K [01;35m[Kwarning: [m[Kunused variable ‘[01m[KmoveJ_time[m[K’ [[01;35m[K]8;;https://gcc.gnu.org/onlinedocs/gcc/Warning-Options.html#index-Wunused-variable-Wunused-variable]8;;[m[K]
  126 |       auto [01;35m[KmoveJ_time[m[K = plan_traj.getDuration(); //Get Trajectory Time
      |            [01;35m[K^~~~~~~~~~[m[K
[100%] [32m[1mLinking CXX executable moveit_script[0m
[100%] Built target moveit_script
-- Install configuration: ""
-- Installing: /home/yanwen/fyp_ws_v3/install/moveit_script/lib/moveit_script/moveit_script
-- Set runtime path of "/home/yanwen/fyp_ws_v3/install/moveit_script/lib/moveit_script/moveit_script" to ""
-- Installing: /home/yanwen/fyp_ws_v3/install/moveit_script/share/moveit_script/launch
-- Installing: /home/yanwen/fyp_ws_v3/install/moveit_script/share/moveit_script/launch/setup_init.launch.py
-- Installing: /home/yanwen/fyp_ws_v3/install/moveit_script/share/moveit_script/launch/moveit.launch.py
-- Installing: /home/yanwen/fyp_ws_v3/install/moveit_script/share/moveit_script/launch/obj_detection.launch.py
-- Installing: /home/yanwen/fyp_ws_v3/install/moveit_script/share/ament_index/resource_index/package_run_dependencies/moveit_script
-- Installing: /home/yanwen/fyp_ws_v3/install/moveit_script/share/ament_index/resource_index/parent_prefix_path/moveit_script
-- Installing: /home/yanwen/fyp_ws_v3/install/moveit_script/share/moveit_script/environment/ament_prefix_path.sh
-- Installing: /home/yanwen/fyp_ws_v3/install/moveit_script/share/moveit_script/environment/ament_prefix_path.dsv
-- Installing: /home/yanwen/fyp_ws_v3/install/moveit_script/share/moveit_script/environment/path.sh
-- Installing: /home/yanwen/fyp_ws_v3/install/moveit_script/share/moveit_script/environment/path.dsv
-- Installing: /home/yanwen/fyp_ws_v3/install/moveit_script/share/moveit_script/local_setup.bash
-- Installing: /home/yanwen/fyp_ws_v3/install/moveit_script/share/moveit_script/local_setup.sh
-- Installing: /home/yanwen/fyp_ws_v3/install/moveit_script/share/moveit_script/local_setup.zsh
-- Installing: /home/yanwen/fyp_ws_v3/install/moveit_script/share/moveit_script/local_setup.dsv
-- Installing: /home/yanwen/fyp_ws_v3/install/moveit_script/share/moveit_script/package.dsv
-- Installing: /home/yanwen/fyp_ws_v3/install/moveit_script/share/ament_index/resource_index/packages/moveit_script
-- Installing: /home/yanwen/fyp_ws_v3/install/moveit_script/share/moveit_script/cmake/moveit_scriptConfig.cmake
-- Installing: /home/yanwen/fyp_ws_v3/install/moveit_script/share/moveit_script/cmake/moveit_scriptConfig-version.cmake
-- Installing: /home/yanwen/fyp_ws_v3/install/moveit_script/share/moveit_script/package.xml
