[0.017s] Invoking command in '/home/yanwen/fyp_ws_v3/build/moveit_script': AMENT_PREFIX_PATH=/home/yanwen/fyp_ws_v3/install/robotiq_3f_gripper_ros2_interfaces:/home/yanwen/fyp_ws_v3/install/cv_ros2_test:${AMENT_PREFIX_PATH} CMAKE_PREFIX_PATH=/home/yanwen/fyp_ws_v3/install/robotiq_3f_gripper_ros2_interfaces:/opt/ros/humble LD_LIBRARY_PATH=/home/yanwen/fyp_ws_v3/install/robotiq_3f_gripper_ros2_interfaces/lib:${LD_LIBRARY_PATH} PYTHONPATH=/home/yanwen/fyp_ws_v3/install/robotiq_3f_gripper_ros2_interfaces/local/lib/python3.10/dist-packages:/home/yanwen/fyp_ws_v3/install/cv_ros2_test/lib/python3.10/site-packages:${PYTHONPATH} /usr/bin/cmake /home/yanwen/fyp_ws_v3/src/moveit_script -DCMAKE_INSTALL_PREFIX=/home/yanwen/fyp_ws_v3/install/moveit_script
[0.081s] -- The C compiler identification is GNU 11.4.0
[0.122s] -- The CXX compiler identification is GNU 11.4.0
[0.127s] -- Detecting C compiler ABI info
[0.176s] -- Detecting C compiler ABI info - done
[0.181s] -- Check for working C compiler: /usr/bin/cc - skipped
[0.181s] -- Detecting C compile features
[0.182s] -- Detecting C compile features - done
[0.184s] -- Detecting CXX compiler ABI info
[0.241s] -- Detecting CXX compiler ABI info - done
[0.246s] -- Check for working CXX compiler: /usr/bin/c++ - skipped
[0.246s] -- Detecting CXX compile features
[0.246s] -- Detecting CXX compile features - done
[0.248s] -- Found ament_cmake: 1.3.5 (/opt/ros/humble/share/ament_cmake/cmake)
[0.372s] -- Found Python3: /usr/bin/python3.10 (found version "3.10.12") found components: Interpreter 
[0.461s] -- Found moveit_ros_planning_interface: 2.5.4 (/opt/ros/humble/share/moveit_ros_planning_interface/cmake)
[0.772s] -- Found Boost: /usr/lib/x86_64-linux-gnu/cmake/Boost-1.74.0/BoostConfig.cmake (found version "1.74.0") found components: date_time filesystem program_options system thread 
[0.823s] -- Found rosidl_generator_c: 3.1.5 (/opt/ros/humble/share/rosidl_generator_c/cmake)
[0.830s] -- Found rosidl_adapter: 3.1.5 (/opt/ros/humble/share/rosidl_adapter/cmake)
[0.838s] -- Found rosidl_generator_cpp: 3.1.5 (/opt/ros/humble/share/rosidl_generator_cpp/cmake)
[0.848s] -- Using all available rosidl_typesupport_c: rosidl_typesupport_fastrtps_c;rosidl_typesupport_introspection_c
[0.862s] -- Using all available rosidl_typesupport_cpp: rosidl_typesupport_fastrtps_cpp;rosidl_typesupport_introspection_cpp
[2.483s] -- Found Boost: /usr/lib/x86_64-linux-gnu/cmake/Boost-1.74.0/BoostConfig.cmake (found version "1.74.0") found components: chrono date_time filesystem iostreams program_options regex serialization system thread 
[2.559s] -- Found Boost: /usr/lib/x86_64-linux-gnu/cmake/Boost-1.74.0/BoostConfig.cmake (found version "1.74.0") found components: filesystem 
[2.822s] -- Found rmw_implementation_cmake: 6.1.1 (/opt/ros/humble/share/rmw_implementation_cmake/cmake)
[2.824s] -- Found rmw_fastrtps_cpp: 6.2.3 (/opt/ros/humble/share/rmw_fastrtps_cpp/cmake)
[2.903s] -- Found OpenSSL: /usr/lib/x86_64-linux-gnu/libcrypto.so (found version "3.0.2")  
[2.925s] -- Found FastRTPS: /opt/ros/humble/include  
[2.981s] -- Using RMW implementation 'rmw_fastrtps_cpp' as default
[2.994s] -- Found Threads: TRUE  
[3.272s] -- library: /usr/lib/x86_64-linux-gnu/libcurl.so
[3.514s] -- Found Eigen3: TRUE (found version "3.4.0") 
[3.514s] -- Ensuring Eigen3 include directory is part of orocos-kdl CMake target
[4.580s] -- Found Boost: /usr/lib/x86_64-linux-gnu/cmake/Boost-1.74.0/BoostConfig.cmake (found version "1.74.0") found components: system filesystem date_time program_options thread chrono 
[5.098s] -- Found Boost: /usr/lib/x86_64-linux-gnu/cmake/Boost-1.74.0/BoostConfig.cmake (found version "1.74.0") found components: thread system filesystem regex date_time program_options 
[5.343s] -- Found Boost: /usr/lib/x86_64-linux-gnu/cmake/Boost-1.74.0/BoostConfig.cmake (found version "1.74.0") found components: system filesystem date_time program_options thread 
[5.726s] -- Found robotiq_3f_gripper_ros2_interfaces: 0.0.0 (/home/yanwen/fyp_ws_v3/install/robotiq_3f_gripper_ros2_interfaces/share/robotiq_3f_gripper_ros2_interfaces/cmake)
[5.759s] -- Found ament_lint_auto: 0.12.7 (/opt/ros/humble/share/ament_lint_auto/cmake)
[5.821s] -- Added test 'cppcheck' to perform static code analysis on C / C++ code
[5.821s] -- Configured cppcheck include dirs: $<BUILD_INTERFACE:/home/yanwen/fyp_ws_v3/src/moveit_script/include>
[5.821s] -- Configured cppcheck exclude dirs and/or files: 
[5.822s] -- Added test 'flake8' to check Python code syntax and style conventions
[5.822s] -- Added test 'lint_cmake' to check CMake code style
[5.823s] -- Added test 'pep257' to check Python code against some of the docstring style conventions in PEP 257
[5.823s] -- Added test 'uncrustify' to check C / C++ code style
[5.823s] -- Configured uncrustify additional arguments: 
[5.824s] -- Added test 'xmllint' to check XML markup files
[5.825s] -- Configuring done
[5.901s] -- Generating done
[5.904s] -- Build files have been written to: /home/yanwen/fyp_ws_v3/build/moveit_script
[5.915s] Invoked command in '/home/yanwen/fyp_ws_v3/build/moveit_script' returned '0': AMENT_PREFIX_PATH=/home/yanwen/fyp_ws_v3/install/robotiq_3f_gripper_ros2_interfaces:/home/yanwen/fyp_ws_v3/install/cv_ros2_test:${AMENT_PREFIX_PATH} CMAKE_PREFIX_PATH=/home/yanwen/fyp_ws_v3/install/robotiq_3f_gripper_ros2_interfaces:/opt/ros/humble LD_LIBRARY_PATH=/home/yanwen/fyp_ws_v3/install/robotiq_3f_gripper_ros2_interfaces/lib:${LD_LIBRARY_PATH} PYTHONPATH=/home/yanwen/fyp_ws_v3/install/robotiq_3f_gripper_ros2_interfaces/local/lib/python3.10/dist-packages:/home/yanwen/fyp_ws_v3/install/cv_ros2_test/lib/python3.10/site-packages:${PYTHONPATH} /usr/bin/cmake /home/yanwen/fyp_ws_v3/src/moveit_script -DCMAKE_INSTALL_PREFIX=/home/yanwen/fyp_ws_v3/install/moveit_script
[5.915s] Invoking command in '/home/yanwen/fyp_ws_v3/build/moveit_script': AMENT_PREFIX_PATH=/home/yanwen/fyp_ws_v3/install/robotiq_3f_gripper_ros2_interfaces:/home/yanwen/fyp_ws_v3/install/cv_ros2_test:${AMENT_PREFIX_PATH} CMAKE_PREFIX_PATH=/home/yanwen/fyp_ws_v3/install/robotiq_3f_gripper_ros2_interfaces:/opt/ros/humble LD_LIBRARY_PATH=/home/yanwen/fyp_ws_v3/install/robotiq_3f_gripper_ros2_interfaces/lib:${LD_LIBRARY_PATH} PYTHONPATH=/home/yanwen/fyp_ws_v3/install/robotiq_3f_gripper_ros2_interfaces/local/lib/python3.10/dist-packages:/home/yanwen/fyp_ws_v3/install/cv_ros2_test/lib/python3.10/site-packages:${PYTHONPATH} /usr/bin/cmake --build /home/yanwen/fyp_ws_v3/build/moveit_script -- -j8 -l8
[5.965s] [ 50%] [32mBuilding CXX object CMakeFiles/moveit_script.dir/src/moveit_script.cpp.o[0m
[9.246s] [01m[K/home/yanwen/fyp_ws_v3/src/moveit_script/src/moveit_script.cpp:[m[K In member function ‘[01m[Kvoid MinimalSubscriber::topic_callback(const PoseStamped&) const[m[K’:
[9.246s] [01m[K/home/yanwen/fyp_ws_v3/src/moveit_script/src/moveit_script.cpp:37:70:[m[K [01;35m[Kwarning: [m[KNULL used in arithmetic [[01;35m[K]8;;https://gcc.gnu.org/onlinedocs/gcc/Warning-Options.html#index-Wpointer-arith-Wpointer-arith]8;;[m[K]
[9.246s]    37 |   if (obj_pose.pose.position.z < 0.5 and obj_pose.pose.position.z != [01;35m[KNULL[m[K)
[9.246s]       |                                                                      [01;35m[K^~~~[m[K
[9.301s] [01m[K/home/yanwen/fyp_ws_v3/src/moveit_script/src/moveit_script.cpp:126:12:[m[K [01;35m[Kwarning: [m[Kunused variable ‘[01m[KmoveJ_time[m[K’ [[01;35m[K]8;;https://gcc.gnu.org/onlinedocs/gcc/Warning-Options.html#index-Wunused-variable-Wunused-variable]8;;[m[K]
[9.301s]   126 |       auto [01;35m[KmoveJ_time[m[K = plan_traj.getDuration(); //Get Trajectory Time
[9.301s]       |            [01;35m[K^~~~~~~~~~[m[K
[16.185s] [100%] [32m[1mLinking CXX executable moveit_script[0m
[16.776s] [100%] Built target moveit_script
[16.785s] Invoked command in '/home/yanwen/fyp_ws_v3/build/moveit_script' returned '0': AMENT_PREFIX_PATH=/home/yanwen/fyp_ws_v3/install/robotiq_3f_gripper_ros2_interfaces:/home/yanwen/fyp_ws_v3/install/cv_ros2_test:${AMENT_PREFIX_PATH} CMAKE_PREFIX_PATH=/home/yanwen/fyp_ws_v3/install/robotiq_3f_gripper_ros2_interfaces:/opt/ros/humble LD_LIBRARY_PATH=/home/yanwen/fyp_ws_v3/install/robotiq_3f_gripper_ros2_interfaces/lib:${LD_LIBRARY_PATH} PYTHONPATH=/home/yanwen/fyp_ws_v3/install/robotiq_3f_gripper_ros2_interfaces/local/lib/python3.10/dist-packages:/home/yanwen/fyp_ws_v3/install/cv_ros2_test/lib/python3.10/site-packages:${PYTHONPATH} /usr/bin/cmake --build /home/yanwen/fyp_ws_v3/build/moveit_script -- -j8 -l8
[16.802s] Invoking command in '/home/yanwen/fyp_ws_v3/build/moveit_script': AMENT_PREFIX_PATH=/home/yanwen/fyp_ws_v3/install/robotiq_3f_gripper_ros2_interfaces:/home/yanwen/fyp_ws_v3/install/cv_ros2_test:${AMENT_PREFIX_PATH} CMAKE_PREFIX_PATH=/home/yanwen/fyp_ws_v3/install/robotiq_3f_gripper_ros2_interfaces:/opt/ros/humble LD_LIBRARY_PATH=/home/yanwen/fyp_ws_v3/install/robotiq_3f_gripper_ros2_interfaces/lib:${LD_LIBRARY_PATH} PYTHONPATH=/home/yanwen/fyp_ws_v3/install/robotiq_3f_gripper_ros2_interfaces/local/lib/python3.10/dist-packages:/home/yanwen/fyp_ws_v3/install/cv_ros2_test/lib/python3.10/site-packages:${PYTHONPATH} /usr/bin/cmake --install /home/yanwen/fyp_ws_v3/build/moveit_script
[16.807s] -- Install configuration: ""
[16.807s] -- Installing: /home/yanwen/fyp_ws_v3/install/moveit_script/lib/moveit_script/moveit_script
[16.810s] -- Set runtime path of "/home/yanwen/fyp_ws_v3/install/moveit_script/lib/moveit_script/moveit_script" to ""
[16.810s] -- Installing: /home/yanwen/fyp_ws_v3/install/moveit_script/share/moveit_script/launch
[16.810s] -- Installing: /home/yanwen/fyp_ws_v3/install/moveit_script/share/moveit_script/launch/setup_init.launch.py
[16.810s] -- Installing: /home/yanwen/fyp_ws_v3/install/moveit_script/share/moveit_script/launch/moveit.launch.py
[16.810s] -- Installing: /home/yanwen/fyp_ws_v3/install/moveit_script/share/moveit_script/launch/obj_detection.launch.py
[16.810s] -- Installing: /home/yanwen/fyp_ws_v3/install/moveit_script/share/ament_index/resource_index/package_run_dependencies/moveit_script
[16.811s] -- Installing: /home/yanwen/fyp_ws_v3/install/moveit_script/share/ament_index/resource_index/parent_prefix_path/moveit_script
[16.811s] -- Installing: /home/yanwen/fyp_ws_v3/install/moveit_script/share/moveit_script/environment/ament_prefix_path.sh
[16.811s] -- Installing: /home/yanwen/fyp_ws_v3/install/moveit_script/share/moveit_script/environment/ament_prefix_path.dsv
[16.811s] -- Installing: /home/yanwen/fyp_ws_v3/install/moveit_script/share/moveit_script/environment/path.sh
[16.811s] -- Installing: /home/yanwen/fyp_ws_v3/install/moveit_script/share/moveit_script/environment/path.dsv
[16.811s] -- Installing: /home/yanwen/fyp_ws_v3/install/moveit_script/share/moveit_script/local_setup.bash
[16.811s] -- Installing: /home/yanwen/fyp_ws_v3/install/moveit_script/share/moveit_script/local_setup.sh
[16.811s] -- Installing: /home/yanwen/fyp_ws_v3/install/moveit_script/share/moveit_script/local_setup.zsh
[16.811s] -- Installing: /home/yanwen/fyp_ws_v3/install/moveit_script/share/moveit_script/local_setup.dsv
[16.811s] -- Installing: /home/yanwen/fyp_ws_v3/install/moveit_script/share/moveit_script/package.dsv
[16.811s] -- Installing: /home/yanwen/fyp_ws_v3/install/moveit_script/share/ament_index/resource_index/packages/moveit_script
[16.811s] -- Installing: /home/yanwen/fyp_ws_v3/install/moveit_script/share/moveit_script/cmake/moveit_scriptConfig.cmake
[16.811s] -- Installing: /home/yanwen/fyp_ws_v3/install/moveit_script/share/moveit_script/cmake/moveit_scriptConfig-version.cmake
[16.812s] -- Installing: /home/yanwen/fyp_ws_v3/install/moveit_script/share/moveit_script/package.xml
[16.814s] Invoked command in '/home/yanwen/fyp_ws_v3/build/moveit_script' returned '0': AMENT_PREFIX_PATH=/home/yanwen/fyp_ws_v3/install/robotiq_3f_gripper_ros2_interfaces:/home/yanwen/fyp_ws_v3/install/cv_ros2_test:${AMENT_PREFIX_PATH} CMAKE_PREFIX_PATH=/home/yanwen/fyp_ws_v3/install/robotiq_3f_gripper_ros2_interfaces:/opt/ros/humble LD_LIBRARY_PATH=/home/yanwen/fyp_ws_v3/install/robotiq_3f_gripper_ros2_interfaces/lib:${LD_LIBRARY_PATH} PYTHONPATH=/home/yanwen/fyp_ws_v3/install/robotiq_3f_gripper_ros2_interfaces/local/lib/python3.10/dist-packages:/home/yanwen/fyp_ws_v3/install/cv_ros2_test/lib/python3.10/site-packages:${PYTHONPATH} /usr/bin/cmake --install /home/yanwen/fyp_ws_v3/build/moveit_script
