[100%] Built target moveit_script
-- Install configuration: ""
-- Up-to-date: /home/yanwen/fyp_ws_v3/install/moveit_script/lib/moveit_script/moveit_script
-- Up-to-date: /home/yanwen/fyp_ws_v3/install/moveit_script/share/moveit_script/launch
-- Up-to-date: /home/yanwen/fyp_ws_v3/install/moveit_script/share/moveit_script/launch/setup_init.launch.py
-- Up-to-date: /home/yanwen/fyp_ws_v3/install/moveit_script/share/moveit_script/launch/moveit.launch.py
-- Installing: /home/yanwen/fyp_ws_v3/install/moveit_script/share/moveit_script/launch/obj_detection.launch.py
-- Up-to-date: /home/yanwen/fyp_ws_v3/install/moveit_script/share/ament_index/resource_index/package_run_dependencies/moveit_script
-- Up-to-date: /home/yanwen/fyp_ws_v3/install/moveit_script/share/ament_index/resource_index/parent_prefix_path/moveit_script
-- Up-to-date: /home/yanwen/fyp_ws_v3/install/moveit_script/share/moveit_script/environment/ament_prefix_path.sh
-- Up-to-date: /home/yanwen/fyp_ws_v3/install/moveit_script/share/moveit_script/environment/ament_prefix_path.dsv
-- Up-to-date: /home/yanwen/fyp_ws_v3/install/moveit_script/share/moveit_script/environment/path.sh
-- Up-to-date: /home/yanwen/fyp_ws_v3/install/moveit_script/share/moveit_script/environment/path.dsv
-- Up-to-date: /home/yanwen/fyp_ws_v3/install/moveit_script/share/moveit_script/local_setup.bash
-- Up-to-date: /home/yanwen/fyp_ws_v3/install/moveit_script/share/moveit_script/local_setup.sh
-- Up-to-date: /home/yanwen/fyp_ws_v3/install/moveit_script/share/moveit_script/local_setup.zsh
-- Up-to-date: /home/yanwen/fyp_ws_v3/install/moveit_script/share/moveit_script/local_setup.dsv
-- Installing: /home/yanwen/fyp_ws_v3/install/moveit_script/share/moveit_script/package.dsv
-- Up-to-date: /home/yanwen/fyp_ws_v3/install/moveit_script/share/ament_index/resource_index/packages/moveit_script
-- Up-to-date: /home/yanwen/fyp_ws_v3/install/moveit_script/share/moveit_script/cmake/moveit_scriptConfig.cmake
-- Up-to-date: /home/yanwen/fyp_ws_v3/install/moveit_script/share/moveit_script/cmake/moveit_scriptConfig-version.cmake
-- Up-to-date: /home/yanwen/fyp_ws_v3/install/moveit_script/share/moveit_script/package.xml
