[0.279s] Invoking command in '/home/yanwen/fyp_ws_v3/build/zed_ros2': AMENT_PREFIX_PATH=/home/yanwen/fyp_ws_v3/install/zed_wrapper:/home/yanwen/fyp_ws_v3/install/zed_components:/home/yanwen/fyp_ws_v3/install/zed_interfaces:${AMENT_PREFIX_PATH} CMAKE_PREFIX_PATH=/home/yanwen/fyp_ws_v3/install/zed_wrapper:/home/yanwen/fyp_ws_v3/install/zed_components:/home/yanwen/fyp_ws_v3/install/zed_interfaces:/opt/ros/humble LD_LIBRARY_PATH=/home/yanwen/fyp_ws_v3/install/zed_components/lib:/home/yanwen/fyp_ws_v3/install/zed_interfaces/lib:${LD_LIBRARY_PATH} PYTHONPATH=/home/yanwen/fyp_ws_v3/install/zed_interfaces/local/lib/python3.10/dist-packages:${PYTHONPATH} /usr/bin/cmake --build /home/yanwen/fyp_ws_v3/build/zed_ros2 -- -j8 -l8
[0.639s] Invoked command in '/home/yanwen/fyp_ws_v3/build/zed_ros2' returned '0': AMENT_PREFIX_PATH=/home/yanwen/fyp_ws_v3/install/zed_wrapper:/home/yanwen/fyp_ws_v3/install/zed_components:/home/yanwen/fyp_ws_v3/install/zed_interfaces:${AMENT_PREFIX_PATH} CMAKE_PREFIX_PATH=/home/yanwen/fyp_ws_v3/install/zed_wrapper:/home/yanwen/fyp_ws_v3/install/zed_components:/home/yanwen/fyp_ws_v3/install/zed_interfaces:/opt/ros/humble LD_LIBRARY_PATH=/home/yanwen/fyp_ws_v3/install/zed_components/lib:/home/yanwen/fyp_ws_v3/install/zed_interfaces/lib:${LD_LIBRARY_PATH} PYTHONPATH=/home/yanwen/fyp_ws_v3/install/zed_interfaces/local/lib/python3.10/dist-packages:${PYTHONPATH} /usr/bin/cmake --build /home/yanwen/fyp_ws_v3/build/zed_ros2 -- -j8 -l8
[0.653s] Invoking command in '/home/yanwen/fyp_ws_v3/build/zed_ros2': AMENT_PREFIX_PATH=/home/yanwen/fyp_ws_v3/install/zed_wrapper:/home/yanwen/fyp_ws_v3/install/zed_components:/home/yanwen/fyp_ws_v3/install/zed_interfaces:${AMENT_PREFIX_PATH} CMAKE_PREFIX_PATH=/home/yanwen/fyp_ws_v3/install/zed_wrapper:/home/yanwen/fyp_ws_v3/install/zed_components:/home/yanwen/fyp_ws_v3/install/zed_interfaces:/opt/ros/humble LD_LIBRARY_PATH=/home/yanwen/fyp_ws_v3/install/zed_components/lib:/home/yanwen/fyp_ws_v3/install/zed_interfaces/lib:${LD_LIBRARY_PATH} PYTHONPATH=/home/yanwen/fyp_ws_v3/install/zed_interfaces/local/lib/python3.10/dist-packages:${PYTHONPATH} /usr/bin/cmake --install /home/yanwen/fyp_ws_v3/build/zed_ros2
[0.666s] -- Install configuration: ""
[0.690s] -- Up-to-date: /home/yanwen/fyp_ws_v3/install/zed_ros2/share/ament_index/resource_index/package_run_dependencies/zed_ros2
[0.691s] -- Up-to-date: /home/yanwen/fyp_ws_v3/install/zed_ros2/share/ament_index/resource_index/parent_prefix_path/zed_ros2
[0.691s] -- Up-to-date: /home/yanwen/fyp_ws_v3/install/zed_ros2/share/zed_ros2/environment/ament_prefix_path.sh
[0.691s] -- Up-to-date: /home/yanwen/fyp_ws_v3/install/zed_ros2/share/zed_ros2/environment/ament_prefix_path.dsv
[0.691s] -- Up-to-date: /home/yanwen/fyp_ws_v3/install/zed_ros2/share/zed_ros2/environment/path.sh
[0.691s] -- Up-to-date: /home/yanwen/fyp_ws_v3/install/zed_ros2/share/zed_ros2/environment/path.dsv
[0.691s] -- Up-to-date: /home/yanwen/fyp_ws_v3/install/zed_ros2/share/zed_ros2/local_setup.bash
[0.691s] -- Up-to-date: /home/yanwen/fyp_ws_v3/install/zed_ros2/share/zed_ros2/local_setup.sh
[0.692s] -- Up-to-date: /home/yanwen/fyp_ws_v3/install/zed_ros2/share/zed_ros2/local_setup.zsh
[0.692s] -- Up-to-date: /home/yanwen/fyp_ws_v3/install/zed_ros2/share/zed_ros2/local_setup.dsv
[0.692s] -- Installing: /home/yanwen/fyp_ws_v3/install/zed_ros2/share/zed_ros2/package.dsv
[0.741s] -- Up-to-date: /home/yanwen/fyp_ws_v3/install/zed_ros2/share/ament_index/resource_index/packages/zed_ros2
[0.769s] -- Up-to-date: /home/yanwen/fyp_ws_v3/install/zed_ros2/share/zed_ros2/cmake/zed_ros2Config.cmake
[0.769s] -- Up-to-date: /home/yanwen/fyp_ws_v3/install/zed_ros2/share/zed_ros2/cmake/zed_ros2Config-version.cmake
[0.769s] -- Up-to-date: /home/yanwen/fyp_ws_v3/install/zed_ros2/share/zed_ros2/package.xml
[0.772s] Invoked command in '/home/yanwen/fyp_ws_v3/build/zed_ros2' returned '0': AMENT_PREFIX_PATH=/home/yanwen/fyp_ws_v3/install/zed_wrapper:/home/yanwen/fyp_ws_v3/install/zed_components:/home/yanwen/fyp_ws_v3/install/zed_interfaces:${AMENT_PREFIX_PATH} CMAKE_PREFIX_PATH=/home/yanwen/fyp_ws_v3/install/zed_wrapper:/home/yanwen/fyp_ws_v3/install/zed_components:/home/yanwen/fyp_ws_v3/install/zed_interfaces:/opt/ros/humble LD_LIBRARY_PATH=/home/yanwen/fyp_ws_v3/install/zed_components/lib:/home/yanwen/fyp_ws_v3/install/zed_interfaces/lib:${LD_LIBRARY_PATH} PYTHONPATH=/home/yanwen/fyp_ws_v3/install/zed_interfaces/local/lib/python3.10/dist-packages:${PYTHONPATH} /usr/bin/cmake --install /home/yanwen/fyp_ws_v3/build/zed_ros2
