[0.263s] Invoking command in '/home/yanwen/fyp_ws_v3/build/zed_wrapper': CMAKE_PREFIX_PATH=/home/yanwen/fyp_ws_v3/install/zed_components:/home/yanwen/fyp_ws_v3/install/zed_interfaces:/home/yanwen/fyp_ws_v3/install/zed_ros2:/home/yanwen/fyp_ws_v3/install/zed_wrapper:/home/yanwen/fyp_ws_v3/install/moveit_script:/home/yanwen/fyp_ws_v3/install/gripper_client:/home/yanwen/fyp_ws_v3/install/robotiq_3f_gripper_ros2_interfaces:/home/yanwen/fyp_ws_v3/install/obj_detect_test:/home/yanwen/fyp_ws_v3/install/robotiq_3f_gripper_ros2_control:/home/yanwen/fyp_ws_v3/install/cv_ros2_test:/opt/ros/humble /usr/bin/cmake --build /home/yanwen/fyp_ws_v3/build/zed_wrapper -- -j8 -l8
[1.013s] [100%] Built target zed_wrapper
[1.021s] Invoked command in '/home/yanwen/fyp_ws_v3/build/zed_wrapper' returned '0': CMAKE_PREFIX_PATH=/home/yanwen/fyp_ws_v3/install/zed_components:/home/yanwen/fyp_ws_v3/install/zed_interfaces:/home/yanwen/fyp_ws_v3/install/zed_ros2:/home/yanwen/fyp_ws_v3/install/zed_wrapper:/home/yanwen/fyp_ws_v3/install/moveit_script:/home/yanwen/fyp_ws_v3/install/gripper_client:/home/yanwen/fyp_ws_v3/install/robotiq_3f_gripper_ros2_interfaces:/home/yanwen/fyp_ws_v3/install/obj_detect_test:/home/yanwen/fyp_ws_v3/install/robotiq_3f_gripper_ros2_control:/home/yanwen/fyp_ws_v3/install/cv_ros2_test:/opt/ros/humble /usr/bin/cmake --build /home/yanwen/fyp_ws_v3/build/zed_wrapper -- -j8 -l8
[1.040s] Invoking command in '/home/yanwen/fyp_ws_v3/build/zed_wrapper': CMAKE_PREFIX_PATH=/home/yanwen/fyp_ws_v3/install/zed_components:/home/yanwen/fyp_ws_v3/install/zed_interfaces:/home/yanwen/fyp_ws_v3/install/zed_ros2:/home/yanwen/fyp_ws_v3/install/zed_wrapper:/home/yanwen/fyp_ws_v3/install/moveit_script:/home/yanwen/fyp_ws_v3/install/gripper_client:/home/yanwen/fyp_ws_v3/install/robotiq_3f_gripper_ros2_interfaces:/home/yanwen/fyp_ws_v3/install/obj_detect_test:/home/yanwen/fyp_ws_v3/install/robotiq_3f_gripper_ros2_control:/home/yanwen/fyp_ws_v3/install/cv_ros2_test:/opt/ros/humble /usr/bin/cmake --install /home/yanwen/fyp_ws_v3/build/zed_wrapper
[1.064s] -- Install configuration: "Release"
[1.064s] -- Up-to-date: /home/yanwen/fyp_ws_v3/install/zed_wrapper/lib/zed_wrapper/zed_wrapper
[1.064s] -- Up-to-date: /home/yanwen/fyp_ws_v3/install/zed_wrapper/share/zed_wrapper/config
[1.064s] -- Up-to-date: /home/yanwen/fyp_ws_v3/install/zed_wrapper/share/zed_wrapper/config/zed.yaml
[1.065s] -- Up-to-date: /home/yanwen/fyp_ws_v3/install/zed_wrapper/share/zed_wrapper/config/zed2.yaml
[1.065s] -- Up-to-date: /home/yanwen/fyp_ws_v3/install/zed_wrapper/share/zed_wrapper/config/zed2i.yaml
[1.065s] -- Up-to-date: /home/yanwen/fyp_ws_v3/install/zed_wrapper/share/zed_wrapper/config/common.yaml
[1.065s] -- Up-to-date: /home/yanwen/fyp_ws_v3/install/zed_wrapper/share/zed_wrapper/config/zedx.yaml
[1.065s] -- Up-to-date: /home/yanwen/fyp_ws_v3/install/zed_wrapper/share/zed_wrapper/config/zedm.yaml
[1.065s] -- Up-to-date: /home/yanwen/fyp_ws_v3/install/zed_wrapper/share/zed_wrapper/config/zedxm.yaml
[1.065s] -- Up-to-date: /home/yanwen/fyp_ws_v3/install/zed_wrapper/share/zed_wrapper/urdf
[1.065s] -- Up-to-date: /home/yanwen/fyp_ws_v3/install/zed_wrapper/share/zed_wrapper/urdf/zed_descr.urdf.xacro
[1.065s] -- Up-to-date: /home/yanwen/fyp_ws_v3/install/zed_wrapper/share/zed_wrapper/urdf/include
[1.065s] -- Up-to-date: /home/yanwen/fyp_ws_v3/install/zed_wrapper/share/zed_wrapper/urdf/include/materials.urdf.xacro
[1.065s] -- Up-to-date: /home/yanwen/fyp_ws_v3/install/zed_wrapper/share/zed_wrapper/urdf/zed_macro.urdf.xacro
[1.065s] -- Up-to-date: /home/yanwen/fyp_ws_v3/install/zed_wrapper/share/zed_wrapper/launch
[1.065s] -- Up-to-date: /home/yanwen/fyp_ws_v3/install/zed_wrapper/share/zed_wrapper/launch/obsolete
[1.065s] -- Up-to-date: /home/yanwen/fyp_ws_v3/install/zed_wrapper/share/zed_wrapper/launch/obsolete/zed2.launch.py
[1.066s] -- Up-to-date: /home/yanwen/fyp_ws_v3/install/zed_wrapper/share/zed_wrapper/launch/obsolete/zedxm.launch.py
[1.066s] -- Up-to-date: /home/yanwen/fyp_ws_v3/install/zed_wrapper/share/zed_wrapper/launch/obsolete/zedm.launch.py
[1.066s] -- Up-to-date: /home/yanwen/fyp_ws_v3/install/zed_wrapper/share/zed_wrapper/launch/obsolete/zed.launch.py
[1.066s] -- Up-to-date: /home/yanwen/fyp_ws_v3/install/zed_wrapper/share/zed_wrapper/launch/obsolete/zedx.launch.py
[1.066s] -- Up-to-date: /home/yanwen/fyp_ws_v3/install/zed_wrapper/share/zed_wrapper/launch/obsolete/zed2i.launch.py
[1.066s] -- Up-to-date: /home/yanwen/fyp_ws_v3/install/zed_wrapper/share/zed_wrapper/launch/zed_camera.launch.py
[1.066s] -- Up-to-date: /home/yanwen/fyp_ws_v3/install/zed_wrapper/share/ament_index/resource_index/package_run_dependencies/zed_wrapper
[1.123s] -- Up-to-date: /home/yanwen/fyp_ws_v3/install/zed_wrapper/share/ament_index/resource_index/parent_prefix_path/zed_wrapper
[1.123s] -- Up-to-date: /home/yanwen/fyp_ws_v3/install/zed_wrapper/share/zed_wrapper/environment/ament_prefix_path.sh
[1.123s] -- Up-to-date: /home/yanwen/fyp_ws_v3/install/zed_wrapper/share/zed_wrapper/environment/ament_prefix_path.dsv
[1.123s] -- Up-to-date: /home/yanwen/fyp_ws_v3/install/zed_wrapper/share/zed_wrapper/environment/path.sh
[1.123s] -- Up-to-date: /home/yanwen/fyp_ws_v3/install/zed_wrapper/share/zed_wrapper/environment/path.dsv
[1.124s] -- Up-to-date: /home/yanwen/fyp_ws_v3/install/zed_wrapper/share/zed_wrapper/local_setup.bash
[1.124s] -- Up-to-date: /home/yanwen/fyp_ws_v3/install/zed_wrapper/share/zed_wrapper/local_setup.sh
[1.124s] -- Up-to-date: /home/yanwen/fyp_ws_v3/install/zed_wrapper/share/zed_wrapper/local_setup.zsh
[1.124s] -- Up-to-date: /home/yanwen/fyp_ws_v3/install/zed_wrapper/share/zed_wrapper/local_setup.dsv
[1.124s] -- Installing: /home/yanwen/fyp_ws_v3/install/zed_wrapper/share/zed_wrapper/package.dsv
[1.179s] -- Up-to-date: /home/yanwen/fyp_ws_v3/install/zed_wrapper/share/ament_index/resource_index/packages/zed_wrapper
[1.179s] -- Up-to-date: /home/yanwen/fyp_ws_v3/install/zed_wrapper/share/zed_wrapper/cmake/zed_wrapperConfig.cmake
[1.179s] -- Up-to-date: /home/yanwen/fyp_ws_v3/install/zed_wrapper/share/zed_wrapper/cmake/zed_wrapperConfig-version.cmake
[1.179s] -- Up-to-date: /home/yanwen/fyp_ws_v3/install/zed_wrapper/share/zed_wrapper/package.xml
[1.182s] Invoked command in '/home/yanwen/fyp_ws_v3/build/zed_wrapper' returned '0': CMAKE_PREFIX_PATH=/home/yanwen/fyp_ws_v3/install/zed_components:/home/yanwen/fyp_ws_v3/install/zed_interfaces:/home/yanwen/fyp_ws_v3/install/zed_ros2:/home/yanwen/fyp_ws_v3/install/zed_wrapper:/home/yanwen/fyp_ws_v3/install/moveit_script:/home/yanwen/fyp_ws_v3/install/gripper_client:/home/yanwen/fyp_ws_v3/install/robotiq_3f_gripper_ros2_interfaces:/home/yanwen/fyp_ws_v3/install/obj_detect_test:/home/yanwen/fyp_ws_v3/install/robotiq_3f_gripper_ros2_control:/home/yanwen/fyp_ws_v3/install/cv_ros2_test:/opt/ros/humble /usr/bin/cmake --install /home/yanwen/fyp_ws_v3/build/zed_wrapper
