[0.244s] Invoking command in '/home/yanwen/fyp_ws_v3/build/robotiq_3f_gripper_ros2_interfaces': CMAKE_PREFIX_PATH=/opt/ros/humble /usr/bin/cmake --build /home/yanwen/fyp_ws_v3/build/robotiq_3f_gripper_ros2_interfaces -- -j8 -l8
[0.530s] [  1%] Built target robotiq_3f_gripper_ros2_interfaces__cpp
[0.909s] [ 12%] Built target robotiq_3f_gripper_ros2_interfaces__rosidl_generator_c
[1.108s] [ 23%] Built target robotiq_3f_gripper_ros2_interfaces__rosidl_typesupport_cpp
[1.181s] [ 34%] Built target robotiq_3f_gripper_ros2_interfaces__rosidl_typesupport_introspection_cpp
[1.190s] [ 34%] Built target ament_cmake_python_copy_robotiq_3f_gripper_ros2_interfaces
[1.198s] [ 45%] Built target robotiq_3f_gripper_ros2_interfaces__rosidl_typesupport_fastrtps_cpp
[1.263s] [ 56%] Built target robotiq_3f_gripper_ros2_interfaces__rosidl_typesupport_c
[1.276s] [ 72%] Built target robotiq_3f_gripper_ros2_interfaces__rosidl_typesupport_fastrtps_c
[1.276s] [ 78%] Built target robotiq_3f_gripper_ros2_interfaces__rosidl_typesupport_introspection_c
[1.304s] [ 78%] Built target robotiq_3f_gripper_ros2_interfaces
[1.336s] [ 80%] Built target robotiq_3f_gripper_ros2_interfaces__py
[1.398s] [ 89%] Built target robotiq_3f_gripper_ros2_interfaces__rosidl_generator_py
[1.493s] [ 92%] Built target robotiq_3f_gripper_ros2_interfaces__rosidl_typesupport_c__pyext
[1.498s] [ 96%] Built target robotiq_3f_gripper_ros2_interfaces__rosidl_typesupport_introspection_c__pyext
[1.508s] [100%] Built target robotiq_3f_gripper_ros2_interfaces__rosidl_typesupport_fastrtps_c__pyext
[1.533s] running egg_info
[1.534s] writing robotiq_3f_gripper_ros2_interfaces.egg-info/PKG-INFO
[1.535s] writing dependency_links to robotiq_3f_gripper_ros2_interfaces.egg-info/dependency_links.txt
[1.535s] writing top-level names to robotiq_3f_gripper_ros2_interfaces.egg-info/top_level.txt
[1.538s] reading manifest file 'robotiq_3f_gripper_ros2_interfaces.egg-info/SOURCES.txt'
[1.540s] writing manifest file 'robotiq_3f_gripper_ros2_interfaces.egg-info/SOURCES.txt'
[1.585s] [100%] Built target ament_cmake_python_build_robotiq_3f_gripper_ros2_interfaces_egg
[1.593s] Invoked command in '/home/yanwen/fyp_ws_v3/build/robotiq_3f_gripper_ros2_interfaces' returned '0': CMAKE_PREFIX_PATH=/opt/ros/humble /usr/bin/cmake --build /home/yanwen/fyp_ws_v3/build/robotiq_3f_gripper_ros2_interfaces -- -j8 -l8
[1.681s] Invoking command in '/home/yanwen/fyp_ws_v3/build/robotiq_3f_gripper_ros2_interfaces': CMAKE_PREFIX_PATH=/opt/ros/humble /usr/bin/cmake --install /home/yanwen/fyp_ws_v3/build/robotiq_3f_gripper_ros2_interfaces
[1.736s] -- Install configuration: ""
[1.737s] -- Up-to-date: /home/yanwen/fyp_ws_v3/install/robotiq_3f_gripper_ros2_interfaces/share/ament_index/resource_index/rosidl_interfaces/robotiq_3f_gripper_ros2_interfaces
[1.737s] -- Up-to-date: /home/yanwen/fyp_ws_v3/install/robotiq_3f_gripper_ros2_interfaces/include/robotiq_3f_gripper_ros2_interfaces/robotiq_3f_gripper_ros2_interfaces
[1.737s] -- Up-to-date: /home/yanwen/fyp_ws_v3/install/robotiq_3f_gripper_ros2_interfaces/include/robotiq_3f_gripper_ros2_interfaces/robotiq_3f_gripper_ros2_interfaces/action
[1.742s] -- Up-to-date: /home/yanwen/fyp_ws_v3/install/robotiq_3f_gripper_ros2_interfaces/include/robotiq_3f_gripper_ros2_interfaces/robotiq_3f_gripper_ros2_interfaces/action/detail
[1.742s] -- Up-to-date: /home/yanwen/fyp_ws_v3/install/robotiq_3f_gripper_ros2_interfaces/include/robotiq_3f_gripper_ros2_interfaces/robotiq_3f_gripper_ros2_interfaces/action/detail/robotiq3_f_gripper_output_goal__struct.h
[1.742s] -- Up-to-date: /home/yanwen/fyp_ws_v3/install/robotiq_3f_gripper_ros2_interfaces/include/robotiq_3f_gripper_ros2_interfaces/robotiq_3f_gripper_ros2_interfaces/action/detail/robotiq3_f_gripper_output_goal__functions.h
[1.746s] -- Up-to-date: /home/yanwen/fyp_ws_v3/install/robotiq_3f_gripper_ros2_interfaces/include/robotiq_3f_gripper_ros2_interfaces/robotiq_3f_gripper_ros2_interfaces/action/detail/robotiq3_f_gripper_output_goal__type_support.h
[1.746s] -- Up-to-date: /home/yanwen/fyp_ws_v3/install/robotiq_3f_gripper_ros2_interfaces/include/robotiq_3f_gripper_ros2_interfaces/robotiq_3f_gripper_ros2_interfaces/action/detail/robotiq3_f_gripper_output_goal__functions.c
[1.746s] -- Up-to-date: /home/yanwen/fyp_ws_v3/install/robotiq_3f_gripper_ros2_interfaces/include/robotiq_3f_gripper_ros2_interfaces/robotiq_3f_gripper_ros2_interfaces/action/robotiq3_f_gripper_output_goal.h
[1.746s] -- Up-to-date: /home/yanwen/fyp_ws_v3/install/robotiq_3f_gripper_ros2_interfaces/include/robotiq_3f_gripper_ros2_interfaces/robotiq_3f_gripper_ros2_interfaces/srv
[1.746s] -- Up-to-date: /home/yanwen/fyp_ws_v3/install/robotiq_3f_gripper_ros2_interfaces/include/robotiq_3f_gripper_ros2_interfaces/robotiq_3f_gripper_ros2_interfaces/srv/detail
[1.747s] -- Up-to-date: /home/yanwen/fyp_ws_v3/install/robotiq_3f_gripper_ros2_interfaces/include/robotiq_3f_gripper_ros2_interfaces/robotiq_3f_gripper_ros2_interfaces/srv/detail/robotiq3_f_gripper_output_service__type_support.h
[1.747s] -- Up-to-date: /home/yanwen/fyp_ws_v3/install/robotiq_3f_gripper_ros2_interfaces/include/robotiq_3f_gripper_ros2_interfaces/robotiq_3f_gripper_ros2_interfaces/srv/detail/robotiq3_f_gripper_output_service__functions.h
[1.747s] -- Up-to-date: /home/yanwen/fyp_ws_v3/install/robotiq_3f_gripper_ros2_interfaces/include/robotiq_3f_gripper_ros2_interfaces/robotiq_3f_gripper_ros2_interfaces/srv/detail/robotiq3_f_gripper_output_service__struct.h
[1.747s] -- Up-to-date: /home/yanwen/fyp_ws_v3/install/robotiq_3f_gripper_ros2_interfaces/include/robotiq_3f_gripper_ros2_interfaces/robotiq_3f_gripper_ros2_interfaces/srv/detail/robotiq3_f_gripper_output_service__functions.c
[1.747s] -- Up-to-date: /home/yanwen/fyp_ws_v3/install/robotiq_3f_gripper_ros2_interfaces/include/robotiq_3f_gripper_ros2_interfaces/robotiq_3f_gripper_ros2_interfaces/srv/robotiq3_f_gripper_output_service.h
[1.747s] -- Up-to-date: /home/yanwen/fyp_ws_v3/install/robotiq_3f_gripper_ros2_interfaces/include/robotiq_3f_gripper_ros2_interfaces/robotiq_3f_gripper_ros2_interfaces/msg
[1.749s] -- Up-to-date: /home/yanwen/fyp_ws_v3/install/robotiq_3f_gripper_ros2_interfaces/include/robotiq_3f_gripper_ros2_interfaces/robotiq_3f_gripper_ros2_interfaces/msg/robotiq3_f_gripper_input_registers.h
[1.749s] -- Up-to-date: /home/yanwen/fyp_ws_v3/install/robotiq_3f_gripper_ros2_interfaces/include/robotiq_3f_gripper_ros2_interfaces/robotiq_3f_gripper_ros2_interfaces/msg/detail
[1.749s] -- Up-to-date: /home/yanwen/fyp_ws_v3/install/robotiq_3f_gripper_ros2_interfaces/include/robotiq_3f_gripper_ros2_interfaces/robotiq_3f_gripper_ros2_interfaces/msg/detail/robotiq3_f_gripper_output_registers__struct.h
[1.749s] -- Up-to-date: /home/yanwen/fyp_ws_v3/install/robotiq_3f_gripper_ros2_interfaces/include/robotiq_3f_gripper_ros2_interfaces/robotiq_3f_gripper_ros2_interfaces/msg/detail/robotiq3_f_gripper_input_registers__type_support.h
[1.749s] -- Up-to-date: /home/yanwen/fyp_ws_v3/install/robotiq_3f_gripper_ros2_interfaces/include/robotiq_3f_gripper_ros2_interfaces/robotiq_3f_gripper_ros2_interfaces/msg/detail/robotiq3_f_gripper_input_registers__functions.c
[1.749s] -- Up-to-date: /home/yanwen/fyp_ws_v3/install/robotiq_3f_gripper_ros2_interfaces/include/robotiq_3f_gripper_ros2_interfaces/robotiq_3f_gripper_ros2_interfaces/msg/detail/robotiq3_f_gripper_output_registers__type_support.h
[1.749s] -- Up-to-date: /home/yanwen/fyp_ws_v3/install/robotiq_3f_gripper_ros2_interfaces/include/robotiq_3f_gripper_ros2_interfaces/robotiq_3f_gripper_ros2_interfaces/msg/detail/robotiq3_f_gripper_output_registers__functions.h
[1.749s] -- Up-to-date: /home/yanwen/fyp_ws_v3/install/robotiq_3f_gripper_ros2_interfaces/include/robotiq_3f_gripper_ros2_interfaces/robotiq_3f_gripper_ros2_interfaces/msg/detail/robotiq3_f_gripper_output_registers__functions.c
[1.749s] -- Up-to-date: /home/yanwen/fyp_ws_v3/install/robotiq_3f_gripper_ros2_interfaces/include/robotiq_3f_gripper_ros2_interfaces/robotiq_3f_gripper_ros2_interfaces/msg/detail/robotiq3_f_gripper_input_registers__struct.h
[1.749s] -- Up-to-date: /home/yanwen/fyp_ws_v3/install/robotiq_3f_gripper_ros2_interfaces/include/robotiq_3f_gripper_ros2_interfaces/robotiq_3f_gripper_ros2_interfaces/msg/detail/robotiq3_f_gripper_input_registers__functions.h
[1.750s] -- Up-to-date: /home/yanwen/fyp_ws_v3/install/robotiq_3f_gripper_ros2_interfaces/include/robotiq_3f_gripper_ros2_interfaces/robotiq_3f_gripper_ros2_interfaces/msg/rosidl_generator_c__visibility_control.h
[1.750s] -- Up-to-date: /home/yanwen/fyp_ws_v3/install/robotiq_3f_gripper_ros2_interfaces/include/robotiq_3f_gripper_ros2_interfaces/robotiq_3f_gripper_ros2_interfaces/msg/robotiq3_f_gripper_output_registers.h
[1.750s] -- Up-to-date: /home/yanwen/fyp_ws_v3/install/robotiq_3f_gripper_ros2_interfaces/share/robotiq_3f_gripper_ros2_interfaces/environment/library_path.sh
[1.750s] -- Up-to-date: /home/yanwen/fyp_ws_v3/install/robotiq_3f_gripper_ros2_interfaces/share/robotiq_3f_gripper_ros2_interfaces/environment/library_path.dsv
[1.750s] -- Up-to-date: /home/yanwen/fyp_ws_v3/install/robotiq_3f_gripper_ros2_interfaces/lib/librobotiq_3f_gripper_ros2_interfaces__rosidl_generator_c.so
[1.750s] -- Up-to-date: /home/yanwen/fyp_ws_v3/install/robotiq_3f_gripper_ros2_interfaces/include/robotiq_3f_gripper_ros2_interfaces/robotiq_3f_gripper_ros2_interfaces
[1.751s] -- Up-to-date: /home/yanwen/fyp_ws_v3/install/robotiq_3f_gripper_ros2_interfaces/include/robotiq_3f_gripper_ros2_interfaces/robotiq_3f_gripper_ros2_interfaces/action
[1.751s] -- Up-to-date: /home/yanwen/fyp_ws_v3/install/robotiq_3f_gripper_ros2_interfaces/include/robotiq_3f_gripper_ros2_interfaces/robotiq_3f_gripper_ros2_interfaces/action/detail
[1.751s] -- Up-to-date: /home/yanwen/fyp_ws_v3/install/robotiq_3f_gripper_ros2_interfaces/include/robotiq_3f_gripper_ros2_interfaces/robotiq_3f_gripper_ros2_interfaces/action/detail/robotiq3_f_gripper_output_goal__rosidl_typesupport_fastrtps_c.h
[1.751s] -- Up-to-date: /home/yanwen/fyp_ws_v3/install/robotiq_3f_gripper_ros2_interfaces/include/robotiq_3f_gripper_ros2_interfaces/robotiq_3f_gripper_ros2_interfaces/srv
[1.751s] -- Up-to-date: /home/yanwen/fyp_ws_v3/install/robotiq_3f_gripper_ros2_interfaces/include/robotiq_3f_gripper_ros2_interfaces/robotiq_3f_gripper_ros2_interfaces/srv/detail
[1.751s] -- Up-to-date: /home/yanwen/fyp_ws_v3/install/robotiq_3f_gripper_ros2_interfaces/include/robotiq_3f_gripper_ros2_interfaces/robotiq_3f_gripper_ros2_interfaces/srv/detail/robotiq3_f_gripper_output_service__rosidl_typesupport_fastrtps_c.h
[1.751s] -- Up-to-date: /home/yanwen/fyp_ws_v3/install/robotiq_3f_gripper_ros2_interfaces/include/robotiq_3f_gripper_ros2_interfaces/robotiq_3f_gripper_ros2_interfaces/msg
[1.751s] -- Up-to-date: /home/yanwen/fyp_ws_v3/install/robotiq_3f_gripper_ros2_interfaces/include/robotiq_3f_gripper_ros2_interfaces/robotiq_3f_gripper_ros2_interfaces/msg/detail
[1.751s] -- Up-to-date: /home/yanwen/fyp_ws_v3/install/robotiq_3f_gripper_ros2_interfaces/include/robotiq_3f_gripper_ros2_interfaces/robotiq_3f_gripper_ros2_interfaces/msg/detail/robotiq3_f_gripper_input_registers__rosidl_typesupport_fastrtps_c.h
[1.751s] -- Up-to-date: /home/yanwen/fyp_ws_v3/install/robotiq_3f_gripper_ros2_interfaces/include/robotiq_3f_gripper_ros2_interfaces/robotiq_3f_gripper_ros2_interfaces/msg/detail/robotiq3_f_gripper_output_registers__rosidl_typesupport_fastrtps_c.h
[1.751s] -- Up-to-date: /home/yanwen/fyp_ws_v3/install/robotiq_3f_gripper_ros2_interfaces/include/robotiq_3f_gripper_ros2_interfaces/robotiq_3f_gripper_ros2_interfaces/msg/rosidl_typesupport_fastrtps_c__visibility_control.h
[1.751s] -- Up-to-date: /home/yanwen/fyp_ws_v3/install/robotiq_3f_gripper_ros2_interfaces/lib/librobotiq_3f_gripper_ros2_interfaces__rosidl_typesupport_fastrtps_c.so
[1.752s] -- Up-to-date: /home/yanwen/fyp_ws_v3/install/robotiq_3f_gripper_ros2_interfaces/include/robotiq_3f_gripper_ros2_interfaces/robotiq_3f_gripper_ros2_interfaces
[1.752s] -- Up-to-date: /home/yanwen/fyp_ws_v3/install/robotiq_3f_gripper_ros2_interfaces/include/robotiq_3f_gripper_ros2_interfaces/robotiq_3f_gripper_ros2_interfaces/action
[1.752s] -- Up-to-date: /home/yanwen/fyp_ws_v3/install/robotiq_3f_gripper_ros2_interfaces/include/robotiq_3f_gripper_ros2_interfaces/robotiq_3f_gripper_ros2_interfaces/action/detail
[1.752s] -- Up-to-date: /home/yanwen/fyp_ws_v3/install/robotiq_3f_gripper_ros2_interfaces/include/robotiq_3f_gripper_ros2_interfaces/robotiq_3f_gripper_ros2_interfaces/action/detail/robotiq3_f_gripper_output_goal__traits.hpp
[1.752s] -- Up-to-date: /home/yanwen/fyp_ws_v3/install/robotiq_3f_gripper_ros2_interfaces/include/robotiq_3f_gripper_ros2_interfaces/robotiq_3f_gripper_ros2_interfaces/action/detail/robotiq3_f_gripper_output_goal__builder.hpp
[1.752s] -- Up-to-date: /home/yanwen/fyp_ws_v3/install/robotiq_3f_gripper_ros2_interfaces/include/robotiq_3f_gripper_ros2_interfaces/robotiq_3f_gripper_ros2_interfaces/action/detail/robotiq3_f_gripper_output_goal__struct.hpp
[1.752s] -- Up-to-date: /home/yanwen/fyp_ws_v3/install/robotiq_3f_gripper_ros2_interfaces/include/robotiq_3f_gripper_ros2_interfaces/robotiq_3f_gripper_ros2_interfaces/action/robotiq3_f_gripper_output_goal.hpp
[1.752s] -- Up-to-date: /home/yanwen/fyp_ws_v3/install/robotiq_3f_gripper_ros2_interfaces/include/robotiq_3f_gripper_ros2_interfaces/robotiq_3f_gripper_ros2_interfaces/srv
[1.752s] -- Up-to-date: /home/yanwen/fyp_ws_v3/install/robotiq_3f_gripper_ros2_interfaces/include/robotiq_3f_gripper_ros2_interfaces/robotiq_3f_gripper_ros2_interfaces/srv/detail
[1.752s] -- Up-to-date: /home/yanwen/fyp_ws_v3/install/robotiq_3f_gripper_ros2_interfaces/include/robotiq_3f_gripper_ros2_interfaces/robotiq_3f_gripper_ros2_interfaces/srv/detail/robotiq3_f_gripper_output_service__builder.hpp
[1.752s] -- Up-to-date: /home/yanwen/fyp_ws_v3/install/robotiq_3f_gripper_ros2_interfaces/include/robotiq_3f_gripper_ros2_interfaces/robotiq_3f_gripper_ros2_interfaces/srv/detail/robotiq3_f_gripper_output_service__struct.hpp
[1.752s] -- Up-to-date: /home/yanwen/fyp_ws_v3/install/robotiq_3f_gripper_ros2_interfaces/include/robotiq_3f_gripper_ros2_interfaces/robotiq_3f_gripper_ros2_interfaces/srv/detail/robotiq3_f_gripper_output_service__traits.hpp
[1.752s] -- Up-to-date: /home/yanwen/fyp_ws_v3/install/robotiq_3f_gripper_ros2_interfaces/include/robotiq_3f_gripper_ros2_interfaces/robotiq_3f_gripper_ros2_interfaces/srv/robotiq3_f_gripper_output_service.hpp
[1.752s] -- Up-to-date: /home/yanwen/fyp_ws_v3/install/robotiq_3f_gripper_ros2_interfaces/include/robotiq_3f_gripper_ros2_interfaces/robotiq_3f_gripper_ros2_interfaces/msg
[1.753s] -- Up-to-date: /home/yanwen/fyp_ws_v3/install/robotiq_3f_gripper_ros2_interfaces/include/robotiq_3f_gripper_ros2_interfaces/robotiq_3f_gripper_ros2_interfaces/msg/detail
[1.753s] -- Up-to-date: /home/yanwen/fyp_ws_v3/install/robotiq_3f_gripper_ros2_interfaces/include/robotiq_3f_gripper_ros2_interfaces/robotiq_3f_gripper_ros2_interfaces/msg/detail/robotiq3_f_gripper_output_registers__builder.hpp
[1.753s] -- Up-to-date: /home/yanwen/fyp_ws_v3/install/robotiq_3f_gripper_ros2_interfaces/include/robotiq_3f_gripper_ros2_interfaces/robotiq_3f_gripper_ros2_interfaces/msg/detail/robotiq3_f_gripper_input_registers__traits.hpp
[1.753s] -- Up-to-date: /home/yanwen/fyp_ws_v3/install/robotiq_3f_gripper_ros2_interfaces/include/robotiq_3f_gripper_ros2_interfaces/robotiq_3f_gripper_ros2_interfaces/msg/detail/robotiq3_f_gripper_input_registers__struct.hpp
[1.753s] -- Up-to-date: /home/yanwen/fyp_ws_v3/install/robotiq_3f_gripper_ros2_interfaces/include/robotiq_3f_gripper_ros2_interfaces/robotiq_3f_gripper_ros2_interfaces/msg/detail/robotiq3_f_gripper_output_registers__traits.hpp
[1.760s] -- Up-to-date: /home/yanwen/fyp_ws_v3/install/robotiq_3f_gripper_ros2_interfaces/include/robotiq_3f_gripper_ros2_interfaces/robotiq_3f_gripper_ros2_interfaces/msg/detail/robotiq3_f_gripper_output_registers__struct.hpp
[1.760s] -- Up-to-date: /home/yanwen/fyp_ws_v3/install/robotiq_3f_gripper_ros2_interfaces/include/robotiq_3f_gripper_ros2_interfaces/robotiq_3f_gripper_ros2_interfaces/msg/detail/robotiq3_f_gripper_input_registers__builder.hpp
[1.761s] -- Up-to-date: /home/yanwen/fyp_ws_v3/install/robotiq_3f_gripper_ros2_interfaces/include/robotiq_3f_gripper_ros2_interfaces/robotiq_3f_gripper_ros2_interfaces/msg/robotiq3_f_gripper_output_registers.hpp
[1.761s] -- Up-to-date: /home/yanwen/fyp_ws_v3/install/robotiq_3f_gripper_ros2_interfaces/include/robotiq_3f_gripper_ros2_interfaces/robotiq_3f_gripper_ros2_interfaces/msg/robotiq3_f_gripper_input_registers.hpp
[1.761s] -- Up-to-date: /home/yanwen/fyp_ws_v3/install/robotiq_3f_gripper_ros2_interfaces/include/robotiq_3f_gripper_ros2_interfaces/robotiq_3f_gripper_ros2_interfaces
[1.761s] -- Up-to-date: /home/yanwen/fyp_ws_v3/install/robotiq_3f_gripper_ros2_interfaces/include/robotiq_3f_gripper_ros2_interfaces/robotiq_3f_gripper_ros2_interfaces/action
[1.761s] -- Up-to-date: /home/yanwen/fyp_ws_v3/install/robotiq_3f_gripper_ros2_interfaces/include/robotiq_3f_gripper_ros2_interfaces/robotiq_3f_gripper_ros2_interfaces/action/detail
[1.761s] -- Up-to-date: /home/yanwen/fyp_ws_v3/install/robotiq_3f_gripper_ros2_interfaces/include/robotiq_3f_gripper_ros2_interfaces/robotiq_3f_gripper_ros2_interfaces/action/detail/robotiq3_f_gripper_output_goal__rosidl_typesupport_fastrtps_cpp.hpp
[1.761s] -- Up-to-date: /home/yanwen/fyp_ws_v3/install/robotiq_3f_gripper_ros2_interfaces/include/robotiq_3f_gripper_ros2_interfaces/robotiq_3f_gripper_ros2_interfaces/action/detail/dds_fastrtps
[1.761s] -- Up-to-date: /home/yanwen/fyp_ws_v3/install/robotiq_3f_gripper_ros2_interfaces/include/robotiq_3f_gripper_ros2_interfaces/robotiq_3f_gripper_ros2_interfaces/srv
[1.761s] -- Up-to-date: /home/yanwen/fyp_ws_v3/install/robotiq_3f_gripper_ros2_interfaces/include/robotiq_3f_gripper_ros2_interfaces/robotiq_3f_gripper_ros2_interfaces/srv/detail
[1.762s] -- Up-to-date: /home/yanwen/fyp_ws_v3/install/robotiq_3f_gripper_ros2_interfaces/include/robotiq_3f_gripper_ros2_interfaces/robotiq_3f_gripper_ros2_interfaces/srv/detail/robotiq3_f_gripper_output_service__rosidl_typesupport_fastrtps_cpp.hpp
[1.762s] -- Up-to-date: /home/yanwen/fyp_ws_v3/install/robotiq_3f_gripper_ros2_interfaces/include/robotiq_3f_gripper_ros2_interfaces/robotiq_3f_gripper_ros2_interfaces/srv/detail/dds_fastrtps
[1.762s] -- Up-to-date: /home/yanwen/fyp_ws_v3/install/robotiq_3f_gripper_ros2_interfaces/include/robotiq_3f_gripper_ros2_interfaces/robotiq_3f_gripper_ros2_interfaces/msg
[1.763s] -- Up-to-date: /home/yanwen/fyp_ws_v3/install/robotiq_3f_gripper_ros2_interfaces/include/robotiq_3f_gripper_ros2_interfaces/robotiq_3f_gripper_ros2_interfaces/msg/rosidl_typesupport_fastrtps_cpp__visibility_control.h
[1.763s] -- Up-to-date: /home/yanwen/fyp_ws_v3/install/robotiq_3f_gripper_ros2_interfaces/include/robotiq_3f_gripper_ros2_interfaces/robotiq_3f_gripper_ros2_interfaces/msg/detail
[1.763s] -- Up-to-date: /home/yanwen/fyp_ws_v3/install/robotiq_3f_gripper_ros2_interfaces/include/robotiq_3f_gripper_ros2_interfaces/robotiq_3f_gripper_ros2_interfaces/msg/detail/robotiq3_f_gripper_input_registers__rosidl_typesupport_fastrtps_cpp.hpp
[1.763s] -- Up-to-date: /home/yanwen/fyp_ws_v3/install/robotiq_3f_gripper_ros2_interfaces/include/robotiq_3f_gripper_ros2_interfaces/robotiq_3f_gripper_ros2_interfaces/msg/detail/robotiq3_f_gripper_output_registers__rosidl_typesupport_fastrtps_cpp.hpp
[1.763s] -- Up-to-date: /home/yanwen/fyp_ws_v3/install/robotiq_3f_gripper_ros2_interfaces/include/robotiq_3f_gripper_ros2_interfaces/robotiq_3f_gripper_ros2_interfaces/msg/detail/dds_fastrtps
[1.851s] -- Up-to-date: /home/yanwen/fyp_ws_v3/install/robotiq_3f_gripper_ros2_interfaces/lib/librobotiq_3f_gripper_ros2_interfaces__rosidl_typesupport_fastrtps_cpp.so
[1.851s] -- Up-to-date: /home/yanwen/fyp_ws_v3/install/robotiq_3f_gripper_ros2_interfaces/include/robotiq_3f_gripper_ros2_interfaces/robotiq_3f_gripper_ros2_interfaces
[1.851s] -- Up-to-date: /home/yanwen/fyp_ws_v3/install/robotiq_3f_gripper_ros2_interfaces/include/robotiq_3f_gripper_ros2_interfaces/robotiq_3f_gripper_ros2_interfaces/action
[1.851s] -- Up-to-date: /home/yanwen/fyp_ws_v3/install/robotiq_3f_gripper_ros2_interfaces/include/robotiq_3f_gripper_ros2_interfaces/robotiq_3f_gripper_ros2_interfaces/action/detail
[1.851s] -- Up-to-date: /home/yanwen/fyp_ws_v3/install/robotiq_3f_gripper_ros2_interfaces/include/robotiq_3f_gripper_ros2_interfaces/robotiq_3f_gripper_ros2_interfaces/action/detail/robotiq3_f_gripper_output_goal__rosidl_typesupport_introspection_c.h
[1.852s] -- Up-to-date: /home/yanwen/fyp_ws_v3/install/robotiq_3f_gripper_ros2_interfaces/include/robotiq_3f_gripper_ros2_interfaces/robotiq_3f_gripper_ros2_interfaces/action/detail/robotiq3_f_gripper_output_goal__type_support.c
[1.852s] -- Up-to-date: /home/yanwen/fyp_ws_v3/install/robotiq_3f_gripper_ros2_interfaces/include/robotiq_3f_gripper_ros2_interfaces/robotiq_3f_gripper_ros2_interfaces/srv
[1.852s] -- Up-to-date: /home/yanwen/fyp_ws_v3/install/robotiq_3f_gripper_ros2_interfaces/include/robotiq_3f_gripper_ros2_interfaces/robotiq_3f_gripper_ros2_interfaces/srv/detail
[1.852s] -- Up-to-date: /home/yanwen/fyp_ws_v3/install/robotiq_3f_gripper_ros2_interfaces/include/robotiq_3f_gripper_ros2_interfaces/robotiq_3f_gripper_ros2_interfaces/srv/detail/robotiq3_f_gripper_output_service__type_support.c
[1.852s] -- Up-to-date: /home/yanwen/fyp_ws_v3/install/robotiq_3f_gripper_ros2_interfaces/include/robotiq_3f_gripper_ros2_interfaces/robotiq_3f_gripper_ros2_interfaces/srv/detail/robotiq3_f_gripper_output_service__rosidl_typesupport_introspection_c.h
[1.852s] -- Up-to-date: /home/yanwen/fyp_ws_v3/install/robotiq_3f_gripper_ros2_interfaces/include/robotiq_3f_gripper_ros2_interfaces/robotiq_3f_gripper_ros2_interfaces/msg
[1.852s] -- Up-to-date: /home/yanwen/fyp_ws_v3/install/robotiq_3f_gripper_ros2_interfaces/include/robotiq_3f_gripper_ros2_interfaces/robotiq_3f_gripper_ros2_interfaces/msg/detail
[1.852s] -- Up-to-date: /home/yanwen/fyp_ws_v3/install/robotiq_3f_gripper_ros2_interfaces/include/robotiq_3f_gripper_ros2_interfaces/robotiq_3f_gripper_ros2_interfaces/msg/detail/robotiq3_f_gripper_output_registers__type_support.c
[1.852s] -- Up-to-date: /home/yanwen/fyp_ws_v3/install/robotiq_3f_gripper_ros2_interfaces/include/robotiq_3f_gripper_ros2_interfaces/robotiq_3f_gripper_ros2_interfaces/msg/detail/robotiq3_f_gripper_output_registers__rosidl_typesupport_introspection_c.h
[1.852s] -- Up-to-date: /home/yanwen/fyp_ws_v3/install/robotiq_3f_gripper_ros2_interfaces/include/robotiq_3f_gripper_ros2_interfaces/robotiq_3f_gripper_ros2_interfaces/msg/detail/robotiq3_f_gripper_input_registers__rosidl_typesupport_introspection_c.h
[1.852s] -- Up-to-date: /home/yanwen/fyp_ws_v3/install/robotiq_3f_gripper_ros2_interfaces/include/robotiq_3f_gripper_ros2_interfaces/robotiq_3f_gripper_ros2_interfaces/msg/detail/robotiq3_f_gripper_input_registers__type_support.c
[1.853s] -- Up-to-date: /home/yanwen/fyp_ws_v3/install/robotiq_3f_gripper_ros2_interfaces/include/robotiq_3f_gripper_ros2_interfaces/robotiq_3f_gripper_ros2_interfaces/msg/rosidl_typesupport_introspection_c__visibility_control.h
[1.853s] -- Up-to-date: /home/yanwen/fyp_ws_v3/install/robotiq_3f_gripper_ros2_interfaces/lib/librobotiq_3f_gripper_ros2_interfaces__rosidl_typesupport_introspection_c.so
[1.853s] -- Up-to-date: /home/yanwen/fyp_ws_v3/install/robotiq_3f_gripper_ros2_interfaces/lib/librobotiq_3f_gripper_ros2_interfaces__rosidl_typesupport_c.so
[1.853s] -- Up-to-date: /home/yanwen/fyp_ws_v3/install/robotiq_3f_gripper_ros2_interfaces/include/robotiq_3f_gripper_ros2_interfaces/robotiq_3f_gripper_ros2_interfaces
[1.853s] -- Up-to-date: /home/yanwen/fyp_ws_v3/install/robotiq_3f_gripper_ros2_interfaces/include/robotiq_3f_gripper_ros2_interfaces/robotiq_3f_gripper_ros2_interfaces/action
[1.853s] -- Up-to-date: /home/yanwen/fyp_ws_v3/install/robotiq_3f_gripper_ros2_interfaces/include/robotiq_3f_gripper_ros2_interfaces/robotiq_3f_gripper_ros2_interfaces/action/detail
[1.853s] -- Up-to-date: /home/yanwen/fyp_ws_v3/install/robotiq_3f_gripper_ros2_interfaces/include/robotiq_3f_gripper_ros2_interfaces/robotiq_3f_gripper_ros2_interfaces/action/detail/robotiq3_f_gripper_output_goal__rosidl_typesupport_introspection_cpp.hpp
[1.853s] -- Up-to-date: /home/yanwen/fyp_ws_v3/install/robotiq_3f_gripper_ros2_interfaces/include/robotiq_3f_gripper_ros2_interfaces/robotiq_3f_gripper_ros2_interfaces/action/detail/robotiq3_f_gripper_output_goal__type_support.cpp
[1.853s] -- Up-to-date: /home/yanwen/fyp_ws_v3/install/robotiq_3f_gripper_ros2_interfaces/include/robotiq_3f_gripper_ros2_interfaces/robotiq_3f_gripper_ros2_interfaces/srv
[1.853s] -- Up-to-date: /home/yanwen/fyp_ws_v3/install/robotiq_3f_gripper_ros2_interfaces/include/robotiq_3f_gripper_ros2_interfaces/robotiq_3f_gripper_ros2_interfaces/srv/detail
[1.853s] -- Up-to-date: /home/yanwen/fyp_ws_v3/install/robotiq_3f_gripper_ros2_interfaces/include/robotiq_3f_gripper_ros2_interfaces/robotiq_3f_gripper_ros2_interfaces/srv/detail/robotiq3_f_gripper_output_service__rosidl_typesupport_introspection_cpp.hpp
[1.853s] -- Up-to-date: /home/yanwen/fyp_ws_v3/install/robotiq_3f_gripper_ros2_interfaces/include/robotiq_3f_gripper_ros2_interfaces/robotiq_3f_gripper_ros2_interfaces/srv/detail/robotiq3_f_gripper_output_service__type_support.cpp
[1.854s] -- Up-to-date: /home/yanwen/fyp_ws_v3/install/robotiq_3f_gripper_ros2_interfaces/include/robotiq_3f_gripper_ros2_interfaces/robotiq_3f_gripper_ros2_interfaces/msg
[1.854s] -- Up-to-date: /home/yanwen/fyp_ws_v3/install/robotiq_3f_gripper_ros2_interfaces/include/robotiq_3f_gripper_ros2_interfaces/robotiq_3f_gripper_ros2_interfaces/msg/detail
[1.854s] -- Up-to-date: /home/yanwen/fyp_ws_v3/install/robotiq_3f_gripper_ros2_interfaces/include/robotiq_3f_gripper_ros2_interfaces/robotiq_3f_gripper_ros2_interfaces/msg/detail/robotiq3_f_gripper_output_registers__rosidl_typesupport_introspection_cpp.hpp
[1.854s] -- Up-to-date: /home/yanwen/fyp_ws_v3/install/robotiq_3f_gripper_ros2_interfaces/include/robotiq_3f_gripper_ros2_interfaces/robotiq_3f_gripper_ros2_interfaces/msg/detail/robotiq3_f_gripper_output_registers__type_support.cpp
[1.854s] -- Up-to-date: /home/yanwen/fyp_ws_v3/install/robotiq_3f_gripper_ros2_interfaces/include/robotiq_3f_gripper_ros2_interfaces/robotiq_3f_gripper_ros2_interfaces/msg/detail/robotiq3_f_gripper_input_registers__type_support.cpp
[1.854s] -- Up-to-date: /home/yanwen/fyp_ws_v3/install/robotiq_3f_gripper_ros2_interfaces/include/robotiq_3f_gripper_ros2_interfaces/robotiq_3f_gripper_ros2_interfaces/msg/detail/robotiq3_f_gripper_input_registers__rosidl_typesupport_introspection_cpp.hpp
[1.938s] -- Up-to-date: /home/yanwen/fyp_ws_v3/install/robotiq_3f_gripper_ros2_interfaces/lib/librobotiq_3f_gripper_ros2_interfaces__rosidl_typesupport_introspection_cpp.so
[2.005s] -- Up-to-date: /home/yanwen/fyp_ws_v3/install/robotiq_3f_gripper_ros2_interfaces/lib/librobotiq_3f_gripper_ros2_interfaces__rosidl_typesupport_cpp.so
[2.005s] -- Up-to-date: /home/yanwen/fyp_ws_v3/install/robotiq_3f_gripper_ros2_interfaces/share/robotiq_3f_gripper_ros2_interfaces/environment/pythonpath.sh
[2.005s] -- Up-to-date: /home/yanwen/fyp_ws_v3/install/robotiq_3f_gripper_ros2_interfaces/share/robotiq_3f_gripper_ros2_interfaces/environment/pythonpath.dsv
[2.005s] -- Up-to-date: /home/yanwen/fyp_ws_v3/install/robotiq_3f_gripper_ros2_interfaces/local/lib/python3.10/dist-packages/robotiq_3f_gripper_ros2_interfaces-0.0.0-py3.10.egg-info
[2.005s] -- Installing: /home/yanwen/fyp_ws_v3/install/robotiq_3f_gripper_ros2_interfaces/local/lib/python3.10/dist-packages/robotiq_3f_gripper_ros2_interfaces-0.0.0-py3.10.egg-info/top_level.txt
[2.006s] -- Installing: /home/yanwen/fyp_ws_v3/install/robotiq_3f_gripper_ros2_interfaces/local/lib/python3.10/dist-packages/robotiq_3f_gripper_ros2_interfaces-0.0.0-py3.10.egg-info/PKG-INFO
[2.006s] -- Installing: /home/yanwen/fyp_ws_v3/install/robotiq_3f_gripper_ros2_interfaces/local/lib/python3.10/dist-packages/robotiq_3f_gripper_ros2_interfaces-0.0.0-py3.10.egg-info/SOURCES.txt
[2.006s] -- Installing: /home/yanwen/fyp_ws_v3/install/robotiq_3f_gripper_ros2_interfaces/local/lib/python3.10/dist-packages/robotiq_3f_gripper_ros2_interfaces-0.0.0-py3.10.egg-info/dependency_links.txt
[2.007s] -- Up-to-date: /home/yanwen/fyp_ws_v3/install/robotiq_3f_gripper_ros2_interfaces/local/lib/python3.10/dist-packages/robotiq_3f_gripper_ros2_interfaces
[2.007s] -- Up-to-date: /home/yanwen/fyp_ws_v3/install/robotiq_3f_gripper_ros2_interfaces/local/lib/python3.10/dist-packages/robotiq_3f_gripper_ros2_interfaces/action
[2.007s] -- Up-to-date: /home/yanwen/fyp_ws_v3/install/robotiq_3f_gripper_ros2_interfaces/local/lib/python3.10/dist-packages/robotiq_3f_gripper_ros2_interfaces/action/_robotiq3_f_gripper_output_goal.py
[2.007s] -- Up-to-date: /home/yanwen/fyp_ws_v3/install/robotiq_3f_gripper_ros2_interfaces/local/lib/python3.10/dist-packages/robotiq_3f_gripper_ros2_interfaces/action/__init__.py
[2.007s] -- Up-to-date: /home/yanwen/fyp_ws_v3/install/robotiq_3f_gripper_ros2_interfaces/local/lib/python3.10/dist-packages/robotiq_3f_gripper_ros2_interfaces/action/_robotiq3_f_gripper_output_goal_s.c
[2.007s] -- Up-to-date: /home/yanwen/fyp_ws_v3/install/robotiq_3f_gripper_ros2_interfaces/local/lib/python3.10/dist-packages/robotiq_3f_gripper_ros2_interfaces/_robotiq_3f_gripper_ros2_interfaces_s.ep.rosidl_typesupport_fastrtps_c.c
[2.007s] -- Up-to-date: /home/yanwen/fyp_ws_v3/install/robotiq_3f_gripper_ros2_interfaces/local/lib/python3.10/dist-packages/robotiq_3f_gripper_ros2_interfaces/robotiq_3f_gripper_ros2_interfaces_s__rosidl_typesupport_introspection_c.cpython-310-x86_64-linux-gnu.so
[2.008s] -- Up-to-date: /home/yanwen/fyp_ws_v3/install/robotiq_3f_gripper_ros2_interfaces/local/lib/python3.10/dist-packages/robotiq_3f_gripper_ros2_interfaces/robotiq_3f_gripper_ros2_interfaces_s__rosidl_typesupport_fastrtps_c.cpython-310-x86_64-linux-gnu.so
[2.008s] -- Up-to-date: /home/yanwen/fyp_ws_v3/install/robotiq_3f_gripper_ros2_interfaces/local/lib/python3.10/dist-packages/robotiq_3f_gripper_ros2_interfaces/__init__.py
[2.008s] -- Up-to-date: /home/yanwen/fyp_ws_v3/install/robotiq_3f_gripper_ros2_interfaces/local/lib/python3.10/dist-packages/robotiq_3f_gripper_ros2_interfaces/_robotiq_3f_gripper_ros2_interfaces_s.ep.rosidl_typesupport_introspection_c.c
[2.008s] -- Up-to-date: /home/yanwen/fyp_ws_v3/install/robotiq_3f_gripper_ros2_interfaces/local/lib/python3.10/dist-packages/robotiq_3f_gripper_ros2_interfaces/robotiq_3f_gripper_ros2_interfaces_s__rosidl_typesupport_c.cpython-310-x86_64-linux-gnu.so
[2.008s] -- Up-to-date: /home/yanwen/fyp_ws_v3/install/robotiq_3f_gripper_ros2_interfaces/local/lib/python3.10/dist-packages/robotiq_3f_gripper_ros2_interfaces/srv
[2.009s] -- Up-to-date: /home/yanwen/fyp_ws_v3/install/robotiq_3f_gripper_ros2_interfaces/local/lib/python3.10/dist-packages/robotiq_3f_gripper_ros2_interfaces/srv/_robotiq3_f_gripper_output_service_s.c
[2.009s] -- Up-to-date: /home/yanwen/fyp_ws_v3/install/robotiq_3f_gripper_ros2_interfaces/local/lib/python3.10/dist-packages/robotiq_3f_gripper_ros2_interfaces/srv/__init__.py
[2.009s] -- Up-to-date: /home/yanwen/fyp_ws_v3/install/robotiq_3f_gripper_ros2_interfaces/local/lib/python3.10/dist-packages/robotiq_3f_gripper_ros2_interfaces/srv/_robotiq3_f_gripper_output_service.py
[2.010s] -- Up-to-date: /home/yanwen/fyp_ws_v3/install/robotiq_3f_gripper_ros2_interfaces/local/lib/python3.10/dist-packages/robotiq_3f_gripper_ros2_interfaces/librobotiq_3f_gripper_ros2_interfaces__rosidl_generator_py.so
[2.010s] -- Up-to-date: /home/yanwen/fyp_ws_v3/install/robotiq_3f_gripper_ros2_interfaces/local/lib/python3.10/dist-packages/robotiq_3f_gripper_ros2_interfaces/msg
[2.010s] -- Up-to-date: /home/yanwen/fyp_ws_v3/install/robotiq_3f_gripper_ros2_interfaces/local/lib/python3.10/dist-packages/robotiq_3f_gripper_ros2_interfaces/msg/_robotiq3_f_gripper_input_registers.py
[2.010s] -- Up-to-date: /home/yanwen/fyp_ws_v3/install/robotiq_3f_gripper_ros2_interfaces/local/lib/python3.10/dist-packages/robotiq_3f_gripper_ros2_interfaces/msg/__init__.py
[2.010s] -- Up-to-date: /home/yanwen/fyp_ws_v3/install/robotiq_3f_gripper_ros2_interfaces/local/lib/python3.10/dist-packages/robotiq_3f_gripper_ros2_interfaces/msg/_robotiq3_f_gripper_output_registers_s.c
[2.011s] -- Up-to-date: /home/yanwen/fyp_ws_v3/install/robotiq_3f_gripper_ros2_interfaces/local/lib/python3.10/dist-packages/robotiq_3f_gripper_ros2_interfaces/msg/_robotiq3_f_gripper_output_registers.py
[2.011s] -- Up-to-date: /home/yanwen/fyp_ws_v3/install/robotiq_3f_gripper_ros2_interfaces/local/lib/python3.10/dist-packages/robotiq_3f_gripper_ros2_interfaces/msg/_robotiq3_f_gripper_input_registers_s.c
[2.011s] -- Up-to-date: /home/yanwen/fyp_ws_v3/install/robotiq_3f_gripper_ros2_interfaces/local/lib/python3.10/dist-packages/robotiq_3f_gripper_ros2_interfaces/_robotiq_3f_gripper_ros2_interfaces_s.ep.rosidl_typesupport_c.c
[2.083s] Listing '/home/yanwen/fyp_ws_v3/install/robotiq_3f_gripper_ros2_interfaces/local/lib/python3.10/dist-packages/robotiq_3f_gripper_ros2_interfaces'...
[2.083s] Listing '/home/yanwen/fyp_ws_v3/install/robotiq_3f_gripper_ros2_interfaces/local/lib/python3.10/dist-packages/robotiq_3f_gripper_ros2_interfaces/action'...
[2.083s] Listing '/home/yanwen/fyp_ws_v3/install/robotiq_3f_gripper_ros2_interfaces/local/lib/python3.10/dist-packages/robotiq_3f_gripper_ros2_interfaces/msg'...
[2.083s] Listing '/home/yanwen/fyp_ws_v3/install/robotiq_3f_gripper_ros2_interfaces/local/lib/python3.10/dist-packages/robotiq_3f_gripper_ros2_interfaces/srv'...
[2.129s] -- Up-to-date: /home/yanwen/fyp_ws_v3/install/robotiq_3f_gripper_ros2_interfaces/local/lib/python3.10/dist-packages/robotiq_3f_gripper_ros2_interfaces/robotiq_3f_gripper_ros2_interfaces_s__rosidl_typesupport_fastrtps_c.cpython-310-x86_64-linux-gnu.so
[2.151s] -- Up-to-date: /home/yanwen/fyp_ws_v3/install/robotiq_3f_gripper_ros2_interfaces/local/lib/python3.10/dist-packages/robotiq_3f_gripper_ros2_interfaces/robotiq_3f_gripper_ros2_interfaces_s__rosidl_typesupport_introspection_c.cpython-310-x86_64-linux-gnu.so
[2.151s] -- Up-to-date: /home/yanwen/fyp_ws_v3/install/robotiq_3f_gripper_ros2_interfaces/local/lib/python3.10/dist-packages/robotiq_3f_gripper_ros2_interfaces/robotiq_3f_gripper_ros2_interfaces_s__rosidl_typesupport_c.cpython-310-x86_64-linux-gnu.so
[2.152s] -- Up-to-date: /home/yanwen/fyp_ws_v3/install/robotiq_3f_gripper_ros2_interfaces/lib/librobotiq_3f_gripper_ros2_interfaces__rosidl_generator_py.so
[2.162s] -- Up-to-date: /home/yanwen/fyp_ws_v3/install/robotiq_3f_gripper_ros2_interfaces/share/robotiq_3f_gripper_ros2_interfaces/msg/Robotiq3FGripperInputRegisters.idl
[2.162s] -- Up-to-date: /home/yanwen/fyp_ws_v3/install/robotiq_3f_gripper_ros2_interfaces/share/robotiq_3f_gripper_ros2_interfaces/msg/Robotiq3FGripperOutputRegisters.idl
[2.163s] -- Up-to-date: /home/yanwen/fyp_ws_v3/install/robotiq_3f_gripper_ros2_interfaces/share/robotiq_3f_gripper_ros2_interfaces/srv/Robotiq3FGripperOutputService.idl
[2.164s] -- Up-to-date: /home/yanwen/fyp_ws_v3/install/robotiq_3f_gripper_ros2_interfaces/share/robotiq_3f_gripper_ros2_interfaces/action/Robotiq3FGripperOutputGoal.idl
[2.164s] -- Up-to-date: /home/yanwen/fyp_ws_v3/install/robotiq_3f_gripper_ros2_interfaces/share/robotiq_3f_gripper_ros2_interfaces/msg/Robotiq3FGripperInputRegisters.msg
[2.164s] -- Up-to-date: /home/yanwen/fyp_ws_v3/install/robotiq_3f_gripper_ros2_interfaces/share/robotiq_3f_gripper_ros2_interfaces/msg/Robotiq3FGripperOutputRegisters.msg
[2.165s] -- Up-to-date: /home/yanwen/fyp_ws_v3/install/robotiq_3f_gripper_ros2_interfaces/share/robotiq_3f_gripper_ros2_interfaces/srv/Robotiq3FGripperOutputService.srv
[2.166s] -- Up-to-date: /home/yanwen/fyp_ws_v3/install/robotiq_3f_gripper_ros2_interfaces/share/robotiq_3f_gripper_ros2_interfaces/srv/Robotiq3FGripperOutputService_Request.msg
[2.166s] -- Up-to-date: /home/yanwen/fyp_ws_v3/install/robotiq_3f_gripper_ros2_interfaces/share/robotiq_3f_gripper_ros2_interfaces/srv/Robotiq3FGripperOutputService_Response.msg
[2.166s] -- Up-to-date: /home/yanwen/fyp_ws_v3/install/robotiq_3f_gripper_ros2_interfaces/share/robotiq_3f_gripper_ros2_interfaces/action/Robotiq3FGripperOutputGoal.action
[2.166s] -- Up-to-date: /home/yanwen/fyp_ws_v3/install/robotiq_3f_gripper_ros2_interfaces/share/ament_index/resource_index/package_run_dependencies/robotiq_3f_gripper_ros2_interfaces
[2.171s] -- Up-to-date: /home/yanwen/fyp_ws_v3/install/robotiq_3f_gripper_ros2_interfaces/share/ament_index/resource_index/parent_prefix_path/robotiq_3f_gripper_ros2_interfaces
[2.171s] -- Up-to-date: /home/yanwen/fyp_ws_v3/install/robotiq_3f_gripper_ros2_interfaces/share/robotiq_3f_gripper_ros2_interfaces/environment/ament_prefix_path.sh
[2.171s] -- Up-to-date: /home/yanwen/fyp_ws_v3/install/robotiq_3f_gripper_ros2_interfaces/share/robotiq_3f_gripper_ros2_interfaces/environment/ament_prefix_path.dsv
[2.171s] -- Up-to-date: /home/yanwen/fyp_ws_v3/install/robotiq_3f_gripper_ros2_interfaces/share/robotiq_3f_gripper_ros2_interfaces/environment/path.sh
[2.171s] -- Up-to-date: /home/yanwen/fyp_ws_v3/install/robotiq_3f_gripper_ros2_interfaces/share/robotiq_3f_gripper_ros2_interfaces/environment/path.dsv
[2.171s] -- Up-to-date: /home/yanwen/fyp_ws_v3/install/robotiq_3f_gripper_ros2_interfaces/share/robotiq_3f_gripper_ros2_interfaces/local_setup.bash
[2.171s] -- Up-to-date: /home/yanwen/fyp_ws_v3/install/robotiq_3f_gripper_ros2_interfaces/share/robotiq_3f_gripper_ros2_interfaces/local_setup.sh
[2.171s] -- Up-to-date: /home/yanwen/fyp_ws_v3/install/robotiq_3f_gripper_ros2_interfaces/share/robotiq_3f_gripper_ros2_interfaces/local_setup.zsh
[2.171s] -- Up-to-date: /home/yanwen/fyp_ws_v3/install/robotiq_3f_gripper_ros2_interfaces/share/robotiq_3f_gripper_ros2_interfaces/local_setup.dsv
[2.172s] -- Installing: /home/yanwen/fyp_ws_v3/install/robotiq_3f_gripper_ros2_interfaces/share/robotiq_3f_gripper_ros2_interfaces/package.dsv
[2.172s] -- Up-to-date: /home/yanwen/fyp_ws_v3/install/robotiq_3f_gripper_ros2_interfaces/share/ament_index/resource_index/packages/robotiq_3f_gripper_ros2_interfaces
[2.176s] -- Up-to-date: /home/yanwen/fyp_ws_v3/install/robotiq_3f_gripper_ros2_interfaces/share/robotiq_3f_gripper_ros2_interfaces/cmake/export_robotiq_3f_gripper_ros2_interfaces__rosidl_generator_cExport.cmake
[2.176s] -- Up-to-date: /home/yanwen/fyp_ws_v3/install/robotiq_3f_gripper_ros2_interfaces/share/robotiq_3f_gripper_ros2_interfaces/cmake/export_robotiq_3f_gripper_ros2_interfaces__rosidl_generator_cExport-noconfig.cmake
[2.176s] -- Up-to-date: /home/yanwen/fyp_ws_v3/install/robotiq_3f_gripper_ros2_interfaces/share/robotiq_3f_gripper_ros2_interfaces/cmake/export_robotiq_3f_gripper_ros2_interfaces__rosidl_typesupport_fastrtps_cExport.cmake
[2.176s] -- Up-to-date: /home/yanwen/fyp_ws_v3/install/robotiq_3f_gripper_ros2_interfaces/share/robotiq_3f_gripper_ros2_interfaces/cmake/export_robotiq_3f_gripper_ros2_interfaces__rosidl_typesupport_fastrtps_cExport-noconfig.cmake
[2.177s] -- Up-to-date: /home/yanwen/fyp_ws_v3/install/robotiq_3f_gripper_ros2_interfaces/share/robotiq_3f_gripper_ros2_interfaces/cmake/export_robotiq_3f_gripper_ros2_interfaces__rosidl_generator_cppExport.cmake
[2.178s] -- Up-to-date: /home/yanwen/fyp_ws_v3/install/robotiq_3f_gripper_ros2_interfaces/share/robotiq_3f_gripper_ros2_interfaces/cmake/export_robotiq_3f_gripper_ros2_interfaces__rosidl_typesupport_fastrtps_cppExport.cmake
[2.178s] -- Up-to-date: /home/yanwen/fyp_ws_v3/install/robotiq_3f_gripper_ros2_interfaces/share/robotiq_3f_gripper_ros2_interfaces/cmake/export_robotiq_3f_gripper_ros2_interfaces__rosidl_typesupport_fastrtps_cppExport-noconfig.cmake
[2.179s] -- Up-to-date: /home/yanwen/fyp_ws_v3/install/robotiq_3f_gripper_ros2_interfaces/share/robotiq_3f_gripper_ros2_interfaces/cmake/robotiq_3f_gripper_ros2_interfaces__rosidl_typesupport_introspection_cExport.cmake
[2.179s] -- Up-to-date: /home/yanwen/fyp_ws_v3/install/robotiq_3f_gripper_ros2_interfaces/share/robotiq_3f_gripper_ros2_interfaces/cmake/robotiq_3f_gripper_ros2_interfaces__rosidl_typesupport_introspection_cExport-noconfig.cmake
[2.180s] -- Up-to-date: /home/yanwen/fyp_ws_v3/install/robotiq_3f_gripper_ros2_interfaces/share/robotiq_3f_gripper_ros2_interfaces/cmake/robotiq_3f_gripper_ros2_interfaces__rosidl_typesupport_cExport.cmake
[2.180s] -- Up-to-date: /home/yanwen/fyp_ws_v3/install/robotiq_3f_gripper_ros2_interfaces/share/robotiq_3f_gripper_ros2_interfaces/cmake/robotiq_3f_gripper_ros2_interfaces__rosidl_typesupport_cExport-noconfig.cmake
[2.181s] -- Up-to-date: /home/yanwen/fyp_ws_v3/install/robotiq_3f_gripper_ros2_interfaces/share/robotiq_3f_gripper_ros2_interfaces/cmake/robotiq_3f_gripper_ros2_interfaces__rosidl_typesupport_introspection_cppExport.cmake
[2.181s] -- Up-to-date: /home/yanwen/fyp_ws_v3/install/robotiq_3f_gripper_ros2_interfaces/share/robotiq_3f_gripper_ros2_interfaces/cmake/robotiq_3f_gripper_ros2_interfaces__rosidl_typesupport_introspection_cppExport-noconfig.cmake
[2.182s] -- Up-to-date: /home/yanwen/fyp_ws_v3/install/robotiq_3f_gripper_ros2_interfaces/share/robotiq_3f_gripper_ros2_interfaces/cmake/robotiq_3f_gripper_ros2_interfaces__rosidl_typesupport_cppExport.cmake
[2.182s] -- Up-to-date: /home/yanwen/fyp_ws_v3/install/robotiq_3f_gripper_ros2_interfaces/share/robotiq_3f_gripper_ros2_interfaces/cmake/robotiq_3f_gripper_ros2_interfaces__rosidl_typesupport_cppExport-noconfig.cmake
[2.183s] -- Up-to-date: /home/yanwen/fyp_ws_v3/install/robotiq_3f_gripper_ros2_interfaces/share/robotiq_3f_gripper_ros2_interfaces/cmake/export_robotiq_3f_gripper_ros2_interfaces__rosidl_generator_pyExport.cmake
[2.183s] -- Up-to-date: /home/yanwen/fyp_ws_v3/install/robotiq_3f_gripper_ros2_interfaces/share/robotiq_3f_gripper_ros2_interfaces/cmake/export_robotiq_3f_gripper_ros2_interfaces__rosidl_generator_pyExport-noconfig.cmake
[2.183s] -- Up-to-date: /home/yanwen/fyp_ws_v3/install/robotiq_3f_gripper_ros2_interfaces/share/robotiq_3f_gripper_ros2_interfaces/cmake/rosidl_cmake-extras.cmake
[2.184s] -- Up-to-date: /home/yanwen/fyp_ws_v3/install/robotiq_3f_gripper_ros2_interfaces/share/robotiq_3f_gripper_ros2_interfaces/cmake/ament_cmake_export_dependencies-extras.cmake
[2.184s] -- Up-to-date: /home/yanwen/fyp_ws_v3/install/robotiq_3f_gripper_ros2_interfaces/share/robotiq_3f_gripper_ros2_interfaces/cmake/ament_cmake_export_include_directories-extras.cmake
[2.184s] -- Up-to-date: /home/yanwen/fyp_ws_v3/install/robotiq_3f_gripper_ros2_interfaces/share/robotiq_3f_gripper_ros2_interfaces/cmake/ament_cmake_export_libraries-extras.cmake
[2.184s] -- Up-to-date: /home/yanwen/fyp_ws_v3/install/robotiq_3f_gripper_ros2_interfaces/share/robotiq_3f_gripper_ros2_interfaces/cmake/ament_cmake_export_targets-extras.cmake
[2.184s] -- Up-to-date: /home/yanwen/fyp_ws_v3/install/robotiq_3f_gripper_ros2_interfaces/share/robotiq_3f_gripper_ros2_interfaces/cmake/rosidl_cmake_export_typesupport_targets-extras.cmake
[2.184s] -- Up-to-date: /home/yanwen/fyp_ws_v3/install/robotiq_3f_gripper_ros2_interfaces/share/robotiq_3f_gripper_ros2_interfaces/cmake/rosidl_cmake_export_typesupport_libraries-extras.cmake
[2.184s] -- Up-to-date: /home/yanwen/fyp_ws_v3/install/robotiq_3f_gripper_ros2_interfaces/share/robotiq_3f_gripper_ros2_interfaces/cmake/robotiq_3f_gripper_ros2_interfacesConfig.cmake
[2.184s] -- Up-to-date: /home/yanwen/fyp_ws_v3/install/robotiq_3f_gripper_ros2_interfaces/share/robotiq_3f_gripper_ros2_interfaces/cmake/robotiq_3f_gripper_ros2_interfacesConfig-version.cmake
[2.184s] -- Up-to-date: /home/yanwen/fyp_ws_v3/install/robotiq_3f_gripper_ros2_interfaces/share/robotiq_3f_gripper_ros2_interfaces/package.xml
[2.187s] Invoked command in '/home/yanwen/fyp_ws_v3/build/robotiq_3f_gripper_ros2_interfaces' returned '0': CMAKE_PREFIX_PATH=/opt/ros/humble /usr/bin/cmake --install /home/yanwen/fyp_ws_v3/build/robotiq_3f_gripper_ros2_interfaces
