[0.037s] Invoking command in '/home/yanwen/fyp_ws_v3/build/gripper_client': AMENT_PREFIX_PATH=/home/yanwen/fyp_ws_v3/install/robotiq_3f_gripper_ros2_interfaces:${AMENT_PREFIX_PATH} CMAKE_PREFIX_PATH=/home/yanwen/fyp_ws_v3/install/robotiq_3f_gripper_ros2_interfaces:/opt/ros/humble LD_LIBRARY_PATH=/home/yanwen/fyp_ws_v3/install/robotiq_3f_gripper_ros2_interfaces/lib:${LD_LIBRARY_PATH} PYTHONPATH=/home/yanwen/fyp_ws_v3/install/robotiq_3f_gripper_ros2_interfaces/local/lib/python3.10/dist-packages:${PYTHONPATH} /usr/bin/cmake --build /home/yanwen/fyp_ws_v3/build/gripper_client -- -j8 -l8
[0.363s] [100%] Built target client
[0.383s] Invoked command in '/home/yanwen/fyp_ws_v3/build/gripper_client' returned '0': AMENT_PREFIX_PATH=/home/yanwen/fyp_ws_v3/install/robotiq_3f_gripper_ros2_interfaces:${AMENT_PREFIX_PATH} CMAKE_PREFIX_PATH=/home/yanwen/fyp_ws_v3/install/robotiq_3f_gripper_ros2_interfaces:/opt/ros/humble LD_LIBRARY_PATH=/home/yanwen/fyp_ws_v3/install/robotiq_3f_gripper_ros2_interfaces/lib:${LD_LIBRARY_PATH} PYTHONPATH=/home/yanwen/fyp_ws_v3/install/robotiq_3f_gripper_ros2_interfaces/local/lib/python3.10/dist-packages:${PYTHONPATH} /usr/bin/cmake --build /home/yanwen/fyp_ws_v3/build/gripper_client -- -j8 -l8
[0.404s] Invoking command in '/home/yanwen/fyp_ws_v3/build/gripper_client': AMENT_PREFIX_PATH=/home/yanwen/fyp_ws_v3/install/robotiq_3f_gripper_ros2_interfaces:${AMENT_PREFIX_PATH} CMAKE_PREFIX_PATH=/home/yanwen/fyp_ws_v3/install/robotiq_3f_gripper_ros2_interfaces:/opt/ros/humble LD_LIBRARY_PATH=/home/yanwen/fyp_ws_v3/install/robotiq_3f_gripper_ros2_interfaces/lib:${LD_LIBRARY_PATH} PYTHONPATH=/home/yanwen/fyp_ws_v3/install/robotiq_3f_gripper_ros2_interfaces/local/lib/python3.10/dist-packages:${PYTHONPATH} /usr/bin/cmake --install /home/yanwen/fyp_ws_v3/build/gripper_client
[0.433s] -- Install configuration: ""
[0.480s] -- Up-to-date: /home/yanwen/fyp_ws_v3/install/gripper_client/lib/gripper_client/client
[0.637s] -- Up-to-date: /home/yanwen/fyp_ws_v3/install/gripper_client/share/ament_index/resource_index/package_run_dependencies/gripper_client
[0.641s] -- Up-to-date: /home/yanwen/fyp_ws_v3/install/gripper_client/share/ament_index/resource_index/parent_prefix_path/gripper_client
[0.641s] -- Up-to-date: /home/yanwen/fyp_ws_v3/install/gripper_client/share/gripper_client/environment/ament_prefix_path.sh
[0.642s] -- Up-to-date: /home/yanwen/fyp_ws_v3/install/gripper_client/share/gripper_client/environment/ament_prefix_path.dsv
[0.642s] -- Up-to-date: /home/yanwen/fyp_ws_v3/install/gripper_client/share/gripper_client/environment/path.sh
[0.642s] -- Up-to-date: /home/yanwen/fyp_ws_v3/install/gripper_client/share/gripper_client/environment/path.dsv
[0.642s] -- Up-to-date: /home/yanwen/fyp_ws_v3/install/gripper_client/share/gripper_client/local_setup.bash
[0.642s] -- Up-to-date: /home/yanwen/fyp_ws_v3/install/gripper_client/share/gripper_client/local_setup.sh
[0.642s] -- Up-to-date: /home/yanwen/fyp_ws_v3/install/gripper_client/share/gripper_client/local_setup.zsh
[0.642s] -- Up-to-date: /home/yanwen/fyp_ws_v3/install/gripper_client/share/gripper_client/local_setup.dsv
[0.642s] -- Installing: /home/yanwen/fyp_ws_v3/install/gripper_client/share/gripper_client/package.dsv
[0.736s] -- Up-to-date: /home/yanwen/fyp_ws_v3/install/gripper_client/share/ament_index/resource_index/packages/gripper_client
[0.802s] -- Up-to-date: /home/yanwen/fyp_ws_v3/install/gripper_client/share/gripper_client/cmake/gripper_clientConfig.cmake
[0.803s] -- Up-to-date: /home/yanwen/fyp_ws_v3/install/gripper_client/share/gripper_client/cmake/gripper_clientConfig-version.cmake
[0.803s] -- Up-to-date: /home/yanwen/fyp_ws_v3/install/gripper_client/share/gripper_client/package.xml
[0.804s] Invoked command in '/home/yanwen/fyp_ws_v3/build/gripper_client' returned '0': AMENT_PREFIX_PATH=/home/yanwen/fyp_ws_v3/install/robotiq_3f_gripper_ros2_interfaces:${AMENT_PREFIX_PATH} CMAKE_PREFIX_PATH=/home/yanwen/fyp_ws_v3/install/robotiq_3f_gripper_ros2_interfaces:/opt/ros/humble LD_LIBRARY_PATH=/home/yanwen/fyp_ws_v3/install/robotiq_3f_gripper_ros2_interfaces/lib:${LD_LIBRARY_PATH} PYTHONPATH=/home/yanwen/fyp_ws_v3/install/robotiq_3f_gripper_ros2_interfaces/local/lib/python3.10/dist-packages:${PYTHONPATH} /usr/bin/cmake --install /home/yanwen/fyp_ws_v3/build/gripper_client
