[1.190s] Invoking command in '/home/yanwen/fyp_ws_v3/src/robotiq_3f_gripper_ros2_stack/robotiq_3f_gripper_ros2_control': AMENT_PREFIX_PATH=/home/yanwen/fyp_ws_v3/install/robotiq_3f_gripper_ros2_interfaces:${AMENT_PREFIX_PATH} CMAKE_PREFIX_PATH=/home/yanwen/fyp_ws_v3/install/robotiq_3f_gripper_ros2_interfaces LD_LIBRARY_PATH=/home/yanwen/fyp_ws_v3/install/robotiq_3f_gripper_ros2_interfaces/lib:${LD_LIBRARY_PATH} PYTHONPATH=/home/yanwen/fyp_ws_v3/build/robotiq_3f_gripper_ros2_control/prefix_override:/home/yanwen/fyp_ws_v3/install/robotiq_3f_gripper_ros2_control/lib/python3.10/site-packages:/home/yanwen/fyp_ws_v3/install/robotiq_3f_gripper_ros2_interfaces/local/lib/python3.10/dist-packages:${PYTHONPATH} /usr/bin/python3 setup.py egg_info --egg-base ../../../build/robotiq_3f_gripper_ros2_control build --build-base /home/yanwen/fyp_ws_v3/build/robotiq_3f_gripper_ros2_control/build install --record /home/yanwen/fyp_ws_v3/build/robotiq_3f_gripper_ros2_control/install.log --single-version-externally-managed
[1.619s] running egg_info
[1.621s] writing ../../../build/robotiq_3f_gripper_ros2_control/robotiq_3f_gripper_ros2_control.egg-info/PKG-INFO
[1.621s] writing dependency_links to ../../../build/robotiq_3f_gripper_ros2_control/robotiq_3f_gripper_ros2_control.egg-info/dependency_links.txt
[1.622s] writing entry points to ../../../build/robotiq_3f_gripper_ros2_control/robotiq_3f_gripper_ros2_control.egg-info/entry_points.txt
[1.622s] writing requirements to ../../../build/robotiq_3f_gripper_ros2_control/robotiq_3f_gripper_ros2_control.egg-info/requires.txt
[1.622s] writing top-level names to ../../../build/robotiq_3f_gripper_ros2_control/robotiq_3f_gripper_ros2_control.egg-info/top_level.txt
[1.629s] reading manifest file '../../../build/robotiq_3f_gripper_ros2_control/robotiq_3f_gripper_ros2_control.egg-info/SOURCES.txt'
[1.630s] writing manifest file '../../../build/robotiq_3f_gripper_ros2_control/robotiq_3f_gripper_ros2_control.egg-info/SOURCES.txt'
[1.630s] running build
[1.630s] running build_py
[1.631s] running install
[1.632s] running install_lib
[1.635s] running install_data
[1.637s] running install_egg_info
[1.639s] removing '/home/yanwen/fyp_ws_v3/install/robotiq_3f_gripper_ros2_control/lib/python3.10/site-packages/robotiq_3f_gripper_ros2_control-0.1.0-py3.10.egg-info' (and everything under it)
[1.639s] Copying ../../../build/robotiq_3f_gripper_ros2_control/robotiq_3f_gripper_ros2_control.egg-info to /home/yanwen/fyp_ws_v3/install/robotiq_3f_gripper_ros2_control/lib/python3.10/site-packages/robotiq_3f_gripper_ros2_control-0.1.0-py3.10.egg-info
[1.643s] running install_scripts
[1.675s] Installing gripper_control_action_server script to /home/yanwen/fyp_ws_v3/install/robotiq_3f_gripper_ros2_control/lib/robotiq_3f_gripper_ros2_control
[1.675s] Installing gripper_control_listener_node script to /home/yanwen/fyp_ws_v3/install/robotiq_3f_gripper_ros2_control/lib/robotiq_3f_gripper_ros2_control
[1.675s] Installing gripper_control_service_server script to /home/yanwen/fyp_ws_v3/install/robotiq_3f_gripper_ros2_control/lib/robotiq_3f_gripper_ros2_control
[1.676s] writing list of installed files to '/home/yanwen/fyp_ws_v3/build/robotiq_3f_gripper_ros2_control/install.log'
[1.757s] Invoked command in '/home/yanwen/fyp_ws_v3/src/robotiq_3f_gripper_ros2_stack/robotiq_3f_gripper_ros2_control' returned '0': AMENT_PREFIX_PATH=/home/yanwen/fyp_ws_v3/install/robotiq_3f_gripper_ros2_interfaces:${AMENT_PREFIX_PATH} CMAKE_PREFIX_PATH=/home/yanwen/fyp_ws_v3/install/robotiq_3f_gripper_ros2_interfaces LD_LIBRARY_PATH=/home/yanwen/fyp_ws_v3/install/robotiq_3f_gripper_ros2_interfaces/lib:${LD_LIBRARY_PATH} PYTHONPATH=/home/yanwen/fyp_ws_v3/build/robotiq_3f_gripper_ros2_control/prefix_override:/home/yanwen/fyp_ws_v3/install/robotiq_3f_gripper_ros2_control/lib/python3.10/site-packages:/home/yanwen/fyp_ws_v3/install/robotiq_3f_gripper_ros2_interfaces/local/lib/python3.10/dist-packages:${PYTHONPATH} /usr/bin/python3 setup.py egg_info --egg-base ../../../build/robotiq_3f_gripper_ros2_control build --build-base /home/yanwen/fyp_ws_v3/build/robotiq_3f_gripper_ros2_control/build install --record /home/yanwen/fyp_ws_v3/build/robotiq_3f_gripper_ros2_control/install.log --single-version-externally-managed
