[0.060s] Invoking command in '/home/yanwen/fyp_ws_v3/build/robotiq_3f_gripper_ros2_interfaces': CMAKE_PREFIX_PATH=${CMAKE_PREFIX_PATH}:/home/yanwen/fyp_ws_v3/install/robotiq_3f_gripper_ros2_control:/home/yanwen/fyp_ws_v3/install/cv_ros2_test:/opt/ros/humble /usr/bin/cmake --build /home/yanwen/fyp_ws_v3/build/robotiq_3f_gripper_ros2_interfaces -- -j8 -l8
[0.535s] [  1%] Built target robotiq_3f_gripper_ros2_interfaces__cpp
[0.535s] [  1%] Built target ament_cmake_python_copy_robotiq_3f_gripper_ros2_interfaces
[0.535s] [ 12%] Built target robotiq_3f_gripper_ros2_interfaces__rosidl_typesupport_introspection_cpp
[0.661s] running egg_info
[0.661s] writing robotiq_3f_gripper_ros2_interfaces.egg-info/PKG-INFO
[0.661s] writing dependency_links to robotiq_3f_gripper_ros2_interfaces.egg-info/dependency_links.txt
[0.661s] writing top-level names to robotiq_3f_gripper_ros2_interfaces.egg-info/top_level.txt
[0.662s] reading manifest file 'robotiq_3f_gripper_ros2_interfaces.egg-info/SOURCES.txt'
[0.662s] writing manifest file 'robotiq_3f_gripper_ros2_interfaces.egg-info/SOURCES.txt'
[0.709s] [ 12%] Built target ament_cmake_python_build_robotiq_3f_gripper_ros2_interfaces_egg
[0.775s] [ 23%] Built target robotiq_3f_gripper_ros2_interfaces__rosidl_typesupport_fastrtps_cpp
[0.831s] [ 34%] Built target robotiq_3f_gripper_ros2_interfaces__rosidl_typesupport_cpp
[0.886s] [ 45%] Built target robotiq_3f_gripper_ros2_interfaces__rosidl_generator_c
[0.937s] [ 56%] Built target robotiq_3f_gripper_ros2_interfaces__rosidl_typesupport_fastrtps_c
[0.981s] [ 67%] Built target robotiq_3f_gripper_ros2_interfaces__rosidl_typesupport_c
[1.037s] [ 78%] Built target robotiq_3f_gripper_ros2_interfaces__rosidl_typesupport_introspection_c
[1.074s] [ 78%] Built target robotiq_3f_gripper_ros2_interfaces
[1.131s] [ 80%] Built target robotiq_3f_gripper_ros2_interfaces__py
[1.181s] [ 89%] Built target robotiq_3f_gripper_ros2_interfaces__rosidl_generator_py
[1.228s] [ 92%] Built target robotiq_3f_gripper_ros2_interfaces__rosidl_typesupport_fastrtps_c__pyext
[1.269s] [ 96%] Built target robotiq_3f_gripper_ros2_interfaces__rosidl_typesupport_c__pyext
[1.331s] [100%] Built target robotiq_3f_gripper_ros2_interfaces__rosidl_typesupport_introspection_c__pyext
[1.360s] Invoked command in '/home/yanwen/fyp_ws_v3/build/robotiq_3f_gripper_ros2_interfaces' returned '0': CMAKE_PREFIX_PATH=${CMAKE_PREFIX_PATH}:/home/yanwen/fyp_ws_v3/install/robotiq_3f_gripper_ros2_control:/home/yanwen/fyp_ws_v3/install/cv_ros2_test:/opt/ros/humble /usr/bin/cmake --build /home/yanwen/fyp_ws_v3/build/robotiq_3f_gripper_ros2_interfaces -- -j8 -l8
[1.751s] Invoking command in '/home/yanwen/fyp_ws_v3/build/robotiq_3f_gripper_ros2_interfaces': CMAKE_PREFIX_PATH=${CMAKE_PREFIX_PATH}:/home/yanwen/fyp_ws_v3/install/robotiq_3f_gripper_ros2_control:/home/yanwen/fyp_ws_v3/install/cv_ros2_test:/opt/ros/humble /usr/bin/cmake --install /home/yanwen/fyp_ws_v3/build/robotiq_3f_gripper_ros2_interfaces
[1.762s] -- Install configuration: ""
[1.762s] -- Up-to-date: /home/yanwen/fyp_ws_v3/install/robotiq_3f_gripper_ros2_interfaces/share/ament_index/resource_index/rosidl_interfaces/robotiq_3f_gripper_ros2_interfaces
[1.762s] -- Up-to-date: /home/yanwen/fyp_ws_v3/install/robotiq_3f_gripper_ros2_interfaces/include/robotiq_3f_gripper_ros2_interfaces/robotiq_3f_gripper_ros2_interfaces
[1.762s] -- Up-to-date: /home/yanwen/fyp_ws_v3/install/robotiq_3f_gripper_ros2_interfaces/include/robotiq_3f_gripper_ros2_interfaces/robotiq_3f_gripper_ros2_interfaces/action
[1.762s] -- Up-to-date: /home/yanwen/fyp_ws_v3/install/robotiq_3f_gripper_ros2_interfaces/include/robotiq_3f_gripper_ros2_interfaces/robotiq_3f_gripper_ros2_interfaces/action/detail
[1.763s] -- Up-to-date: /home/yanwen/fyp_ws_v3/install/robotiq_3f_gripper_ros2_interfaces/include/robotiq_3f_gripper_ros2_interfaces/robotiq_3f_gripper_ros2_interfaces/action/detail/robotiq3_f_gripper_output_goal__struct.h
[1.763s] -- Up-to-date: /home/yanwen/fyp_ws_v3/install/robotiq_3f_gripper_ros2_interfaces/include/robotiq_3f_gripper_ros2_interfaces/robotiq_3f_gripper_ros2_interfaces/action/detail/robotiq3_f_gripper_output_goal__functions.h
[1.763s] -- Up-to-date: /home/yanwen/fyp_ws_v3/install/robotiq_3f_gripper_ros2_interfaces/include/robotiq_3f_gripper_ros2_interfaces/robotiq_3f_gripper_ros2_interfaces/action/detail/robotiq3_f_gripper_output_goal__type_support.h
[1.763s] -- Up-to-date: /home/yanwen/fyp_ws_v3/install/robotiq_3f_gripper_ros2_interfaces/include/robotiq_3f_gripper_ros2_interfaces/robotiq_3f_gripper_ros2_interfaces/action/detail/robotiq3_f_gripper_output_goal__functions.c
[1.763s] -- Up-to-date: /home/yanwen/fyp_ws_v3/install/robotiq_3f_gripper_ros2_interfaces/include/robotiq_3f_gripper_ros2_interfaces/robotiq_3f_gripper_ros2_interfaces/action/robotiq3_f_gripper_output_goal.h
[1.763s] -- Up-to-date: /home/yanwen/fyp_ws_v3/install/robotiq_3f_gripper_ros2_interfaces/include/robotiq_3f_gripper_ros2_interfaces/robotiq_3f_gripper_ros2_interfaces/srv
[1.763s] -- Up-to-date: /home/yanwen/fyp_ws_v3/install/robotiq_3f_gripper_ros2_interfaces/include/robotiq_3f_gripper_ros2_interfaces/robotiq_3f_gripper_ros2_interfaces/srv/detail
[1.763s] -- Up-to-date: /home/yanwen/fyp_ws_v3/install/robotiq_3f_gripper_ros2_interfaces/include/robotiq_3f_gripper_ros2_interfaces/robotiq_3f_gripper_ros2_interfaces/srv/detail/robotiq3_f_gripper_output_service__type_support.h
[1.763s] -- Up-to-date: /home/yanwen/fyp_ws_v3/install/robotiq_3f_gripper_ros2_interfaces/include/robotiq_3f_gripper_ros2_interfaces/robotiq_3f_gripper_ros2_interfaces/srv/detail/robotiq3_f_gripper_output_service__functions.h
[1.763s] -- Up-to-date: /home/yanwen/fyp_ws_v3/install/robotiq_3f_gripper_ros2_interfaces/include/robotiq_3f_gripper_ros2_interfaces/robotiq_3f_gripper_ros2_interfaces/srv/detail/robotiq3_f_gripper_output_service__struct.h
[1.764s] -- Up-to-date: /home/yanwen/fyp_ws_v3/install/robotiq_3f_gripper_ros2_interfaces/include/robotiq_3f_gripper_ros2_interfaces/robotiq_3f_gripper_ros2_interfaces/srv/detail/robotiq3_f_gripper_output_service__functions.c
[1.764s] -- Up-to-date: /home/yanwen/fyp_ws_v3/install/robotiq_3f_gripper_ros2_interfaces/include/robotiq_3f_gripper_ros2_interfaces/robotiq_3f_gripper_ros2_interfaces/srv/robotiq3_f_gripper_output_service.h
[1.764s] -- Up-to-date: /home/yanwen/fyp_ws_v3/install/robotiq_3f_gripper_ros2_interfaces/include/robotiq_3f_gripper_ros2_interfaces/robotiq_3f_gripper_ros2_interfaces/msg
[1.764s] -- Up-to-date: /home/yanwen/fyp_ws_v3/install/robotiq_3f_gripper_ros2_interfaces/include/robotiq_3f_gripper_ros2_interfaces/robotiq_3f_gripper_ros2_interfaces/msg/robotiq3_f_gripper_input_registers.h
[1.764s] -- Up-to-date: /home/yanwen/fyp_ws_v3/install/robotiq_3f_gripper_ros2_interfaces/include/robotiq_3f_gripper_ros2_interfaces/robotiq_3f_gripper_ros2_interfaces/msg/detail
[1.764s] -- Up-to-date: /home/yanwen/fyp_ws_v3/install/robotiq_3f_gripper_ros2_interfaces/include/robotiq_3f_gripper_ros2_interfaces/robotiq_3f_gripper_ros2_interfaces/msg/detail/robotiq3_f_gripper_output_registers__struct.h
[1.764s] -- Up-to-date: /home/yanwen/fyp_ws_v3/install/robotiq_3f_gripper_ros2_interfaces/include/robotiq_3f_gripper_ros2_interfaces/robotiq_3f_gripper_ros2_interfaces/msg/detail/robotiq3_f_gripper_input_registers__type_support.h
[1.764s] -- Up-to-date: /home/yanwen/fyp_ws_v3/install/robotiq_3f_gripper_ros2_interfaces/include/robotiq_3f_gripper_ros2_interfaces/robotiq_3f_gripper_ros2_interfaces/msg/detail/robotiq3_f_gripper_input_registers__functions.c
[1.765s] -- Up-to-date: /home/yanwen/fyp_ws_v3/install/robotiq_3f_gripper_ros2_interfaces/include/robotiq_3f_gripper_ros2_interfaces/robotiq_3f_gripper_ros2_interfaces/msg/detail/robotiq3_f_gripper_output_registers__type_support.h
[1.765s] -- Up-to-date: /home/yanwen/fyp_ws_v3/install/robotiq_3f_gripper_ros2_interfaces/include/robotiq_3f_gripper_ros2_interfaces/robotiq_3f_gripper_ros2_interfaces/msg/detail/robotiq3_f_gripper_output_registers__functions.h
[1.765s] -- Up-to-date: /home/yanwen/fyp_ws_v3/install/robotiq_3f_gripper_ros2_interfaces/include/robotiq_3f_gripper_ros2_interfaces/robotiq_3f_gripper_ros2_interfaces/msg/detail/robotiq3_f_gripper_output_registers__functions.c
[1.765s] -- Up-to-date: /home/yanwen/fyp_ws_v3/install/robotiq_3f_gripper_ros2_interfaces/include/robotiq_3f_gripper_ros2_interfaces/robotiq_3f_gripper_ros2_interfaces/msg/detail/robotiq3_f_gripper_input_registers__struct.h
[1.765s] -- Up-to-date: /home/yanwen/fyp_ws_v3/install/robotiq_3f_gripper_ros2_interfaces/include/robotiq_3f_gripper_ros2_interfaces/robotiq_3f_gripper_ros2_interfaces/msg/detail/robotiq3_f_gripper_input_registers__functions.h
[1.765s] -- Up-to-date: /home/yanwen/fyp_ws_v3/install/robotiq_3f_gripper_ros2_interfaces/include/robotiq_3f_gripper_ros2_interfaces/robotiq_3f_gripper_ros2_interfaces/msg/rosidl_generator_c__visibility_control.h
[1.765s] -- Up-to-date: /home/yanwen/fyp_ws_v3/install/robotiq_3f_gripper_ros2_interfaces/include/robotiq_3f_gripper_ros2_interfaces/robotiq_3f_gripper_ros2_interfaces/msg/robotiq3_f_gripper_output_registers.h
[1.765s] -- Up-to-date: /home/yanwen/fyp_ws_v3/install/robotiq_3f_gripper_ros2_interfaces/share/robotiq_3f_gripper_ros2_interfaces/environment/library_path.sh
[1.765s] -- Up-to-date: /home/yanwen/fyp_ws_v3/install/robotiq_3f_gripper_ros2_interfaces/share/robotiq_3f_gripper_ros2_interfaces/environment/library_path.dsv
[1.765s] -- Up-to-date: /home/yanwen/fyp_ws_v3/install/robotiq_3f_gripper_ros2_interfaces/lib/librobotiq_3f_gripper_ros2_interfaces__rosidl_generator_c.so
[1.766s] -- Up-to-date: /home/yanwen/fyp_ws_v3/install/robotiq_3f_gripper_ros2_interfaces/include/robotiq_3f_gripper_ros2_interfaces/robotiq_3f_gripper_ros2_interfaces
[1.766s] -- Up-to-date: /home/yanwen/fyp_ws_v3/install/robotiq_3f_gripper_ros2_interfaces/include/robotiq_3f_gripper_ros2_interfaces/robotiq_3f_gripper_ros2_interfaces/action
[1.766s] -- Up-to-date: /home/yanwen/fyp_ws_v3/install/robotiq_3f_gripper_ros2_interfaces/include/robotiq_3f_gripper_ros2_interfaces/robotiq_3f_gripper_ros2_interfaces/action/detail
[1.766s] -- Up-to-date: /home/yanwen/fyp_ws_v3/install/robotiq_3f_gripper_ros2_interfaces/include/robotiq_3f_gripper_ros2_interfaces/robotiq_3f_gripper_ros2_interfaces/action/detail/robotiq3_f_gripper_output_goal__rosidl_typesupport_fastrtps_c.h
[1.766s] -- Up-to-date: /home/yanwen/fyp_ws_v3/install/robotiq_3f_gripper_ros2_interfaces/include/robotiq_3f_gripper_ros2_interfaces/robotiq_3f_gripper_ros2_interfaces/srv
[1.766s] -- Up-to-date: /home/yanwen/fyp_ws_v3/install/robotiq_3f_gripper_ros2_interfaces/include/robotiq_3f_gripper_ros2_interfaces/robotiq_3f_gripper_ros2_interfaces/srv/detail
[1.767s] -- Up-to-date: /home/yanwen/fyp_ws_v3/install/robotiq_3f_gripper_ros2_interfaces/include/robotiq_3f_gripper_ros2_interfaces/robotiq_3f_gripper_ros2_interfaces/srv/detail/robotiq3_f_gripper_output_service__rosidl_typesupport_fastrtps_c.h
[1.767s] -- Up-to-date: /home/yanwen/fyp_ws_v3/install/robotiq_3f_gripper_ros2_interfaces/include/robotiq_3f_gripper_ros2_interfaces/robotiq_3f_gripper_ros2_interfaces/msg
[1.767s] -- Up-to-date: /home/yanwen/fyp_ws_v3/install/robotiq_3f_gripper_ros2_interfaces/include/robotiq_3f_gripper_ros2_interfaces/robotiq_3f_gripper_ros2_interfaces/msg/detail
[1.767s] -- Up-to-date: /home/yanwen/fyp_ws_v3/install/robotiq_3f_gripper_ros2_interfaces/include/robotiq_3f_gripper_ros2_interfaces/robotiq_3f_gripper_ros2_interfaces/msg/detail/robotiq3_f_gripper_input_registers__rosidl_typesupport_fastrtps_c.h
[1.767s] -- Up-to-date: /home/yanwen/fyp_ws_v3/install/robotiq_3f_gripper_ros2_interfaces/include/robotiq_3f_gripper_ros2_interfaces/robotiq_3f_gripper_ros2_interfaces/msg/detail/robotiq3_f_gripper_output_registers__rosidl_typesupport_fastrtps_c.h
[1.768s] -- Up-to-date: /home/yanwen/fyp_ws_v3/install/robotiq_3f_gripper_ros2_interfaces/include/robotiq_3f_gripper_ros2_interfaces/robotiq_3f_gripper_ros2_interfaces/msg/rosidl_typesupport_fastrtps_c__visibility_control.h
[1.768s] -- Up-to-date: /home/yanwen/fyp_ws_v3/install/robotiq_3f_gripper_ros2_interfaces/lib/librobotiq_3f_gripper_ros2_interfaces__rosidl_typesupport_fastrtps_c.so
[1.768s] -- Up-to-date: /home/yanwen/fyp_ws_v3/install/robotiq_3f_gripper_ros2_interfaces/include/robotiq_3f_gripper_ros2_interfaces/robotiq_3f_gripper_ros2_interfaces
[1.768s] -- Up-to-date: /home/yanwen/fyp_ws_v3/install/robotiq_3f_gripper_ros2_interfaces/include/robotiq_3f_gripper_ros2_interfaces/robotiq_3f_gripper_ros2_interfaces/action
[1.768s] -- Up-to-date: /home/yanwen/fyp_ws_v3/install/robotiq_3f_gripper_ros2_interfaces/include/robotiq_3f_gripper_ros2_interfaces/robotiq_3f_gripper_ros2_interfaces/action/detail
[1.769s] -- Up-to-date: /home/yanwen/fyp_ws_v3/install/robotiq_3f_gripper_ros2_interfaces/include/robotiq_3f_gripper_ros2_interfaces/robotiq_3f_gripper_ros2_interfaces/action/detail/robotiq3_f_gripper_output_goal__traits.hpp
[1.769s] -- Up-to-date: /home/yanwen/fyp_ws_v3/install/robotiq_3f_gripper_ros2_interfaces/include/robotiq_3f_gripper_ros2_interfaces/robotiq_3f_gripper_ros2_interfaces/action/detail/robotiq3_f_gripper_output_goal__builder.hpp
[1.769s] -- Up-to-date: /home/yanwen/fyp_ws_v3/install/robotiq_3f_gripper_ros2_interfaces/include/robotiq_3f_gripper_ros2_interfaces/robotiq_3f_gripper_ros2_interfaces/action/detail/robotiq3_f_gripper_output_goal__struct.hpp
[1.769s] -- Up-to-date: /home/yanwen/fyp_ws_v3/install/robotiq_3f_gripper_ros2_interfaces/include/robotiq_3f_gripper_ros2_interfaces/robotiq_3f_gripper_ros2_interfaces/action/robotiq3_f_gripper_output_goal.hpp
[1.769s] -- Up-to-date: /home/yanwen/fyp_ws_v3/install/robotiq_3f_gripper_ros2_interfaces/include/robotiq_3f_gripper_ros2_interfaces/robotiq_3f_gripper_ros2_interfaces/srv
[1.769s] -- Up-to-date: /home/yanwen/fyp_ws_v3/install/robotiq_3f_gripper_ros2_interfaces/include/robotiq_3f_gripper_ros2_interfaces/robotiq_3f_gripper_ros2_interfaces/srv/detail
[1.769s] -- Up-to-date: /home/yanwen/fyp_ws_v3/install/robotiq_3f_gripper_ros2_interfaces/include/robotiq_3f_gripper_ros2_interfaces/robotiq_3f_gripper_ros2_interfaces/srv/detail/robotiq3_f_gripper_output_service__builder.hpp
[1.769s] -- Up-to-date: /home/yanwen/fyp_ws_v3/install/robotiq_3f_gripper_ros2_interfaces/include/robotiq_3f_gripper_ros2_interfaces/robotiq_3f_gripper_ros2_interfaces/srv/detail/robotiq3_f_gripper_output_service__struct.hpp
[1.769s] -- Up-to-date: /home/yanwen/fyp_ws_v3/install/robotiq_3f_gripper_ros2_interfaces/include/robotiq_3f_gripper_ros2_interfaces/robotiq_3f_gripper_ros2_interfaces/srv/detail/robotiq3_f_gripper_output_service__traits.hpp
[1.769s] -- Up-to-date: /home/yanwen/fyp_ws_v3/install/robotiq_3f_gripper_ros2_interfaces/include/robotiq_3f_gripper_ros2_interfaces/robotiq_3f_gripper_ros2_interfaces/srv/robotiq3_f_gripper_output_service.hpp
[1.770s] -- Up-to-date: /home/yanwen/fyp_ws_v3/install/robotiq_3f_gripper_ros2_interfaces/include/robotiq_3f_gripper_ros2_interfaces/robotiq_3f_gripper_ros2_interfaces/msg
[1.770s] -- Up-to-date: /home/yanwen/fyp_ws_v3/install/robotiq_3f_gripper_ros2_interfaces/include/robotiq_3f_gripper_ros2_interfaces/robotiq_3f_gripper_ros2_interfaces/msg/detail
[1.770s] -- Up-to-date: /home/yanwen/fyp_ws_v3/install/robotiq_3f_gripper_ros2_interfaces/include/robotiq_3f_gripper_ros2_interfaces/robotiq_3f_gripper_ros2_interfaces/msg/detail/robotiq3_f_gripper_output_registers__builder.hpp
[1.770s] -- Up-to-date: /home/yanwen/fyp_ws_v3/install/robotiq_3f_gripper_ros2_interfaces/include/robotiq_3f_gripper_ros2_interfaces/robotiq_3f_gripper_ros2_interfaces/msg/detail/robotiq3_f_gripper_input_registers__traits.hpp
[1.770s] -- Up-to-date: /home/yanwen/fyp_ws_v3/install/robotiq_3f_gripper_ros2_interfaces/include/robotiq_3f_gripper_ros2_interfaces/robotiq_3f_gripper_ros2_interfaces/msg/detail/robotiq3_f_gripper_input_registers__struct.hpp
[1.770s] -- Up-to-date: /home/yanwen/fyp_ws_v3/install/robotiq_3f_gripper_ros2_interfaces/include/robotiq_3f_gripper_ros2_interfaces/robotiq_3f_gripper_ros2_interfaces/msg/detail/robotiq3_f_gripper_output_registers__traits.hpp
[1.770s] -- Up-to-date: /home/yanwen/fyp_ws_v3/install/robotiq_3f_gripper_ros2_interfaces/include/robotiq_3f_gripper_ros2_interfaces/robotiq_3f_gripper_ros2_interfaces/msg/detail/robotiq3_f_gripper_output_registers__struct.hpp
[1.770s] -- Up-to-date: /home/yanwen/fyp_ws_v3/install/robotiq_3f_gripper_ros2_interfaces/include/robotiq_3f_gripper_ros2_interfaces/robotiq_3f_gripper_ros2_interfaces/msg/detail/robotiq3_f_gripper_input_registers__builder.hpp
[1.770s] -- Up-to-date: /home/yanwen/fyp_ws_v3/install/robotiq_3f_gripper_ros2_interfaces/include/robotiq_3f_gripper_ros2_interfaces/robotiq_3f_gripper_ros2_interfaces/msg/robotiq3_f_gripper_output_registers.hpp
[1.770s] -- Up-to-date: /home/yanwen/fyp_ws_v3/install/robotiq_3f_gripper_ros2_interfaces/include/robotiq_3f_gripper_ros2_interfaces/robotiq_3f_gripper_ros2_interfaces/msg/robotiq3_f_gripper_input_registers.hpp
[1.770s] -- Up-to-date: /home/yanwen/fyp_ws_v3/install/robotiq_3f_gripper_ros2_interfaces/include/robotiq_3f_gripper_ros2_interfaces/robotiq_3f_gripper_ros2_interfaces
[1.770s] -- Up-to-date: /home/yanwen/fyp_ws_v3/install/robotiq_3f_gripper_ros2_interfaces/include/robotiq_3f_gripper_ros2_interfaces/robotiq_3f_gripper_ros2_interfaces/action
[1.771s] -- Up-to-date: /home/yanwen/fyp_ws_v3/install/robotiq_3f_gripper_ros2_interfaces/include/robotiq_3f_gripper_ros2_interfaces/robotiq_3f_gripper_ros2_interfaces/action/detail
[1.771s] -- Up-to-date: /home/yanwen/fyp_ws_v3/install/robotiq_3f_gripper_ros2_interfaces/include/robotiq_3f_gripper_ros2_interfaces/robotiq_3f_gripper_ros2_interfaces/action/detail/robotiq3_f_gripper_output_goal__rosidl_typesupport_fastrtps_cpp.hpp
[1.771s] -- Up-to-date: /home/yanwen/fyp_ws_v3/install/robotiq_3f_gripper_ros2_interfaces/include/robotiq_3f_gripper_ros2_interfaces/robotiq_3f_gripper_ros2_interfaces/action/detail/dds_fastrtps
[1.771s] -- Up-to-date: /home/yanwen/fyp_ws_v3/install/robotiq_3f_gripper_ros2_interfaces/include/robotiq_3f_gripper_ros2_interfaces/robotiq_3f_gripper_ros2_interfaces/srv
[1.771s] -- Up-to-date: /home/yanwen/fyp_ws_v3/install/robotiq_3f_gripper_ros2_interfaces/include/robotiq_3f_gripper_ros2_interfaces/robotiq_3f_gripper_ros2_interfaces/srv/detail
[1.771s] -- Up-to-date: /home/yanwen/fyp_ws_v3/install/robotiq_3f_gripper_ros2_interfaces/include/robotiq_3f_gripper_ros2_interfaces/robotiq_3f_gripper_ros2_interfaces/srv/detail/robotiq3_f_gripper_output_service__rosidl_typesupport_fastrtps_cpp.hpp
[1.771s] -- Up-to-date: /home/yanwen/fyp_ws_v3/install/robotiq_3f_gripper_ros2_interfaces/include/robotiq_3f_gripper_ros2_interfaces/robotiq_3f_gripper_ros2_interfaces/srv/detail/dds_fastrtps
[1.771s] -- Up-to-date: /home/yanwen/fyp_ws_v3/install/robotiq_3f_gripper_ros2_interfaces/include/robotiq_3f_gripper_ros2_interfaces/robotiq_3f_gripper_ros2_interfaces/msg
[1.771s] -- Up-to-date: /home/yanwen/fyp_ws_v3/install/robotiq_3f_gripper_ros2_interfaces/include/robotiq_3f_gripper_ros2_interfaces/robotiq_3f_gripper_ros2_interfaces/msg/rosidl_typesupport_fastrtps_cpp__visibility_control.h
[1.771s] -- Up-to-date: /home/yanwen/fyp_ws_v3/install/robotiq_3f_gripper_ros2_interfaces/include/robotiq_3f_gripper_ros2_interfaces/robotiq_3f_gripper_ros2_interfaces/msg/detail
[1.771s] -- Up-to-date: /home/yanwen/fyp_ws_v3/install/robotiq_3f_gripper_ros2_interfaces/include/robotiq_3f_gripper_ros2_interfaces/robotiq_3f_gripper_ros2_interfaces/msg/detail/robotiq3_f_gripper_input_registers__rosidl_typesupport_fastrtps_cpp.hpp
[1.771s] -- Up-to-date: /home/yanwen/fyp_ws_v3/install/robotiq_3f_gripper_ros2_interfaces/include/robotiq_3f_gripper_ros2_interfaces/robotiq_3f_gripper_ros2_interfaces/msg/detail/robotiq3_f_gripper_output_registers__rosidl_typesupport_fastrtps_cpp.hpp
[1.772s] -- Up-to-date: /home/yanwen/fyp_ws_v3/install/robotiq_3f_gripper_ros2_interfaces/include/robotiq_3f_gripper_ros2_interfaces/robotiq_3f_gripper_ros2_interfaces/msg/detail/dds_fastrtps
[1.772s] -- Up-to-date: /home/yanwen/fyp_ws_v3/install/robotiq_3f_gripper_ros2_interfaces/lib/librobotiq_3f_gripper_ros2_interfaces__rosidl_typesupport_fastrtps_cpp.so
[1.772s] -- Up-to-date: /home/yanwen/fyp_ws_v3/install/robotiq_3f_gripper_ros2_interfaces/include/robotiq_3f_gripper_ros2_interfaces/robotiq_3f_gripper_ros2_interfaces
[1.772s] -- Up-to-date: /home/yanwen/fyp_ws_v3/install/robotiq_3f_gripper_ros2_interfaces/include/robotiq_3f_gripper_ros2_interfaces/robotiq_3f_gripper_ros2_interfaces/action
[1.772s] -- Up-to-date: /home/yanwen/fyp_ws_v3/install/robotiq_3f_gripper_ros2_interfaces/include/robotiq_3f_gripper_ros2_interfaces/robotiq_3f_gripper_ros2_interfaces/action/detail
[1.772s] -- Up-to-date: /home/yanwen/fyp_ws_v3/install/robotiq_3f_gripper_ros2_interfaces/include/robotiq_3f_gripper_ros2_interfaces/robotiq_3f_gripper_ros2_interfaces/action/detail/robotiq3_f_gripper_output_goal__rosidl_typesupport_introspection_c.h
[1.772s] -- Up-to-date: /home/yanwen/fyp_ws_v3/install/robotiq_3f_gripper_ros2_interfaces/include/robotiq_3f_gripper_ros2_interfaces/robotiq_3f_gripper_ros2_interfaces/action/detail/robotiq3_f_gripper_output_goal__type_support.c
[1.772s] -- Up-to-date: /home/yanwen/fyp_ws_v3/install/robotiq_3f_gripper_ros2_interfaces/include/robotiq_3f_gripper_ros2_interfaces/robotiq_3f_gripper_ros2_interfaces/srv
[1.772s] -- Up-to-date: /home/yanwen/fyp_ws_v3/install/robotiq_3f_gripper_ros2_interfaces/include/robotiq_3f_gripper_ros2_interfaces/robotiq_3f_gripper_ros2_interfaces/srv/detail
[1.772s] -- Up-to-date: /home/yanwen/fyp_ws_v3/install/robotiq_3f_gripper_ros2_interfaces/include/robotiq_3f_gripper_ros2_interfaces/robotiq_3f_gripper_ros2_interfaces/srv/detail/robotiq3_f_gripper_output_service__type_support.c
[1.772s] -- Up-to-date: /home/yanwen/fyp_ws_v3/install/robotiq_3f_gripper_ros2_interfaces/include/robotiq_3f_gripper_ros2_interfaces/robotiq_3f_gripper_ros2_interfaces/srv/detail/robotiq3_f_gripper_output_service__rosidl_typesupport_introspection_c.h
[1.772s] -- Up-to-date: /home/yanwen/fyp_ws_v3/install/robotiq_3f_gripper_ros2_interfaces/include/robotiq_3f_gripper_ros2_interfaces/robotiq_3f_gripper_ros2_interfaces/msg
[1.773s] -- Up-to-date: /home/yanwen/fyp_ws_v3/install/robotiq_3f_gripper_ros2_interfaces/include/robotiq_3f_gripper_ros2_interfaces/robotiq_3f_gripper_ros2_interfaces/msg/detail
[1.773s] -- Up-to-date: /home/yanwen/fyp_ws_v3/install/robotiq_3f_gripper_ros2_interfaces/include/robotiq_3f_gripper_ros2_interfaces/robotiq_3f_gripper_ros2_interfaces/msg/detail/robotiq3_f_gripper_output_registers__type_support.c
[1.773s] -- Up-to-date: /home/yanwen/fyp_ws_v3/install/robotiq_3f_gripper_ros2_interfaces/include/robotiq_3f_gripper_ros2_interfaces/robotiq_3f_gripper_ros2_interfaces/msg/detail/robotiq3_f_gripper_output_registers__rosidl_typesupport_introspection_c.h
[1.773s] -- Up-to-date: /home/yanwen/fyp_ws_v3/install/robotiq_3f_gripper_ros2_interfaces/include/robotiq_3f_gripper_ros2_interfaces/robotiq_3f_gripper_ros2_interfaces/msg/detail/robotiq3_f_gripper_input_registers__rosidl_typesupport_introspection_c.h
[1.773s] -- Up-to-date: /home/yanwen/fyp_ws_v3/install/robotiq_3f_gripper_ros2_interfaces/include/robotiq_3f_gripper_ros2_interfaces/robotiq_3f_gripper_ros2_interfaces/msg/detail/robotiq3_f_gripper_input_registers__type_support.c
[1.773s] -- Up-to-date: /home/yanwen/fyp_ws_v3/install/robotiq_3f_gripper_ros2_interfaces/include/robotiq_3f_gripper_ros2_interfaces/robotiq_3f_gripper_ros2_interfaces/msg/rosidl_typesupport_introspection_c__visibility_control.h
[1.773s] -- Up-to-date: /home/yanwen/fyp_ws_v3/install/robotiq_3f_gripper_ros2_interfaces/lib/librobotiq_3f_gripper_ros2_interfaces__rosidl_typesupport_introspection_c.so
[1.773s] -- Up-to-date: /home/yanwen/fyp_ws_v3/install/robotiq_3f_gripper_ros2_interfaces/lib/librobotiq_3f_gripper_ros2_interfaces__rosidl_typesupport_c.so
[1.773s] -- Up-to-date: /home/yanwen/fyp_ws_v3/install/robotiq_3f_gripper_ros2_interfaces/include/robotiq_3f_gripper_ros2_interfaces/robotiq_3f_gripper_ros2_interfaces
[1.773s] -- Up-to-date: /home/yanwen/fyp_ws_v3/install/robotiq_3f_gripper_ros2_interfaces/include/robotiq_3f_gripper_ros2_interfaces/robotiq_3f_gripper_ros2_interfaces/action
[1.773s] -- Up-to-date: /home/yanwen/fyp_ws_v3/install/robotiq_3f_gripper_ros2_interfaces/include/robotiq_3f_gripper_ros2_interfaces/robotiq_3f_gripper_ros2_interfaces/action/detail
[1.773s] -- Up-to-date: /home/yanwen/fyp_ws_v3/install/robotiq_3f_gripper_ros2_interfaces/include/robotiq_3f_gripper_ros2_interfaces/robotiq_3f_gripper_ros2_interfaces/action/detail/robotiq3_f_gripper_output_goal__rosidl_typesupport_introspection_cpp.hpp
[1.774s] -- Up-to-date: /home/yanwen/fyp_ws_v3/install/robotiq_3f_gripper_ros2_interfaces/include/robotiq_3f_gripper_ros2_interfaces/robotiq_3f_gripper_ros2_interfaces/action/detail/robotiq3_f_gripper_output_goal__type_support.cpp
[1.774s] -- Up-to-date: /home/yanwen/fyp_ws_v3/install/robotiq_3f_gripper_ros2_interfaces/include/robotiq_3f_gripper_ros2_interfaces/robotiq_3f_gripper_ros2_interfaces/srv
[1.774s] -- Up-to-date: /home/yanwen/fyp_ws_v3/install/robotiq_3f_gripper_ros2_interfaces/include/robotiq_3f_gripper_ros2_interfaces/robotiq_3f_gripper_ros2_interfaces/srv/detail
[1.774s] -- Up-to-date: /home/yanwen/fyp_ws_v3/install/robotiq_3f_gripper_ros2_interfaces/include/robotiq_3f_gripper_ros2_interfaces/robotiq_3f_gripper_ros2_interfaces/srv/detail/robotiq3_f_gripper_output_service__rosidl_typesupport_introspection_cpp.hpp
[1.774s] -- Up-to-date: /home/yanwen/fyp_ws_v3/install/robotiq_3f_gripper_ros2_interfaces/include/robotiq_3f_gripper_ros2_interfaces/robotiq_3f_gripper_ros2_interfaces/srv/detail/robotiq3_f_gripper_output_service__type_support.cpp
[1.774s] -- Up-to-date: /home/yanwen/fyp_ws_v3/install/robotiq_3f_gripper_ros2_interfaces/include/robotiq_3f_gripper_ros2_interfaces/robotiq_3f_gripper_ros2_interfaces/msg
[1.774s] -- Up-to-date: /home/yanwen/fyp_ws_v3/install/robotiq_3f_gripper_ros2_interfaces/include/robotiq_3f_gripper_ros2_interfaces/robotiq_3f_gripper_ros2_interfaces/msg/detail
[1.774s] -- Up-to-date: /home/yanwen/fyp_ws_v3/install/robotiq_3f_gripper_ros2_interfaces/include/robotiq_3f_gripper_ros2_interfaces/robotiq_3f_gripper_ros2_interfaces/msg/detail/robotiq3_f_gripper_output_registers__rosidl_typesupport_introspection_cpp.hpp
[1.774s] -- Up-to-date: /home/yanwen/fyp_ws_v3/install/robotiq_3f_gripper_ros2_interfaces/include/robotiq_3f_gripper_ros2_interfaces/robotiq_3f_gripper_ros2_interfaces/msg/detail/robotiq3_f_gripper_output_registers__type_support.cpp
[1.774s] -- Up-to-date: /home/yanwen/fyp_ws_v3/install/robotiq_3f_gripper_ros2_interfaces/include/robotiq_3f_gripper_ros2_interfaces/robotiq_3f_gripper_ros2_interfaces/msg/detail/robotiq3_f_gripper_input_registers__type_support.cpp
[1.774s] -- Up-to-date: /home/yanwen/fyp_ws_v3/install/robotiq_3f_gripper_ros2_interfaces/include/robotiq_3f_gripper_ros2_interfaces/robotiq_3f_gripper_ros2_interfaces/msg/detail/robotiq3_f_gripper_input_registers__rosidl_typesupport_introspection_cpp.hpp
[1.774s] -- Up-to-date: /home/yanwen/fyp_ws_v3/install/robotiq_3f_gripper_ros2_interfaces/lib/librobotiq_3f_gripper_ros2_interfaces__rosidl_typesupport_introspection_cpp.so
[1.775s] -- Up-to-date: /home/yanwen/fyp_ws_v3/install/robotiq_3f_gripper_ros2_interfaces/lib/librobotiq_3f_gripper_ros2_interfaces__rosidl_typesupport_cpp.so
[1.775s] -- Up-to-date: /home/yanwen/fyp_ws_v3/install/robotiq_3f_gripper_ros2_interfaces/share/robotiq_3f_gripper_ros2_interfaces/environment/pythonpath.sh
[1.775s] -- Up-to-date: /home/yanwen/fyp_ws_v3/install/robotiq_3f_gripper_ros2_interfaces/share/robotiq_3f_gripper_ros2_interfaces/environment/pythonpath.dsv
[1.775s] -- Up-to-date: /home/yanwen/fyp_ws_v3/install/robotiq_3f_gripper_ros2_interfaces/local/lib/python3.10/dist-packages/robotiq_3f_gripper_ros2_interfaces-0.0.0-py3.10.egg-info
[1.775s] -- Installing: /home/yanwen/fyp_ws_v3/install/robotiq_3f_gripper_ros2_interfaces/local/lib/python3.10/dist-packages/robotiq_3f_gripper_ros2_interfaces-0.0.0-py3.10.egg-info/top_level.txt
[1.775s] -- Installing: /home/yanwen/fyp_ws_v3/install/robotiq_3f_gripper_ros2_interfaces/local/lib/python3.10/dist-packages/robotiq_3f_gripper_ros2_interfaces-0.0.0-py3.10.egg-info/PKG-INFO
[1.775s] -- Installing: /home/yanwen/fyp_ws_v3/install/robotiq_3f_gripper_ros2_interfaces/local/lib/python3.10/dist-packages/robotiq_3f_gripper_ros2_interfaces-0.0.0-py3.10.egg-info/SOURCES.txt
[1.775s] -- Installing: /home/yanwen/fyp_ws_v3/install/robotiq_3f_gripper_ros2_interfaces/local/lib/python3.10/dist-packages/robotiq_3f_gripper_ros2_interfaces-0.0.0-py3.10.egg-info/dependency_links.txt
[1.775s] -- Up-to-date: /home/yanwen/fyp_ws_v3/install/robotiq_3f_gripper_ros2_interfaces/local/lib/python3.10/dist-packages/robotiq_3f_gripper_ros2_interfaces
[1.775s] -- Up-to-date: /home/yanwen/fyp_ws_v3/install/robotiq_3f_gripper_ros2_interfaces/local/lib/python3.10/dist-packages/robotiq_3f_gripper_ros2_interfaces/action
[1.775s] -- Up-to-date: /home/yanwen/fyp_ws_v3/install/robotiq_3f_gripper_ros2_interfaces/local/lib/python3.10/dist-packages/robotiq_3f_gripper_ros2_interfaces/action/_robotiq3_f_gripper_output_goal.py
[1.775s] -- Up-to-date: /home/yanwen/fyp_ws_v3/install/robotiq_3f_gripper_ros2_interfaces/local/lib/python3.10/dist-packages/robotiq_3f_gripper_ros2_interfaces/action/__init__.py
[1.776s] -- Up-to-date: /home/yanwen/fyp_ws_v3/install/robotiq_3f_gripper_ros2_interfaces/local/lib/python3.10/dist-packages/robotiq_3f_gripper_ros2_interfaces/action/_robotiq3_f_gripper_output_goal_s.c
[1.776s] -- Up-to-date: /home/yanwen/fyp_ws_v3/install/robotiq_3f_gripper_ros2_interfaces/local/lib/python3.10/dist-packages/robotiq_3f_gripper_ros2_interfaces/_robotiq_3f_gripper_ros2_interfaces_s.ep.rosidl_typesupport_fastrtps_c.c
[1.776s] -- Up-to-date: /home/yanwen/fyp_ws_v3/install/robotiq_3f_gripper_ros2_interfaces/local/lib/python3.10/dist-packages/robotiq_3f_gripper_ros2_interfaces/robotiq_3f_gripper_ros2_interfaces_s__rosidl_typesupport_introspection_c.cpython-310-x86_64-linux-gnu.so
[1.776s] -- Up-to-date: /home/yanwen/fyp_ws_v3/install/robotiq_3f_gripper_ros2_interfaces/local/lib/python3.10/dist-packages/robotiq_3f_gripper_ros2_interfaces/robotiq_3f_gripper_ros2_interfaces_s__rosidl_typesupport_fastrtps_c.cpython-310-x86_64-linux-gnu.so
[1.776s] -- Up-to-date: /home/yanwen/fyp_ws_v3/install/robotiq_3f_gripper_ros2_interfaces/local/lib/python3.10/dist-packages/robotiq_3f_gripper_ros2_interfaces/__init__.py
[1.776s] -- Up-to-date: /home/yanwen/fyp_ws_v3/install/robotiq_3f_gripper_ros2_interfaces/local/lib/python3.10/dist-packages/robotiq_3f_gripper_ros2_interfaces/_robotiq_3f_gripper_ros2_interfaces_s.ep.rosidl_typesupport_introspection_c.c
[1.776s] -- Up-to-date: /home/yanwen/fyp_ws_v3/install/robotiq_3f_gripper_ros2_interfaces/local/lib/python3.10/dist-packages/robotiq_3f_gripper_ros2_interfaces/robotiq_3f_gripper_ros2_interfaces_s__rosidl_typesupport_c.cpython-310-x86_64-linux-gnu.so
[1.776s] -- Up-to-date: /home/yanwen/fyp_ws_v3/install/robotiq_3f_gripper_ros2_interfaces/local/lib/python3.10/dist-packages/robotiq_3f_gripper_ros2_interfaces/srv
[1.776s] -- Up-to-date: /home/yanwen/fyp_ws_v3/install/robotiq_3f_gripper_ros2_interfaces/local/lib/python3.10/dist-packages/robotiq_3f_gripper_ros2_interfaces/srv/_robotiq3_f_gripper_output_service_s.c
[1.776s] -- Up-to-date: /home/yanwen/fyp_ws_v3/install/robotiq_3f_gripper_ros2_interfaces/local/lib/python3.10/dist-packages/robotiq_3f_gripper_ros2_interfaces/srv/__init__.py
[1.776s] -- Up-to-date: /home/yanwen/fyp_ws_v3/install/robotiq_3f_gripper_ros2_interfaces/local/lib/python3.10/dist-packages/robotiq_3f_gripper_ros2_interfaces/srv/_robotiq3_f_gripper_output_service.py
[1.777s] -- Up-to-date: /home/yanwen/fyp_ws_v3/install/robotiq_3f_gripper_ros2_interfaces/local/lib/python3.10/dist-packages/robotiq_3f_gripper_ros2_interfaces/librobotiq_3f_gripper_ros2_interfaces__rosidl_generator_py.so
[1.777s] -- Up-to-date: /home/yanwen/fyp_ws_v3/install/robotiq_3f_gripper_ros2_interfaces/local/lib/python3.10/dist-packages/robotiq_3f_gripper_ros2_interfaces/msg
[1.777s] -- Up-to-date: /home/yanwen/fyp_ws_v3/install/robotiq_3f_gripper_ros2_interfaces/local/lib/python3.10/dist-packages/robotiq_3f_gripper_ros2_interfaces/msg/_robotiq3_f_gripper_input_registers.py
[1.777s] -- Up-to-date: /home/yanwen/fyp_ws_v3/install/robotiq_3f_gripper_ros2_interfaces/local/lib/python3.10/dist-packages/robotiq_3f_gripper_ros2_interfaces/msg/__init__.py
[1.777s] -- Up-to-date: /home/yanwen/fyp_ws_v3/install/robotiq_3f_gripper_ros2_interfaces/local/lib/python3.10/dist-packages/robotiq_3f_gripper_ros2_interfaces/msg/_robotiq3_f_gripper_output_registers_s.c
[1.777s] -- Up-to-date: /home/yanwen/fyp_ws_v3/install/robotiq_3f_gripper_ros2_interfaces/local/lib/python3.10/dist-packages/robotiq_3f_gripper_ros2_interfaces/msg/_robotiq3_f_gripper_output_registers.py
[1.777s] -- Up-to-date: /home/yanwen/fyp_ws_v3/install/robotiq_3f_gripper_ros2_interfaces/local/lib/python3.10/dist-packages/robotiq_3f_gripper_ros2_interfaces/msg/_robotiq3_f_gripper_input_registers_s.c
[1.777s] -- Up-to-date: /home/yanwen/fyp_ws_v3/install/robotiq_3f_gripper_ros2_interfaces/local/lib/python3.10/dist-packages/robotiq_3f_gripper_ros2_interfaces/_robotiq_3f_gripper_ros2_interfaces_s.ep.rosidl_typesupport_c.c
[1.813s] Listing '/home/yanwen/fyp_ws_v3/install/robotiq_3f_gripper_ros2_interfaces/local/lib/python3.10/dist-packages/robotiq_3f_gripper_ros2_interfaces'...
[1.813s] Listing '/home/yanwen/fyp_ws_v3/install/robotiq_3f_gripper_ros2_interfaces/local/lib/python3.10/dist-packages/robotiq_3f_gripper_ros2_interfaces/action'...
[1.813s] Listing '/home/yanwen/fyp_ws_v3/install/robotiq_3f_gripper_ros2_interfaces/local/lib/python3.10/dist-packages/robotiq_3f_gripper_ros2_interfaces/msg'...
[1.814s] Listing '/home/yanwen/fyp_ws_v3/install/robotiq_3f_gripper_ros2_interfaces/local/lib/python3.10/dist-packages/robotiq_3f_gripper_ros2_interfaces/srv'...
[1.818s] -- Up-to-date: /home/yanwen/fyp_ws_v3/install/robotiq_3f_gripper_ros2_interfaces/local/lib/python3.10/dist-packages/robotiq_3f_gripper_ros2_interfaces/robotiq_3f_gripper_ros2_interfaces_s__rosidl_typesupport_fastrtps_c.cpython-310-x86_64-linux-gnu.so
[1.819s] -- Up-to-date: /home/yanwen/fyp_ws_v3/install/robotiq_3f_gripper_ros2_interfaces/local/lib/python3.10/dist-packages/robotiq_3f_gripper_ros2_interfaces/robotiq_3f_gripper_ros2_interfaces_s__rosidl_typesupport_introspection_c.cpython-310-x86_64-linux-gnu.so
[1.819s] -- Up-to-date: /home/yanwen/fyp_ws_v3/install/robotiq_3f_gripper_ros2_interfaces/local/lib/python3.10/dist-packages/robotiq_3f_gripper_ros2_interfaces/robotiq_3f_gripper_ros2_interfaces_s__rosidl_typesupport_c.cpython-310-x86_64-linux-gnu.so
[1.820s] -- Up-to-date: /home/yanwen/fyp_ws_v3/install/robotiq_3f_gripper_ros2_interfaces/lib/librobotiq_3f_gripper_ros2_interfaces__rosidl_generator_py.so
[1.820s] -- Up-to-date: /home/yanwen/fyp_ws_v3/install/robotiq_3f_gripper_ros2_interfaces/share/robotiq_3f_gripper_ros2_interfaces/msg/Robotiq3FGripperInputRegisters.idl
[1.820s] -- Up-to-date: /home/yanwen/fyp_ws_v3/install/robotiq_3f_gripper_ros2_interfaces/share/robotiq_3f_gripper_ros2_interfaces/msg/Robotiq3FGripperOutputRegisters.idl
[1.820s] -- Up-to-date: /home/yanwen/fyp_ws_v3/install/robotiq_3f_gripper_ros2_interfaces/share/robotiq_3f_gripper_ros2_interfaces/srv/Robotiq3FGripperOutputService.idl
[1.820s] -- Up-to-date: /home/yanwen/fyp_ws_v3/install/robotiq_3f_gripper_ros2_interfaces/share/robotiq_3f_gripper_ros2_interfaces/action/Robotiq3FGripperOutputGoal.idl
[1.821s] -- Up-to-date: /home/yanwen/fyp_ws_v3/install/robotiq_3f_gripper_ros2_interfaces/share/robotiq_3f_gripper_ros2_interfaces/msg/Robotiq3FGripperInputRegisters.msg
[1.821s] -- Up-to-date: /home/yanwen/fyp_ws_v3/install/robotiq_3f_gripper_ros2_interfaces/share/robotiq_3f_gripper_ros2_interfaces/msg/Robotiq3FGripperOutputRegisters.msg
[1.821s] -- Up-to-date: /home/yanwen/fyp_ws_v3/install/robotiq_3f_gripper_ros2_interfaces/share/robotiq_3f_gripper_ros2_interfaces/srv/Robotiq3FGripperOutputService.srv
[1.821s] -- Up-to-date: /home/yanwen/fyp_ws_v3/install/robotiq_3f_gripper_ros2_interfaces/share/robotiq_3f_gripper_ros2_interfaces/srv/Robotiq3FGripperOutputService_Request.msg
[1.821s] -- Up-to-date: /home/yanwen/fyp_ws_v3/install/robotiq_3f_gripper_ros2_interfaces/share/robotiq_3f_gripper_ros2_interfaces/srv/Robotiq3FGripperOutputService_Response.msg
[1.821s] -- Up-to-date: /home/yanwen/fyp_ws_v3/install/robotiq_3f_gripper_ros2_interfaces/share/robotiq_3f_gripper_ros2_interfaces/action/Robotiq3FGripperOutputGoal.action
[1.821s] -- Up-to-date: /home/yanwen/fyp_ws_v3/install/robotiq_3f_gripper_ros2_interfaces/share/ament_index/resource_index/package_run_dependencies/robotiq_3f_gripper_ros2_interfaces
[1.821s] -- Up-to-date: /home/yanwen/fyp_ws_v3/install/robotiq_3f_gripper_ros2_interfaces/share/ament_index/resource_index/parent_prefix_path/robotiq_3f_gripper_ros2_interfaces
[1.821s] -- Up-to-date: /home/yanwen/fyp_ws_v3/install/robotiq_3f_gripper_ros2_interfaces/share/robotiq_3f_gripper_ros2_interfaces/environment/ament_prefix_path.sh
[1.821s] -- Up-to-date: /home/yanwen/fyp_ws_v3/install/robotiq_3f_gripper_ros2_interfaces/share/robotiq_3f_gripper_ros2_interfaces/environment/ament_prefix_path.dsv
[1.821s] -- Up-to-date: /home/yanwen/fyp_ws_v3/install/robotiq_3f_gripper_ros2_interfaces/share/robotiq_3f_gripper_ros2_interfaces/environment/path.sh
[1.822s] -- Up-to-date: /home/yanwen/fyp_ws_v3/install/robotiq_3f_gripper_ros2_interfaces/share/robotiq_3f_gripper_ros2_interfaces/environment/path.dsv
[1.822s] -- Up-to-date: /home/yanwen/fyp_ws_v3/install/robotiq_3f_gripper_ros2_interfaces/share/robotiq_3f_gripper_ros2_interfaces/local_setup.bash
[1.822s] -- Up-to-date: /home/yanwen/fyp_ws_v3/install/robotiq_3f_gripper_ros2_interfaces/share/robotiq_3f_gripper_ros2_interfaces/local_setup.sh
[1.822s] -- Up-to-date: /home/yanwen/fyp_ws_v3/install/robotiq_3f_gripper_ros2_interfaces/share/robotiq_3f_gripper_ros2_interfaces/local_setup.zsh
[1.822s] -- Up-to-date: /home/yanwen/fyp_ws_v3/install/robotiq_3f_gripper_ros2_interfaces/share/robotiq_3f_gripper_ros2_interfaces/local_setup.dsv
[1.822s] -- Installing: /home/yanwen/fyp_ws_v3/install/robotiq_3f_gripper_ros2_interfaces/share/robotiq_3f_gripper_ros2_interfaces/package.dsv
[1.823s] -- Up-to-date: /home/yanwen/fyp_ws_v3/install/robotiq_3f_gripper_ros2_interfaces/share/ament_index/resource_index/packages/robotiq_3f_gripper_ros2_interfaces
[1.823s] -- Up-to-date: /home/yanwen/fyp_ws_v3/install/robotiq_3f_gripper_ros2_interfaces/share/robotiq_3f_gripper_ros2_interfaces/cmake/export_robotiq_3f_gripper_ros2_interfaces__rosidl_generator_cExport.cmake
[1.823s] -- Up-to-date: /home/yanwen/fyp_ws_v3/install/robotiq_3f_gripper_ros2_interfaces/share/robotiq_3f_gripper_ros2_interfaces/cmake/export_robotiq_3f_gripper_ros2_interfaces__rosidl_generator_cExport-noconfig.cmake
[1.823s] -- Up-to-date: /home/yanwen/fyp_ws_v3/install/robotiq_3f_gripper_ros2_interfaces/share/robotiq_3f_gripper_ros2_interfaces/cmake/export_robotiq_3f_gripper_ros2_interfaces__rosidl_typesupport_fastrtps_cExport.cmake
[1.823s] -- Up-to-date: /home/yanwen/fyp_ws_v3/install/robotiq_3f_gripper_ros2_interfaces/share/robotiq_3f_gripper_ros2_interfaces/cmake/export_robotiq_3f_gripper_ros2_interfaces__rosidl_typesupport_fastrtps_cExport-noconfig.cmake
[1.823s] -- Up-to-date: /home/yanwen/fyp_ws_v3/install/robotiq_3f_gripper_ros2_interfaces/share/robotiq_3f_gripper_ros2_interfaces/cmake/export_robotiq_3f_gripper_ros2_interfaces__rosidl_generator_cppExport.cmake
[1.824s] -- Up-to-date: /home/yanwen/fyp_ws_v3/install/robotiq_3f_gripper_ros2_interfaces/share/robotiq_3f_gripper_ros2_interfaces/cmake/export_robotiq_3f_gripper_ros2_interfaces__rosidl_typesupport_fastrtps_cppExport.cmake
[1.824s] -- Up-to-date: /home/yanwen/fyp_ws_v3/install/robotiq_3f_gripper_ros2_interfaces/share/robotiq_3f_gripper_ros2_interfaces/cmake/export_robotiq_3f_gripper_ros2_interfaces__rosidl_typesupport_fastrtps_cppExport-noconfig.cmake
[1.824s] -- Up-to-date: /home/yanwen/fyp_ws_v3/install/robotiq_3f_gripper_ros2_interfaces/share/robotiq_3f_gripper_ros2_interfaces/cmake/robotiq_3f_gripper_ros2_interfaces__rosidl_typesupport_introspection_cExport.cmake
[1.825s] -- Up-to-date: /home/yanwen/fyp_ws_v3/install/robotiq_3f_gripper_ros2_interfaces/share/robotiq_3f_gripper_ros2_interfaces/cmake/robotiq_3f_gripper_ros2_interfaces__rosidl_typesupport_introspection_cExport-noconfig.cmake
[1.825s] -- Up-to-date: /home/yanwen/fyp_ws_v3/install/robotiq_3f_gripper_ros2_interfaces/share/robotiq_3f_gripper_ros2_interfaces/cmake/robotiq_3f_gripper_ros2_interfaces__rosidl_typesupport_cExport.cmake
[1.825s] -- Up-to-date: /home/yanwen/fyp_ws_v3/install/robotiq_3f_gripper_ros2_interfaces/share/robotiq_3f_gripper_ros2_interfaces/cmake/robotiq_3f_gripper_ros2_interfaces__rosidl_typesupport_cExport-noconfig.cmake
[1.825s] -- Up-to-date: /home/yanwen/fyp_ws_v3/install/robotiq_3f_gripper_ros2_interfaces/share/robotiq_3f_gripper_ros2_interfaces/cmake/robotiq_3f_gripper_ros2_interfaces__rosidl_typesupport_introspection_cppExport.cmake
[1.830s] -- Up-to-date: /home/yanwen/fyp_ws_v3/install/robotiq_3f_gripper_ros2_interfaces/share/robotiq_3f_gripper_ros2_interfaces/cmake/robotiq_3f_gripper_ros2_interfaces__rosidl_typesupport_introspection_cppExport-noconfig.cmake
[1.831s] -- Up-to-date: /home/yanwen/fyp_ws_v3/install/robotiq_3f_gripper_ros2_interfaces/share/robotiq_3f_gripper_ros2_interfaces/cmake/robotiq_3f_gripper_ros2_interfaces__rosidl_typesupport_cppExport.cmake
[1.831s] -- Up-to-date: /home/yanwen/fyp_ws_v3/install/robotiq_3f_gripper_ros2_interfaces/share/robotiq_3f_gripper_ros2_interfaces/cmake/robotiq_3f_gripper_ros2_interfaces__rosidl_typesupport_cppExport-noconfig.cmake
[1.831s] -- Up-to-date: /home/yanwen/fyp_ws_v3/install/robotiq_3f_gripper_ros2_interfaces/share/robotiq_3f_gripper_ros2_interfaces/cmake/export_robotiq_3f_gripper_ros2_interfaces__rosidl_generator_pyExport.cmake
[1.831s] -- Up-to-date: /home/yanwen/fyp_ws_v3/install/robotiq_3f_gripper_ros2_interfaces/share/robotiq_3f_gripper_ros2_interfaces/cmake/export_robotiq_3f_gripper_ros2_interfaces__rosidl_generator_pyExport-noconfig.cmake
[1.831s] -- Up-to-date: /home/yanwen/fyp_ws_v3/install/robotiq_3f_gripper_ros2_interfaces/share/robotiq_3f_gripper_ros2_interfaces/cmake/rosidl_cmake-extras.cmake
[1.831s] -- Up-to-date: /home/yanwen/fyp_ws_v3/install/robotiq_3f_gripper_ros2_interfaces/share/robotiq_3f_gripper_ros2_interfaces/cmake/ament_cmake_export_dependencies-extras.cmake
[1.831s] -- Up-to-date: /home/yanwen/fyp_ws_v3/install/robotiq_3f_gripper_ros2_interfaces/share/robotiq_3f_gripper_ros2_interfaces/cmake/ament_cmake_export_include_directories-extras.cmake
[1.831s] -- Up-to-date: /home/yanwen/fyp_ws_v3/install/robotiq_3f_gripper_ros2_interfaces/share/robotiq_3f_gripper_ros2_interfaces/cmake/ament_cmake_export_libraries-extras.cmake
[1.831s] -- Up-to-date: /home/yanwen/fyp_ws_v3/install/robotiq_3f_gripper_ros2_interfaces/share/robotiq_3f_gripper_ros2_interfaces/cmake/ament_cmake_export_targets-extras.cmake
[1.831s] -- Up-to-date: /home/yanwen/fyp_ws_v3/install/robotiq_3f_gripper_ros2_interfaces/share/robotiq_3f_gripper_ros2_interfaces/cmake/rosidl_cmake_export_typesupport_targets-extras.cmake
[1.832s] -- Up-to-date: /home/yanwen/fyp_ws_v3/install/robotiq_3f_gripper_ros2_interfaces/share/robotiq_3f_gripper_ros2_interfaces/cmake/rosidl_cmake_export_typesupport_libraries-extras.cmake
[1.832s] -- Up-to-date: /home/yanwen/fyp_ws_v3/install/robotiq_3f_gripper_ros2_interfaces/share/robotiq_3f_gripper_ros2_interfaces/cmake/robotiq_3f_gripper_ros2_interfacesConfig.cmake
[1.832s] -- Up-to-date: /home/yanwen/fyp_ws_v3/install/robotiq_3f_gripper_ros2_interfaces/share/robotiq_3f_gripper_ros2_interfaces/cmake/robotiq_3f_gripper_ros2_interfacesConfig-version.cmake
[1.832s] -- Up-to-date: /home/yanwen/fyp_ws_v3/install/robotiq_3f_gripper_ros2_interfaces/share/robotiq_3f_gripper_ros2_interfaces/package.xml
[1.832s] Invoked command in '/home/yanwen/fyp_ws_v3/build/robotiq_3f_gripper_ros2_interfaces' returned '0': CMAKE_PREFIX_PATH=${CMAKE_PREFIX_PATH}:/home/yanwen/fyp_ws_v3/install/robotiq_3f_gripper_ros2_control:/home/yanwen/fyp_ws_v3/install/cv_ros2_test:/opt/ros/humble /usr/bin/cmake --install /home/yanwen/fyp_ws_v3/build/robotiq_3f_gripper_ros2_interfaces
