[0.011s] Invoking command in '/home/yanwen/fyp_ws_v3/build/zed_ros2': CMAKE_PREFIX_PATH=/home/yanwen/fyp_ws_v3/install/zed_wrapper:/home/yanwen/fyp_ws_v3/install/zed_components:/home/yanwen/fyp_ws_v3/install/zed_interfaces:/home/yanwen/fyp_ws_v3/install/zed_ros2:/home/yanwen/fyp_ws_v3/install/moveit_script:/home/yanwen/fyp_ws_v3/install/gripper_client:/home/yanwen/fyp_ws_v3/install/robotiq_3f_gripper_ros2_interfaces:/home/yanwen/fyp_ws_v3/install/obj_detect_test:/home/yanwen/fyp_ws_v3/install/robotiq_3f_gripper_ros2_control:/home/yanwen/fyp_ws_v3/install/cv_ros2_test:/opt/ros/humble /usr/bin/cmake --build /home/yanwen/fyp_ws_v3/build/zed_ros2 -- -j8 -l8
[0.044s] Invoked command in '/home/yanwen/fyp_ws_v3/build/zed_ros2' returned '0': CMAKE_PREFIX_PATH=/home/yanwen/fyp_ws_v3/install/zed_wrapper:/home/yanwen/fyp_ws_v3/install/zed_components:/home/yanwen/fyp_ws_v3/install/zed_interfaces:/home/yanwen/fyp_ws_v3/install/zed_ros2:/home/yanwen/fyp_ws_v3/install/moveit_script:/home/yanwen/fyp_ws_v3/install/gripper_client:/home/yanwen/fyp_ws_v3/install/robotiq_3f_gripper_ros2_interfaces:/home/yanwen/fyp_ws_v3/install/obj_detect_test:/home/yanwen/fyp_ws_v3/install/robotiq_3f_gripper_ros2_control:/home/yanwen/fyp_ws_v3/install/cv_ros2_test:/opt/ros/humble /usr/bin/cmake --build /home/yanwen/fyp_ws_v3/build/zed_ros2 -- -j8 -l8
[0.063s] Invoking command in '/home/yanwen/fyp_ws_v3/build/zed_ros2': CMAKE_PREFIX_PATH=/home/yanwen/fyp_ws_v3/install/zed_wrapper:/home/yanwen/fyp_ws_v3/install/zed_components:/home/yanwen/fyp_ws_v3/install/zed_interfaces:/home/yanwen/fyp_ws_v3/install/zed_ros2:/home/yanwen/fyp_ws_v3/install/moveit_script:/home/yanwen/fyp_ws_v3/install/gripper_client:/home/yanwen/fyp_ws_v3/install/robotiq_3f_gripper_ros2_interfaces:/home/yanwen/fyp_ws_v3/install/obj_detect_test:/home/yanwen/fyp_ws_v3/install/robotiq_3f_gripper_ros2_control:/home/yanwen/fyp_ws_v3/install/cv_ros2_test:/opt/ros/humble /usr/bin/cmake --install /home/yanwen/fyp_ws_v3/build/zed_ros2
[0.070s] -- Install configuration: ""
[0.070s] -- Up-to-date: /home/yanwen/fyp_ws_v3/install/zed_ros2/share/ament_index/resource_index/package_run_dependencies/zed_ros2
[0.070s] -- Up-to-date: /home/yanwen/fyp_ws_v3/install/zed_ros2/share/ament_index/resource_index/parent_prefix_path/zed_ros2
[0.070s] -- Up-to-date: /home/yanwen/fyp_ws_v3/install/zed_ros2/share/zed_ros2/environment/ament_prefix_path.sh
[0.070s] -- Up-to-date: /home/yanwen/fyp_ws_v3/install/zed_ros2/share/zed_ros2/environment/ament_prefix_path.dsv
[0.070s] -- Up-to-date: /home/yanwen/fyp_ws_v3/install/zed_ros2/share/zed_ros2/environment/path.sh
[0.070s] -- Up-to-date: /home/yanwen/fyp_ws_v3/install/zed_ros2/share/zed_ros2/environment/path.dsv
[0.070s] -- Up-to-date: /home/yanwen/fyp_ws_v3/install/zed_ros2/share/zed_ros2/local_setup.bash
[0.070s] -- Up-to-date: /home/yanwen/fyp_ws_v3/install/zed_ros2/share/zed_ros2/local_setup.sh
[0.071s] -- Up-to-date: /home/yanwen/fyp_ws_v3/install/zed_ros2/share/zed_ros2/local_setup.zsh
[0.071s] -- Up-to-date: /home/yanwen/fyp_ws_v3/install/zed_ros2/share/zed_ros2/local_setup.dsv
[0.071s] -- Installing: /home/yanwen/fyp_ws_v3/install/zed_ros2/share/zed_ros2/package.dsv
[0.071s] -- Up-to-date: /home/yanwen/fyp_ws_v3/install/zed_ros2/share/ament_index/resource_index/packages/zed_ros2
[0.071s] -- Up-to-date: /home/yanwen/fyp_ws_v3/install/zed_ros2/share/zed_ros2/cmake/zed_ros2Config.cmake
[0.071s] -- Up-to-date: /home/yanwen/fyp_ws_v3/install/zed_ros2/share/zed_ros2/cmake/zed_ros2Config-version.cmake
[0.071s] -- Up-to-date: /home/yanwen/fyp_ws_v3/install/zed_ros2/share/zed_ros2/package.xml
[0.075s] Invoked command in '/home/yanwen/fyp_ws_v3/build/zed_ros2' returned '0': CMAKE_PREFIX_PATH=/home/yanwen/fyp_ws_v3/install/zed_wrapper:/home/yanwen/fyp_ws_v3/install/zed_components:/home/yanwen/fyp_ws_v3/install/zed_interfaces:/home/yanwen/fyp_ws_v3/install/zed_ros2:/home/yanwen/fyp_ws_v3/install/moveit_script:/home/yanwen/fyp_ws_v3/install/gripper_client:/home/yanwen/fyp_ws_v3/install/robotiq_3f_gripper_ros2_interfaces:/home/yanwen/fyp_ws_v3/install/obj_detect_test:/home/yanwen/fyp_ws_v3/install/robotiq_3f_gripper_ros2_control:/home/yanwen/fyp_ws_v3/install/cv_ros2_test:/opt/ros/humble /usr/bin/cmake --install /home/yanwen/fyp_ws_v3/build/zed_ros2
