[0.100s] Invoking command in '/home/yanwen/fyp_ws_v3/build/moveit_script': AMENT_PREFIX_PATH=/home/yanwen/fyp_ws_v3/install/robotiq_3f_gripper_ros2_interfaces:/home/yanwen/fyp_ws_v3/install/cv_ros2_test:${AMENT_PREFIX_PATH} CMAKE_PREFIX_PATH=/home/yanwen/fyp_ws_v3/install/robotiq_3f_gripper_ros2_interfaces:/opt/ros/humble LD_LIBRARY_PATH=/home/yanwen/fyp_ws_v3/install/robotiq_3f_gripper_ros2_interfaces/lib:${LD_LIBRARY_PATH} PYTHONPATH=/home/yanwen/fyp_ws_v3/install/robotiq_3f_gripper_ros2_interfaces/local/lib/python3.10/dist-packages:/home/yanwen/fyp_ws_v3/install/cv_ros2_test/lib/python3.10/site-packages:${PYTHONPATH} /usr/bin/cmake --build /home/yanwen/fyp_ws_v3/build/moveit_script -- -j8 -l8
[3.405s] [100%] Built target moveit_script
[3.413s] Invoked command in '/home/yanwen/fyp_ws_v3/build/moveit_script' returned '0': AMENT_PREFIX_PATH=/home/yanwen/fyp_ws_v3/install/robotiq_3f_gripper_ros2_interfaces:/home/yanwen/fyp_ws_v3/install/cv_ros2_test:${AMENT_PREFIX_PATH} CMAKE_PREFIX_PATH=/home/yanwen/fyp_ws_v3/install/robotiq_3f_gripper_ros2_interfaces:/opt/ros/humble LD_LIBRARY_PATH=/home/yanwen/fyp_ws_v3/install/robotiq_3f_gripper_ros2_interfaces/lib:${LD_LIBRARY_PATH} PYTHONPATH=/home/yanwen/fyp_ws_v3/install/robotiq_3f_gripper_ros2_interfaces/local/lib/python3.10/dist-packages:/home/yanwen/fyp_ws_v3/install/cv_ros2_test/lib/python3.10/site-packages:${PYTHONPATH} /usr/bin/cmake --build /home/yanwen/fyp_ws_v3/build/moveit_script -- -j8 -l8
[3.429s] Invoking command in '/home/yanwen/fyp_ws_v3/build/moveit_script': AMENT_PREFIX_PATH=/home/yanwen/fyp_ws_v3/install/robotiq_3f_gripper_ros2_interfaces:/home/yanwen/fyp_ws_v3/install/cv_ros2_test:${AMENT_PREFIX_PATH} CMAKE_PREFIX_PATH=/home/yanwen/fyp_ws_v3/install/robotiq_3f_gripper_ros2_interfaces:/opt/ros/humble LD_LIBRARY_PATH=/home/yanwen/fyp_ws_v3/install/robotiq_3f_gripper_ros2_interfaces/lib:${LD_LIBRARY_PATH} PYTHONPATH=/home/yanwen/fyp_ws_v3/install/robotiq_3f_gripper_ros2_interfaces/local/lib/python3.10/dist-packages:/home/yanwen/fyp_ws_v3/install/cv_ros2_test/lib/python3.10/site-packages:${PYTHONPATH} /usr/bin/cmake --install /home/yanwen/fyp_ws_v3/build/moveit_script
[3.487s] -- Install configuration: ""
[3.661s] -- Up-to-date: /home/yanwen/fyp_ws_v3/install/moveit_script/lib/moveit_script/moveit_script
[3.661s] -- Up-to-date: /home/yanwen/fyp_ws_v3/install/moveit_script/share/moveit_script/launch
[3.661s] -- Up-to-date: /home/yanwen/fyp_ws_v3/install/moveit_script/share/moveit_script/launch/setup_init.launch.py
[3.661s] -- Up-to-date: /home/yanwen/fyp_ws_v3/install/moveit_script/share/moveit_script/launch/moveit.launch.py
[3.661s] -- Up-to-date: /home/yanwen/fyp_ws_v3/install/moveit_script/share/moveit_script/launch/obj_detection.launch.py
[3.682s] -- Up-to-date: /home/yanwen/fyp_ws_v3/install/moveit_script/share/ament_index/resource_index/package_run_dependencies/moveit_script
[3.715s] -- Up-to-date: /home/yanwen/fyp_ws_v3/install/moveit_script/share/ament_index/resource_index/parent_prefix_path/moveit_script
[3.716s] -- Up-to-date: /home/yanwen/fyp_ws_v3/install/moveit_script/share/moveit_script/environment/ament_prefix_path.sh
[3.716s] -- Up-to-date: /home/yanwen/fyp_ws_v3/install/moveit_script/share/moveit_script/environment/ament_prefix_path.dsv
[3.716s] -- Up-to-date: /home/yanwen/fyp_ws_v3/install/moveit_script/share/moveit_script/environment/path.sh
[3.716s] -- Up-to-date: /home/yanwen/fyp_ws_v3/install/moveit_script/share/moveit_script/environment/path.dsv
[3.716s] -- Up-to-date: /home/yanwen/fyp_ws_v3/install/moveit_script/share/moveit_script/local_setup.bash
[3.716s] -- Up-to-date: /home/yanwen/fyp_ws_v3/install/moveit_script/share/moveit_script/local_setup.sh
[3.716s] -- Up-to-date: /home/yanwen/fyp_ws_v3/install/moveit_script/share/moveit_script/local_setup.zsh
[3.716s] -- Up-to-date: /home/yanwen/fyp_ws_v3/install/moveit_script/share/moveit_script/local_setup.dsv
[3.716s] -- Installing: /home/yanwen/fyp_ws_v3/install/moveit_script/share/moveit_script/package.dsv
[3.762s] -- Up-to-date: /home/yanwen/fyp_ws_v3/install/moveit_script/share/ament_index/resource_index/packages/moveit_script
[3.762s] -- Up-to-date: /home/yanwen/fyp_ws_v3/install/moveit_script/share/moveit_script/cmake/moveit_scriptConfig.cmake
[3.762s] -- Up-to-date: /home/yanwen/fyp_ws_v3/install/moveit_script/share/moveit_script/cmake/moveit_scriptConfig-version.cmake
[3.762s] -- Up-to-date: /home/yanwen/fyp_ws_v3/install/moveit_script/share/moveit_script/package.xml
[3.765s] Invoked command in '/home/yanwen/fyp_ws_v3/build/moveit_script' returned '0': AMENT_PREFIX_PATH=/home/yanwen/fyp_ws_v3/install/robotiq_3f_gripper_ros2_interfaces:/home/yanwen/fyp_ws_v3/install/cv_ros2_test:${AMENT_PREFIX_PATH} CMAKE_PREFIX_PATH=/home/yanwen/fyp_ws_v3/install/robotiq_3f_gripper_ros2_interfaces:/opt/ros/humble LD_LIBRARY_PATH=/home/yanwen/fyp_ws_v3/install/robotiq_3f_gripper_ros2_interfaces/lib:${LD_LIBRARY_PATH} PYTHONPATH=/home/yanwen/fyp_ws_v3/install/robotiq_3f_gripper_ros2_interfaces/local/lib/python3.10/dist-packages:/home/yanwen/fyp_ws_v3/install/cv_ros2_test/lib/python3.10/site-packages:${PYTHONPATH} /usr/bin/cmake --install /home/yanwen/fyp_ws_v3/build/moveit_script
